

================================================================
== Vivado HLS Report for 'deserializeSignature'
================================================================
* Date:           Fri May  8 13:16:15 2020

* Version:        2019.2 (Build 2704478 on Wed Nov 06 22:10:23 MST 2019)
* Project:        picnic1
* Solution:       sing_open
* Product family: artix7
* Target device:  xc7a200t-fbg676-2


================================================================
== Performance Estimates
================================================================
+ Timing: 
    * Summary: 
    +--------+----------+----------+------------+
    |  Clock |  Target  | Estimated| Uncertainty|
    +--------+----------+----------+------------+
    |ap_clk  | 10.00 ns | 6.819 ns |   1.25 ns  |
    +--------+----------+----------+------------+

+ Latency: 
    * Summary: 
    +---------+---------+-----------+----------+-----+-------+---------+
    |  Latency (cycles) |  Latency (absolute)  |   Interval  | Pipeline|
    |   min   |   max   |    min    |    max   | min |  max  |   Type  |
    +---------+---------+-----------+----------+-----+-------+---------+
    |        1|    36670| 10.000 ns | 0.367 ms |    1|  36670|   none  |
    +---------+---------+-----------+----------+-----+-------+---------+

    + Detail: 
        * Instance: 
        N/A

        * Loop: 
        +---------------------------------+---------+---------+-----------+-----------+-----------+---------+----------+
        |                                 |  Latency (cycles) | Iteration |  Initiation Interval  |   Trip  |          |
        |            Loop Name            |   min   |   max   |  Latency  |  achieved |   target  |  Count  | Pipelined|
        +---------------------------------+---------+---------+-----------+-----------+-----------+---------+----------+
        |- Loop 1                         |      438|      438|          2|          -|          -|      219|    no    |
        |- deserializeSignature_label6    |       55|       55|          2|          1|          1|       55|    yes   |
        |- Loop 3                         |        2|      439|          2|          -|          -| 1 ~ 219 |    no    |
        |- deserializeSignature_label7    |       32|       32|          2|          1|          1|       32|    yes   |
        |- Loop 5                         |    32850|    35697| 150 ~ 163 |          -|          -|      219|    no    |
        | + deserializeSignature_label8   |       32|       32|          2|          1|          1|       32|    yes   |
        | + deserializeSignature_label9   |       75|       75|          2|          1|          1|       75|    yes   |
        | + deserializeSignature_label10  |       16|       16|          2|          1|          1|       16|    yes   |
        | + deserializeSignature_label11  |       16|       16|          2|          1|          1|       16|    yes   |
        | + deserializeSignature_label12  |       12|       12|          3|          -|          -|        4|    no    |
        +---------------------------------+---------+---------+-----------+-----------+-----------+---------+----------+



================================================================
== Utilization Estimates
================================================================
* Summary: 
+-----------------+---------+-------+--------+--------+-----+
|       Name      | BRAM_18K| DSP48E|   FF   |   LUT  | URAM|
+-----------------+---------+-------+--------+--------+-----+
|DSP              |        -|      -|       -|       -|    -|
|Expression       |        -|      0|       0|    1499|    -|
|FIFO             |        -|      -|       -|       -|    -|
|Instance         |        -|      -|       -|       -|    -|
|Memory           |        -|      -|       -|       -|    -|
|Multiplexer      |        -|      -|       -|     465|    -|
|Register         |        -|      -|     528|       -|    -|
+-----------------+---------+-------+--------+--------+-----+
|Total            |        0|      0|     528|    1964|    0|
+-----------------+---------+-------+--------+--------+-----+
|Available        |      730|    740|  269200|  134600|    0|
+-----------------+---------+-------+--------+--------+-----+
|Utilization (%)  |        0|      0|   ~0   |       1|    0|
+-----------------+---------+-------+--------+--------+-----+

+ Detail: 
    * Instance: 
    N/A

    * DSP48E: 
    N/A

    * Memory: 
    N/A

    * FIFO: 
    N/A

    * Expression: 
    +----------------------------+----------+-------+---+----+------------+------------+
    |        Variable Name       | Operation| DSP48E| FF| LUT| Bitwidth P0| Bitwidth P1|
    +----------------------------+----------+-------+---+----+------------+------------+
    |mul_ln1977_fu_671_p2        |     *    |      0|  0|  41|           8|           7|
    |add_ln2040_fu_803_p2        |     +    |      0|  0|  24|          17|          17|
    |add_ln2049_1_fu_936_p2      |     +    |      0|  0|  24|          17|          17|
    |add_ln2049_fu_926_p2        |     +    |      0|  0|  15|           7|           6|
    |add_ln2052_fu_951_p2        |     +    |      0|  0|  22|          15|           7|
    |add_ln2058_1_fu_1107_p2     |     +    |      0|  0|  24|          17|          17|
    |add_ln2058_2_fu_1097_p2     |     +    |      0|  0|  15|           7|           7|
    |add_ln2058_3_fu_1121_p2     |     +    |      0|  0|  21|          14|          14|
    |add_ln2058_fu_1076_p2       |     +    |      0|  0|  24|          17|          17|
    |add_ln2071_1_fu_1157_p2     |     +    |      0|  0|  15|           8|           7|
    |add_ln2071_2_fu_1167_p2     |     +    |      0|  0|  24|          17|          17|
    |add_ln2071_fu_1147_p2       |     +    |      0|  0|  22|          15|          15|
    |add_ln2076_1_fu_1197_p2     |     +    |      0|  0|  15|           7|           7|
    |add_ln2076_2_fu_1211_p2     |     +    |      0|  0|  24|          17|          17|
    |add_ln2076_fu_1225_p2       |     +    |      0|  0|  20|          13|          13|
    |add_ln2081_1_fu_1251_p2     |     +    |      0|  0|  15|           7|           7|
    |add_ln2081_2_fu_1265_p2     |     +    |      0|  0|  24|          17|          17|
    |add_ln2081_fu_1279_p2       |     +    |      0|  0|  20|          13|          13|
    |add_ln2084_fu_1289_p2       |     +    |      0|  0|  12|           3|           2|
    |add_ln2087_1_fu_1328_p2     |     +    |      0|  0|  23|          16|          16|
    |add_ln2087_2_fu_1337_p2     |     +    |      0|  0|  24|          17|          17|
    |add_ln2087_3_fu_1361_p2     |     +    |      0|  0|  23|          16|          16|
    |add_ln2087_4_fu_1370_p2     |     +    |      0|  0|  24|          17|          17|
    |add_ln2087_5_fu_1390_p2     |     +    |      0|  0|  23|          16|          16|
    |add_ln2087_6_fu_1399_p2     |     +    |      0|  0|  24|          17|          17|
    |add_ln2087_7_fu_1414_p2     |     +    |      0|  0|  23|          16|          16|
    |add_ln2087_8_fu_1423_p2     |     +    |      0|  0|  24|          17|          17|
    |add_ln2087_fu_1310_p2       |     +    |      0|  0|  23|          16|           8|
    |add_ln2088_fu_1479_p2       |     +    |      0|  0|  23|          16|          16|
    |add_ln54_fu_652_p2          |     +    |      0|  0|  24|          17|          17|
    |bytesExpected_1_fu_770_p2   |     +    |      0|  0|  71|          64|          64|
    |bytesExpected_fu_662_p2     |     +    |      0|  0|  71|          15|          64|
    |i_20_fu_628_p2              |     +    |      0|  0|  15|           8|           1|
    |i_21_fu_824_p2              |     +    |      0|  0|  15|           8|           1|
    |i_fu_963_p2                 |     +    |      0|  0|  15|           8|           1|
    |inputShareSize_1_fu_750_p2  |     +    |      0|  0|  71|           5|          64|
    |loop_32_fu_916_p2           |     +    |      0|  0|  15|           6|           1|
    |loop_33_fu_1087_p2          |     +    |      0|  0|  15|           6|           1|
    |loop_34_fu_1137_p2          |     +    |      0|  0|  15|           7|           1|
    |loop_35_fu_1187_p2          |     +    |      0|  0|  15|           5|           1|
    |loop_36_fu_1241_p2          |     +    |      0|  0|  15|           5|           1|
    |loop_37_fu_1438_p2          |     +    |      0|  0|  15|           3|           5|
    |loop_fu_793_p2              |     +    |      0|  0|  15|           6|           1|
    |icmp_ln1940_fu_622_p2       |   icmp   |      0|  0|  11|           8|           7|
    |icmp_ln1942_1_fu_738_p2     |   icmp   |      0|  0|   9|           2|           3|
    |icmp_ln1942_fu_732_p2       |   icmp   |      0|  0|   8|           2|           1|
    |icmp_ln1951_fu_818_p2       |   icmp   |      0|  0|  11|           8|           7|
    |icmp_ln1953_fu_904_p2       |   icmp   |      0|  0|   8|           2|           2|
    |icmp_ln1968_fu_612_p2       |   icmp   |      0|  0|  18|          32|           6|
    |icmp_ln1979_fu_782_p2       |   icmp   |      0|  0|  29|          64|          64|
    |icmp_ln2039_fu_787_p2       |   icmp   |      0|  0|  11|           6|           5|
    |icmp_ln2048_fu_910_p2       |   icmp   |      0|  0|  11|           6|           7|
    |icmp_ln2052_fu_957_p2       |   icmp   |      0|  0|  11|           8|           7|
    |icmp_ln2057_fu_1081_p2      |   icmp   |      0|  0|  11|           6|           7|
    |icmp_ln2070_fu_1131_p2      |   icmp   |      0|  0|  11|           7|           7|
    |icmp_ln2075_fu_1181_p2      |   icmp   |      0|  0|  11|           5|           6|
    |icmp_ln2080_fu_1235_p2      |   icmp   |      0|  0|  11|           5|           6|
    |icmp_ln2084_fu_1304_p2      |   icmp   |      0|  0|   8|           2|           1|
    |lshr_ln54_10_fu_886_p2      |   lshr   |      0|  0|  19|           8|           8|
    |lshr_ln54_11_fu_1034_p2     |   lshr   |      0|  0|  19|           8|           8|
    |lshr_ln54_12_fu_1054_p2     |   lshr   |      0|  0|  19|           8|           8|
    |lshr_ln54_8_fu_714_p2       |   lshr   |      0|  0|  19|           8|           8|
    |lshr_ln54_9_fu_866_p2       |   lshr   |      0|  0|  19|           8|           8|
    |lshr_ln54_fu_694_p2         |   lshr   |      0|  0|  19|           8|           8|
    |or_ln1942_fu_744_p2         |    or    |      0|  0|   2|           1|           1|
    |or_ln2087_1_fu_1380_p2      |    or    |      0|  0|   4|           4|           2|
    |or_ln2087_2_fu_1404_p2      |    or    |      0|  0|   4|           4|           2|
    |or_ln2087_fu_1351_p2        |    or    |      0|  0|   4|           4|           1|
    |bytesExpected_2_fu_775_p3   |  select  |      0|  0|  64|           1|          64|
    |inputShareSize_2_fu_756_p3  |  select  |      0|  0|  64|           1|          64|
    |ap_enable_pp0               |    xor   |      0|  0|   2|           1|           2|
    |ap_enable_pp1               |    xor   |      0|  0|   2|           1|           2|
    |ap_enable_pp2               |    xor   |      0|  0|   2|           1|           2|
    |ap_enable_pp3               |    xor   |      0|  0|   2|           1|           2|
    |ap_enable_pp4               |    xor   |      0|  0|   2|           1|           2|
    |ap_enable_pp5               |    xor   |      0|  0|   2|           1|           2|
    |ap_enable_reg_pp0_iter1     |    xor   |      0|  0|   2|           2|           1|
    |ap_enable_reg_pp1_iter1     |    xor   |      0|  0|   2|           2|           1|
    |ap_enable_reg_pp2_iter1     |    xor   |      0|  0|   2|           2|           1|
    |ap_enable_reg_pp3_iter1     |    xor   |      0|  0|   2|           2|           1|
    |ap_enable_reg_pp4_iter1     |    xor   |      0|  0|   2|           2|           1|
    |ap_enable_reg_pp5_iter1     |    xor   |      0|  0|   2|           2|           1|
    |xor_ln54_2_fu_704_p2        |    xor   |      0|  0|   3|           3|           2|
    |xor_ln54_3_fu_856_p2        |    xor   |      0|  0|   3|           3|           3|
    |xor_ln54_4_fu_876_p2        |    xor   |      0|  0|   3|           3|           2|
    |xor_ln54_5_fu_1024_p2       |    xor   |      0|  0|   3|           3|           3|
    |xor_ln54_6_fu_1044_p2       |    xor   |      0|  0|   3|           3|           2|
    |xor_ln54_fu_684_p2          |    xor   |      0|  0|   3|           3|           3|
    +----------------------------+----------+-------+---+----+------------+------------+
    |Total                       |          |      0|  0|1499|         825|         954|
    +----------------------------+----------+-------+---+----+------------+------------+

    * Multiplexer: 
    +---------------------------------+-----+-----------+-----+-----------+
    |               Name              | LUT | Input Size| Bits| Total Bits|
    +---------------------------------+-----+-----------+-----+-----------+
    |ap_NS_fsm                        |  121|         26|    1|         26|
    |ap_enable_reg_pp0_iter1          |   15|          3|    1|          3|
    |ap_enable_reg_pp1_iter1          |   15|          3|    1|          3|
    |ap_enable_reg_pp2_iter1          |   15|          3|    1|          3|
    |ap_enable_reg_pp3_iter1          |   15|          3|    1|          3|
    |ap_enable_reg_pp4_iter1          |   15|          3|    1|          3|
    |ap_enable_reg_pp5_iter1          |   15|          3|    1|          3|
    |ap_phi_mux_loop_0_phi_fu_451_p4  |    9|          2|    6|         12|
    |ap_phi_mux_loop_1_phi_fu_474_p4  |    9|          2|    6|         12|
    |ap_phi_mux_loop_2_phi_fu_522_p4  |    9|          2|    6|         12|
    |ap_phi_mux_loop_4_phi_fu_545_p4  |    9|          2|    5|         10|
    |ap_phi_mux_loop_5_phi_fu_557_p4  |    9|          2|    5|         10|
    |ap_return                        |    9|          2|    1|          2|
    |inputShareSize_reg_424           |    9|          2|   64|        128|
    |loop_0_reg_447                   |    9|          2|    6|         12|
    |loop_1_reg_470                   |    9|          2|    6|         12|
    |loop_2_reg_518                   |    9|          2|    6|         12|
    |loop_3_reg_530                   |    9|          2|    7|         14|
    |loop_4_reg_541                   |    9|          2|    5|         10|
    |loop_5_reg_553                   |    9|          2|    5|         10|
    |loop_6_reg_565                   |    9|          2|    5|         10|
    |p_01_rec_reg_482                 |    9|          2|   16|         32|
    |phi_mul_reg_506                  |    9|          2|   15|         30|
    |round_assign_2_reg_459           |    9|          2|    8|         16|
    |round_assign_3_reg_494           |    9|          2|    8|         16|
    |round_assign_reg_436             |    9|          2|    8|         16|
    |sigBytes_address0                |   47|         10|   16|        160|
    |sigBytes_address1                |   15|          3|   16|         48|
    |sig_0_challengeBits_address0     |   21|          4|    6|         24|
    +---------------------------------+-----+-----------+-----+-----------+
    |Total                            |  465|         99|  233|        652|
    +---------------------------------+-----+-----------+-----+-----------+

    * Register: 
    +----------------------------+----+----+-----+-----------+
    |            Name            | FF | LUT| Bits| Const Bits|
    +----------------------------+----+----+-----+-----------+
    |add_ln2052_reg_1603         |  15|   0|   15|          0|
    |add_ln2058_reg_1637         |  17|   0|   17|          0|
    |add_ln2071_reg_1668         |  15|   0|   15|          0|
    |add_ln2087_6_reg_1730       |  17|   0|   17|          0|
    |add_ln2087_8_reg_1735       |  17|   0|   17|          0|
    |add_ln2087_reg_1709         |  16|   0|   16|          0|
    |ap_CS_fsm                   |  25|   0|   25|          0|
    |ap_enable_reg_pp0_iter0     |   1|   0|    1|          0|
    |ap_enable_reg_pp0_iter1     |   1|   0|    1|          0|
    |ap_enable_reg_pp1_iter0     |   1|   0|    1|          0|
    |ap_enable_reg_pp1_iter1     |   1|   0|    1|          0|
    |ap_enable_reg_pp2_iter0     |   1|   0|    1|          0|
    |ap_enable_reg_pp2_iter1     |   1|   0|    1|          0|
    |ap_enable_reg_pp3_iter0     |   1|   0|    1|          0|
    |ap_enable_reg_pp3_iter1     |   1|   0|    1|          0|
    |ap_enable_reg_pp4_iter0     |   1|   0|    1|          0|
    |ap_enable_reg_pp4_iter1     |   1|   0|    1|          0|
    |ap_enable_reg_pp5_iter0     |   1|   0|    1|          0|
    |ap_enable_reg_pp5_iter1     |   1|   0|    1|          0|
    |ap_return_preg              |   1|   0|    1|          0|
    |bytesExpected_reg_1533      |  64|   0|   64|          0|
    |i_20_reg_1518               |   8|   0|    8|          0|
    |i_21_reg_1571               |   8|   0|    8|          0|
    |i_reg_1611                  |   8|   0|    8|          0|
    |icmp_ln2039_reg_1553        |   1|   0|    1|          0|
    |icmp_ln2048_reg_1589        |   1|   0|    1|          0|
    |icmp_ln2057_reg_1645        |   1|   0|    1|          0|
    |icmp_ln2070_reg_1659        |   1|   0|    1|          0|
    |icmp_ln2075_reg_1678        |   1|   0|    1|          0|
    |icmp_ln2080_reg_1692        |   1|   0|    1|          0|
    |inputShareSize_reg_424      |  64|   0|   64|          0|
    |loop_0_reg_447              |   6|   0|    6|          0|
    |loop_1_reg_470              |   6|   0|    6|          0|
    |loop_2_reg_518              |   6|   0|    6|          0|
    |loop_32_reg_1593            |   6|   0|    6|          0|
    |loop_33_reg_1649            |   6|   0|    6|          0|
    |loop_35_reg_1682            |   5|   0|    5|          0|
    |loop_36_reg_1696            |   5|   0|    5|          0|
    |loop_37_reg_1745            |   5|   0|    5|          0|
    |loop_3_reg_530              |   7|   0|    7|          0|
    |loop_4_reg_541              |   5|   0|    5|          0|
    |loop_5_reg_553              |   5|   0|    5|          0|
    |loop_6_reg_565              |   5|   0|    5|          0|
    |loop_reg_1557               |   6|   0|    6|          0|
    |mul_ln1977_reg_1539         |  16|   0|   16|          0|
    |p_01_rec_reg_482            |  16|   0|   16|          0|
    |p_0_reg_589                 |   1|   0|    1|          0|
    |p_sum5_pn_reg_576           |   1|   0|    8|          7|
    |phi_mul_reg_506             |  15|   0|   15|          0|
    |round_assign_2_reg_459      |   8|   0|    8|          0|
    |round_assign_3_reg_494      |   8|   0|    8|          0|
    |round_assign_reg_436        |   8|   0|    8|          0|
    |sigBytesLen_cast1_reg_1495  |  32|   0|   64|         32|
    |sigBytes_load_6_reg_1750    |   8|   0|    8|          0|
    |sigBytes_load_7_reg_1755    |   8|   0|    8|          0|
    |trunc_ln2087_4_reg_1740     |   2|   0|    2|          0|
    |trunc_ln386_4_reg_1576      |   2|   0|    2|          0|
    |trunc_ln386_reg_1523        |   2|   0|    2|          0|
    |trunc_ln54_reg_1503         |  17|   0|   17|          0|
    |zext_ln2058_reg_1621        |   8|   0|   13|          5|
    |zext_ln382_reg_1627         |   8|   0|   14|          6|
    |zext_ln386_reg_1632         |   2|   0|    3|          1|
    +----------------------------+----+----+-----+-----------+
    |Total                       | 528|   0|  579|         51|
    +----------------------------+----+----+-----+-----------+



================================================================
== Interface
================================================================
* Summary: 
+------------------------------+-----+-----+------------+----------------------+--------------+
|           RTL Ports          | Dir | Bits|  Protocol  |     Source Object    |    C Type    |
+------------------------------+-----+-----+------------+----------------------+--------------+
|ap_clk                        |  in |    1| ap_ctrl_hs | deserializeSignature | return value |
|ap_rst                        |  in |    1| ap_ctrl_hs | deserializeSignature | return value |
|ap_start                      |  in |    1| ap_ctrl_hs | deserializeSignature | return value |
|ap_done                       | out |    1| ap_ctrl_hs | deserializeSignature | return value |
|ap_idle                       | out |    1| ap_ctrl_hs | deserializeSignature | return value |
|ap_ready                      | out |    1| ap_ctrl_hs | deserializeSignature | return value |
|ap_return                     | out |    1| ap_ctrl_hs | deserializeSignature | return value |
|sig_0_proofs_seed1_address0   | out |   12|  ap_memory |  sig_0_proofs_seed1  |     array    |
|sig_0_proofs_seed1_ce0        | out |    1|  ap_memory |  sig_0_proofs_seed1  |     array    |
|sig_0_proofs_seed1_we0        | out |    1|  ap_memory |  sig_0_proofs_seed1  |     array    |
|sig_0_proofs_seed1_d0         | out |    8|  ap_memory |  sig_0_proofs_seed1  |     array    |
|sig_0_proofs_seed2_address0   | out |   12|  ap_memory |  sig_0_proofs_seed2  |     array    |
|sig_0_proofs_seed2_ce0        | out |    1|  ap_memory |  sig_0_proofs_seed2  |     array    |
|sig_0_proofs_seed2_we0        | out |    1|  ap_memory |  sig_0_proofs_seed2  |     array    |
|sig_0_proofs_seed2_d0         | out |    8|  ap_memory |  sig_0_proofs_seed2  |     array    |
|sig_0_proofs_inputS_address0  | out |   10|  ap_memory |  sig_0_proofs_inputS |     array    |
|sig_0_proofs_inputS_ce0       | out |    1|  ap_memory |  sig_0_proofs_inputS |     array    |
|sig_0_proofs_inputS_we0       | out |    1|  ap_memory |  sig_0_proofs_inputS |     array    |
|sig_0_proofs_inputS_d0        | out |   32|  ap_memory |  sig_0_proofs_inputS |     array    |
|sig_0_proofs_commun_address0  | out |   15|  ap_memory |  sig_0_proofs_commun |     array    |
|sig_0_proofs_commun_ce0       | out |    1|  ap_memory |  sig_0_proofs_commun |     array    |
|sig_0_proofs_commun_we0       | out |    1|  ap_memory |  sig_0_proofs_commun |     array    |
|sig_0_proofs_commun_d0        | out |    8|  ap_memory |  sig_0_proofs_commun |     array    |
|sig_0_proofs_view3C_address0  | out |   13|  ap_memory |  sig_0_proofs_view3C |     array    |
|sig_0_proofs_view3C_ce0       | out |    1|  ap_memory |  sig_0_proofs_view3C |     array    |
|sig_0_proofs_view3C_we0       | out |    1|  ap_memory |  sig_0_proofs_view3C |     array    |
|sig_0_proofs_view3C_d0        | out |    8|  ap_memory |  sig_0_proofs_view3C |     array    |
|sig_0_challengeBits_address0  | out |    6|  ap_memory |  sig_0_challengeBits |     array    |
|sig_0_challengeBits_ce0       | out |    1|  ap_memory |  sig_0_challengeBits |     array    |
|sig_0_challengeBits_we0       | out |    1|  ap_memory |  sig_0_challengeBits |     array    |
|sig_0_challengeBits_d0        | out |    8|  ap_memory |  sig_0_challengeBits |     array    |
|sig_0_challengeBits_q0        |  in |    8|  ap_memory |  sig_0_challengeBits |     array    |
|sig_0_salt_address0           | out |    5|  ap_memory |      sig_0_salt      |     array    |
|sig_0_salt_ce0                | out |    1|  ap_memory |      sig_0_salt      |     array    |
|sig_0_salt_we0                | out |    1|  ap_memory |      sig_0_salt      |     array    |
|sig_0_salt_d0                 | out |    8|  ap_memory |      sig_0_salt      |     array    |
|sigBytes_address0             | out |   16|  ap_memory |       sigBytes       |     array    |
|sigBytes_ce0                  | out |    1|  ap_memory |       sigBytes       |     array    |
|sigBytes_q0                   |  in |    8|  ap_memory |       sigBytes       |     array    |
|sigBytes_address1             | out |   16|  ap_memory |       sigBytes       |     array    |
|sigBytes_ce1                  | out |    1|  ap_memory |       sigBytes       |     array    |
|sigBytes_q1                   |  in |    8|  ap_memory |       sigBytes       |     array    |
|sigBytes_offset               |  in |   64|   ap_none  |    sigBytes_offset   |    scalar    |
|sigBytesLen                   |  in |   32|   ap_none  |      sigBytesLen     |    scalar    |
|params_UnruhGWithout          |  in |    7|   ap_none  | params_UnruhGWithout |    scalar    |
|params_transform_rea          |  in |    2|   ap_none  | params_transform_rea |    scalar    |
+------------------------------+-----+-----+------------+----------------------+--------------+

