

================================================================
== Vivado HLS Report for 'HashFinal'
================================================================
* Date:           Fri May  8 13:16:23 2020

* Version:        2019.2 (Build 2704478 on Wed Nov 06 22:10:23 MST 2019)
* Project:        picnic1
* Solution:       sing_open
* Product family: artix7
* Target device:  xc7a200t-fbg676-2


================================================================
== Performance Estimates
================================================================
+ Timing: 
    * Summary: 
    +--------+----------+----------+------------+
    |  Clock |  Target  | Estimated| Uncertainty|
    +--------+----------+----------+------------+
    |ap_clk  | 10.00 ns | 8.579 ns |   1.25 ns  |
    +--------+----------+----------+------------+

+ Latency: 
    * Summary: 
    +---------+---------+----------+----------+-------+-------+---------+
    |  Latency (cycles) |  Latency (absolute) |    Interval   | Pipeline|
    |   min   |   max   |    min   |    max   |  min  |  max  |   Type  |
    +---------+---------+----------+----------+-------+-------+---------+
    |    18589|    18589| 0.186 ms | 0.186 ms |  18589|  18589|   none  |
    +---------+---------+----------+----------+-------+-------+---------+

    + Detail: 
        * Instance: 
        +---------------------------------+-----------------------+---------+---------+----------+----------+-------+-------+---------+
        |                                 |                       |  Latency (cycles) |  Latency (absolute) |    Interval   | Pipeline|
        |             Instance            |         Module        |   min   |   max   |    min   |    max   |  min  |  max  |   Type  |
        +---------------------------------+-----------------------+---------+---------+----------+----------+-------+-------+---------+
        |grp_KeccakP1600_Permute_s_fu_54  |KeccakP1600_Permute_s  |    18584|    18584| 0.186 ms | 0.186 ms |  18584|  18584|   none  |
        +---------------------------------+-----------------------+---------+---------+----------+----------+-------+-------+---------+

        * Loop: 
        N/A



================================================================
== Utilization Estimates
================================================================
* Summary: 
+-----------------+---------+-------+--------+--------+-----+
|       Name      | BRAM_18K| DSP48E|   FF   |   LUT  | URAM|
+-----------------+---------+-------+--------+--------+-----+
|DSP              |        -|      -|       -|       -|    -|
|Expression       |        -|      -|       0|      17|    -|
|FIFO             |        -|      -|       -|       -|    -|
|Instance         |        8|      -|    1003|    3085|    0|
|Memory           |        -|      -|       -|       -|    -|
|Multiplexer      |        -|      -|       -|     122|    -|
|Register         |        -|      -|      15|       -|    -|
+-----------------+---------+-------+--------+--------+-----+
|Total            |        8|      0|    1018|    3224|    0|
+-----------------+---------+-------+--------+--------+-----+
|Available        |      730|    740|  269200|  134600|    0|
+-----------------+---------+-------+--------+--------+-----+
|Utilization (%)  |        1|      0|   ~0   |       2|    0|
+-----------------+---------+-------+--------+--------+-----+

+ Detail: 
    * Instance: 
    +---------------------------------+-----------------------+---------+-------+------+------+-----+
    |             Instance            |         Module        | BRAM_18K| DSP48E|  FF  |  LUT | URAM|
    +---------------------------------+-----------------------+---------+-------+------+------+-----+
    |grp_KeccakP1600_Permute_s_fu_54  |KeccakP1600_Permute_s  |        8|      0|  1003|  3085|    0|
    +---------------------------------+-----------------------+---------+-------+------+------+-----+
    |Total                            |                       |        8|      0|  1003|  3085|    0|
    +---------------------------------+-----------------------+---------+-------+------+------+-----+

    * DSP48E: 
    N/A

    * Memory: 
    N/A

    * FIFO: 
    N/A

    * Expression: 
    +-----------------------+----------+-------+---+----+------------+------------+
    |     Variable Name     | Operation| DSP48E| FF| LUT| Bitwidth P0| Bitwidth P1|
    +-----------------------+----------+-------+---+----+------------+------------+
    |xor_ln149_11_fu_76_p2  |    xor   |      0|  0|   9|           8|           9|
    |xor_ln149_fu_69_p2     |    xor   |      0|  0|   8|           8|           5|
    +-----------------------+----------+-------+---+----+------------+------------+
    |Total                  |          |      0|  0|  17|          16|          14|
    +-----------------------+----------+-------+---+----+------------+------------+

    * Multiplexer: 
    +---------------------------+----+-----------+-----+-----------+
    |            Name           | LUT| Input Size| Bits| Total Bits|
    +---------------------------+----+-----------+-----+-----------+
    |ap_NS_fsm                  |  38|          7|    1|          7|
    |ctx_sponge_state_address0  |  33|          6|    8|         48|
    |ctx_sponge_state_ce0       |  15|          3|    1|          3|
    |ctx_sponge_state_d0        |  21|          4|    8|         32|
    |ctx_sponge_state_we0       |  15|          3|    1|          3|
    +---------------------------+----+-----------+-----+-----------+
    |Total                      | 122|         23|   19|         93|
    +---------------------------+----+-----------+-----+-----------+

    * Register: 
    +----------------------------------------------+---+----+-----+-----------+
    |                     Name                     | FF| LUT| Bits| Const Bits|
    +----------------------------------------------+---+----+-----+-----------+
    |ap_CS_fsm                                     |  6|   0|    6|          0|
    |ctx_sponge_state_add_reg_95                   |  8|   0|    8|          0|
    |grp_KeccakP1600_Permute_s_fu_54_ap_start_reg  |  1|   0|    1|          0|
    +----------------------------------------------+---+----+-----+-----------+
    |Total                                         | 15|   0|   15|          0|
    +----------------------------------------------+---+----+-----+-----------+



================================================================
== Interface
================================================================
* Summary: 
+---------------------------+-----+-----+------------+----------------------+--------------+
|         RTL Ports         | Dir | Bits|  Protocol  |     Source Object    |    C Type    |
+---------------------------+-----+-----+------------+----------------------+--------------+
|ap_clk                     |  in |    1| ap_ctrl_hs |       HashFinal      | return value |
|ap_rst                     |  in |    1| ap_ctrl_hs |       HashFinal      | return value |
|ap_start                   |  in |    1| ap_ctrl_hs |       HashFinal      | return value |
|ap_done                    | out |    1| ap_ctrl_hs |       HashFinal      | return value |
|ap_idle                    | out |    1| ap_ctrl_hs |       HashFinal      | return value |
|ap_ready                   | out |    1| ap_ctrl_hs |       HashFinal      | return value |
|ap_return_0                | out |   32| ap_ctrl_hs |       HashFinal      | return value |
|ap_return_1                | out |   32| ap_ctrl_hs |       HashFinal      | return value |
|ctx_sponge_state_address0  | out |    8|  ap_memory |   ctx_sponge_state   |     array    |
|ctx_sponge_state_ce0       | out |    1|  ap_memory |   ctx_sponge_state   |     array    |
|ctx_sponge_state_we0       | out |    1|  ap_memory |   ctx_sponge_state   |     array    |
|ctx_sponge_state_d0        | out |    8|  ap_memory |   ctx_sponge_state   |     array    |
|ctx_sponge_state_q0        |  in |    8|  ap_memory |   ctx_sponge_state   |     array    |
|ctx_sponge_byteIOInd       |  in |   32|   ap_none  | ctx_sponge_byteIOInd |    scalar    |
+---------------------------+-----+-----+------------+----------------------+--------------+

