

================================================================
== Vivado HLS Report for 'KeccakWidth1600_Spon_2'
================================================================
* Date:           Fri May  8 13:16:29 2020

* Version:        2019.2 (Build 2704478 on Wed Nov 06 22:10:23 MST 2019)
* Project:        picnic1
* Solution:       sing_open
* Product family: artix7
* Target device:  xc7a200t-fbg676-2


================================================================
== Performance Estimates
================================================================
+ Timing: 
    * Summary: 
    +--------+----------+----------+------------+
    |  Clock |  Target  | Estimated| Uncertainty|
    +--------+----------+----------+------------+
    |ap_clk  | 10.00 ns | 8.579 ns |   1.25 ns  |
    +--------+----------+----------+------------+

+ Latency: 
    * Summary: 
    +---------+---------+----------+----------+-----+-----+---------+
    |  Latency (cycles) |  Latency (absolute) |  Interval | Pipeline|
    |   min   |   max   |    min   |    max   | min | max |   Type  |
    +---------+---------+----------+----------+-----+-----+---------+
    |        ?|        ?|         ?|         ?|    ?|    ?|   none  |
    +---------+---------+----------+----------+-----+-----+---------+

    + Detail: 
        * Instance: 
        +----------------------------------+-----------------------+---------+---------+----------+----------+-------+-------+---------+
        |                                  |                       |  Latency (cycles) |  Latency (absolute) |    Interval   | Pipeline|
        |             Instance             |         Module        |   min   |   max   |    min   |    max   |  min  |  max  |   Type  |
        +----------------------------------+-----------------------+---------+---------+----------+----------+-------+-------+---------+
        |grp_KeccakP1600_Permute_s_fu_245  |KeccakP1600_Permute_s  |    18584|    18584| 0.186 ms | 0.186 ms |  18584|  18584|   none  |
        +----------------------------------+-----------------------+---------+---------+----------+----------+-------+-------+---------+

        * Loop: 
        +-----------------+---------+---------+----------+-----------+-----------+------+----------+
        |                 |  Latency (cycles) | Iteration|  Initiation Interval  | Trip |          |
        |    Loop Name    |   min   |   max   |  Latency |  achieved |   target  | Count| Pipelined|
        +-----------------+---------+---------+----------+-----------+-----------+------+----------+
        |- Loop 1         |        ?|        ?|         ?|          -|          -|     ?|    no    |
        | + Loop 1.1      |        ?|        ?|     18923|          -|          -|     ?|    no    |
        |  ++ Loop 1.1.1  |      336|      336|         2|          -|          -|   168|    no    |
        | + Loop 1.2      |        ?|        ?|         2|          -|          -|     ?|    no    |
        +-----------------+---------+---------+----------+-----------+-----------+------+----------+



================================================================
== Utilization Estimates
================================================================
* Summary: 
+-----------------+---------+-------+--------+--------+-----+
|       Name      | BRAM_18K| DSP48E|   FF   |   LUT  | URAM|
+-----------------+---------+-------+--------+--------+-----+
|DSP              |        -|      -|       -|       -|    -|
|Expression       |        -|      -|       0|     857|    -|
|FIFO             |        -|      -|       -|       -|    -|
|Instance         |        8|      -|    1003|    3085|    0|
|Memory           |        -|      -|       -|       -|    -|
|Multiplexer      |        -|      -|       -|     306|    -|
|Register         |        -|      -|     733|       -|    -|
+-----------------+---------+-------+--------+--------+-----+
|Total            |        8|      0|    1736|    4248|    0|
+-----------------+---------+-------+--------+--------+-----+
|Available        |      730|    740|  269200|  134600|    0|
+-----------------+---------+-------+--------+--------+-----+
|Utilization (%)  |        1|      0|   ~0   |       3|    0|
+-----------------+---------+-------+--------+--------+-----+

+ Detail: 
    * Instance: 
    +----------------------------------+-----------------------+---------+-------+------+------+-----+
    |             Instance             |         Module        | BRAM_18K| DSP48E|  FF  |  LUT | URAM|
    +----------------------------------+-----------------------+---------+-------+------+------+-----+
    |grp_KeccakP1600_Permute_s_fu_245  |KeccakP1600_Permute_s  |        8|      0|  1003|  3085|    0|
    +----------------------------------+-----------------------+---------+-------+------+------+-----+
    |Total                             |                       |        8|      0|  1003|  3085|    0|
    +----------------------------------+-----------------------+---------+-------+------+------+-----+

    * DSP48E: 
    N/A

    * Memory: 
    N/A

    * FIFO: 
    N/A

    * Expression: 
    +----------------------------------+----------+-------+---+----+------------+------------+
    |           Variable Name          | Operation| DSP48E| FF| LUT| Bitwidth P0| Bitwidth P1|
    +----------------------------------+----------+-------+---+----+------------+------------+
    |add_ln303_fu_317_p2               |     +    |      0|  0|  37|           8|          30|
    |add_ln310_fu_378_p2               |     +    |      0|  0|  71|          64|           8|
    |add_ln321_fu_423_p2               |     +    |      0|  0|  39|          32|          32|
    |add_ln329_fu_509_p2               |     +    |      0|  0|  71|          64|          64|
    |add_ln330_fu_486_p2               |     +    |      0|  0|  39|          32|          32|
    |add_ln394_4_fu_499_p2             |     +    |      0|  0|  15|           8|           8|
    |add_ln394_5_fu_394_p2             |     +    |      0|  0|   8|           8|           8|
    |add_ln394_6_fu_404_p2             |     +    |      0|  0|   8|           8|           8|
    |add_ln394_fu_471_p2               |     +    |      0|  0|  39|          32|          32|
    |i_fu_455_p2                       |     +    |      0|  0|  41|          34|          34|
    |j_11_fu_384_p2                    |     +    |      0|  0|  71|          64|           9|
    |loop_46_fu_367_p2                 |     +    |      0|  0|  15|           8|           1|
    |loop_fu_465_p2                    |     +    |      0|  0|  39|          32|           1|
    |j_fu_328_p2                       |     -    |      0|  0|  41|          34|          34|
    |partialBlock_8_fu_434_p2          |     -    |      0|  0|  39|           8|          32|
    |partialBlock_fu_418_p2            |     -    |      0|  0|  39|          32|          32|
    |sub_ln312_fu_350_p2               |     -    |      0|  0|  41|          34|          34|
    |ap_block_state12_on_subcall_done  |    and   |      0|  0|   2|           1|           1|
    |ap_block_state6_on_subcall_done   |    and   |      0|  0|   2|           1|           1|
    |icmp_ln297_fu_263_p2              |   icmp   |      0|  0|  18|          32|           1|
    |icmp_ln302_fu_302_p2              |   icmp   |      0|  0|  21|          34|          34|
    |icmp_ln303_1_fu_323_p2            |   icmp   |      0|  0|  18|          30|          30|
    |icmp_ln303_fu_307_p2              |   icmp   |      0|  0|  18|          32|           8|
    |icmp_ln304_fu_337_p2              |   icmp   |      0|  0|  29|          64|           8|
    |icmp_ln321_fu_428_p2              |   icmp   |      0|  0|  18|          32|           8|
    |icmp_ln393_2_fu_361_p2            |   icmp   |      0|  0|  11|           8|           8|
    |icmp_ln393_fu_460_p2              |   icmp   |      0|  0|  18|          32|          32|
    |partialBlock_9_fu_440_p3          |  select  |      0|  0|  32|           1|          32|
    |xor_ln149_3_fu_281_p2             |    xor   |      0|  0|   9|           8|           9|
    |xor_ln149_fu_274_p2               |    xor   |      0|  0|   8|           8|           1|
    +----------------------------------+----------+-------+---+----+------------+------------+
    |Total                             |          |      0|  0| 857|         785|         572|
    +----------------------------------+----------+-------+---+----+------------+------------+

    * Multiplexer: 
    +-----------------------------------------------+----+-----------+-----+-----------+
    |                      Name                     | LUT| Input Size| Bits| Total Bits|
    +-----------------------------------------------+----+-----------+-----+-----------+
    |ap_NS_fsm                                      |  85|         17|    1|         17|
    |ap_phi_mux_instance_byteIOIndex_phi_fu_133_p4  |   9|          2|   32|         64|
    |curData_0_idx_reg_152                          |   9|          2|   64|        128|
    |curData_1_rec_pn_reg_235                       |   9|          2|   64|        128|
    |curData_1_rec_reg_174                          |   9|          2|   64|        128|
    |data_address0                                  |  15|          3|    7|         21|
    |i_29_fu_48                                     |  15|          3|   34|        102|
    |instance_byteIOIndex_1_reg_141                 |   9|          2|   32|         64|
    |instance_byteIOIndex_3_reg_222                 |   9|          2|   32|         64|
    |instance_byteIOIndex_reg_130                   |   9|          2|   32|         64|
    |instance_state_address0                        |  41|          8|    8|         64|
    |instance_state_ce0                             |  15|          3|    1|          3|
    |instance_state_d0                              |  21|          4|    8|         32|
    |instance_state_we0                             |  15|          3|    1|          3|
    |j_0_reg_164                                    |   9|          2|   64|        128|
    |loop_0_i3_reg_211                              |   9|          2|   32|         64|
    |loop_0_i_reg_186                               |   9|          2|    8|         16|
    |offset_assign_3_reg_198                        |   9|          2|   32|         64|
    +-----------------------------------------------+----+-----------+-----+-----------+
    |Total                                          | 306|         63|  516|       1154|
    +-----------------------------------------------+----+-----------+-----+-----------+

    * Register: 
    +-----------------------------------------------+----+----+-----+-----------+
    |                      Name                     | FF | LUT| Bits| Const Bits|
    +-----------------------------------------------+----+----+-----+-----------+
    |ap_CS_fsm                                      |  16|   0|   16|          0|
    |curData_0_idx_reg_152                          |  64|   0|   64|          0|
    |curData_1_rec_pn_reg_235                       |  64|   0|   64|          0|
    |curData_1_rec_reg_174                          |  64|   0|   64|          0|
    |dataByteLen_cast1_ca_reg_527                   |   9|   0|   34|         25|
    |dataByteLen_cast_reg_520                       |   9|   0|    9|          0|
    |grp_KeccakP1600_Permute_s_fu_245_ap_start_reg  |   1|   0|    1|          0|
    |i_29_fu_48                                     |  34|   0|   34|          0|
    |i_29_load_reg_565                              |  34|   0|   34|          0|
    |i_reg_629                                      |  34|   0|   34|          0|
    |icmp_ln297_reg_533                             |   1|   0|    1|          0|
    |icmp_ln303_reg_574                             |   1|   0|    1|          0|
    |instance_byteIOIndex_1_reg_141                 |  32|   0|   32|          0|
    |instance_byteIOIndex_3_reg_222                 |  32|   0|   32|          0|
    |instance_byteIOIndex_reg_130                   |  32|   0|   32|          0|
    |instance_state_addr_reg_537                    |   8|   0|    8|          0|
    |j_0_reg_164                                    |  64|   0|   64|          0|
    |loop_0_i3_reg_211                              |  32|   0|   32|          0|
    |loop_0_i_reg_186                               |   8|   0|    8|          0|
    |loop_46_reg_592                                |   8|   0|    8|          0|
    |loop_reg_637                                   |  32|   0|   32|          0|
    |offset_assign_3_reg_198                        |  32|   0|   32|          0|
    |partialBlock_9_reg_618                         |  32|   0|   32|          0|
    |partialBlock_reg_612                           |  32|   0|   32|          0|
    |trunc_ln394_reg_647                            |   8|   0|    8|          0|
    |zext_ln303_reg_555                             |   9|   0|   30|         21|
    |zext_ln320_reg_560                             |   9|   0|   32|         23|
    |zext_ln323_reg_624                             |  32|   0|   64|         32|
    +-----------------------------------------------+----+----+-----+-----------+
    |Total                                          | 733|   0|  834|        101|
    +-----------------------------------------------+----+----+-----+-----------+



================================================================
== Interface
================================================================
* Summary: 
+---------------------------+-----+-----+------------+---------------------------+--------------+
|         RTL Ports         | Dir | Bits|  Protocol  |       Source Object       |    C Type    |
+---------------------------+-----+-----+------------+---------------------------+--------------+
|ap_clk                     |  in |    1| ap_ctrl_hs |   KeccakWidth1600_Spon.2  | return value |
|ap_rst                     |  in |    1| ap_ctrl_hs |   KeccakWidth1600_Spon.2  | return value |
|ap_start                   |  in |    1| ap_ctrl_hs |   KeccakWidth1600_Spon.2  | return value |
|ap_done                    | out |    1| ap_ctrl_hs |   KeccakWidth1600_Spon.2  | return value |
|ap_idle                    | out |    1| ap_ctrl_hs |   KeccakWidth1600_Spon.2  | return value |
|ap_ready                   | out |    1| ap_ctrl_hs |   KeccakWidth1600_Spon.2  | return value |
|instance_state_address0    | out |    8|  ap_memory |       instance_state      |     array    |
|instance_state_ce0         | out |    1|  ap_memory |       instance_state      |     array    |
|instance_state_we0         | out |    1|  ap_memory |       instance_state      |     array    |
|instance_state_d0          | out |    8|  ap_memory |       instance_state      |     array    |
|instance_state_q0          |  in |    8|  ap_memory |       instance_state      |     array    |
|instance_byteIOIndex_read  |  in |   32|   ap_none  | instance_byteIOIndex_read |    scalar    |
|instance_squeezing_read    |  in |   32|   ap_none  |  instance_squeezing_read  |    scalar    |
|data_address0              | out |    7|  ap_memory |            data           |     array    |
|data_ce0                   | out |    1|  ap_memory |            data           |     array    |
|data_we0                   | out |    1|  ap_memory |            data           |     array    |
|data_d0                    | out |    8|  ap_memory |            data           |     array    |
|dataByteLen                |  in |    8|   ap_none  |        dataByteLen        |    scalar    |
+---------------------------+-----+-----+------------+---------------------------+--------------+

