

================================================================
== Vivado HLS Report for 'KeccakP1600_Permute_s'
================================================================
* Date:           Fri May  8 13:16:19 2020

* Version:        2019.2 (Build 2704478 on Wed Nov 06 22:10:23 MST 2019)
* Project:        picnic1
* Solution:       sing_open
* Product family: artix7
* Target device:  xc7a200t-fbg676-2


================================================================
== Performance Estimates
================================================================
+ Timing: 
    * Summary: 
    +--------+----------+----------+------------+
    |  Clock |  Target  | Estimated| Uncertainty|
    +--------+----------+----------+------------+
    |ap_clk  | 10.00 ns | 8.579 ns |   1.25 ns  |
    +--------+----------+----------+------------+

+ Latency: 
    * Summary: 
    +---------+---------+----------+----------+-------+-------+---------+
    |  Latency (cycles) |  Latency (absolute) |    Interval   | Pipeline|
    |   min   |   max   |    min   |    max   |  min  |  max  |   Type  |
    +---------+---------+----------+----------+-------+-------+---------+
    |    18584|    18584| 0.186 ms | 0.186 ms |  18584|  18584|   none  |
    +---------+---------+----------+----------+-------+-------+---------+

    + Detail: 
        * Instance: 
        +------------------+-------+---------+---------+----------+----------+-----+-----+---------+
        |                  |       |  Latency (cycles) |  Latency (absolute) |  Interval | Pipeline|
        |     Instance     | Module|   min   |   max   |    min   |    max   | min | max |   Type  |
        +------------------+-------+---------+---------+----------+----------+-----+-----+---------+
        |grp_theta_fu_235  |theta  |      138|      138| 1.380 us | 1.380 us |  138|  138|   none  |
        |grp_chi_fu_240    |chi    |      141|      141| 1.410 us | 1.410 us |  141|  141|   none  |
        |grp_pi_fu_245     |pi     |      372|      372| 3.720 us | 3.720 us |  372|  372|   none  |
        +------------------+-------+---------+---------+----------+----------+-----+-----+---------+

        * Loop: 
        +------------------+---------+---------+----------+-----------+-----------+------+----------+
        |                  |  Latency (cycles) | Iteration|  Initiation Interval  | Trip |          |
        |     Loop Name    |   min   |   max   |  Latency |  achieved |   target  | Count| Pipelined|
        +------------------+---------+---------+----------+-----------+-----------+------+----------+
        |- Loop 1          |      450|      450|        18|          -|          -|    25|    no    |
        | + Loop 1.1       |       16|       16|         2|          -|          -|     8|    no    |
        |- Loop 2          |    17856|    17856|       744|          -|          -|    24|    no    |
        | + Loop 2.1       |       85|       85|        17|          -|          -|     5|    no    |
        |  ++ rho_label16  |       15|       15|         3|          -|          -|     5|    no    |
        |- Loop 3          |      275|      275|        11|          -|          -|    25|    no    |
        | + Loop 3.1       |        8|        8|         1|          -|          -|     8|    no    |
        +------------------+---------+---------+----------+-----------+-----------+------+----------+



================================================================
== Utilization Estimates
================================================================
* Summary: 
+-----------------+---------+-------+--------+--------+-----+
|       Name      | BRAM_18K| DSP48E|   FF   |   LUT  | URAM|
+-----------------+---------+-------+--------+--------+-----+
|DSP              |        -|      -|       -|       -|    -|
|Expression       |        -|      -|       0|    1236|    -|
|FIFO             |        -|      -|       -|       -|    -|
|Instance         |        2|      -|     770|    1481|    0|
|Memory           |        6|      -|       6|       3|    0|
|Multiplexer      |        -|      -|       -|     365|    -|
|Register         |        -|      -|     227|       -|    -|
+-----------------+---------+-------+--------+--------+-----+
|Total            |        8|      0|    1003|    3085|    0|
+-----------------+---------+-------+--------+--------+-----+
|Available        |      730|    740|  269200|  134600|    0|
+-----------------+---------+-------+--------+--------+-----+
|Utilization (%)  |        1|      0|   ~0   |       2|    0|
+-----------------+---------+-------+--------+--------+-----+

+ Detail: 
    * Instance: 
    +------------------+-------+---------+-------+-----+-----+-----+
    |     Instance     | Module| BRAM_18K| DSP48E|  FF | LUT | URAM|
    +------------------+-------+---------+-------+-----+-----+-----+
    |grp_chi_fu_240    |chi    |        0|      0|  227|  500|    0|
    |grp_pi_fu_245     |pi     |        2|      0|  169|  397|    0|
    |grp_theta_fu_235  |theta  |        0|      0|  374|  584|    0|
    +------------------+-------+---------+-------+-----+-----+-----+
    |Total             |       |        2|      0|  770| 1481|    0|
    +------------------+-------+---------+-------+-----+-----+-----+

    * DSP48E: 
    N/A

    * Memory: 
    +------------------------+----------------------+---------+---+----+-----+------+-----+------+-------------+
    |         Memory         |        Module        | BRAM_18K| FF| LUT| URAM| Words| Bits| Banks| W*Bits*Banks|
    +------------------------+----------------------+---------+---+----+-----+------+-----+------+-------------+
    |KeccakRhoOffsets_U      |KeccakP1600_Permucud  |        0|  6|   3|    0|    25|    6|     1|          150|
    |KeccakRoundConstants_U  |KeccakP1600_PermudEe  |        2|  0|   0|    0|    24|   64|     1|         1536|
    |stateAsWords_U          |KeccakP1600_PermueOg  |        4|  0|   0|    0|    25|   64|     1|         1600|
    +------------------------+----------------------+---------+---+----+-----+------+-----+------+-------------+
    |Total                   |                      |        6|  6|   3|    0|    74|  134|     3|         3286|
    +------------------------+----------------------+---------+---+----+-----+------+-----+------+-------------+

    * FIFO: 
    N/A

    * Expression: 
    +------------------------+----------+-------+---+-----+------------+------------+
    |      Variable Name     | Operation| DSP48E| FF| LUT | Bitwidth P0| Bitwidth P1|
    +------------------------+----------+-------+---+-----+------------+------------+
    |add_ln272_fu_291_p2     |     +    |      0|  0|   15|           8|           8|
    |add_ln282_fu_535_p2     |     +    |      0|  0|   15|           8|           8|
    |add_ln353_1_fu_395_p2   |     +    |      0|  0|   15|           5|           5|
    |add_ln353_fu_386_p2     |     +    |      0|  0|   13|           4|           4|
    |i_37_fu_256_p2          |     +    |      0|  0|   15|           5|           1|
    |i_38_fu_340_p2          |     +    |      0|  0|   15|           5|           1|
    |i_fu_474_p2             |     +    |      0|  0|   15|           5|           1|
    |j_19_fu_503_p2          |     +    |      0|  0|   13|           4|           1|
    |j_fu_285_p2             |     +    |      0|  0|   13|           4|           1|
    |x_fu_352_p2             |     +    |      0|  0|   12|           3|           1|
    |y_fu_368_p2             |     +    |      0|  0|   12|           3|           1|
    |sub_ln353_fu_427_p2     |     -    |      0|  0|   15|           8|           7|
    |icmp_ln269_fu_250_p2    |   icmp   |      0|  0|   11|           5|           4|
    |icmp_ln271_fu_279_p2    |   icmp   |      0|  0|   11|           4|           5|
    |icmp_ln280_fu_468_p2    |   icmp   |      0|  0|   11|           5|           4|
    |icmp_ln281_fu_497_p2    |   icmp   |      0|  0|   11|           4|           5|
    |icmp_ln293_fu_334_p2    |   icmp   |      0|  0|   11|           5|           5|
    |icmp_ln352_1_fu_362_p2  |   icmp   |      0|  0|    9|           3|           3|
    |icmp_ln352_fu_346_p2    |   icmp   |      0|  0|    9|           3|           3|
    |icmp_ln353_fu_407_p2    |   icmp   |      0|  0|   11|           5|           1|
    |lshr_ln282_fu_525_p2    |   lshr   |      0|  0|  182|          64|          64|
    |lshr_ln353_fu_437_p2    |   lshr   |      0|  0|  182|          64|          64|
    |or_ln272_fu_327_p2      |    or    |      0|  0|   64|          64|          64|
    |select_ln353_fu_449_p3  |  select  |      0|  0|   64|           1|          64|
    |shl_ln272_fu_321_p2     |    shl   |      0|  0|  182|          64|          64|
    |shl_ln353_fu_421_p2     |    shl   |      0|  0|  182|          64|          64|
    |xor_ln353_fu_443_p2     |    xor   |      0|  0|   64|          64|          64|
    |xor_ln382_fu_461_p2     |    xor   |      0|  0|   64|          64|          64|
    +------------------------+----------+-------+---+-----+------------+------------+
    |Total                   |          |      0|  0| 1236|         545|         581|
    +------------------------+----------+-------+---+-----+------------+------------+

    * Multiplexer: 
    +---------------------------+----+-----------+-----+-----------+
    |            Name           | LUT| Input Size| Bits| Total Bits|
    +---------------------------+----+-----------+-----+-----------+
    |ap_NS_fsm                  |  93|         19|    1|         19|
    |i_0_i3_reg_212             |   9|          2|    5|         10|
    |i_0_i_reg_155              |   9|          2|    5|         10|
    |indexRound_assign_reg_178  |   9|          2|    5|         10|
    |j_0_i5_reg_224             |   9|          2|    4|          8|
    |j_0_i_reg_166              |   9|          2|    4|          8|
    |stateAsWords_address0      |  41|          8|    5|         40|
    |stateAsWords_address1      |  27|          5|    5|         25|
    |stateAsWords_ce0           |  27|          5|    1|          5|
    |stateAsWords_ce1           |  15|          3|    1|          3|
    |stateAsWords_d0            |  27|          5|   64|        320|
    |stateAsWords_d1            |  21|          4|   64|        256|
    |stateAsWords_we0           |  21|          4|    1|          4|
    |stateAsWords_we1           |  15|          3|    1|          3|
    |state_address0             |  15|          3|    8|         24|
    |x_0_i_reg_190              |   9|          2|    3|          6|
    |y_0_i_reg_201              |   9|          2|    3|          6|
    +---------------------------+----+-----------+-----+-----------+
    |Total                      | 365|         73|  180|        757|
    +---------------------------+----+-----------+-----+-----------+

    * Register: 
    +-------------------------------+----+----+-----+-----------+
    |              Name             | FF | LUT| Bits| Const Bits|
    +-------------------------------+----+----+-----+-----------+
    |ap_CS_fsm                      |  18|   0|   18|          0|
    |grp_chi_fu_240_ap_start_reg    |   1|   0|    1|          0|
    |grp_pi_fu_245_ap_start_reg     |   1|   0|    1|          0|
    |grp_theta_fu_235_ap_start_reg  |   1|   0|    1|          0|
    |i_0_i3_reg_212                 |   5|   0|    5|          0|
    |i_0_i_reg_155                  |   5|   0|    5|          0|
    |i_37_reg_548                   |   5|   0|    5|          0|
    |i_38_reg_585                   |   5|   0|    5|          0|
    |i_reg_639                      |   5|   0|    5|          0|
    |icmp_ln353_reg_616             |   1|   0|    1|          0|
    |indexRound_assign_reg_178      |   5|   0|    5|          0|
    |j_0_i5_reg_224                 |   4|   0|    4|          0|
    |j_0_i_reg_166                  |   4|   0|    4|          0|
    |j_reg_572                      |   4|   0|    4|          0|
    |select_ln353_reg_626           |  64|   0|   64|          0|
    |shl_ln6_reg_649                |   5|   0|    8|          3|
    |shl_ln_reg_558                 |   5|   0|    8|          3|
    |stateAsWords_addr_1_reg_553    |   5|   0|    5|          0|
    |stateAsWords_addr_3_reg_621    |   5|   0|    5|          0|
    |stateAsWords_load_1_reg_654    |  64|   0|   64|          0|
    |x_0_i_reg_190                  |   3|   0|    3|          0|
    |x_reg_593                      |   3|   0|    3|          0|
    |y_0_i_reg_201                  |   3|   0|    3|          0|
    |y_reg_606                      |   3|   0|    3|          0|
    |zext_ln353_reg_598             |   3|   0|    4|          1|
    +-------------------------------+----+----+-----+-----------+
    |Total                          | 227|   0|  234|          7|
    +-------------------------------+----+----+-----+-----------+



================================================================
== Interface
================================================================
* Summary: 
+----------------+-----+-----+------------+----------------------+--------------+
|    RTL Ports   | Dir | Bits|  Protocol  |     Source Object    |    C Type    |
+----------------+-----+-----+------------+----------------------+--------------+
|ap_clk          |  in |    1| ap_ctrl_hs | KeccakP1600_Permute_ | return value |
|ap_rst          |  in |    1| ap_ctrl_hs | KeccakP1600_Permute_ | return value |
|ap_start        |  in |    1| ap_ctrl_hs | KeccakP1600_Permute_ | return value |
|ap_done         | out |    1| ap_ctrl_hs | KeccakP1600_Permute_ | return value |
|ap_idle         | out |    1| ap_ctrl_hs | KeccakP1600_Permute_ | return value |
|ap_ready        | out |    1| ap_ctrl_hs | KeccakP1600_Permute_ | return value |
|state_address0  | out |    8|  ap_memory |         state        |     array    |
|state_ce0       | out |    1|  ap_memory |         state        |     array    |
|state_we0       | out |    1|  ap_memory |         state        |     array    |
|state_d0        | out |    8|  ap_memory |         state        |     array    |
|state_q0        |  in |    8|  ap_memory |         state        |     array    |
+----------------+-----+-----+------------+----------------------+--------------+

