

================================================================
== Vivado HLS Report for 'matrix_mul'
================================================================
* Date:           Fri May  8 13:16:31 2020

* Version:        2019.2 (Build 2704478 on Wed Nov 06 22:10:23 MST 2019)
* Project:        picnic1
* Solution:       sing_open
* Product family: artix7
* Target device:  xc7a200t-fbg676-2


================================================================
== Performance Estimates
================================================================
+ Timing: 
    * Summary: 
    +--------+----------+----------+------------+
    |  Clock |  Target  | Estimated| Uncertainty|
    +--------+----------+----------+------------+
    |ap_clk  | 10.00 ns | 8.360 ns |   1.25 ns  |
    +--------+----------+----------+------------+

+ Latency: 
    * Summary: 
    +---------+---------+-----------+-----------+------+------+---------+
    |  Latency (cycles) |   Latency (absolute)  |   Interval  | Pipeline|
    |   min   |   max   |    min    |    max    |  min |  max |   Type  |
    +---------+---------+-----------+-----------+------+------+---------+
    |     2570|     2570| 25.700 us | 25.700 us |  2570|  2570|   none  |
    +---------+---------+-----------+-----------+------+------+---------+

    + Detail: 
        * Instance: 
        N/A

        * Loop: 
        +------------------------+---------+---------+----------+-----------+-----------+------+----------+
        |                        |  Latency (cycles) | Iteration|  Initiation Interval  | Trip |          |
        |        Loop Name       |   min   |   max   |  Latency |  achieved |   target  | Count| Pipelined|
        +------------------------+---------+---------+----------+-----------+-----------+------+----------+
        |- matrix_mul_label6     |     2560|     2560|        20|          -|          -|   128|    no    |
        | + matrix_mul_label5    |        8|        8|         2|          -|          -|     4|    no    |
        | + matrix_mul_label6.2  |        6|        6|         2|          -|          -|     3|    no    |
        |- matrix_mul_label7     |        8|        8|         2|          -|          -|     4|    no    |
        +------------------------+---------+---------+----------+-----------+-----------+------+----------+



================================================================
== Utilization Estimates
================================================================
* Summary: 
+-----------------+---------+-------+--------+--------+-----+
|       Name      | BRAM_18K| DSP48E|   FF   |   LUT  | URAM|
+-----------------+---------+-------+--------+--------+-----+
|DSP              |        -|      -|       -|       -|    -|
|Expression       |        -|      -|       0|    1274|    -|
|FIFO             |        -|      -|       -|       -|    -|
|Instance         |        -|      -|       -|       -|    -|
|Memory           |       34|      -|       0|       0|    0|
|Multiplexer      |        -|      -|       -|     188|    -|
|Register         |        -|      -|     118|       -|    -|
+-----------------+---------+-------+--------+--------+-----+
|Total            |       34|      0|     118|    1462|    0|
+-----------------+---------+-------+--------+--------+-----+
|Available        |      730|    740|  269200|  134600|    0|
+-----------------+---------+-------+--------+--------+-----+
|Utilization (%)  |        4|      0|   ~0   |       1|    0|
+-----------------+---------+-------+--------+--------+-----+

+ Detail: 
    * Instance: 
    N/A

    * DSP48E: 
    N/A

    * Memory: 
    +---------------+----------------------+---------+---+----+-----+-------+-----+------+-------------+
    |     Memory    |        Module        | BRAM_18K| FF| LUT| URAM| Words | Bits| Banks| W*Bits*Banks|
    +---------------+----------------------+---------+---+----+-----+-------+-----+------+-------------+
    |prod_U         |matrix_mul_prod       |        1|  0|   0|    0|     64|   32|     1|         2048|
    |temp_U         |matrix_mul_temp       |        1|  0|   0|    0|     64|   32|     1|         2048|
    |temp_matrix_U  |matrix_mul_temp_mfYi  |       32|  0|   0|    0|  10752|   32|     1|       344064|
    +---------------+----------------------+---------+---+----+-----+-------+-----+------+-------------+
    |Total          |                      |       34|  0|   0|    0|  10880|   96|     3|       348160|
    +---------------+----------------------+---------+---+----+-----+-------+-----+------+-------------+

    * FIFO: 
    N/A

    * Expression: 
    +--------------------------+----------+-------+---+-----+------------+------------+
    |       Variable Name      | Operation| DSP48E| FF| LUT | Bitwidth P0| Bitwidth P1|
    +--------------------------+----------+-------+---+-----+------------+------------+
    |add_ln126_fu_353_p2       |     +    |      0|  0|   16|           9|           9|
    |add_ln127_2_fu_366_p2     |     +    |      0|  0|   18|          11|          11|
    |add_ln127_fu_376_p2       |     +    |      0|  0|   21|          14|          14|
    |add_ln134_fu_935_p2       |     +    |      0|  0|   12|           3|           3|
    |i_19_fu_409_p2            |     +    |      0|  0|   12|           3|           1|
    |i_fu_316_p2               |     +    |      0|  0|   15|           1|           8|
    |j_fu_347_p2               |     +    |      0|  0|   12|           3|           1|
    |loop_fu_924_p2            |     +    |      0|  0|   12|           3|           1|
    |sub_ln66_11_fu_697_p2     |     -    |      0|  0|   15|           6|           6|
    |sub_ln66_12_fu_727_p2     |     -    |      0|  0|   15|           5|           6|
    |sub_ln66_fu_685_p2        |     -    |      0|  0|   15|           6|           6|
    |and_ln66_21_fu_753_p2     |    and   |      0|  0|   32|          32|          32|
    |and_ln66_22_fu_895_p2     |    and   |      0|  0|   32|          32|          32|
    |and_ln66_fu_790_p2        |    and   |      0|  0|    8|           8|           8|
    |prod_d0                   |    and   |      0|  0|   32|          32|          32|
    |temp_d0                   |    and   |      0|  0|   32|          32|          32|
    |grp_fu_290_p2             |   icmp   |      0|  0|   11|           5|           5|
    |icmp_ln124_fu_310_p2      |   icmp   |      0|  0|   13|           8|           9|
    |icmp_ln125_fu_341_p2      |   icmp   |      0|  0|    9|           3|           4|
    |icmp_ln133_fu_918_p2      |   icmp   |      0|  0|    9|           3|           4|
    |icmp_ln85_fu_403_p2       |   icmp   |      0|  0|    9|           3|           4|
    |lshr_ln66_12_fu_747_p2    |   lshr   |      0|  0|  101|           2|          32|
    |lshr_ln66_13_fu_889_p2    |   lshr   |      0|  0|  101|           2|          32|
    |lshr_ln66_fu_741_p2       |   lshr   |      0|  0|  101|          32|          32|
    |or_ln66_11_fu_660_p2      |    or    |      0|  0|    5|           5|           3|
    |or_ln66_fu_796_p2         |    or    |      0|  0|    8|           8|           8|
    |select_ln66_32_fu_711_p3  |  select  |      0|  0|   32|           1|          32|
    |select_ln66_33_fu_719_p3  |  select  |      0|  0|    6|           1|           6|
    |select_ln66_34_fu_817_p3  |  select  |      0|  0|    6|           1|           6|
    |select_ln66_35_fu_825_p3  |  select  |      0|  0|    6|           1|           6|
    |select_ln66_36_fu_833_p3  |  select  |      0|  0|    6|           1|           6|
    |select_ln66_37_fu_875_p3  |  select  |      0|  0|   32|           1|          32|
    |select_ln66_fu_703_p3     |  select  |      0|  0|    6|           1|           6|
    |shl_ln66_11_fu_784_p2     |    shl   |      0|  0|   19|           8|           8|
    |shl_ln66_21_fu_859_p2     |    shl   |      0|  0|  101|          32|          32|
    |shl_ln66_22_fu_883_p2     |    shl   |      0|  0|  101|           2|          32|
    |shl_ln66_23_fu_911_p2     |    shl   |      0|  0|   11|           1|           4|
    |shl_ln66_fu_772_p2        |    shl   |      0|  0|   19|           1|           8|
    |x_7_fu_440_p2             |    xor   |      0|  0|   32|          32|          32|
    |xor_ln66_23_fu_691_p2     |    xor   |      0|  0|    6|           6|           5|
    |xor_ln66_24_fu_811_p2     |    xor   |      0|  0|    6|           6|           5|
    |xor_ln66_25_fu_841_p2     |    xor   |      0|  0|    6|           6|           5|
    |xor_ln66_7_fu_778_p2      |    xor   |      0|  0|    8|           8|           2|
    |xor_ln66_fu_763_p2        |    xor   |      0|  0|    3|           3|           2|
    |xor_ln94_fu_514_p2        |    xor   |      0|  0|   24|          24|          24|
    |xor_ln95_4_fu_580_p2      |    xor   |      0|  0|   24|          24|          24|
    |xor_ln95_fu_558_p2        |    xor   |      0|  0|   24|          24|          24|
    |xor_ln98_5_fu_624_p2      |    xor   |      0|  0|    2|           1|           1|
    |xor_ln98_6_fu_630_p2      |    xor   |      0|  0|    2|           1|           1|
    |xor_ln98_7_fu_636_p2      |    xor   |      0|  0|    2|           1|           1|
    |xor_ln98_8_fu_642_p2      |    xor   |      0|  0|    2|           1|           1|
    |xor_ln98_fu_618_p2        |    xor   |      0|  0|    2|           1|           1|
    |y_7_fu_530_p2             |    xor   |      0|  0|   32|          32|          32|
    |y_8_fu_574_p2             |    xor   |      0|  0|   32|          32|          32|
    |y_9_fu_604_p2             |    xor   |      0|  0|   24|          24|          24|
    |y_fu_486_p2               |    xor   |      0|  0|   32|          32|          32|
    +--------------------------+----------+-------+---+-----+------------+------------+
    |Total                     |          |      0|  0| 1274|         580|         761|
    +--------------------------+----------+-------+---+-----+------------+------------+

    * Multiplexer: 
    +--------------------------+----+-----------+-----+-----------+
    |           Name           | LUT| Input Size| Bits| Total Bits|
    +--------------------------+----+-----------+-----+-----------+
    |ap_NS_fsm                 |  53|         12|    1|         12|
    |bitNumber_assign_reg_234  |   9|          2|    8|         16|
    |grp_fu_290_p0             |  15|          3|    5|         15|
    |grp_fu_290_p1             |  15|          3|    5|         15|
    |i_0_i_reg_268             |   9|          2|    3|          6|
    |j_0_reg_246               |   9|          2|    3|          6|
    |loop_0_reg_279            |   9|          2|    3|          6|
    |output_r_we0              |   9|          2|    4|          8|
    |prod_address0             |  21|          4|    6|         24|
    |temp_address0             |  21|          4|    6|         24|
    |temp_we0                  |   9|          2|    4|          8|
    |x_0_i_reg_258             |   9|          2|   32|         64|
    +--------------------------+----+-----------+-----+-----------+
    |Total                     | 188|         40|   80|        204|
    +--------------------------+----+-----------+-----+-----------+

    * Register: 
    +---------------------------+----+----+-----+-----------+
    |            Name           | FF | LUT| Bits| Const Bits|
    +---------------------------+----+----+-----+-----------+
    |add_ln134_reg_1069         |   3|   0|    3|          0|
    |ap_CS_fsm                  |  11|   0|   11|          0|
    |bitNumber_assign_reg_234   |   8|   0|    8|          0|
    |i_0_i_reg_268              |   3|   0|    3|          0|
    |i_19_reg_1018              |   3|   0|    3|          0|
    |i_reg_972                  |   8|   0|    8|          0|
    |j_0_reg_246                |   3|   0|    3|          0|
    |j_reg_990                  |   3|   0|    3|          0|
    |loop_0_reg_279             |   3|   0|    3|          0|
    |loop_reg_1059              |   3|   0|    3|          0|
    |or_ln66_11_reg_1045        |   2|   0|    5|          3|
    |or_ln66_reg_1051           |   8|   0|    8|          0|
    |shl_ln_reg_977             |   7|   0|    9|          2|
    |start_pos_reg_1039         |   2|   0|    5|          3|
    |temp_addr_5_reg_1029       |   3|   0|    6|          3|
    |tmp_61_reg_1023            |   2|   0|    2|          0|
    |trunc_ln124_reg_964        |   3|   0|    3|          0|
    |trunc_ln134_reg_982        |   3|   0|    3|          0|
    |x_0_i_reg_258              |  32|   0|   32|          0|
    |zext_ln127_5_cast_reg_954  |   8|   0|   11|          3|
    +---------------------------+----+----+-----+-----------+
    |Total                      | 118|   0|  132|         14|
    +---------------------------+----+----+-----+-----------+



================================================================
== Interface
================================================================
* Summary: 
+-------------------+-----+-----+------------+---------------+--------------+
|     RTL Ports     | Dir | Bits|  Protocol  | Source Object |    C Type    |
+-------------------+-----+-----+------------+---------------+--------------+
|ap_clk             |  in |    1| ap_ctrl_hs |   matrix_mul  | return value |
|ap_rst             |  in |    1| ap_ctrl_hs |   matrix_mul  | return value |
|ap_start           |  in |    1| ap_ctrl_hs |   matrix_mul  | return value |
|ap_done            | out |    1| ap_ctrl_hs |   matrix_mul  | return value |
|ap_idle            | out |    1| ap_ctrl_hs |   matrix_mul  | return value |
|ap_ready           | out |    1| ap_ctrl_hs |   matrix_mul  | return value |
|output_r_address0  | out |    5|  ap_memory |    output_r   |     array    |
|output_r_ce0       | out |    1|  ap_memory |    output_r   |     array    |
|output_r_we0       | out |    4|  ap_memory |    output_r   |     array    |
|output_r_d0        | out |   32|  ap_memory |    output_r   |     array    |
|output_offset      |  in |    5|   ap_none  | output_offset |    scalar    |
|state_address0     | out |   10|  ap_memory |     state     |     array    |
|state_ce0          | out |    1|  ap_memory |     state     |     array    |
|state_q0           |  in |   32|  ap_memory |     state     |     array    |
|state_offset       |  in |    8|   ap_none  |  state_offset |    scalar    |
|matrix_offset      |  in |   14|   ap_none  | matrix_offset |    scalar    |
+-------------------+-----+-----+------------+---------------+--------------+

