

================================================================
== Vivado HLS Report for 'pi'
================================================================
* Date:           Fri May  8 13:16:18 2020

* Version:        2019.2 (Build 2704478 on Wed Nov 06 22:10:23 MST 2019)
* Project:        picnic1
* Solution:       sing_open
* Product family: artix7
* Target device:  xc7a200t-fbg676-2


================================================================
== Performance Estimates
================================================================
+ Timing: 
    * Summary: 
    +--------+----------+----------+------------+
    |  Clock |  Target  | Estimated| Uncertainty|
    +--------+----------+----------+------------+
    |ap_clk  | 10.00 ns | 8.579 ns |   1.25 ns  |
    +--------+----------+----------+------------+

+ Latency: 
    * Summary: 
    +---------+---------+----------+----------+-----+-----+---------+
    |  Latency (cycles) |  Latency (absolute) |  Interval | Pipeline|
    |   min   |   max   |    min   |    max   | min | max |   Type  |
    +---------+---------+----------+----------+-----+-----+---------+
    |      372|      372| 3.720 us | 3.720 us |  372|  372|   none  |
    +---------+---------+----------+----------+-----+-----+---------+

    + Detail: 
        * Instance: 
        N/A

        * Loop: 
        +---------------+---------+---------+----------+-----------+-----------+------+----------+
        |               |  Latency (cycles) | Iteration|  Initiation Interval  | Trip |          |
        |   Loop Name   |   min   |   max   |  Latency |  achieved |   target  | Count| Pipelined|
        +---------------+---------+---------+----------+-----------+-----------+------+----------+
        |- Loop 1       |       60|       60|        12|          -|          -|     5|    no    |
        | + pi_label17  |       10|       10|         2|          -|          -|     5|    no    |
        |- Loop 2       |      310|      310|        62|          -|          -|     5|    no    |
        | + pi_label18  |       60|       60|        12|          -|          -|     5|    no    |
        +---------------+---------+---------+----------+-----------+-----------+------+----------+



================================================================
== Utilization Estimates
================================================================
* Summary: 
+-----------------+---------+-------+--------+--------+-----+
|       Name      | BRAM_18K| DSP48E|   FF   |   LUT  | URAM|
+-----------------+---------+-------+--------+--------+-----+
|DSP              |        -|      -|       -|       -|    -|
|Expression       |        -|      -|       0|     198|    -|
|FIFO             |        -|      -|       -|       -|    -|
|Instance         |        -|      -|     106|      44|    -|
|Memory           |        2|      -|       0|       0|    0|
|Multiplexer      |        -|      -|       -|     155|    -|
|Register         |        -|      -|      63|       -|    -|
+-----------------+---------+-------+--------+--------+-----+
|Total            |        2|      0|     169|     397|    0|
+-----------------+---------+-------+--------+--------+-----+
|Available        |      730|    740|  269200|  134600|    0|
+-----------------+---------+-------+--------+--------+-----+
|Utilization (%)  |    ~0   |      0|   ~0   |   ~0   |    0|
+-----------------+---------+-------+--------+--------+-----+

+ Detail: 
    * Instance: 
    +--------------------------+----------------------+---------+-------+-----+----+-----+
    |         Instance         |        Module        | BRAM_18K| DSP48E|  FF | LUT| URAM|
    +--------------------------+----------------------+---------+-------+-----+----+-----+
    |crypto_sign_open_bkb_U16  |crypto_sign_open_bkb  |        0|      0|  106|  44|    0|
    +--------------------------+----------------------+---------+-------+-----+----+-----+
    |Total                     |                      |        0|      0|  106|  44|    0|
    +--------------------------+----------------------+---------+-------+-----+----+-----+

    * DSP48E: 
    N/A

    * Memory: 
    +---------+----------+---------+---+----+-----+------+-----+------+-------------+
    |  Memory |  Module  | BRAM_18K| FF| LUT| URAM| Words| Bits| Banks| W*Bits*Banks|
    +---------+----------+---------+---+----+-----+------+-----+------+-------------+
    |tempA_U  |pi_tempA  |        2|  0|   0|    0|    25|   64|     1|         1600|
    +---------+----------+---------+---+----+-----+------+-----+------+-------------+
    |Total    |          |        2|  0|   0|    0|    25|   64|     1|         1600|
    +---------+----------+---------+---+----+-----+------+-----+------+-------------+

    * FIFO: 
    N/A

    * Expression: 
    +------------------------+----------+-------+---+----+------------+------------+
    |      Variable Name     | Operation| DSP48E| FF| LUT| Bitwidth P0| Bitwidth P1|
    +------------------------+----------+-------+---+----+------------+------------+
    |add_ln362_1_fu_170_p2   |     +    |      0|  0|  13|           4|           4|
    |add_ln362_fu_179_p2     |     +    |      0|  0|  15|           5|           5|
    |add_ln364_2_fu_315_p2   |     +    |      0|  0|  15|           5|           5|
    |add_ln364_3_fu_246_p2   |     +    |      0|  0|  13|           4|           4|
    |add_ln364_4_fu_306_p2   |     +    |      0|  0|  13|           4|           4|
    |add_ln364_fu_255_p2     |     +    |      0|  0|  15|           5|           5|
    |grp_fu_280_p0           |     +    |      0|  0|  15|           8|           8|
    |x_5_fu_196_p2           |     +    |      0|  0|  12|           3|           1|
    |x_fu_136_p2             |     +    |      0|  0|  12|           3|           1|
    |y_3_fu_228_p2           |     +    |      0|  0|  12|           3|           1|
    |y_fu_152_p2             |     +    |      0|  0|  12|           3|           1|
    |sub_ln364_fu_265_p2     |     -    |      0|  0|  15|           6|           6|
    |icmp_ln361_1_fu_146_p2  |   icmp   |      0|  0|   9|           3|           3|
    |icmp_ln361_fu_130_p2    |   icmp   |      0|  0|   9|           3|           3|
    |icmp_ln363_1_fu_222_p2  |   icmp   |      0|  0|   9|           3|           3|
    |icmp_ln363_fu_190_p2    |   icmp   |      0|  0|   9|           3|           3|
    +------------------------+----------+-------+---+----+------------+------------+
    |Total                   |          |      0|  0| 198|          65|          57|
    +------------------------+----------+-------+---+----+------------+------------+

    * Multiplexer: 
    +----------------+----+-----------+-----+-----------+
    |      Name      | LUT| Input Size| Bits| Total Bits|
    +----------------+----+-----------+-----+-----------+
    |A_address0      |  15|          3|    5|         15|
    |ap_NS_fsm       |  89|         18|    1|         18|
    |tempA_address0  |  15|          3|    5|         15|
    |x_0_reg_86      |   9|          2|    3|          6|
    |x_1_reg_108     |   9|          2|    3|          6|
    |y_0_reg_97      |   9|          2|    3|          6|
    |y_1_reg_119     |   9|          2|    3|          6|
    +----------------+----+-----------+-----+-----------+
    |Total           | 155|         32|   23|         72|
    +----------------+----+-----------+-----+-----------+

    * Register: 
    +----------------------+----+----+-----+-----------+
    |         Name         | FF | LUT| Bits| Const Bits|
    +----------------------+----+----+-----+-----------+
    |add_ln364_reg_388     |   5|   0|    5|          0|
    |ap_CS_fsm             |  17|   0|   17|          0|
    |x_0_reg_86            |   3|   0|    3|          0|
    |x_1_reg_108           |   3|   0|    3|          0|
    |x_5_reg_360           |   3|   0|    3|          0|
    |x_reg_329             |   3|   0|    3|          0|
    |y_0_reg_97            |   3|   0|    3|          0|
    |y_1_reg_119           |   3|   0|    3|          0|
    |y_3_reg_378           |   3|   0|    3|          0|
    |y_reg_342             |   3|   0|    3|          0|
    |zext_ln362_1_reg_334  |   3|   0|    4|          1|
    |zext_ln362_reg_347    |   5|   0|   64|         59|
    |zext_ln364_2_reg_365  |   3|   0|    4|          1|
    |zext_ln364_3_reg_370  |   3|   0|    8|          5|
    |zext_ln364_4_reg_383  |   3|   0|    4|          1|
    +----------------------+----+----+-----+-----------+
    |Total                 |  63|   0|  130|         67|
    +----------------------+----+----+-----+-----------+



================================================================
== Interface
================================================================
* Summary: 
+------------+-----+-----+------------+--------------+--------------+
|  RTL Ports | Dir | Bits|  Protocol  | Source Object|    C Type    |
+------------+-----+-----+------------+--------------+--------------+
|ap_clk      |  in |    1| ap_ctrl_hs |      pi      | return value |
|ap_rst      |  in |    1| ap_ctrl_hs |      pi      | return value |
|ap_start    |  in |    1| ap_ctrl_hs |      pi      | return value |
|ap_done     | out |    1| ap_ctrl_hs |      pi      | return value |
|ap_idle     | out |    1| ap_ctrl_hs |      pi      | return value |
|ap_ready    | out |    1| ap_ctrl_hs |      pi      | return value |
|A_address0  | out |    5|  ap_memory |       A      |     array    |
|A_ce0       | out |    1|  ap_memory |       A      |     array    |
|A_we0       | out |    1|  ap_memory |       A      |     array    |
|A_d0        | out |   64|  ap_memory |       A      |     array    |
|A_q0        |  in |   64|  ap_memory |       A      |     array    |
+------------+-----+-----+------------+--------------+--------------+

