#-----------------------------------------------------------
# xsim v2019.2 (64-bit)
# SW Build 2708876 on Wed Nov  6 21:40:23 MST 2019
# IP Build 2700528 on Thu Nov  7 00:09:20 MST 2019
# Start of session at: Thu May  7 18:51:03 2020
# Process ID: 10516
# Current directory: C:/Users/Sanil/Downloads/Project/Original/picnic1/sing_open/sim/verilog
# Command line: xsim.exe -mode tcl -source {xsim.dir/crypto_sign_open/xsim_script.tcl}
# Log file: C:/Users/Sanil/Downloads/Project/Original/picnic1/sing_open/sim/verilog/xsim.log
# Journal file: C:/Users/Sanil/Downloads/Project/Original/picnic1/sing_open/sim/verilog\xsim.jou
#-----------------------------------------------------------
source xsim.dir/crypto_sign_open/xsim_script.tcl
# xsim {crypto_sign_open} -autoloadwcfg -tclbatch {crypto_sign_open.tcl}
Vivado Simulator 2019.2
Time resolution is 1 ps
source crypto_sign_open.tcl
## run all
////////////////////////////////////////////////////////////////////////////////////
// Inter-Transaction Progress: Completed Transaction / Total Transaction
// Intra-Transaction Progress: Measured Latency / Latency Estimation * 100%
//
// RTL Simulation : "Inter-Transaction Progress" ["Intra-Transaction Progress"] @ "Simulation Time"
////////////////////////////////////////////////////////////////////////////////////
// RTL Simulation : 0 / 1 [n/a] @ "125000"
// RTL Simulation : 0 / 1 [n/a] @ "100000145000"
// RTL Simulation : 0 / 1 [n/a] @ "200000155000"
// RTL Simulation : 0 / 1 [n/a] @ "300000165000"
// RTL Simulation : 0 / 1 [n/a] @ "400000175000"
// RTL Simulation : 0 / 1 [n/a] @ "500000185000"
// RTL Simulation : 0 / 1 [n/a] @ "600000195000"
// RTL Simulation : 0 / 1 [n/a] @ "700000205000"
// RTL Simulation : 0 / 1 [n/a] @ "800000215000"
// RTL Simulation : 0 / 1 [n/a] @ "900000225000"
// RTL Simulation : 1 / 1 [n/a] @ "922734235000"
////////////////////////////////////////////////////////////////////////////////////
$finish called at time : 922734275 ns : File "C:/Users/Sanil/Downloads/Project/Original/picnic1/sing_open/sim/verilog/crypto_sign_open.autotb.v" Line 536
run: Time (s): cpu = 00:00:01 ; elapsed = 14:02:50 . Memory (MB): peak = 240.426 ; gain = 4.410
## quit
INFO: [Common 17-206] Exiting xsim at Fri May  8 08:54:16 2020...
