

================================================================
== Vivado HLS Report for 'chi'
================================================================
* Date:           Fri May  8 13:15:15 2020

* Version:        2019.2 (Build 2704478 on Wed Nov 06 22:10:23 MST 2019)
* Project:        picnic1
* Solution:       sing_open
* Product family: artix7
* Target device:  xc7a200t-fbg676-2


================================================================
== Performance Estimates
================================================================
+ Timing: 
    * Summary: 
    +--------+----------+----------+------------+
    |  Clock |  Target  | Estimated| Uncertainty|
    +--------+----------+----------+------------+
    |ap_clk  | 10.00 ns | 6.668 ns |   1.25 ns  |
    +--------+----------+----------+------------+

+ Latency: 
    * Summary: 
    +---------+---------+----------+----------+-----+-----+---------+
    |  Latency (cycles) |  Latency (absolute) |  Interval | Pipeline|
    |   min   |   max   |    min   |    max   | min | max |   Type  |
    +---------+---------+----------+----------+-----+-----+---------+
    |      141|      141| 1.410 us | 1.410 us |  141|  141|   none  |
    +---------+---------+----------+----------+-----+-----+---------+

    + Detail: 
        * Instance: 
        N/A

        * Loop: 
        +------------------+---------+---------+----------+-----------+-----------+------+----------+
        |                  |  Latency (cycles) | Iteration|  Initiation Interval  | Trip |          |
        |     Loop Name    |   min   |   max   |  Latency |  achieved |   target  | Count| Pipelined|
        +------------------+---------+---------+----------+-----------+-----------+------+----------+
        |- chi_label19     |      140|      140|        28|          -|          -|     5|    no    |
        | + chi_label19.1  |       15|       15|         3|          -|          -|     5|    no    |
        | + chi_label19.2  |       10|       10|         2|          -|          -|     5|    no    |
        +------------------+---------+---------+----------+-----------+-----------+------+----------+

============================================================
+ Verbose Summary: Synthesis Manager
============================================================
InlineROM: 1
ExposeGlobal: 1
============================================================
+ Verbose Summary: CDFG Model
============================================================
IsTopModel: 0
ResetActiveHigh: 1
IsCombinational: 0
IsDatapathOnly: 0
HasWiredReturn: 1
HasMFsm: 0
HasVarLatency: 1
IsPipeline: 0
IsRtlPipelined: 0
IsInstanceOverlapped: 0
IsDontTouch: 0
HasImplIP: 0
IsGatedGlobalClock: 0


============================================================
+ Verbose Summary: Schedule
============================================================
* Number of FSM states : 7
* Pipeline : 0
* Dataflow Pipeline: 0

* FSM state transitions: 
1 --> 2 
2 --> 3 
3 --> 4 6 
4 --> 5 
5 --> 3 
6 --> 7 2 
7 --> 6 

* FSM state operations: 

State 1 <SV = 0> <Delay = 1.75>
ST_1 : Operation 8 [1/1] (1.75ns)   --->   "%C = alloca [5 x i64], align 16" [sha3/KeccakP-1600-reference.c:370]   --->   Operation 8 'alloca' 'C' <Predicate = true> <Delay = 1.75> <Core = "RAM">   --->   Core 37 'RAM' <Latency = 1> <II = 1> <Delay = 1.75> <Storage> <Opcode : 'load' 'store'> <Ports = 2> <Width = 64> <Depth = 5> <RAM>
ST_1 : Operation 9 [1/1] (1.35ns)   --->   "br label %1" [sha3/KeccakP-1600-reference.c:372]   --->   Operation 9 'br' <Predicate = true> <Delay = 1.35>

State 2 <SV = 1> <Delay = 1.54>
ST_2 : Operation 10 [1/1] (0.00ns)   --->   "%y_0 = phi i3 [ 0, %0 ], [ %y, %chi_label19_end ]"   --->   Operation 10 'phi' 'y_0' <Predicate = true> <Delay = 0.00>
ST_2 : Operation 11 [1/1] (1.00ns)   --->   "%icmp_ln372 = icmp eq i3 %y_0, -3" [sha3/KeccakP-1600-reference.c:372]   --->   Operation 11 'icmp' 'icmp_ln372' <Predicate = true> <Delay = 1.00> <Core = "Cmp">   --->   Core 25 'Cmp' <Latency = 0> <II = 1> <Delay = 1.00> <FuncUnit> <Opcode : 'icmp'> <InPorts = 2> <OutPorts = 1>
ST_2 : Operation 12 [1/1] (0.00ns)   --->   "%empty = call i32 (...)* @_ssdm_op_SpecLoopTripCount(i64 5, i64 5, i64 5)"   --->   Operation 12 'speclooptripcount' 'empty' <Predicate = true> <Delay = 0.00>
ST_2 : Operation 13 [1/1] (1.34ns)   --->   "%y = add i3 %y_0, 1" [sha3/KeccakP-1600-reference.c:372]   --->   Operation 13 'add' 'y' <Predicate = true> <Delay = 1.34> <Core = "AddSub">   --->   Core 14 'AddSub' <Latency = 0> <II = 1> <Delay = 1.54> <FuncUnit> <Opcode : 'add' 'sub'> <InPorts = 2> <OutPorts = 1>
ST_2 : Operation 14 [1/1] (0.00ns)   --->   "br i1 %icmp_ln372, label %5, label %chi_label19_begin" [sha3/KeccakP-1600-reference.c:372]   --->   Operation 14 'br' <Predicate = true> <Delay = 0.00>
ST_2 : Operation 15 [1/1] (0.00ns)   --->   "call void (...)* @_ssdm_op_SpecLoopName([12 x i8]* @p_str11143) nounwind" [sha3/KeccakP-1600-reference.c:372]   --->   Operation 15 'specloopname' <Predicate = (!icmp_ln372)> <Delay = 0.00>
ST_2 : Operation 16 [1/1] (0.00ns)   --->   "%tmp = call i32 (...)* @_ssdm_op_SpecRegionBegin([12 x i8]* @p_str11143)" [sha3/KeccakP-1600-reference.c:372]   --->   Operation 16 'specregionbegin' 'tmp' <Predicate = (!icmp_ln372)> <Delay = 0.00>
ST_2 : Operation 17 [1/1] (0.00ns)   --->   "%zext_ln374_4 = zext i3 %y_0 to i5" [sha3/KeccakP-1600-reference.c:374]   --->   Operation 17 'zext' 'zext_ln374_4' <Predicate = (!icmp_ln372)> <Delay = 0.00>
ST_2 : Operation 18 [1/1] (0.00ns)   --->   "%shl_ln = call i5 @_ssdm_op_BitConcatenate.i5.i3.i2(i3 %y_0, i2 0)" [sha3/KeccakP-1600-reference.c:374]   --->   Operation 18 'bitconcatenate' 'shl_ln' <Predicate = (!icmp_ln372)> <Delay = 0.00>
ST_2 : Operation 19 [1/1] (1.54ns)   --->   "%add_ln374_1 = add i5 %zext_ln374_4, %shl_ln" [sha3/KeccakP-1600-reference.c:374]   --->   Operation 19 'add' 'add_ln374_1' <Predicate = (!icmp_ln372)> <Delay = 1.54> <Core = "AddSub">   --->   Core 14 'AddSub' <Latency = 0> <II = 1> <Delay = 1.54> <FuncUnit> <Opcode : 'add' 'sub'> <InPorts = 2> <OutPorts = 1>
ST_2 : Operation 20 [1/1] (1.35ns)   --->   "br label %2" [sha3/KeccakP-1600-reference.c:373]   --->   Operation 20 'br' <Predicate = (!icmp_ln372)> <Delay = 1.35>
ST_2 : Operation 21 [1/1] (0.00ns)   --->   "ret void" [sha3/KeccakP-1600-reference.c:378]   --->   Operation 21 'ret' <Predicate = (icmp_ln372)> <Delay = 0.00>

State 3 <SV = 2> <Delay = 4.32>
ST_3 : Operation 22 [1/1] (0.00ns)   --->   "%x_0 = phi i3 [ 0, %chi_label19_begin ], [ %x, %3 ]"   --->   Operation 22 'phi' 'x_0' <Predicate = true> <Delay = 0.00>
ST_3 : Operation 23 [1/1] (1.00ns)   --->   "%icmp_ln373 = icmp eq i3 %x_0, -3" [sha3/KeccakP-1600-reference.c:373]   --->   Operation 23 'icmp' 'icmp_ln373' <Predicate = true> <Delay = 1.00> <Core = "Cmp">   --->   Core 25 'Cmp' <Latency = 0> <II = 1> <Delay = 1.00> <FuncUnit> <Opcode : 'icmp'> <InPorts = 2> <OutPorts = 1>
ST_3 : Operation 24 [1/1] (0.00ns)   --->   "%empty_202 = call i32 (...)* @_ssdm_op_SpecLoopTripCount(i64 5, i64 5, i64 5)"   --->   Operation 24 'speclooptripcount' 'empty_202' <Predicate = true> <Delay = 0.00>
ST_3 : Operation 25 [1/1] (1.34ns)   --->   "%x = add i3 %x_0, 1" [sha3/KeccakP-1600-reference.c:374]   --->   Operation 25 'add' 'x' <Predicate = true> <Delay = 1.34> <Core = "AddSub">   --->   Core 14 'AddSub' <Latency = 0> <II = 1> <Delay = 1.54> <FuncUnit> <Opcode : 'add' 'sub'> <InPorts = 2> <OutPorts = 1>
ST_3 : Operation 26 [1/1] (0.00ns)   --->   "br i1 %icmp_ln373, label %.preheader.preheader, label %3" [sha3/KeccakP-1600-reference.c:373]   --->   Operation 26 'br' <Predicate = true> <Delay = 0.00>
ST_3 : Operation 27 [1/1] (0.00ns)   --->   "%zext_ln374_5 = zext i3 %x_0 to i5" [sha3/KeccakP-1600-reference.c:374]   --->   Operation 27 'zext' 'zext_ln374_5' <Predicate = (!icmp_ln373)> <Delay = 0.00>
ST_3 : Operation 28 [1/1] (1.54ns)   --->   "%add_ln374 = add i5 %add_ln374_1, %zext_ln374_5" [sha3/KeccakP-1600-reference.c:374]   --->   Operation 28 'add' 'add_ln374' <Predicate = (!icmp_ln373)> <Delay = 1.54> <Core = "AddSub">   --->   Core 14 'AddSub' <Latency = 0> <II = 1> <Delay = 1.54> <FuncUnit> <Opcode : 'add' 'sub'> <InPorts = 2> <OutPorts = 1>
ST_3 : Operation 29 [1/1] (0.00ns)   --->   "%zext_ln374 = zext i5 %add_ln374 to i64" [sha3/KeccakP-1600-reference.c:374]   --->   Operation 29 'zext' 'zext_ln374' <Predicate = (!icmp_ln373)> <Delay = 0.00>
ST_3 : Operation 30 [1/1] (0.00ns)   --->   "%A_addr = getelementptr [25 x i64]* %A, i64 0, i64 %zext_ln374" [sha3/KeccakP-1600-reference.c:374]   --->   Operation 30 'getelementptr' 'A_addr' <Predicate = (!icmp_ln373)> <Delay = 0.00>
ST_3 : Operation 31 [2/2] (2.77ns)   --->   "%A_load = load i64* %A_addr, align 8" [sha3/KeccakP-1600-reference.c:374]   --->   Operation 31 'load' 'A_load' <Predicate = (!icmp_ln373)> <Delay = 2.77> <Core = "RAM">   --->   Core 37 'RAM' <Latency = 1> <II = 1> <Delay = 1.75> <Storage> <Opcode : 'load' 'store'> <Ports = 2> <Width = 64> <Depth = 5> <RAM>
ST_3 : Operation 32 [1/1] (1.35ns)   --->   "br label %.preheader" [sha3/KeccakP-1600-reference.c:375]   --->   Operation 32 'br' <Predicate = (icmp_ln373)> <Delay = 1.35>

State 4 <SV = 3> <Delay = 6.66>
ST_4 : Operation 33 [1/2] (2.77ns)   --->   "%A_load = load i64* %A_addr, align 8" [sha3/KeccakP-1600-reference.c:374]   --->   Operation 33 'load' 'A_load' <Predicate = true> <Delay = 2.77> <Core = "RAM">   --->   Core 37 'RAM' <Latency = 1> <II = 1> <Delay = 1.75> <Storage> <Opcode : 'load' 'store'> <Ports = 2> <Width = 64> <Depth = 5> <RAM>
ST_4 : Operation 34 [1/1] (1.00ns)   --->   "%icmp_ln374 = icmp ult i3 %x, -3" [sha3/KeccakP-1600-reference.c:374]   --->   Operation 34 'icmp' 'icmp_ln374' <Predicate = true> <Delay = 1.00> <Core = "Cmp">   --->   Core 25 'Cmp' <Latency = 0> <II = 1> <Delay = 1.00> <FuncUnit> <Opcode : 'icmp'> <InPorts = 2> <OutPorts = 1>
ST_4 : Operation 35 [1/1] (0.00ns) (grouped into LUT with out node add_ln374_2)   --->   "%xor_ln374_2 = xor i3 %x_0, -4" [sha3/KeccakP-1600-reference.c:374]   --->   Operation 35 'xor' 'xor_ln374_2' <Predicate = true> <Delay = 0.00> <Core = "LogicGate">   --->   Core 27 'LogicGate' <Latency = 0> <II = 1> <Delay = 0.80> <FuncUnit> <Opcode : 'and' 'or' 'xor'> <InPorts = 2> <OutPorts = 1>
ST_4 : Operation 36 [1/1] (0.00ns) (grouped into LUT with out node add_ln374_2)   --->   "%select_ln374 = select i1 %icmp_ln374, i3 %x, i3 %xor_ln374_2" [sha3/KeccakP-1600-reference.c:374]   --->   Operation 36 'select' 'select_ln374' <Predicate = true> <Delay = 0.00> <Core = "Sel">   --->   Core 26 'Sel' <Latency = 0> <II = 1> <Delay = 0.79> <FuncUnit> <Opcode : 'select'> <InPorts = 3> <OutPorts = 1>
ST_4 : Operation 37 [1/1] (0.00ns) (grouped into LUT with out node add_ln374_2)   --->   "%zext_ln374_6 = zext i3 %select_ln374 to i5" [sha3/KeccakP-1600-reference.c:374]   --->   Operation 37 'zext' 'zext_ln374_6' <Predicate = true> <Delay = 0.00>
ST_4 : Operation 38 [1/1] (1.54ns) (out node of the LUT)   --->   "%add_ln374_2 = add i5 %add_ln374_1, %zext_ln374_6" [sha3/KeccakP-1600-reference.c:374]   --->   Operation 38 'add' 'add_ln374_2' <Predicate = true> <Delay = 1.54> <Core = "AddSub">   --->   Core 14 'AddSub' <Latency = 0> <II = 1> <Delay = 1.54> <FuncUnit> <Opcode : 'add' 'sub'> <InPorts = 2> <OutPorts = 1>
ST_4 : Operation 39 [1/1] (0.00ns)   --->   "%zext_ln374_1 = zext i5 %add_ln374_2 to i64" [sha3/KeccakP-1600-reference.c:374]   --->   Operation 39 'zext' 'zext_ln374_1' <Predicate = true> <Delay = 0.00>
ST_4 : Operation 40 [1/1] (0.00ns)   --->   "%A_addr_3 = getelementptr [25 x i64]* %A, i64 0, i64 %zext_ln374_1" [sha3/KeccakP-1600-reference.c:374]   --->   Operation 40 'getelementptr' 'A_addr_3' <Predicate = true> <Delay = 0.00>
ST_4 : Operation 41 [2/2] (2.77ns)   --->   "%A_load_2 = load i64* %A_addr_3, align 8" [sha3/KeccakP-1600-reference.c:374]   --->   Operation 41 'load' 'A_load_2' <Predicate = true> <Delay = 2.77> <Core = "RAM">   --->   Core 37 'RAM' <Latency = 1> <II = 1> <Delay = 1.75> <Storage> <Opcode : 'load' 'store'> <Ports = 2> <Width = 64> <Depth = 5> <RAM>
ST_4 : Operation 42 [1/1] (1.34ns)   --->   "%add_ln374_3 = add i3 %x_0, 2" [sha3/KeccakP-1600-reference.c:374]   --->   Operation 42 'add' 'add_ln374_3' <Predicate = true> <Delay = 1.34> <Core = "AddSub">   --->   Core 14 'AddSub' <Latency = 0> <II = 1> <Delay = 1.54> <FuncUnit> <Opcode : 'add' 'sub'> <InPorts = 2> <OutPorts = 1>
ST_4 : Operation 43 [1/1] (1.00ns)   --->   "%icmp_ln374_1 = icmp ult i3 %add_ln374_3, -3" [sha3/KeccakP-1600-reference.c:374]   --->   Operation 43 'icmp' 'icmp_ln374_1' <Predicate = true> <Delay = 1.00> <Core = "Cmp">   --->   Core 25 'Cmp' <Latency = 0> <II = 1> <Delay = 1.00> <FuncUnit> <Opcode : 'icmp'> <InPorts = 2> <OutPorts = 1>
ST_4 : Operation 44 [1/1] (1.34ns)   --->   "%add_ln374_6 = add i3 %x_0, -3" [sha3/KeccakP-1600-reference.c:374]   --->   Operation 44 'add' 'add_ln374_6' <Predicate = true> <Delay = 1.34> <Core = "AddSub">   --->   Core 14 'AddSub' <Latency = 0> <II = 1> <Delay = 1.54> <FuncUnit> <Opcode : 'add' 'sub'> <InPorts = 2> <OutPorts = 1>
ST_4 : Operation 45 [1/1] (0.00ns) (grouped into LUT with out node add_ln374_4)   --->   "%select_ln374_1 = select i1 %icmp_ln374_1, i3 %add_ln374_3, i3 %add_ln374_6" [sha3/KeccakP-1600-reference.c:374]   --->   Operation 45 'select' 'select_ln374_1' <Predicate = true> <Delay = 0.00> <Core = "Sel">   --->   Core 26 'Sel' <Latency = 0> <II = 1> <Delay = 0.79> <FuncUnit> <Opcode : 'select'> <InPorts = 3> <OutPorts = 1>
ST_4 : Operation 46 [1/1] (0.00ns) (grouped into LUT with out node add_ln374_4)   --->   "%zext_ln374_7 = zext i3 %select_ln374_1 to i5" [sha3/KeccakP-1600-reference.c:374]   --->   Operation 46 'zext' 'zext_ln374_7' <Predicate = true> <Delay = 0.00>
ST_4 : Operation 47 [1/1] (1.54ns) (out node of the LUT)   --->   "%add_ln374_4 = add i5 %add_ln374_1, %zext_ln374_7" [sha3/KeccakP-1600-reference.c:374]   --->   Operation 47 'add' 'add_ln374_4' <Predicate = true> <Delay = 1.54> <Core = "AddSub">   --->   Core 14 'AddSub' <Latency = 0> <II = 1> <Delay = 1.54> <FuncUnit> <Opcode : 'add' 'sub'> <InPorts = 2> <OutPorts = 1>
ST_4 : Operation 48 [1/1] (0.00ns)   --->   "%zext_ln374_2 = zext i5 %add_ln374_4 to i64" [sha3/KeccakP-1600-reference.c:374]   --->   Operation 48 'zext' 'zext_ln374_2' <Predicate = true> <Delay = 0.00>
ST_4 : Operation 49 [1/1] (0.00ns)   --->   "%A_addr_4 = getelementptr [25 x i64]* %A, i64 0, i64 %zext_ln374_2" [sha3/KeccakP-1600-reference.c:374]   --->   Operation 49 'getelementptr' 'A_addr_4' <Predicate = true> <Delay = 0.00>
ST_4 : Operation 50 [2/2] (2.77ns)   --->   "%A_load_3 = load i64* %A_addr_4, align 8" [sha3/KeccakP-1600-reference.c:374]   --->   Operation 50 'load' 'A_load_3' <Predicate = true> <Delay = 2.77> <Core = "RAM">   --->   Core 37 'RAM' <Latency = 1> <II = 1> <Delay = 1.75> <Storage> <Opcode : 'load' 'store'> <Ports = 2> <Width = 64> <Depth = 5> <RAM>

State 5 <SV = 4> <Delay = 5.33>
ST_5 : Operation 51 [1/2] (2.77ns)   --->   "%A_load_2 = load i64* %A_addr_3, align 8" [sha3/KeccakP-1600-reference.c:374]   --->   Operation 51 'load' 'A_load_2' <Predicate = true> <Delay = 2.77> <Core = "RAM">   --->   Core 37 'RAM' <Latency = 1> <II = 1> <Delay = 1.75> <Storage> <Opcode : 'load' 'store'> <Ports = 2> <Width = 64> <Depth = 5> <RAM>
ST_5 : Operation 52 [1/1] (0.00ns) (grouped into LUT with out node xor_ln374_1)   --->   "%xor_ln374 = xor i64 %A_load_2, -1" [sha3/KeccakP-1600-reference.c:374]   --->   Operation 52 'xor' 'xor_ln374' <Predicate = true> <Delay = 0.00> <Core = "LogicGate">   --->   Core 27 'LogicGate' <Latency = 0> <II = 1> <Delay = 0.80> <FuncUnit> <Opcode : 'and' 'or' 'xor'> <InPorts = 2> <OutPorts = 1>
ST_5 : Operation 53 [1/2] (2.77ns)   --->   "%A_load_3 = load i64* %A_addr_4, align 8" [sha3/KeccakP-1600-reference.c:374]   --->   Operation 53 'load' 'A_load_3' <Predicate = true> <Delay = 2.77> <Core = "RAM">   --->   Core 37 'RAM' <Latency = 1> <II = 1> <Delay = 1.75> <Storage> <Opcode : 'load' 'store'> <Ports = 2> <Width = 64> <Depth = 5> <RAM>
ST_5 : Operation 54 [1/1] (0.00ns) (grouped into LUT with out node xor_ln374_1)   --->   "%and_ln374 = and i64 %A_load_3, %xor_ln374" [sha3/KeccakP-1600-reference.c:374]   --->   Operation 54 'and' 'and_ln374' <Predicate = true> <Delay = 0.00> <Core = "LogicGate">   --->   Core 27 'LogicGate' <Latency = 0> <II = 1> <Delay = 0.80> <FuncUnit> <Opcode : 'and' 'or' 'xor'> <InPorts = 2> <OutPorts = 1>
ST_5 : Operation 55 [1/1] (0.80ns) (out node of the LUT)   --->   "%xor_ln374_1 = xor i64 %A_load, %and_ln374" [sha3/KeccakP-1600-reference.c:374]   --->   Operation 55 'xor' 'xor_ln374_1' <Predicate = true> <Delay = 0.80> <Core = "LogicGate">   --->   Core 27 'LogicGate' <Latency = 0> <II = 1> <Delay = 0.80> <FuncUnit> <Opcode : 'and' 'or' 'xor'> <InPorts = 2> <OutPorts = 1>
ST_5 : Operation 56 [1/1] (0.00ns)   --->   "%zext_ln374_3 = zext i3 %x_0 to i64" [sha3/KeccakP-1600-reference.c:374]   --->   Operation 56 'zext' 'zext_ln374_3' <Predicate = true> <Delay = 0.00>
ST_5 : Operation 57 [1/1] (0.00ns)   --->   "%C_addr = getelementptr inbounds [5 x i64]* %C, i64 0, i64 %zext_ln374_3" [sha3/KeccakP-1600-reference.c:374]   --->   Operation 57 'getelementptr' 'C_addr' <Predicate = true> <Delay = 0.00>
ST_5 : Operation 58 [1/1] (1.75ns)   --->   "store i64 %xor_ln374_1, i64* %C_addr, align 8" [sha3/KeccakP-1600-reference.c:374]   --->   Operation 58 'store' <Predicate = true> <Delay = 1.75> <Core = "RAM">   --->   Core 37 'RAM' <Latency = 1> <II = 1> <Delay = 1.75> <Storage> <Opcode : 'load' 'store'> <Ports = 2> <Width = 64> <Depth = 5> <RAM>
ST_5 : Operation 59 [1/1] (0.00ns)   --->   "br label %2" [sha3/KeccakP-1600-reference.c:373]   --->   Operation 59 'br' <Predicate = true> <Delay = 0.00>

State 6 <SV = 3> <Delay = 1.75>
ST_6 : Operation 60 [1/1] (0.00ns)   --->   "%x_1 = phi i3 [ %x_8, %4 ], [ 0, %.preheader.preheader ]"   --->   Operation 60 'phi' 'x_1' <Predicate = true> <Delay = 0.00>
ST_6 : Operation 61 [1/1] (1.00ns)   --->   "%icmp_ln375 = icmp eq i3 %x_1, -3" [sha3/KeccakP-1600-reference.c:375]   --->   Operation 61 'icmp' 'icmp_ln375' <Predicate = true> <Delay = 1.00> <Core = "Cmp">   --->   Core 25 'Cmp' <Latency = 0> <II = 1> <Delay = 1.00> <FuncUnit> <Opcode : 'icmp'> <InPorts = 2> <OutPorts = 1>
ST_6 : Operation 62 [1/1] (0.00ns)   --->   "%empty_203 = call i32 (...)* @_ssdm_op_SpecLoopTripCount(i64 5, i64 5, i64 5)"   --->   Operation 62 'speclooptripcount' 'empty_203' <Predicate = true> <Delay = 0.00>
ST_6 : Operation 63 [1/1] (1.34ns)   --->   "%x_8 = add i3 %x_1, 1" [sha3/KeccakP-1600-reference.c:375]   --->   Operation 63 'add' 'x_8' <Predicate = true> <Delay = 1.34> <Core = "AddSub">   --->   Core 14 'AddSub' <Latency = 0> <II = 1> <Delay = 1.54> <FuncUnit> <Opcode : 'add' 'sub'> <InPorts = 2> <OutPorts = 1>
ST_6 : Operation 64 [1/1] (0.00ns)   --->   "br i1 %icmp_ln375, label %chi_label19_end, label %4" [sha3/KeccakP-1600-reference.c:375]   --->   Operation 64 'br' <Predicate = true> <Delay = 0.00>
ST_6 : Operation 65 [1/1] (0.00ns)   --->   "%zext_ln376 = zext i3 %x_1 to i64" [sha3/KeccakP-1600-reference.c:376]   --->   Operation 65 'zext' 'zext_ln376' <Predicate = (!icmp_ln375)> <Delay = 0.00>
ST_6 : Operation 66 [1/1] (0.00ns)   --->   "%C_addr_3 = getelementptr inbounds [5 x i64]* %C, i64 0, i64 %zext_ln376" [sha3/KeccakP-1600-reference.c:376]   --->   Operation 66 'getelementptr' 'C_addr_3' <Predicate = (!icmp_ln375)> <Delay = 0.00>
ST_6 : Operation 67 [2/2] (1.75ns)   --->   "%C_load = load i64* %C_addr_3, align 8" [sha3/KeccakP-1600-reference.c:376]   --->   Operation 67 'load' 'C_load' <Predicate = (!icmp_ln375)> <Delay = 1.75> <Core = "RAM">   --->   Core 37 'RAM' <Latency = 1> <II = 1> <Delay = 1.75> <Storage> <Opcode : 'load' 'store'> <Ports = 2> <Width = 64> <Depth = 5> <RAM>
ST_6 : Operation 68 [1/1] (0.00ns)   --->   "%zext_ln376_2 = zext i3 %x_1 to i5" [sha3/KeccakP-1600-reference.c:376]   --->   Operation 68 'zext' 'zext_ln376_2' <Predicate = (!icmp_ln375)> <Delay = 0.00>
ST_6 : Operation 69 [1/1] (1.54ns)   --->   "%add_ln376 = add i5 %add_ln374_1, %zext_ln376_2" [sha3/KeccakP-1600-reference.c:376]   --->   Operation 69 'add' 'add_ln376' <Predicate = (!icmp_ln375)> <Delay = 1.54> <Core = "AddSub">   --->   Core 14 'AddSub' <Latency = 0> <II = 1> <Delay = 1.54> <FuncUnit> <Opcode : 'add' 'sub'> <InPorts = 2> <OutPorts = 1>
ST_6 : Operation 70 [1/1] (0.00ns)   --->   "%empty_204 = call i32 (...)* @_ssdm_op_SpecRegionEnd([12 x i8]* @p_str11143, i32 %tmp)" [sha3/KeccakP-1600-reference.c:377]   --->   Operation 70 'specregionend' 'empty_204' <Predicate = (icmp_ln375)> <Delay = 0.00>
ST_6 : Operation 71 [1/1] (0.00ns)   --->   "br label %1" [sha3/KeccakP-1600-reference.c:372]   --->   Operation 71 'br' <Predicate = (icmp_ln375)> <Delay = 0.00>

State 7 <SV = 4> <Delay = 4.52>
ST_7 : Operation 72 [1/2] (1.75ns)   --->   "%C_load = load i64* %C_addr_3, align 8" [sha3/KeccakP-1600-reference.c:376]   --->   Operation 72 'load' 'C_load' <Predicate = true> <Delay = 1.75> <Core = "RAM">   --->   Core 37 'RAM' <Latency = 1> <II = 1> <Delay = 1.75> <Storage> <Opcode : 'load' 'store'> <Ports = 2> <Width = 64> <Depth = 5> <RAM>
ST_7 : Operation 73 [1/1] (0.00ns)   --->   "%zext_ln376_1 = zext i5 %add_ln376 to i64" [sha3/KeccakP-1600-reference.c:376]   --->   Operation 73 'zext' 'zext_ln376_1' <Predicate = true> <Delay = 0.00>
ST_7 : Operation 74 [1/1] (0.00ns)   --->   "%A_addr_5 = getelementptr [25 x i64]* %A, i64 0, i64 %zext_ln376_1" [sha3/KeccakP-1600-reference.c:376]   --->   Operation 74 'getelementptr' 'A_addr_5' <Predicate = true> <Delay = 0.00>
ST_7 : Operation 75 [1/1] (2.77ns)   --->   "store i64 %C_load, i64* %A_addr_5, align 8" [sha3/KeccakP-1600-reference.c:376]   --->   Operation 75 'store' <Predicate = true> <Delay = 2.77> <Core = "RAM">   --->   Core 37 'RAM' <Latency = 1> <II = 1> <Delay = 1.75> <Storage> <Opcode : 'load' 'store'> <Ports = 2> <Width = 64> <Depth = 5> <RAM>
ST_7 : Operation 76 [1/1] (0.00ns)   --->   "br label %.preheader" [sha3/KeccakP-1600-reference.c:375]   --->   Operation 76 'br' <Predicate = true> <Delay = 0.00>


============================================================
+ Verbose Summary: Binding
============================================================
STG Binding: 
---------------- STG Properties BEGIN ----------------
- Is combinational: 0
- Is one-state seq: 0
- Is datapath-only: 0
- Is pipelined: 0
- Is top level: 0
Port [ Return ] is wired: 1; IO mode=ap_ctrl_hs:ce=0
Port [ A]:  wired=1; compound=1; hidden=0; nouse=0; global=0; static=0; extern=0; dir=2; type=1; pingpong=0; private_global=0; MemPort=[12]; IO mode=ap_memory:ce=0
---------------- STG Properties END ------------------

---------------- Datapath Model BEGIN ----------------

<LifeTime>
<method=bitvector/>
C                  (alloca           ) [ 00111111]
br_ln372           (br               ) [ 01111111]
y_0                (phi              ) [ 00100000]
icmp_ln372         (icmp             ) [ 00111111]
empty              (speclooptripcount) [ 00000000]
y                  (add              ) [ 01111111]
br_ln372           (br               ) [ 00000000]
specloopname_ln372 (specloopname     ) [ 00000000]
tmp                (specregionbegin  ) [ 00011111]
zext_ln374_4       (zext             ) [ 00000000]
shl_ln             (bitconcatenate   ) [ 00000000]
add_ln374_1        (add              ) [ 00011111]
br_ln373           (br               ) [ 00111111]
ret_ln378          (ret              ) [ 00000000]
x_0                (phi              ) [ 00011100]
icmp_ln373         (icmp             ) [ 00111111]
empty_202          (speclooptripcount) [ 00000000]
x                  (add              ) [ 00111111]
br_ln373           (br               ) [ 00000000]
zext_ln374_5       (zext             ) [ 00000000]
add_ln374          (add              ) [ 00000000]
zext_ln374         (zext             ) [ 00000000]
A_addr             (getelementptr    ) [ 00001000]
br_ln375           (br               ) [ 00111111]
A_load             (load             ) [ 00000100]
icmp_ln374         (icmp             ) [ 00000000]
xor_ln374_2        (xor              ) [ 00000000]
select_ln374       (select           ) [ 00000000]
zext_ln374_6       (zext             ) [ 00000000]
add_ln374_2        (add              ) [ 00000000]
zext_ln374_1       (zext             ) [ 00000000]
A_addr_3           (getelementptr    ) [ 00000100]
add_ln374_3        (add              ) [ 00000000]
icmp_ln374_1       (icmp             ) [ 00000000]
add_ln374_6        (add              ) [ 00000000]
select_ln374_1     (select           ) [ 00000000]
zext_ln374_7       (zext             ) [ 00000000]
add_ln374_4        (add              ) [ 00000000]
zext_ln374_2       (zext             ) [ 00000000]
A_addr_4           (getelementptr    ) [ 00000100]
A_load_2           (load             ) [ 00000000]
xor_ln374          (xor              ) [ 00000000]
A_load_3           (load             ) [ 00000000]
and_ln374          (and              ) [ 00000000]
xor_ln374_1        (xor              ) [ 00000000]
zext_ln374_3       (zext             ) [ 00000000]
C_addr             (getelementptr    ) [ 00000000]
store_ln374        (store            ) [ 00000000]
br_ln373           (br               ) [ 00111111]
x_1                (phi              ) [ 00000010]
icmp_ln375         (icmp             ) [ 00111111]
empty_203          (speclooptripcount) [ 00000000]
x_8                (add              ) [ 00111111]
br_ln375           (br               ) [ 00000000]
zext_ln376         (zext             ) [ 00000000]
C_addr_3           (getelementptr    ) [ 00000001]
zext_ln376_2       (zext             ) [ 00000000]
add_ln376          (add              ) [ 00000001]
empty_204          (specregionend    ) [ 00000000]
br_ln372           (br               ) [ 01111111]
C_load             (load             ) [ 00000000]
zext_ln376_1       (zext             ) [ 00000000]
A_addr_5           (getelementptr    ) [ 00000000]
store_ln376        (store            ) [ 00000000]
br_ln375           (br               ) [ 00111111]
</LifeTime>

<model>

<comp_list>
<comp id="0" class="1000" name="A">
<pin_list>
<pin id="1" dir="1" index="0" bw="1" slack="0"/>
</pin_list>
<bind>
<StgValue><ssdm name="A"/><MemPortTyVec>1 2 </MemPortTyVec>
</StgValue>
</bind>
</comp>

<comp id="2" class="1001" name="const_2">
<pin_list>
<pin id="3" dir="1" index="0" bw="1" slack="0"/>
</pin_list>
<bind>
<StgValue><ssdm name=""/></StgValue>
</bind>
</comp>

<comp id="4" class="1001" name="const_4">
<pin_list>
<pin id="5" dir="1" index="0" bw="1" slack="1"/>
</pin_list>
<bind>
<StgValue><ssdm name=""/></StgValue>
</bind>
</comp>

<comp id="6" class="1001" name="const_6">
<pin_list>
<pin id="7" dir="1" index="0" bw="1" slack="0"/>
</pin_list>
<bind>
<StgValue><ssdm name=""/></StgValue>
</bind>
</comp>

<comp id="8" class="1001" name="const_8">
<pin_list>
<pin id="9" dir="1" index="0" bw="1" slack="2147483647"/>
</pin_list>
<bind>
<StgValue><ssdm name="_ssdm_op_SpecLoopTripCount"/></StgValue>
</bind>
</comp>

<comp id="10" class="1001" name="const_10">
<pin_list>
<pin id="11" dir="1" index="0" bw="1" slack="2147483647"/>
</pin_list>
<bind>
<StgValue><ssdm name=""/></StgValue>
</bind>
</comp>

<comp id="12" class="1001" name="const_12">
<pin_list>
<pin id="13" dir="1" index="0" bw="1" slack="0"/>
</pin_list>
<bind>
<StgValue><ssdm name=""/></StgValue>
</bind>
</comp>

<comp id="14" class="1001" name="const_14">
<pin_list>
<pin id="15" dir="1" index="0" bw="1" slack="2147483647"/>
</pin_list>
<bind>
<StgValue><ssdm name="_ssdm_op_SpecLoopName"/></StgValue>
</bind>
</comp>

<comp id="16" class="1001" name="const_16">
<pin_list>
<pin id="17" dir="1" index="0" bw="1" slack="2147483647"/>
</pin_list>
<bind>
<StgValue><ssdm name="p_str11143"/></StgValue>
</bind>
</comp>

<comp id="18" class="1001" name="const_18">
<pin_list>
<pin id="19" dir="1" index="0" bw="1" slack="2147483647"/>
</pin_list>
<bind>
<StgValue><ssdm name="_ssdm_op_SpecRegionBegin"/></StgValue>
</bind>
</comp>

<comp id="20" class="1001" name="const_20">
<pin_list>
<pin id="21" dir="1" index="0" bw="1" slack="0"/>
</pin_list>
<bind>
<StgValue><ssdm name="_ssdm_op_BitConcatenate.i5.i3.i2"/></StgValue>
</bind>
</comp>

<comp id="22" class="1001" name="const_22">
<pin_list>
<pin id="23" dir="1" index="0" bw="1" slack="0"/>
</pin_list>
<bind>
<StgValue><ssdm name=""/></StgValue>
</bind>
</comp>

<comp id="24" class="1001" name="const_24">
<pin_list>
<pin id="25" dir="1" index="0" bw="1" slack="0"/>
</pin_list>
<bind>
<StgValue><ssdm name=""/></StgValue>
</bind>
</comp>

<comp id="26" class="1001" name="const_26">
<pin_list>
<pin id="27" dir="1" index="0" bw="1" slack="0"/>
</pin_list>
<bind>
<StgValue><ssdm name=""/></StgValue>
</bind>
</comp>

<comp id="28" class="1001" name="const_28">
<pin_list>
<pin id="29" dir="1" index="0" bw="1" slack="0"/>
</pin_list>
<bind>
<StgValue><ssdm name=""/></StgValue>
</bind>
</comp>

<comp id="30" class="1001" name="const_30">
<pin_list>
<pin id="31" dir="1" index="0" bw="1" slack="0"/>
</pin_list>
<bind>
<StgValue><ssdm name=""/></StgValue>
</bind>
</comp>

<comp id="32" class="1001" name="const_32">
<pin_list>
<pin id="33" dir="1" index="0" bw="1" slack="2147483647"/>
</pin_list>
<bind>
<StgValue><ssdm name="_ssdm_op_SpecRegionEnd"/></StgValue>
</bind>
</comp>

<comp id="34" class="1004" name="C_alloca_fu_34">
<pin_list>
<pin id="35" dir="0" index="0" bw="1" slack="0"/>
<pin id="36" dir="1" index="1" bw="64" slack="2147483647"/>
</pin_list>
<bind>
<opcode="alloca(26) " fcode="alloca"/>
<opset="C/1 "/>
</bind>
</comp>

<comp id="38" class="1004" name="A_addr_gep_fu_38">
<pin_list>
<pin id="39" dir="0" index="0" bw="64" slack="0"/>
<pin id="40" dir="0" index="1" bw="1" slack="0"/>
<pin id="41" dir="0" index="2" bw="5" slack="0"/>
<pin id="42" dir="1" index="3" bw="5" slack="0"/>
</pin_list>
<bind>
<opcode="getelementptr(29) " fcode="getelementptr"/>
<opset="A_addr/3 "/>
</bind>
</comp>

<comp id="45" class="1004" name="grp_access_fu_45">
<pin_list>
<pin id="46" dir="0" index="0" bw="5" slack="0"/>
<pin id="47" dir="0" index="1" bw="64" slack="2147483647"/>
<pin id="48" dir="0" index="2" bw="0" slack="0"/>
<pin id="66" dir="0" index="4" bw="5" slack="0"/>
<pin id="67" dir="0" index="5" bw="64" slack="2147483647"/>
<pin id="68" dir="0" index="6" bw="0" slack="2147483647"/>
<pin id="49" dir="1" index="3" bw="64" slack="0"/>
<pin id="69" dir="1" index="7" bw="64" slack="0"/>
</pin_list>
<bind>
<opcode="load(27) store(28) " fcode="store"/>
<opset="A_load/3 A_load_2/4 A_load_3/4 store_ln376/7 "/>
</bind>
</comp>

<comp id="51" class="1004" name="A_addr_3_gep_fu_51">
<pin_list>
<pin id="52" dir="0" index="0" bw="64" slack="0"/>
<pin id="53" dir="0" index="1" bw="1" slack="0"/>
<pin id="54" dir="0" index="2" bw="5" slack="0"/>
<pin id="55" dir="1" index="3" bw="5" slack="0"/>
</pin_list>
<bind>
<opcode="getelementptr(29) " fcode="getelementptr"/>
<opset="A_addr_3/4 "/>
</bind>
</comp>

<comp id="59" class="1004" name="A_addr_4_gep_fu_59">
<pin_list>
<pin id="60" dir="0" index="0" bw="64" slack="0"/>
<pin id="61" dir="0" index="1" bw="1" slack="0"/>
<pin id="62" dir="0" index="2" bw="5" slack="0"/>
<pin id="63" dir="1" index="3" bw="5" slack="0"/>
</pin_list>
<bind>
<opcode="getelementptr(29) " fcode="getelementptr"/>
<opset="A_addr_4/4 "/>
</bind>
</comp>

<comp id="71" class="1004" name="C_addr_gep_fu_71">
<pin_list>
<pin id="72" dir="0" index="0" bw="64" slack="2147483647"/>
<pin id="73" dir="0" index="1" bw="1" slack="0"/>
<pin id="74" dir="0" index="2" bw="3" slack="0"/>
<pin id="75" dir="1" index="3" bw="3" slack="0"/>
</pin_list>
<bind>
<opcode="getelementptr(29) " fcode="getelementptr"/>
<opset="C_addr/5 "/>
</bind>
</comp>

<comp id="77" class="1004" name="grp_access_fu_77">
<pin_list>
<pin id="78" dir="0" index="0" bw="3" slack="0"/>
<pin id="79" dir="0" index="1" bw="64" slack="0"/>
<pin id="80" dir="0" index="2" bw="0" slack="2147483647"/>
<pin id="81" dir="1" index="3" bw="64" slack="0"/>
</pin_list>
<bind>
<opcode="load(27) store(28) " fcode="load"/>
<opset="store_ln374/5 C_load/6 "/>
</bind>
</comp>

<comp id="83" class="1004" name="C_addr_3_gep_fu_83">
<pin_list>
<pin id="84" dir="0" index="0" bw="64" slack="2147483647"/>
<pin id="85" dir="0" index="1" bw="1" slack="0"/>
<pin id="86" dir="0" index="2" bw="3" slack="0"/>
<pin id="87" dir="1" index="3" bw="3" slack="0"/>
</pin_list>
<bind>
<opcode="getelementptr(29) " fcode="getelementptr"/>
<opset="C_addr_3/6 "/>
</bind>
</comp>

<comp id="90" class="1004" name="A_addr_5_gep_fu_90">
<pin_list>
<pin id="91" dir="0" index="0" bw="64" slack="0"/>
<pin id="92" dir="0" index="1" bw="1" slack="0"/>
<pin id="93" dir="0" index="2" bw="5" slack="0"/>
<pin id="94" dir="1" index="3" bw="5" slack="0"/>
</pin_list>
<bind>
<opcode="getelementptr(29) " fcode="getelementptr"/>
<opset="A_addr_5/7 "/>
</bind>
</comp>

<comp id="99" class="1005" name="y_0_reg_99">
<pin_list>
<pin id="100" dir="0" index="0" bw="3" slack="1"/>
<pin id="101" dir="1" index="1" bw="3" slack="1"/>
</pin_list>
<bind>
<opset="y_0 (phireg) "/>
</bind>
</comp>

<comp id="103" class="1004" name="y_0_phi_fu_103">
<pin_list>
<pin id="104" dir="0" index="0" bw="1" slack="1"/>
<pin id="105" dir="0" index="1" bw="0" slack="2147483647"/>
<pin id="106" dir="0" index="2" bw="3" slack="0"/>
<pin id="107" dir="0" index="3" bw="0" slack="2147483647"/>
<pin id="108" dir="1" index="4" bw="3" slack="0"/>
</pin_list>
<bind>
<opcode="phi(47) " fcode="phi"/>
<opset="y_0/2 "/>
</bind>
</comp>

<comp id="110" class="1005" name="x_0_reg_110">
<pin_list>
<pin id="111" dir="0" index="0" bw="3" slack="1"/>
<pin id="112" dir="1" index="1" bw="3" slack="1"/>
</pin_list>
<bind>
<opset="x_0 (phireg) "/>
</bind>
</comp>

<comp id="114" class="1004" name="x_0_phi_fu_114">
<pin_list>
<pin id="115" dir="0" index="0" bw="1" slack="1"/>
<pin id="116" dir="0" index="1" bw="0" slack="2147483647"/>
<pin id="117" dir="0" index="2" bw="3" slack="0"/>
<pin id="118" dir="0" index="3" bw="0" slack="2147483647"/>
<pin id="119" dir="1" index="4" bw="3" slack="0"/>
</pin_list>
<bind>
<opcode="phi(47) " fcode="phi"/>
<opset="x_0/3 "/>
</bind>
</comp>

<comp id="122" class="1005" name="x_1_reg_122">
<pin_list>
<pin id="123" dir="0" index="0" bw="3" slack="1"/>
<pin id="124" dir="1" index="1" bw="3" slack="1"/>
</pin_list>
<bind>
<opset="x_1 (phireg) "/>
</bind>
</comp>

<comp id="126" class="1004" name="x_1_phi_fu_126">
<pin_list>
<pin id="127" dir="0" index="0" bw="3" slack="0"/>
<pin id="128" dir="0" index="1" bw="0" slack="2147483647"/>
<pin id="129" dir="0" index="2" bw="1" slack="1"/>
<pin id="130" dir="0" index="3" bw="0" slack="2147483647"/>
<pin id="131" dir="1" index="4" bw="3" slack="0"/>
</pin_list>
<bind>
<opcode="phi(47) " fcode="phi"/>
<opset="x_1/6 "/>
</bind>
</comp>

<comp id="133" class="1004" name="icmp_ln372_fu_133">
<pin_list>
<pin id="134" dir="0" index="0" bw="3" slack="0"/>
<pin id="135" dir="0" index="1" bw="3" slack="0"/>
<pin id="136" dir="1" index="2" bw="1" slack="2147483647"/>
</pin_list>
<bind>
<opcode="icmp(45) " fcode="icmp"/>
<opset="icmp_ln372/2 "/>
</bind>
</comp>

<comp id="139" class="1004" name="y_fu_139">
<pin_list>
<pin id="140" dir="0" index="0" bw="3" slack="0"/>
<pin id="141" dir="0" index="1" bw="1" slack="0"/>
<pin id="142" dir="1" index="2" bw="3" slack="0"/>
</pin_list>
<bind>
<opcode="add(8) " fcode="add"/>
<opset="y/2 "/>
</bind>
</comp>

<comp id="145" class="1004" name="zext_ln374_4_fu_145">
<pin_list>
<pin id="146" dir="0" index="0" bw="3" slack="0"/>
<pin id="147" dir="1" index="1" bw="5" slack="0"/>
</pin_list>
<bind>
<opcode="zext(34) " fcode="zext"/>
<opset="zext_ln374_4/2 "/>
</bind>
</comp>

<comp id="149" class="1004" name="shl_ln_fu_149">
<pin_list>
<pin id="150" dir="0" index="0" bw="5" slack="0"/>
<pin id="151" dir="0" index="1" bw="3" slack="0"/>
<pin id="152" dir="0" index="2" bw="1" slack="0"/>
<pin id="153" dir="1" index="3" bw="5" slack="0"/>
</pin_list>
<bind>
<opcode="bitconcatenate(1004) " fcode="bitconcatenate"/>
<opset="shl_ln/2 "/>
</bind>
</comp>

<comp id="157" class="1004" name="add_ln374_1_fu_157">
<pin_list>
<pin id="158" dir="0" index="0" bw="3" slack="0"/>
<pin id="159" dir="0" index="1" bw="5" slack="0"/>
<pin id="160" dir="1" index="2" bw="5" slack="1"/>
</pin_list>
<bind>
<opcode="add(8) " fcode="add"/>
<opset="add_ln374_1/2 "/>
</bind>
</comp>

<comp id="163" class="1004" name="icmp_ln373_fu_163">
<pin_list>
<pin id="164" dir="0" index="0" bw="3" slack="0"/>
<pin id="165" dir="0" index="1" bw="3" slack="0"/>
<pin id="166" dir="1" index="2" bw="1" slack="2147483647"/>
</pin_list>
<bind>
<opcode="icmp(45) " fcode="icmp"/>
<opset="icmp_ln373/3 "/>
</bind>
</comp>

<comp id="169" class="1004" name="x_fu_169">
<pin_list>
<pin id="170" dir="0" index="0" bw="3" slack="0"/>
<pin id="171" dir="0" index="1" bw="1" slack="0"/>
<pin id="172" dir="1" index="2" bw="3" slack="0"/>
</pin_list>
<bind>
<opcode="add(8) " fcode="add"/>
<opset="x/3 "/>
</bind>
</comp>

<comp id="175" class="1004" name="zext_ln374_5_fu_175">
<pin_list>
<pin id="176" dir="0" index="0" bw="3" slack="0"/>
<pin id="177" dir="1" index="1" bw="5" slack="0"/>
</pin_list>
<bind>
<opcode="zext(34) " fcode="zext"/>
<opset="zext_ln374_5/3 "/>
</bind>
</comp>

<comp id="179" class="1004" name="add_ln374_fu_179">
<pin_list>
<pin id="180" dir="0" index="0" bw="5" slack="1"/>
<pin id="181" dir="0" index="1" bw="3" slack="0"/>
<pin id="182" dir="1" index="2" bw="5" slack="0"/>
</pin_list>
<bind>
<opcode="add(8) " fcode="add"/>
<opset="add_ln374/3 "/>
</bind>
</comp>

<comp id="184" class="1004" name="zext_ln374_fu_184">
<pin_list>
<pin id="185" dir="0" index="0" bw="5" slack="0"/>
<pin id="186" dir="1" index="1" bw="64" slack="0"/>
</pin_list>
<bind>
<opcode="zext(34) " fcode="zext"/>
<opset="zext_ln374/3 "/>
</bind>
</comp>

<comp id="189" class="1004" name="icmp_ln374_fu_189">
<pin_list>
<pin id="190" dir="0" index="0" bw="3" slack="1"/>
<pin id="191" dir="0" index="1" bw="3" slack="0"/>
<pin id="192" dir="1" index="2" bw="1" slack="0"/>
</pin_list>
<bind>
<opcode="icmp(45) " fcode="icmp"/>
<opset="icmp_ln374/4 "/>
</bind>
</comp>

<comp id="194" class="1004" name="xor_ln374_2_fu_194">
<pin_list>
<pin id="195" dir="0" index="0" bw="3" slack="1"/>
<pin id="196" dir="0" index="1" bw="3" slack="0"/>
<pin id="197" dir="1" index="2" bw="3" slack="0"/>
</pin_list>
<bind>
<opcode="xor(25) " fcode="xor"/>
<opset="xor_ln374_2/4 "/>
</bind>
</comp>

<comp id="200" class="1004" name="select_ln374_fu_200">
<pin_list>
<pin id="201" dir="0" index="0" bw="1" slack="0"/>
<pin id="202" dir="0" index="1" bw="3" slack="1"/>
<pin id="203" dir="0" index="2" bw="3" slack="0"/>
<pin id="204" dir="1" index="3" bw="3" slack="0"/>
</pin_list>
<bind>
<opcode="select(49) " fcode="select"/>
<opset="select_ln374/4 "/>
</bind>
</comp>

<comp id="207" class="1004" name="zext_ln374_6_fu_207">
<pin_list>
<pin id="208" dir="0" index="0" bw="3" slack="0"/>
<pin id="209" dir="1" index="1" bw="5" slack="0"/>
</pin_list>
<bind>
<opcode="zext(34) " fcode="zext"/>
<opset="zext_ln374_6/4 "/>
</bind>
</comp>

<comp id="211" class="1004" name="add_ln374_2_fu_211">
<pin_list>
<pin id="212" dir="0" index="0" bw="5" slack="2"/>
<pin id="213" dir="0" index="1" bw="3" slack="0"/>
<pin id="214" dir="1" index="2" bw="5" slack="0"/>
</pin_list>
<bind>
<opcode="add(8) " fcode="add"/>
<opset="add_ln374_2/4 "/>
</bind>
</comp>

<comp id="216" class="1004" name="zext_ln374_1_fu_216">
<pin_list>
<pin id="217" dir="0" index="0" bw="5" slack="0"/>
<pin id="218" dir="1" index="1" bw="64" slack="0"/>
</pin_list>
<bind>
<opcode="zext(34) " fcode="zext"/>
<opset="zext_ln374_1/4 "/>
</bind>
</comp>

<comp id="221" class="1004" name="add_ln374_3_fu_221">
<pin_list>
<pin id="222" dir="0" index="0" bw="3" slack="1"/>
<pin id="223" dir="0" index="1" bw="3" slack="0"/>
<pin id="224" dir="1" index="2" bw="3" slack="0"/>
</pin_list>
<bind>
<opcode="add(8) " fcode="add"/>
<opset="add_ln374_3/4 "/>
</bind>
</comp>

<comp id="227" class="1004" name="icmp_ln374_1_fu_227">
<pin_list>
<pin id="228" dir="0" index="0" bw="3" slack="0"/>
<pin id="229" dir="0" index="1" bw="3" slack="0"/>
<pin id="230" dir="1" index="2" bw="1" slack="0"/>
</pin_list>
<bind>
<opcode="icmp(45) " fcode="icmp"/>
<opset="icmp_ln374_1/4 "/>
</bind>
</comp>

<comp id="233" class="1004" name="add_ln374_6_fu_233">
<pin_list>
<pin id="234" dir="0" index="0" bw="3" slack="1"/>
<pin id="235" dir="0" index="1" bw="3" slack="0"/>
<pin id="236" dir="1" index="2" bw="3" slack="0"/>
</pin_list>
<bind>
<opcode="add(8) " fcode="add"/>
<opset="add_ln374_6/4 "/>
</bind>
</comp>

<comp id="239" class="1004" name="select_ln374_1_fu_239">
<pin_list>
<pin id="240" dir="0" index="0" bw="1" slack="0"/>
<pin id="241" dir="0" index="1" bw="3" slack="0"/>
<pin id="242" dir="0" index="2" bw="3" slack="0"/>
<pin id="243" dir="1" index="3" bw="3" slack="0"/>
</pin_list>
<bind>
<opcode="select(49) " fcode="select"/>
<opset="select_ln374_1/4 "/>
</bind>
</comp>

<comp id="247" class="1004" name="zext_ln374_7_fu_247">
<pin_list>
<pin id="248" dir="0" index="0" bw="3" slack="0"/>
<pin id="249" dir="1" index="1" bw="5" slack="0"/>
</pin_list>
<bind>
<opcode="zext(34) " fcode="zext"/>
<opset="zext_ln374_7/4 "/>
</bind>
</comp>

<comp id="251" class="1004" name="add_ln374_4_fu_251">
<pin_list>
<pin id="252" dir="0" index="0" bw="5" slack="2"/>
<pin id="253" dir="0" index="1" bw="3" slack="0"/>
<pin id="254" dir="1" index="2" bw="5" slack="0"/>
</pin_list>
<bind>
<opcode="add(8) " fcode="add"/>
<opset="add_ln374_4/4 "/>
</bind>
</comp>

<comp id="256" class="1004" name="zext_ln374_2_fu_256">
<pin_list>
<pin id="257" dir="0" index="0" bw="5" slack="0"/>
<pin id="258" dir="1" index="1" bw="64" slack="0"/>
</pin_list>
<bind>
<opcode="zext(34) " fcode="zext"/>
<opset="zext_ln374_2/4 "/>
</bind>
</comp>

<comp id="261" class="1004" name="xor_ln374_fu_261">
<pin_list>
<pin id="262" dir="0" index="0" bw="64" slack="0"/>
<pin id="263" dir="0" index="1" bw="1" slack="0"/>
<pin id="264" dir="1" index="2" bw="64" slack="0"/>
</pin_list>
<bind>
<opcode="xor(25) " fcode="xor"/>
<opset="xor_ln374/5 "/>
</bind>
</comp>

<comp id="267" class="1004" name="and_ln374_fu_267">
<pin_list>
<pin id="268" dir="0" index="0" bw="64" slack="0"/>
<pin id="269" dir="0" index="1" bw="64" slack="0"/>
<pin id="270" dir="1" index="2" bw="64" slack="0"/>
</pin_list>
<bind>
<opcode="and(23) " fcode="and"/>
<opset="and_ln374/5 "/>
</bind>
</comp>

<comp id="273" class="1004" name="xor_ln374_1_fu_273">
<pin_list>
<pin id="274" dir="0" index="0" bw="64" slack="1"/>
<pin id="275" dir="0" index="1" bw="64" slack="0"/>
<pin id="276" dir="1" index="2" bw="64" slack="0"/>
</pin_list>
<bind>
<opcode="xor(25) " fcode="xor"/>
<opset="xor_ln374_1/5 "/>
</bind>
</comp>

<comp id="279" class="1004" name="zext_ln374_3_fu_279">
<pin_list>
<pin id="280" dir="0" index="0" bw="3" slack="2"/>
<pin id="281" dir="1" index="1" bw="64" slack="0"/>
</pin_list>
<bind>
<opcode="zext(34) " fcode="zext"/>
<opset="zext_ln374_3/5 "/>
</bind>
</comp>

<comp id="284" class="1004" name="icmp_ln375_fu_284">
<pin_list>
<pin id="285" dir="0" index="0" bw="3" slack="0"/>
<pin id="286" dir="0" index="1" bw="3" slack="0"/>
<pin id="287" dir="1" index="2" bw="1" slack="2147483647"/>
</pin_list>
<bind>
<opcode="icmp(45) " fcode="icmp"/>
<opset="icmp_ln375/6 "/>
</bind>
</comp>

<comp id="290" class="1004" name="x_8_fu_290">
<pin_list>
<pin id="291" dir="0" index="0" bw="3" slack="0"/>
<pin id="292" dir="0" index="1" bw="1" slack="0"/>
<pin id="293" dir="1" index="2" bw="3" slack="0"/>
</pin_list>
<bind>
<opcode="add(8) " fcode="add"/>
<opset="x_8/6 "/>
</bind>
</comp>

<comp id="296" class="1004" name="zext_ln376_fu_296">
<pin_list>
<pin id="297" dir="0" index="0" bw="3" slack="0"/>
<pin id="298" dir="1" index="1" bw="64" slack="0"/>
</pin_list>
<bind>
<opcode="zext(34) " fcode="zext"/>
<opset="zext_ln376/6 "/>
</bind>
</comp>

<comp id="301" class="1004" name="zext_ln376_2_fu_301">
<pin_list>
<pin id="302" dir="0" index="0" bw="3" slack="0"/>
<pin id="303" dir="1" index="1" bw="5" slack="0"/>
</pin_list>
<bind>
<opcode="zext(34) " fcode="zext"/>
<opset="zext_ln376_2/6 "/>
</bind>
</comp>

<comp id="305" class="1004" name="add_ln376_fu_305">
<pin_list>
<pin id="306" dir="0" index="0" bw="5" slack="2"/>
<pin id="307" dir="0" index="1" bw="3" slack="0"/>
<pin id="308" dir="1" index="2" bw="5" slack="1"/>
</pin_list>
<bind>
<opcode="add(8) " fcode="add"/>
<opset="add_ln376/6 "/>
</bind>
</comp>

<comp id="310" class="1004" name="zext_ln376_1_fu_310">
<pin_list>
<pin id="311" dir="0" index="0" bw="5" slack="1"/>
<pin id="312" dir="1" index="1" bw="64" slack="0"/>
</pin_list>
<bind>
<opcode="zext(34) " fcode="zext"/>
<opset="zext_ln376_1/7 "/>
</bind>
</comp>

<comp id="317" class="1005" name="y_reg_317">
<pin_list>
<pin id="318" dir="0" index="0" bw="3" slack="0"/>
<pin id="319" dir="1" index="1" bw="3" slack="0"/>
</pin_list>
<bind>
<opset="y "/>
</bind>
</comp>

<comp id="322" class="1005" name="add_ln374_1_reg_322">
<pin_list>
<pin id="323" dir="0" index="0" bw="5" slack="1"/>
<pin id="324" dir="1" index="1" bw="5" slack="1"/>
</pin_list>
<bind>
<opset="add_ln374_1 "/>
</bind>
</comp>

<comp id="333" class="1005" name="x_reg_333">
<pin_list>
<pin id="334" dir="0" index="0" bw="3" slack="0"/>
<pin id="335" dir="1" index="1" bw="3" slack="0"/>
</pin_list>
<bind>
<opset="x "/>
</bind>
</comp>

<comp id="340" class="1005" name="A_addr_reg_340">
<pin_list>
<pin id="341" dir="0" index="0" bw="5" slack="1"/>
<pin id="342" dir="1" index="1" bw="5" slack="1"/>
</pin_list>
<bind>
<opset="A_addr "/>
</bind>
</comp>

<comp id="345" class="1005" name="A_load_reg_345">
<pin_list>
<pin id="346" dir="0" index="0" bw="64" slack="1"/>
<pin id="347" dir="1" index="1" bw="64" slack="1"/>
</pin_list>
<bind>
<opset="A_load "/>
</bind>
</comp>

<comp id="350" class="1005" name="A_addr_3_reg_350">
<pin_list>
<pin id="351" dir="0" index="0" bw="5" slack="1"/>
<pin id="352" dir="1" index="1" bw="5" slack="1"/>
</pin_list>
<bind>
<opset="A_addr_3 "/>
</bind>
</comp>

<comp id="355" class="1005" name="A_addr_4_reg_355">
<pin_list>
<pin id="356" dir="0" index="0" bw="5" slack="1"/>
<pin id="357" dir="1" index="1" bw="5" slack="1"/>
</pin_list>
<bind>
<opset="A_addr_4 "/>
</bind>
</comp>

<comp id="363" class="1005" name="x_8_reg_363">
<pin_list>
<pin id="364" dir="0" index="0" bw="3" slack="0"/>
<pin id="365" dir="1" index="1" bw="3" slack="0"/>
</pin_list>
<bind>
<opset="x_8 "/>
</bind>
</comp>

<comp id="368" class="1005" name="C_addr_3_reg_368">
<pin_list>
<pin id="369" dir="0" index="0" bw="3" slack="1"/>
<pin id="370" dir="1" index="1" bw="3" slack="1"/>
</pin_list>
<bind>
<opset="C_addr_3 "/>
</bind>
</comp>

<comp id="373" class="1005" name="add_ln376_reg_373">
<pin_list>
<pin id="374" dir="0" index="0" bw="5" slack="1"/>
<pin id="375" dir="1" index="1" bw="5" slack="1"/>
</pin_list>
<bind>
<opset="add_ln376 "/>
</bind>
</comp>

</comp_list>

<net_list>
<net id="37"><net_src comp="2" pin="0"/><net_sink comp="34" pin=0"/></net>

<net id="43"><net_src comp="0" pin="0"/><net_sink comp="38" pin=0"/></net>

<net id="44"><net_src comp="24" pin="0"/><net_sink comp="38" pin=1"/></net>

<net id="50"><net_src comp="38" pin="3"/><net_sink comp="45" pin=0"/></net>

<net id="56"><net_src comp="0" pin="0"/><net_sink comp="51" pin=0"/></net>

<net id="57"><net_src comp="24" pin="0"/><net_sink comp="51" pin=1"/></net>

<net id="58"><net_src comp="51" pin="3"/><net_sink comp="45" pin=0"/></net>

<net id="64"><net_src comp="0" pin="0"/><net_sink comp="59" pin=0"/></net>

<net id="65"><net_src comp="24" pin="0"/><net_sink comp="59" pin=1"/></net>

<net id="70"><net_src comp="59" pin="3"/><net_sink comp="45" pin=2"/></net>

<net id="76"><net_src comp="24" pin="0"/><net_sink comp="71" pin=1"/></net>

<net id="82"><net_src comp="71" pin="3"/><net_sink comp="77" pin=0"/></net>

<net id="88"><net_src comp="24" pin="0"/><net_sink comp="83" pin=1"/></net>

<net id="89"><net_src comp="83" pin="3"/><net_sink comp="77" pin=0"/></net>

<net id="95"><net_src comp="0" pin="0"/><net_sink comp="90" pin=0"/></net>

<net id="96"><net_src comp="24" pin="0"/><net_sink comp="90" pin=1"/></net>

<net id="97"><net_src comp="77" pin="3"/><net_sink comp="45" pin=4"/></net>

<net id="98"><net_src comp="90" pin="3"/><net_sink comp="45" pin=2"/></net>

<net id="102"><net_src comp="4" pin="0"/><net_sink comp="99" pin=0"/></net>

<net id="109"><net_src comp="99" pin="1"/><net_sink comp="103" pin=0"/></net>

<net id="113"><net_src comp="4" pin="0"/><net_sink comp="110" pin=0"/></net>

<net id="120"><net_src comp="110" pin="1"/><net_sink comp="114" pin=0"/></net>

<net id="121"><net_src comp="114" pin="4"/><net_sink comp="110" pin=0"/></net>

<net id="125"><net_src comp="4" pin="0"/><net_sink comp="122" pin=0"/></net>

<net id="132"><net_src comp="122" pin="1"/><net_sink comp="126" pin=2"/></net>

<net id="137"><net_src comp="103" pin="4"/><net_sink comp="133" pin=0"/></net>

<net id="138"><net_src comp="6" pin="0"/><net_sink comp="133" pin=1"/></net>

<net id="143"><net_src comp="103" pin="4"/><net_sink comp="139" pin=0"/></net>

<net id="144"><net_src comp="12" pin="0"/><net_sink comp="139" pin=1"/></net>

<net id="148"><net_src comp="103" pin="4"/><net_sink comp="145" pin=0"/></net>

<net id="154"><net_src comp="20" pin="0"/><net_sink comp="149" pin=0"/></net>

<net id="155"><net_src comp="103" pin="4"/><net_sink comp="149" pin=1"/></net>

<net id="156"><net_src comp="22" pin="0"/><net_sink comp="149" pin=2"/></net>

<net id="161"><net_src comp="145" pin="1"/><net_sink comp="157" pin=0"/></net>

<net id="162"><net_src comp="149" pin="3"/><net_sink comp="157" pin=1"/></net>

<net id="167"><net_src comp="114" pin="4"/><net_sink comp="163" pin=0"/></net>

<net id="168"><net_src comp="6" pin="0"/><net_sink comp="163" pin=1"/></net>

<net id="173"><net_src comp="114" pin="4"/><net_sink comp="169" pin=0"/></net>

<net id="174"><net_src comp="12" pin="0"/><net_sink comp="169" pin=1"/></net>

<net id="178"><net_src comp="114" pin="4"/><net_sink comp="175" pin=0"/></net>

<net id="183"><net_src comp="175" pin="1"/><net_sink comp="179" pin=1"/></net>

<net id="187"><net_src comp="179" pin="2"/><net_sink comp="184" pin=0"/></net>

<net id="188"><net_src comp="184" pin="1"/><net_sink comp="38" pin=2"/></net>

<net id="193"><net_src comp="6" pin="0"/><net_sink comp="189" pin=1"/></net>

<net id="198"><net_src comp="110" pin="1"/><net_sink comp="194" pin=0"/></net>

<net id="199"><net_src comp="26" pin="0"/><net_sink comp="194" pin=1"/></net>

<net id="205"><net_src comp="189" pin="2"/><net_sink comp="200" pin=0"/></net>

<net id="206"><net_src comp="194" pin="2"/><net_sink comp="200" pin=2"/></net>

<net id="210"><net_src comp="200" pin="3"/><net_sink comp="207" pin=0"/></net>

<net id="215"><net_src comp="207" pin="1"/><net_sink comp="211" pin=1"/></net>

<net id="219"><net_src comp="211" pin="2"/><net_sink comp="216" pin=0"/></net>

<net id="220"><net_src comp="216" pin="1"/><net_sink comp="51" pin=2"/></net>

<net id="225"><net_src comp="110" pin="1"/><net_sink comp="221" pin=0"/></net>

<net id="226"><net_src comp="28" pin="0"/><net_sink comp="221" pin=1"/></net>

<net id="231"><net_src comp="221" pin="2"/><net_sink comp="227" pin=0"/></net>

<net id="232"><net_src comp="6" pin="0"/><net_sink comp="227" pin=1"/></net>

<net id="237"><net_src comp="110" pin="1"/><net_sink comp="233" pin=0"/></net>

<net id="238"><net_src comp="6" pin="0"/><net_sink comp="233" pin=1"/></net>

<net id="244"><net_src comp="227" pin="2"/><net_sink comp="239" pin=0"/></net>

<net id="245"><net_src comp="221" pin="2"/><net_sink comp="239" pin=1"/></net>

<net id="246"><net_src comp="233" pin="2"/><net_sink comp="239" pin=2"/></net>

<net id="250"><net_src comp="239" pin="3"/><net_sink comp="247" pin=0"/></net>

<net id="255"><net_src comp="247" pin="1"/><net_sink comp="251" pin=1"/></net>

<net id="259"><net_src comp="251" pin="2"/><net_sink comp="256" pin=0"/></net>

<net id="260"><net_src comp="256" pin="1"/><net_sink comp="59" pin=2"/></net>

<net id="265"><net_src comp="45" pin="3"/><net_sink comp="261" pin=0"/></net>

<net id="266"><net_src comp="30" pin="0"/><net_sink comp="261" pin=1"/></net>

<net id="271"><net_src comp="45" pin="7"/><net_sink comp="267" pin=0"/></net>

<net id="272"><net_src comp="261" pin="2"/><net_sink comp="267" pin=1"/></net>

<net id="277"><net_src comp="267" pin="2"/><net_sink comp="273" pin=1"/></net>

<net id="278"><net_src comp="273" pin="2"/><net_sink comp="77" pin=1"/></net>

<net id="282"><net_src comp="110" pin="1"/><net_sink comp="279" pin=0"/></net>

<net id="283"><net_src comp="279" pin="1"/><net_sink comp="71" pin=2"/></net>

<net id="288"><net_src comp="126" pin="4"/><net_sink comp="284" pin=0"/></net>

<net id="289"><net_src comp="6" pin="0"/><net_sink comp="284" pin=1"/></net>

<net id="294"><net_src comp="126" pin="4"/><net_sink comp="290" pin=0"/></net>

<net id="295"><net_src comp="12" pin="0"/><net_sink comp="290" pin=1"/></net>

<net id="299"><net_src comp="126" pin="4"/><net_sink comp="296" pin=0"/></net>

<net id="300"><net_src comp="296" pin="1"/><net_sink comp="83" pin=2"/></net>

<net id="304"><net_src comp="126" pin="4"/><net_sink comp="301" pin=0"/></net>

<net id="309"><net_src comp="301" pin="1"/><net_sink comp="305" pin=1"/></net>

<net id="313"><net_src comp="310" pin="1"/><net_sink comp="90" pin=2"/></net>

<net id="320"><net_src comp="139" pin="2"/><net_sink comp="317" pin=0"/></net>

<net id="321"><net_src comp="317" pin="1"/><net_sink comp="103" pin=2"/></net>

<net id="325"><net_src comp="157" pin="2"/><net_sink comp="322" pin=0"/></net>

<net id="326"><net_src comp="322" pin="1"/><net_sink comp="179" pin=0"/></net>

<net id="327"><net_src comp="322" pin="1"/><net_sink comp="211" pin=0"/></net>

<net id="328"><net_src comp="322" pin="1"/><net_sink comp="251" pin=0"/></net>

<net id="329"><net_src comp="322" pin="1"/><net_sink comp="305" pin=0"/></net>

<net id="336"><net_src comp="169" pin="2"/><net_sink comp="333" pin=0"/></net>

<net id="337"><net_src comp="333" pin="1"/><net_sink comp="114" pin=2"/></net>

<net id="338"><net_src comp="333" pin="1"/><net_sink comp="189" pin=0"/></net>

<net id="339"><net_src comp="333" pin="1"/><net_sink comp="200" pin=1"/></net>

<net id="343"><net_src comp="38" pin="3"/><net_sink comp="340" pin=0"/></net>

<net id="344"><net_src comp="340" pin="1"/><net_sink comp="45" pin=0"/></net>

<net id="348"><net_src comp="45" pin="3"/><net_sink comp="345" pin=0"/></net>

<net id="349"><net_src comp="345" pin="1"/><net_sink comp="273" pin=0"/></net>

<net id="353"><net_src comp="51" pin="3"/><net_sink comp="350" pin=0"/></net>

<net id="354"><net_src comp="350" pin="1"/><net_sink comp="45" pin=0"/></net>

<net id="358"><net_src comp="59" pin="3"/><net_sink comp="355" pin=0"/></net>

<net id="359"><net_src comp="355" pin="1"/><net_sink comp="45" pin=2"/></net>

<net id="366"><net_src comp="290" pin="2"/><net_sink comp="363" pin=0"/></net>

<net id="367"><net_src comp="363" pin="1"/><net_sink comp="126" pin=0"/></net>

<net id="371"><net_src comp="83" pin="3"/><net_sink comp="368" pin=0"/></net>

<net id="372"><net_src comp="368" pin="1"/><net_sink comp="77" pin=0"/></net>

<net id="376"><net_src comp="305" pin="2"/><net_sink comp="373" pin=0"/></net>

<net id="377"><net_src comp="373" pin="1"/><net_sink comp="310" pin=0"/></net>

</net_list>

</model> 
---------------- Datapath Model END ------------------

* FSMD analyzer results:
  - Output states:
	Port: A | {7 }
 - Input state : 
	Port: chi : A | {3 4 5 }
  - Chain level:
	State 1
	State 2
		icmp_ln372 : 1
		y : 1
		br_ln372 : 2
		zext_ln374_4 : 1
		shl_ln : 1
		add_ln374_1 : 2
	State 3
		icmp_ln373 : 1
		x : 1
		br_ln373 : 2
		zext_ln374_5 : 1
		add_ln374 : 2
		zext_ln374 : 3
		A_addr : 4
		A_load : 5
	State 4
		zext_ln374_6 : 1
		add_ln374_2 : 2
		zext_ln374_1 : 3
		A_addr_3 : 4
		A_load_2 : 5
		icmp_ln374_1 : 1
		select_ln374_1 : 2
		zext_ln374_7 : 3
		add_ln374_4 : 4
		zext_ln374_2 : 5
		A_addr_4 : 6
		A_load_3 : 7
	State 5
		xor_ln374 : 1
		and_ln374 : 1
		xor_ln374_1 : 1
		C_addr : 1
		store_ln374 : 1
	State 6
		icmp_ln375 : 1
		x_8 : 1
		br_ln375 : 2
		zext_ln376 : 1
		C_addr_3 : 2
		C_load : 3
		zext_ln376_2 : 1
		add_ln376 : 2
	State 7
		A_addr_5 : 1
		store_ln376 : 2


============================================================
+ Verbose Summary: Datapath Resource usage 
============================================================

* Functional unit list:
|----------|-----------------------|---------|---------|
| Operation|    Functional Unit    |    FF   |   LUT   |
|----------|-----------------------|---------|---------|
|          |        y_fu_139       |    0    |    12   |
|          |   add_ln374_1_fu_157  |    0    |    15   |
|          |        x_fu_169       |    0    |    12   |
|          |    add_ln374_fu_179   |    0    |    15   |
|    add   |   add_ln374_2_fu_211  |    0    |    15   |
|          |   add_ln374_3_fu_221  |    0    |    12   |
|          |   add_ln374_6_fu_233  |    0    |    12   |
|          |   add_ln374_4_fu_251  |    0    |    15   |
|          |       x_8_fu_290      |    0    |    12   |
|          |    add_ln376_fu_305   |    0    |    15   |
|----------|-----------------------|---------|---------|
|          |   xor_ln374_2_fu_194  |    0    |    3    |
|    xor   |    xor_ln374_fu_261   |    0    |    64   |
|          |   xor_ln374_1_fu_273  |    0    |    64   |
|----------|-----------------------|---------|---------|
|    and   |    and_ln374_fu_267   |    0    |    64   |
|----------|-----------------------|---------|---------|
|          |   icmp_ln372_fu_133   |    0    |    9    |
|          |   icmp_ln373_fu_163   |    0    |    9    |
|   icmp   |   icmp_ln374_fu_189   |    0    |    9    |
|          |  icmp_ln374_1_fu_227  |    0    |    9    |
|          |   icmp_ln375_fu_284   |    0    |    9    |
|----------|-----------------------|---------|---------|
|  select  |  select_ln374_fu_200  |    0    |    3    |
|          | select_ln374_1_fu_239 |    0    |    3    |
|----------|-----------------------|---------|---------|
|          |  zext_ln374_4_fu_145  |    0    |    0    |
|          |  zext_ln374_5_fu_175  |    0    |    0    |
|          |   zext_ln374_fu_184   |    0    |    0    |
|          |  zext_ln374_6_fu_207  |    0    |    0    |
|          |  zext_ln374_1_fu_216  |    0    |    0    |
|   zext   |  zext_ln374_7_fu_247  |    0    |    0    |
|          |  zext_ln374_2_fu_256  |    0    |    0    |
|          |  zext_ln374_3_fu_279  |    0    |    0    |
|          |   zext_ln376_fu_296   |    0    |    0    |
|          |  zext_ln376_2_fu_301  |    0    |    0    |
|          |  zext_ln376_1_fu_310  |    0    |    0    |
|----------|-----------------------|---------|---------|
|bitconcatenate|     shl_ln_fu_149     |    0    |    0    |
|----------|-----------------------|---------|---------|
|   Total  |                       |    0    |   381   |
|----------|-----------------------|---------|---------|

Memories:
+----+--------+--------+--------+--------+
|    |  BRAM  |   FF   |   LUT  |  URAM  |
+----+--------+--------+--------+--------+
|  C |    0   |   128  |    5   |    0   |
+----+--------+--------+--------+--------+
|Total|    0   |   128  |    5   |    0   |
+----+--------+--------+--------+--------+

* Register list:
+-------------------+--------+
|                   |   FF   |
+-------------------+--------+
|  A_addr_3_reg_350 |    5   |
|  A_addr_4_reg_355 |    5   |
|   A_addr_reg_340  |    5   |
|   A_load_reg_345  |   64   |
|  C_addr_3_reg_368 |    3   |
|add_ln374_1_reg_322|    5   |
| add_ln376_reg_373 |    5   |
|    x_0_reg_110    |    3   |
|    x_1_reg_122    |    3   |
|    x_8_reg_363    |    3   |
|     x_reg_333     |    3   |
|     y_0_reg_99    |    3   |
|     y_reg_317     |    3   |
+-------------------+--------+
|       Total       |   110  |
+-------------------+--------+

* Multiplexer (MUX) list: 
|------------------|------|------|------|--------||---------||---------|
|       Comp       |  Pin | Size |  BW  | S x BW ||  Delay  ||   LUT   |
|------------------|------|------|------|--------||---------||---------|
| grp_access_fu_45 |  p0  |   4  |   5  |   20   ||    21   |
| grp_access_fu_45 |  p2  |   3  |   0  |    0   ||    15   |
| grp_access_fu_77 |  p0  |   3  |   3  |    9   ||    15   |
|    x_0_reg_110   |  p0  |   2  |   3  |    6   ||    9    |
|------------------|------|------|------|--------||---------||---------|
|       Total      |      |      |      |   35   ||  5.807  ||    60   |
|------------------|------|------|------|--------||---------||---------|



* Summary:
+-----------+--------+--------+--------+--------+--------+
|           |  BRAM  |  Delay |   FF   |   LUT  |  URAM  |
+-----------+--------+--------+--------+--------+--------+
|  Function |    -   |    -   |    0   |   381  |    -   |
|   Memory  |    0   |    -   |   128  |    5   |    0   |
|Multiplexer|    -   |    5   |    -   |   60   |    -   |
|  Register |    -   |    -   |   110  |    -   |    -   |
+-----------+--------+--------+--------+--------+--------+
|   Total   |    0   |    5   |   238  |   446  |    0   |
+-----------+--------+--------+--------+--------+--------+
