

================================================================
== Vivado HLS Report for 'deserializeSignature'
================================================================
* Date:           Thu May  7 18:01:20 2020

* Version:        2019.2 (Build 2704478 on Wed Nov 06 22:10:23 MST 2019)
* Project:        picnic1
* Solution:       sing_open
* Product family: artix7
* Target device:  xc7a200t-fbg676-2


================================================================
== Performance Estimates
================================================================
+ Timing: 
    * Summary: 
    +--------+----------+----------+------------+
    |  Clock |  Target  | Estimated| Uncertainty|
    +--------+----------+----------+------------+
    |ap_clk  | 10.00 ns | 6.819 ns |   1.25 ns  |
    +--------+----------+----------+------------+

+ Latency: 
    * Summary: 
    +---------+---------+-----------+----------+-----+-------+---------+
    |  Latency (cycles) |  Latency (absolute)  |   Interval  | Pipeline|
    |   min   |   max   |    min    |    max   | min |  max  |   Type  |
    +---------+---------+-----------+----------+-----+-------+---------+
    |        1|    40040| 10.000 ns | 0.400 ms |    1|  40040|   none  |
    +---------+---------+-----------+----------+-----+-------+---------+

    + Detail: 
        * Instance: 
        N/A

        * Loop: 
        +--------------------------------+---------+---------+-----------+-----------+-----------+---------+----------+
        |                                |  Latency (cycles) | Iteration |  Initiation Interval  |   Trip  |          |
        |            Loop Name           |   min   |   max   |  Latency  |  achieved |   target  |  Count  | Pipelined|
        +--------------------------------+---------+---------+-----------+-----------+-----------+---------+----------+
        |- Loop 1                        |      438|      438|          2|          -|          -|      219|    no    |
        |- deserializeSignature_label0   |      110|      110|          2|          -|          -|       55|    no    |
        |- Loop 3                        |        2|      439|          2|          -|          -| 1 ~ 219 |    no    |
        |- deserializeSignature_label1   |       64|       64|          2|          -|          -|       32|    no    |
        |- deserializeSignature_label7   |    36135|    38982| 165 ~ 178 |          -|          -|      219|    no    |
        | + deserializeSignature_label2  |       32|       32|          2|          1|          1|       32|    yes   |
        | + deserializeSignature_label3  |       75|       75|          2|          1|          1|       75|    yes   |
        | + deserializeSignature_label4  |       32|       32|          2|          -|          -|       16|    no    |
        | + deserializeSignature_label6  |       16|       16|          2|          1|          1|       16|    yes   |
        | + deserializeSignature_label5  |       12|       12|          3|          -|          -|        4|    no    |
        +--------------------------------+---------+---------+-----------+-----------+-----------+---------+----------+



================================================================
== Utilization Estimates
================================================================
* Summary: 
+-----------------+---------+-------+--------+--------+-----+
|       Name      | BRAM_18K| DSP48E|   FF   |   LUT  | URAM|
+-----------------+---------+-------+--------+--------+-----+
|DSP              |        -|      -|       -|       -|    -|
|Expression       |        -|      0|       0|    1487|    -|
|FIFO             |        -|      -|       -|       -|    -|
|Instance         |        -|      -|       -|       -|    -|
|Memory           |        -|      -|       -|       -|    -|
|Multiplexer      |        -|      -|       -|     393|    -|
|Register         |        -|      -|     519|       -|    -|
+-----------------+---------+-------+--------+--------+-----+
|Total            |        0|      0|     519|    1880|    0|
+-----------------+---------+-------+--------+--------+-----+
|Available        |      730|    740|  269200|  134600|    0|
+-----------------+---------+-------+--------+--------+-----+
|Utilization (%)  |        0|      0|   ~0   |       1|    0|
+-----------------+---------+-------+--------+--------+-----+

+ Detail: 
    * Instance: 
    N/A

    * DSP48E: 
    N/A

    * Memory: 
    N/A

    * FIFO: 
    N/A

    * Expression: 
    +----------------------------+----------+-------+---+----+------------+------------+
    |        Variable Name       | Operation| DSP48E| FF| LUT| Bitwidth P0| Bitwidth P1|
    +----------------------------+----------+-------+---+----+------------+------------+
    |mul_ln1978_fu_673_p2        |     *    |      0|  0|  41|           8|           7|
    |add_ln2041_fu_805_p2        |     +    |      0|  0|  24|          17|          17|
    |add_ln2050_1_fu_938_p2      |     +    |      0|  0|  24|          17|          17|
    |add_ln2050_fu_928_p2        |     +    |      0|  0|  15|           7|           6|
    |add_ln2053_fu_953_p2        |     +    |      0|  0|  22|          15|           7|
    |add_ln2059_1_fu_1109_p2     |     +    |      0|  0|  24|          17|          17|
    |add_ln2059_2_fu_1099_p2     |     +    |      0|  0|  15|           7|           7|
    |add_ln2059_3_fu_1123_p2     |     +    |      0|  0|  21|          14|          14|
    |add_ln2059_fu_1078_p2       |     +    |      0|  0|  24|          17|          17|
    |add_ln2072_1_fu_1159_p2     |     +    |      0|  0|  15|           8|           7|
    |add_ln2072_2_fu_1169_p2     |     +    |      0|  0|  24|          17|          17|
    |add_ln2072_fu_1149_p2       |     +    |      0|  0|  22|          15|          15|
    |add_ln2077_1_fu_1199_p2     |     +    |      0|  0|  15|           7|           7|
    |add_ln2077_2_fu_1213_p2     |     +    |      0|  0|  24|          17|          17|
    |add_ln2077_fu_1227_p2       |     +    |      0|  0|  20|          13|          13|
    |add_ln2082_1_fu_1253_p2     |     +    |      0|  0|  15|           7|           7|
    |add_ln2082_2_fu_1267_p2     |     +    |      0|  0|  24|          17|          17|
    |add_ln2082_fu_1281_p2       |     +    |      0|  0|  20|          13|          13|
    |add_ln2085_fu_1291_p2       |     +    |      0|  0|  12|           3|           2|
    |add_ln2088_1_fu_1330_p2     |     +    |      0|  0|  23|          16|          16|
    |add_ln2088_2_fu_1339_p2     |     +    |      0|  0|  24|          17|          17|
    |add_ln2088_3_fu_1363_p2     |     +    |      0|  0|  23|          16|          16|
    |add_ln2088_4_fu_1372_p2     |     +    |      0|  0|  24|          17|          17|
    |add_ln2088_5_fu_1392_p2     |     +    |      0|  0|  23|          16|          16|
    |add_ln2088_6_fu_1401_p2     |     +    |      0|  0|  24|          17|          17|
    |add_ln2088_7_fu_1416_p2     |     +    |      0|  0|  23|          16|          16|
    |add_ln2088_8_fu_1425_p2     |     +    |      0|  0|  24|          17|          17|
    |add_ln2088_fu_1312_p2       |     +    |      0|  0|  23|          16|           8|
    |add_ln2089_fu_1481_p2       |     +    |      0|  0|  23|          16|          16|
    |add_ln54_fu_654_p2          |     +    |      0|  0|  24|          17|          17|
    |bytesExpected_1_fu_772_p2   |     +    |      0|  0|  71|          64|          64|
    |bytesExpected_fu_664_p2     |     +    |      0|  0|  71|          15|          64|
    |i_10_fu_630_p2              |     +    |      0|  0|  15|           8|           1|
    |i_11_fu_826_p2              |     +    |      0|  0|  15|           8|           1|
    |i_fu_965_p2                 |     +    |      0|  0|  15|           8|           1|
    |inputShareSize_1_fu_752_p2  |     +    |      0|  0|  71|           5|          64|
    |loop_28_fu_918_p2           |     +    |      0|  0|  15|           6|           1|
    |loop_29_fu_1089_p2          |     +    |      0|  0|  15|           6|           1|
    |loop_30_fu_1139_p2          |     +    |      0|  0|  15|           7|           1|
    |loop_31_fu_1189_p2          |     +    |      0|  0|  15|           5|           1|
    |loop_32_fu_1243_p2          |     +    |      0|  0|  15|           5|           1|
    |loop_33_fu_1440_p2          |     +    |      0|  0|  15|           3|           5|
    |loop_fu_795_p2              |     +    |      0|  0|  15|           6|           1|
    |icmp_ln1940_fu_624_p2       |   icmp   |      0|  0|  11|           8|           7|
    |icmp_ln1942_1_fu_740_p2     |   icmp   |      0|  0|   9|           2|           3|
    |icmp_ln1942_fu_734_p2       |   icmp   |      0|  0|   8|           2|           1|
    |icmp_ln1951_fu_820_p2       |   icmp   |      0|  0|  11|           8|           7|
    |icmp_ln1953_fu_906_p2       |   icmp   |      0|  0|   8|           2|           2|
    |icmp_ln1969_fu_614_p2       |   icmp   |      0|  0|  18|          32|           6|
    |icmp_ln1980_fu_784_p2       |   icmp   |      0|  0|  29|          64|          64|
    |icmp_ln2040_fu_789_p2       |   icmp   |      0|  0|  11|           6|           5|
    |icmp_ln2049_fu_912_p2       |   icmp   |      0|  0|  11|           6|           7|
    |icmp_ln2053_fu_959_p2       |   icmp   |      0|  0|  11|           8|           7|
    |icmp_ln2058_fu_1083_p2      |   icmp   |      0|  0|  11|           6|           7|
    |icmp_ln2071_fu_1133_p2      |   icmp   |      0|  0|  11|           7|           7|
    |icmp_ln2076_fu_1183_p2      |   icmp   |      0|  0|  11|           5|           6|
    |icmp_ln2081_fu_1237_p2      |   icmp   |      0|  0|  11|           5|           6|
    |icmp_ln2085_fu_1306_p2      |   icmp   |      0|  0|   8|           2|           1|
    |lshr_ln54_10_fu_888_p2      |   lshr   |      0|  0|  19|           8|           8|
    |lshr_ln54_11_fu_1036_p2     |   lshr   |      0|  0|  19|           8|           8|
    |lshr_ln54_12_fu_1056_p2     |   lshr   |      0|  0|  19|           8|           8|
    |lshr_ln54_8_fu_716_p2       |   lshr   |      0|  0|  19|           8|           8|
    |lshr_ln54_9_fu_868_p2       |   lshr   |      0|  0|  19|           8|           8|
    |lshr_ln54_fu_696_p2         |   lshr   |      0|  0|  19|           8|           8|
    |or_ln1942_fu_746_p2         |    or    |      0|  0|   2|           1|           1|
    |or_ln2088_1_fu_1382_p2      |    or    |      0|  0|   4|           4|           2|
    |or_ln2088_2_fu_1406_p2      |    or    |      0|  0|   4|           4|           2|
    |or_ln2088_fu_1353_p2        |    or    |      0|  0|   4|           4|           1|
    |bytesExpected_2_fu_777_p3   |  select  |      0|  0|  64|           1|          64|
    |inputShareSize_2_fu_758_p3  |  select  |      0|  0|  64|           1|          64|
    |ap_enable_pp0               |    xor   |      0|  0|   2|           1|           2|
    |ap_enable_pp1               |    xor   |      0|  0|   2|           1|           2|
    |ap_enable_pp2               |    xor   |      0|  0|   2|           1|           2|
    |ap_enable_reg_pp0_iter1     |    xor   |      0|  0|   2|           2|           1|
    |ap_enable_reg_pp1_iter1     |    xor   |      0|  0|   2|           2|           1|
    |ap_enable_reg_pp2_iter1     |    xor   |      0|  0|   2|           2|           1|
    |xor_ln54_2_fu_706_p2        |    xor   |      0|  0|   3|           3|           2|
    |xor_ln54_3_fu_858_p2        |    xor   |      0|  0|   3|           3|           3|
    |xor_ln54_4_fu_878_p2        |    xor   |      0|  0|   3|           3|           2|
    |xor_ln54_5_fu_1026_p2       |    xor   |      0|  0|   3|           3|           3|
    |xor_ln54_6_fu_1046_p2       |    xor   |      0|  0|   3|           3|           2|
    |xor_ln54_fu_686_p2          |    xor   |      0|  0|   3|           3|           3|
    +----------------------------+----------+-------+---+----+------------+------------+
    |Total                       |          |      0|  0|1487|         816|         945|
    +----------------------------+----------+-------+---+----+------------+------------+

    * Multiplexer: 
    +---------------------------------+-----+-----------+-----+-----------+
    |               Name              | LUT | Input Size| Bits| Total Bits|
    +---------------------------------+-----+-----------+-----+-----------+
    |ap_NS_fsm                        |  121|         26|    1|         26|
    |ap_enable_reg_pp0_iter1          |   15|          3|    1|          3|
    |ap_enable_reg_pp1_iter1          |   15|          3|    1|          3|
    |ap_enable_reg_pp2_iter1          |   15|          3|    1|          3|
    |ap_phi_mux_loop_2_phi_fu_524_p4  |    9|          2|    6|         12|
    |ap_phi_mux_loop_5_phi_fu_559_p4  |    9|          2|    5|         10|
    |ap_return                        |    9|          2|    1|          2|
    |inputShareSize_reg_426           |    9|          2|   64|        128|
    |loop_0_reg_449                   |    9|          2|    6|         12|
    |loop_1_reg_472                   |    9|          2|    6|         12|
    |loop_2_reg_520                   |    9|          2|    6|         12|
    |loop_3_reg_532                   |    9|          2|    7|         14|
    |loop_4_reg_543                   |    9|          2|    5|         10|
    |loop_5_reg_555                   |    9|          2|    5|         10|
    |loop_6_reg_567                   |    9|          2|    5|         10|
    |p_01_rec_reg_484                 |    9|          2|   16|         32|
    |phi_mul_reg_508                  |    9|          2|   15|         30|
    |round_assign_1_reg_461           |    9|          2|    8|         16|
    |round_assign_2_reg_496           |    9|          2|    8|         16|
    |round_assign_reg_438             |    9|          2|    8|         16|
    |sigBytes_address0                |   47|         10|   16|        160|
    |sigBytes_address1                |   15|          3|   16|         48|
    |sig_0_challengeBits_address0     |   21|          4|    6|         24|
    +---------------------------------+-----+-----------+-----+-----------+
    |Total                            |  393|         84|  213|        609|
    +---------------------------------+-----+-----------+-----+-----------+

    * Register: 
    +----------------------------+----+----+-----+-----------+
    |            Name            | FF | LUT| Bits| Const Bits|
    +----------------------------+----+----+-----+-----------+
    |add_ln2053_reg_1601         |  15|   0|   15|          0|
    |add_ln2059_reg_1635         |  17|   0|   17|          0|
    |add_ln2072_reg_1666         |  15|   0|   15|          0|
    |add_ln2088_6_reg_1728       |  17|   0|   17|          0|
    |add_ln2088_8_reg_1733       |  17|   0|   17|          0|
    |add_ln2088_reg_1707         |  16|   0|   16|          0|
    |ap_CS_fsm                   |  25|   0|   25|          0|
    |ap_enable_reg_pp0_iter0     |   1|   0|    1|          0|
    |ap_enable_reg_pp0_iter1     |   1|   0|    1|          0|
    |ap_enable_reg_pp1_iter0     |   1|   0|    1|          0|
    |ap_enable_reg_pp1_iter1     |   1|   0|    1|          0|
    |ap_enable_reg_pp2_iter0     |   1|   0|    1|          0|
    |ap_enable_reg_pp2_iter1     |   1|   0|    1|          0|
    |ap_return_preg              |   1|   0|    1|          0|
    |bytesExpected_reg_1535      |  64|   0|   64|          0|
    |i_10_reg_1520               |   8|   0|    8|          0|
    |i_11_reg_1570               |   8|   0|    8|          0|
    |i_reg_1609                  |   8|   0|    8|          0|
    |icmp_ln2058_reg_1643        |   1|   0|    1|          0|
    |icmp_ln2071_reg_1657        |   1|   0|    1|          0|
    |icmp_ln2081_reg_1690        |   1|   0|    1|          0|
    |inputShareSize_reg_426      |  64|   0|   64|          0|
    |loop_0_reg_449              |   6|   0|    6|          0|
    |loop_1_reg_472              |   6|   0|    6|          0|
    |loop_28_reg_1591            |   6|   0|    6|          0|
    |loop_29_reg_1647            |   6|   0|    6|          0|
    |loop_2_reg_520              |   6|   0|    6|          0|
    |loop_31_reg_1680            |   5|   0|    5|          0|
    |loop_32_reg_1694            |   5|   0|    5|          0|
    |loop_33_reg_1743            |   5|   0|    5|          0|
    |loop_3_reg_532              |   7|   0|    7|          0|
    |loop_4_reg_543              |   5|   0|    5|          0|
    |loop_5_reg_555              |   5|   0|    5|          0|
    |loop_6_reg_567              |   5|   0|    5|          0|
    |loop_reg_1557               |   6|   0|    6|          0|
    |mul_ln1978_reg_1541         |  16|   0|   16|          0|
    |p_01_rec_reg_484            |  16|   0|   16|          0|
    |p_0_reg_591                 |   1|   0|    1|          0|
    |p_sum5_pn_reg_578           |   1|   0|    8|          7|
    |phi_mul_reg_508             |  15|   0|   15|          0|
    |round_assign_1_reg_461      |   8|   0|    8|          0|
    |round_assign_2_reg_496      |   8|   0|    8|          0|
    |round_assign_reg_438        |   8|   0|    8|          0|
    |sigBytesLen_cast1_reg_1497  |  32|   0|   64|         32|
    |sigBytes_load_6_reg_1748    |   8|   0|    8|          0|
    |sigBytes_load_7_reg_1753    |   8|   0|    8|          0|
    |trunc_ln2088_4_reg_1738     |   2|   0|    2|          0|
    |trunc_ln386_4_reg_1575      |   2|   0|    2|          0|
    |trunc_ln386_reg_1525        |   2|   0|    2|          0|
    |trunc_ln54_reg_1505         |  17|   0|   17|          0|
    |zext_ln2053_1_reg_1625      |   8|   0|   14|          6|
    |zext_ln2059_reg_1619        |   8|   0|   13|          5|
    |zext_ln386_reg_1630         |   2|   0|    3|          1|
    +----------------------------+----+----+-----+-----------+
    |Total                       | 519|   0|  570|         51|
    +----------------------------+----+----+-----+-----------+



================================================================
== Interface
================================================================
* Summary: 
+------------------------------+-----+-----+------------+----------------------+--------------+
|           RTL Ports          | Dir | Bits|  Protocol  |     Source Object    |    C Type    |
+------------------------------+-----+-----+------------+----------------------+--------------+
|ap_clk                        |  in |    1| ap_ctrl_hs | deserializeSignature | return value |
|ap_rst                        |  in |    1| ap_ctrl_hs | deserializeSignature | return value |
|ap_start                      |  in |    1| ap_ctrl_hs | deserializeSignature | return value |
|ap_done                       | out |    1| ap_ctrl_hs | deserializeSignature | return value |
|ap_idle                       | out |    1| ap_ctrl_hs | deserializeSignature | return value |
|ap_ready                      | out |    1| ap_ctrl_hs | deserializeSignature | return value |
|ap_return                     | out |    1| ap_ctrl_hs | deserializeSignature | return value |
|sig_0_proofs_seed1_address0   | out |   12|  ap_memory |  sig_0_proofs_seed1  |     array    |
|sig_0_proofs_seed1_ce0        | out |    1|  ap_memory |  sig_0_proofs_seed1  |     array    |
|sig_0_proofs_seed1_we0        | out |    1|  ap_memory |  sig_0_proofs_seed1  |     array    |
|sig_0_proofs_seed1_d0         | out |    8|  ap_memory |  sig_0_proofs_seed1  |     array    |
|sig_0_proofs_seed2_address0   | out |   12|  ap_memory |  sig_0_proofs_seed2  |     array    |
|sig_0_proofs_seed2_ce0        | out |    1|  ap_memory |  sig_0_proofs_seed2  |     array    |
|sig_0_proofs_seed2_we0        | out |    1|  ap_memory |  sig_0_proofs_seed2  |     array    |
|sig_0_proofs_seed2_d0         | out |    8|  ap_memory |  sig_0_proofs_seed2  |     array    |
|sig_0_proofs_inputS_address0  | out |   10|  ap_memory |  sig_0_proofs_inputS |     array    |
|sig_0_proofs_inputS_ce0       | out |    1|  ap_memory |  sig_0_proofs_inputS |     array    |
|sig_0_proofs_inputS_we0       | out |    1|  ap_memory |  sig_0_proofs_inputS |     array    |
|sig_0_proofs_inputS_d0        | out |   32|  ap_memory |  sig_0_proofs_inputS |     array    |
|sig_0_proofs_commun_address0  | out |   15|  ap_memory |  sig_0_proofs_commun |     array    |
|sig_0_proofs_commun_ce0       | out |    1|  ap_memory |  sig_0_proofs_commun |     array    |
|sig_0_proofs_commun_we0       | out |    1|  ap_memory |  sig_0_proofs_commun |     array    |
|sig_0_proofs_commun_d0        | out |    8|  ap_memory |  sig_0_proofs_commun |     array    |
|sig_0_proofs_view3C_address0  | out |   13|  ap_memory |  sig_0_proofs_view3C |     array    |
|sig_0_proofs_view3C_ce0       | out |    1|  ap_memory |  sig_0_proofs_view3C |     array    |
|sig_0_proofs_view3C_we0       | out |    1|  ap_memory |  sig_0_proofs_view3C |     array    |
|sig_0_proofs_view3C_d0        | out |    8|  ap_memory |  sig_0_proofs_view3C |     array    |
|sig_0_challengeBits_address0  | out |    6|  ap_memory |  sig_0_challengeBits |     array    |
|sig_0_challengeBits_ce0       | out |    1|  ap_memory |  sig_0_challengeBits |     array    |
|sig_0_challengeBits_we0       | out |    1|  ap_memory |  sig_0_challengeBits |     array    |
|sig_0_challengeBits_d0        | out |    8|  ap_memory |  sig_0_challengeBits |     array    |
|sig_0_challengeBits_q0        |  in |    8|  ap_memory |  sig_0_challengeBits |     array    |
|sig_0_salt_address0           | out |    5|  ap_memory |      sig_0_salt      |     array    |
|sig_0_salt_ce0                | out |    1|  ap_memory |      sig_0_salt      |     array    |
|sig_0_salt_we0                | out |    1|  ap_memory |      sig_0_salt      |     array    |
|sig_0_salt_d0                 | out |    8|  ap_memory |      sig_0_salt      |     array    |
|sigBytes_address0             | out |   16|  ap_memory |       sigBytes       |     array    |
|sigBytes_ce0                  | out |    1|  ap_memory |       sigBytes       |     array    |
|sigBytes_q0                   |  in |    8|  ap_memory |       sigBytes       |     array    |
|sigBytes_address1             | out |   16|  ap_memory |       sigBytes       |     array    |
|sigBytes_ce1                  | out |    1|  ap_memory |       sigBytes       |     array    |
|sigBytes_q1                   |  in |    8|  ap_memory |       sigBytes       |     array    |
|sigBytes_offset               |  in |   64|   ap_none  |    sigBytes_offset   |    scalar    |
|sigBytesLen                   |  in |   32|   ap_none  |      sigBytesLen     |    scalar    |
|params_UnruhGWithout          |  in |    7|   ap_none  | params_UnruhGWithout |    scalar    |
|params_transform_rea          |  in |    2|   ap_none  | params_transform_rea |    scalar    |
+------------------------------+-----+-----+------------+----------------------+--------------+

