

================================================================
== Vivado HLS Report for 'KeccakWidth1600_Spon_9'
================================================================
* Date:           Thu May  7 18:01:51 2020

* Version:        2019.2 (Build 2704478 on Wed Nov 06 22:10:23 MST 2019)
* Project:        picnic1
* Solution:       sing_open
* Product family: artix7
* Target device:  xc7a200t-fbg676-2


================================================================
== Performance Estimates
================================================================
+ Timing: 
    * Summary: 
    +--------+----------+----------+------------+
    |  Clock |  Target  | Estimated| Uncertainty|
    +--------+----------+----------+------------+
    |ap_clk  | 10.00 ns | 8.579 ns |   1.25 ns  |
    +--------+----------+----------+------------+

+ Latency: 
    * Summary: 
    +---------+---------+----------+----------+-----+-----+---------+
    |  Latency (cycles) |  Latency (absolute) |  Interval | Pipeline|
    |   min   |   max   |    min   |    max   | min | max |   Type  |
    +---------+---------+----------+----------+-----+-----+---------+
    |        ?|        ?|         ?|         ?|    ?|    ?|   none  |
    +---------+---------+----------+----------+-----+-----+---------+

    + Detail: 
        * Instance: 
        +----------------------------------+-----------------------+---------+---------+----------+----------+-------+-------+---------+
        |                                  |                       |  Latency (cycles) |  Latency (absolute) |    Interval   | Pipeline|
        |             Instance             |         Module        |   min   |   max   |    min   |    max   |  min  |  max  |   Type  |
        +----------------------------------+-----------------------+---------+---------+----------+----------+-------+-------+---------+
        |grp_KeccakP1600_Permute_s_fu_176  |KeccakP1600_Permute_s  |    18584|    18584| 0.186 ms | 0.186 ms |  18584|  18584|   none  |
        +----------------------------------+-----------------------+---------+---------+----------+----------+-------+-------+---------+

        * Loop: 
        +-----------------+---------+---------+----------+-----------+-----------+------+----------+
        |                 |  Latency (cycles) | Iteration|  Initiation Interval  | Trip |          |
        |    Loop Name    |   min   |   max   |  Latency |  achieved |   target  | Count| Pipelined|
        +-----------------+---------+---------+----------+-----------+-----------+------+----------+
        |- Loop 1         |        ?|        ?|         ?|          -|          -|     ?|    no    |
        | + Loop 1.1      |        ?|        ?|     18923|          -|          -|     ?|    no    |
        |  ++ Loop 1.1.1  |      336|      336|         2|          -|          -|   168|    no    |
        | + Loop 1.2      |        ?|        ?|         2|          -|          -|     ?|    no    |
        +-----------------+---------+---------+----------+-----------+-----------+------+----------+



================================================================
== Utilization Estimates
================================================================
* Summary: 
+-----------------+---------+-------+--------+--------+-----+
|       Name      | BRAM_18K| DSP48E|   FF   |   LUT  | URAM|
+-----------------+---------+-------+--------+--------+-----+
|DSP              |        -|      -|       -|       -|    -|
|Expression       |        -|      -|       0|     821|    -|
|FIFO             |        -|      -|       -|       -|    -|
|Instance         |        8|      -|    1003|    3085|    0|
|Memory           |        -|      -|       -|       -|    -|
|Multiplexer      |        -|      -|       -|     236|    -|
|Register         |        -|      -|     633|       -|    -|
+-----------------+---------+-------+--------+--------+-----+
|Total            |        8|      0|    1636|    4142|    0|
+-----------------+---------+-------+--------+--------+-----+
|Available        |      730|    740|  269200|  134600|    0|
+-----------------+---------+-------+--------+--------+-----+
|Utilization (%)  |        1|      0|   ~0   |       3|    0|
+-----------------+---------+-------+--------+--------+-----+

+ Detail: 
    * Instance: 
    +----------------------------------+-----------------------+---------+-------+------+------+-----+
    |             Instance             |         Module        | BRAM_18K| DSP48E|  FF  |  LUT | URAM|
    +----------------------------------+-----------------------+---------+-------+------+------+-----+
    |grp_KeccakP1600_Permute_s_fu_176  |KeccakP1600_Permute_s  |        8|      0|  1003|  3085|    0|
    +----------------------------------+-----------------------+---------+-------+------+------+-----+
    |Total                             |                       |        8|      0|  1003|  3085|    0|
    +----------------------------------+-----------------------+---------+-------+------+------+-----+

    * DSP48E: 
    N/A

    * Memory: 
    N/A

    * FIFO: 
    N/A

    * Expression: 
    +----------------------------------+----------+-------+---+----+------------+------------+
    |           Variable Name          | Operation| DSP48E| FF| LUT| Bitwidth P0| Bitwidth P1|
    +----------------------------------+----------+-------+---+----+------------+------------+
    |add_ln195_fu_240_p2               |     +    |      0|  0|  37|           8|          30|
    |add_ln212_1_fu_324_p2             |     +    |      0|  0|   8|           8|           8|
    |add_ln212_fu_314_p2               |     +    |      0|  0|   8|           8|           8|
    |add_ln214_fu_341_p2               |     +    |      0|  0|  71|          64|           8|
    |add_ln224_fu_350_p2               |     +    |      0|  0|  39|          32|          32|
    |add_ln232_1_fu_419_p2             |     +    |      0|  0|  39|          32|          32|
    |add_ln232_fu_408_p2               |     +    |      0|  0|  15|           8|           8|
    |add_ln236_fu_430_p2               |     +    |      0|  0|  39|          32|          32|
    |i_fu_384_p2                       |     +    |      0|  0|  41|          34|          34|
    |j_2_fu_335_p2                     |     +    |      0|  0|  71|          64|           9|
    |loop_36_fu_299_p2                 |     +    |      0|  0|  15|           8|           1|
    |loop_fu_394_p2                    |     +    |      0|  0|  39|          32|           1|
    |p_2_rec_fu_450_p2                 |     +    |      0|  0|  71|          64|          64|
    |j_fu_252_p2                       |     -    |      0|  0|  41|           5|          34|
    |partialBlock_1_fu_362_p2          |     -    |      0|  0|  39|           8|          32|
    |partialBlock_fu_266_p2            |     -    |      0|  0|  15|           6|           5|
    |sub_ln216_fu_282_p2               |     -    |      0|  0|  41|           5|          34|
    |ap_block_state10_on_subcall_done  |    and   |      0|  0|   2|           1|           1|
    |icmp_ln194_fu_224_p2              |   icmp   |      0|  0|  18|          30|           1|
    |icmp_ln195_1_fu_246_p2            |   icmp   |      0|  0|  18|          30|           5|
    |icmp_ln195_fu_230_p2              |   icmp   |      0|  0|  18|          32|           1|
    |icmp_ln206_fu_272_p2              |   icmp   |      0|  0|  29|          64|           8|
    |icmp_ln211_fu_293_p2              |   icmp   |      0|  0|  11|           8|           8|
    |icmp_ln224_fu_356_p2              |   icmp   |      0|  0|  18|          32|           8|
    |icmp_ln231_fu_389_p2              |   icmp   |      0|  0|  18|          32|          32|
    |icmp_ln237_fu_435_p2              |   icmp   |      0|  0|  18|          32|           8|
    |ap_predicate_op110_call_state10   |    or    |      0|  0|   2|           1|           1|
    |select_ln224_fu_368_p3            |  select  |      0|  0|  32|           1|          32|
    |grp_fu_194_p2                     |    xor   |      0|  0|   8|           8|           8|
    +----------------------------------+----------+-------+---+----+------------+------------+
    |Total                             |          |      0|  0| 821|         689|         485|
    +----------------------------------+----------+-------+---+----+------------+------------+

    * Multiplexer: 
    +-------------------------------------+----+-----------+-----+-----------+
    |                 Name                | LUT| Input Size| Bits| Total Bits|
    +-------------------------------------+----+-----------+-----+-----------+
    |ap_NS_fsm                            |  50|         11|    1|         11|
    |ap_phi_mux_p_1_rec_pn_phi_fu_167_p6  |   9|          2|   64|        128|
    |data_address0                        |  15|          3|    7|         21|
    |i_12_fu_52                           |  15|          3|   34|        102|
    |instance_byteIOIndex_fu_56           |  15|          3|   32|         96|
    |instance_state_address0              |  33|          6|    8|         48|
    |instance_state_ce0                   |  15|          3|    1|          3|
    |instance_state_d0                    |  15|          3|    8|         24|
    |instance_state_we0                   |  15|          3|    1|          3|
    |j_0_reg_120                          |   9|          2|   64|        128|
    |loop_1_reg_153                       |   9|          2|   32|         64|
    |offset_assign_9_reg_142              |   9|          2|    8|         16|
    |p_01_rec_reg_108                     |   9|          2|   64|        128|
    |p_1_rec_pn_reg_164                   |   9|          2|   64|        128|
    |p_1_rec_reg_130                      |   9|          2|   64|        128|
    +-------------------------------------+----+-----------+-----+-----------+
    |Total                                | 236|         49|  452|       1028|
    +-------------------------------------+----+-----------+-----+-----------+

    * Register: 
    +-----------------------------------------------+----+----+-----+-----------+
    |                      Name                     | FF | LUT| Bits| Const Bits|
    +-----------------------------------------------+----+----+-----+-----------+
    |ap_CS_fsm                                      |  10|   0|   10|          0|
    |grp_KeccakP1600_Permute_s_fu_176_ap_start_reg  |   1|   0|    1|          0|
    |i_12_fu_52                                     |  34|   0|   34|          0|
    |i_12_load_reg_472                              |  34|   0|   34|          0|
    |i_reg_541                                      |  34|   0|   34|          0|
    |icmp_ln195_1_reg_484                           |   1|   0|    1|          0|
    |icmp_ln195_reg_480                             |   1|   0|    1|          0|
    |icmp_ln237_reg_564                             |   1|   0|    1|          0|
    |instance_byteIOIndex_fu_56                     |  32|   0|   32|          0|
    |instance_state_addr_1_reg_514                  |   8|   0|    8|          0|
    |instance_state_addr_reg_559                    |   8|   0|    8|          0|
    |j_0_reg_120                                    |  64|   0|   64|          0|
    |j_2_reg_519                                    |  64|   0|   64|          0|
    |loop_1_reg_153                                 |  32|   0|   32|          0|
    |loop_36_reg_504                                |   8|   0|    8|          0|
    |loop_reg_549                                   |  32|   0|   32|          0|
    |offset_assign_9_reg_142                        |   8|   0|    8|          0|
    |p_01_rec_reg_108                               |  64|   0|   64|          0|
    |p_1_rec_pn_reg_164                             |  64|   0|   64|          0|
    |p_1_rec_reg_130                                |  64|   0|   64|          0|
    |partialBlock_reg_493                           |   5|   0|    5|          0|
    |select_ln224_reg_529                           |  32|   0|   32|          0|
    |zext_ln229_reg_535                             |  32|   0|   64|         32|
    +-----------------------------------------------+----+----+-----+-----------+
    |Total                                          | 633|   0|  665|         32|
    +-----------------------------------------------+----+----+-----+-----------+



================================================================
== Interface
================================================================
* Summary: 
+---------------------------+-----+-----+------------+---------------------------+--------------+
|         RTL Ports         | Dir | Bits|  Protocol  |       Source Object       |    C Type    |
+---------------------------+-----+-----+------------+---------------------------+--------------+
|ap_clk                     |  in |    1| ap_ctrl_hs |   KeccakWidth1600_Spon.9  | return value |
|ap_rst                     |  in |    1| ap_ctrl_hs |   KeccakWidth1600_Spon.9  | return value |
|ap_start                   |  in |    1| ap_ctrl_hs |   KeccakWidth1600_Spon.9  | return value |
|ap_done                    | out |    1| ap_ctrl_hs |   KeccakWidth1600_Spon.9  | return value |
|ap_idle                    | out |    1| ap_ctrl_hs |   KeccakWidth1600_Spon.9  | return value |
|ap_ready                   | out |    1| ap_ctrl_hs |   KeccakWidth1600_Spon.9  | return value |
|ap_return                  | out |   32| ap_ctrl_hs |   KeccakWidth1600_Spon.9  | return value |
|instance_state_address0    | out |    8|  ap_memory |       instance_state      |     array    |
|instance_state_ce0         | out |    1|  ap_memory |       instance_state      |     array    |
|instance_state_we0         | out |    1|  ap_memory |       instance_state      |     array    |
|instance_state_d0          | out |    8|  ap_memory |       instance_state      |     array    |
|instance_state_q0          |  in |    8|  ap_memory |       instance_state      |     array    |
|instance_byteIOIndex_read  |  in |   32|   ap_none  | instance_byteIOIndex_read |    scalar    |
|data_address0              | out |    7|  ap_memory |            data           |     array    |
|data_ce0                   | out |    1|  ap_memory |            data           |     array    |
|data_q0                    |  in |    8|  ap_memory |            data           |     array    |
+---------------------------+-----+-----+------------+---------------------------+--------------+

