

================================================================
== Vivado HLS Report for 'deserializeSignature'
================================================================
* Date:           Thu May  7 18:31:42 2020

* Version:        2019.2 (Build 2704478 on Wed Nov 06 22:10:23 MST 2019)
* Project:        picnic1
* Solution:       sing_open
* Product family: artix7
* Target device:  xc7a200t-fbg676-2


================================================================
== Performance Estimates
================================================================
+ Timing: 
    * Summary: 
    +--------+----------+----------+------------+
    |  Clock |  Target  | Estimated| Uncertainty|
    +--------+----------+----------+------------+
    |ap_clk  | 10.00 ns | 6.819 ns |   1.25 ns  |
    +--------+----------+----------+------------+

+ Latency: 
    * Summary: 
    +---------+---------+-----------+----------+-----+-------+---------+
    |  Latency (cycles) |  Latency (absolute)  |   Interval  | Pipeline|
    |   min   |   max   |    min    |    max   | min |  max  |   Type  |
    +---------+---------+-----------+----------+-----+-------+---------+
    |        1|    66320| 10.000 ns | 0.663 ms |    1|  66320|   none  |
    +---------+---------+-----------+----------+-----+-------+---------+

    + Detail: 
        * Instance: 
        N/A

        * Loop: 
        +-------------+---------+---------+-----------+-----------+-----------+---------+----------+
        |             |  Latency (cycles) | Iteration |  Initiation Interval  |   Trip  |          |
        |  Loop Name  |   min   |   max   |  Latency  |  achieved |   target  |  Count  | Pipelined|
        +-------------+---------+---------+-----------+-----------+-----------+---------+----------+
        |- Loop 1     |      438|      438|          2|          -|          -|      219|    no    |
        |- Loop 2     |      110|      110|          2|          -|          -|       55|    no    |
        |- Loop 3     |        2|      439|          2|          -|          -| 1 ~ 219 |    no    |
        |- Loop 4     |       64|       64|          2|          -|          -|       32|    no    |
        |- Loop 5     |    62415|    65262| 285 ~ 298 |          -|          -|      219|    no    |
        | + Loop 5.1  |       64|       64|          2|          -|          -|       32|    no    |
        | + Loop 5.2  |      150|      150|          2|          -|          -|       75|    no    |
        | + Loop 5.3  |       32|       32|          2|          -|          -|       16|    no    |
        | + Loop 5.4  |       32|       32|          2|          -|          -|       16|    no    |
        | + Loop 5.5  |       12|       12|          3|          -|          -|        4|    no    |
        +-------------+---------+---------+-----------+-----------+-----------+---------+----------+



================================================================
== Utilization Estimates
================================================================
* Summary: 
+-----------------+---------+-------+--------+--------+-----+
|       Name      | BRAM_18K| DSP48E|   FF   |   LUT  | URAM|
+-----------------+---------+-------+--------+--------+-----+
|DSP              |        -|      -|       -|       -|    -|
|Expression       |        -|      0|       0|    1475|    -|
|FIFO             |        -|      -|       -|       -|    -|
|Instance         |        -|      -|       -|       -|    -|
|Memory           |        -|      -|       -|       -|    -|
|Multiplexer      |        -|      -|       -|     330|    -|
|Register         |        -|      -|     544|       -|    -|
+-----------------+---------+-------+--------+--------+-----+
|Total            |        0|      0|     544|    1805|    0|
+-----------------+---------+-------+--------+--------+-----+
|Available        |      730|    740|  269200|  134600|    0|
+-----------------+---------+-------+--------+--------+-----+
|Utilization (%)  |        0|      0|   ~0   |       1|    0|
+-----------------+---------+-------+--------+--------+-----+

+ Detail: 
    * Instance: 
    N/A

    * DSP48E: 
    N/A

    * Memory: 
    N/A

    * FIFO: 
    N/A

    * Expression: 
    +----------------------------+----------+-------+---+----+------------+------------+
    |        Variable Name       | Operation| DSP48E| FF| LUT| Bitwidth P0| Bitwidth P1|
    +----------------------------+----------+-------+---+----+------------+------------+
    |mul_ln1977_fu_641_p2        |     *    |      0|  0|  41|           8|           7|
    |add_ln2040_fu_773_p2        |     +    |      0|  0|  24|          17|          17|
    |add_ln2049_1_fu_906_p2      |     +    |      0|  0|  24|          17|          17|
    |add_ln2049_fu_896_p2        |     +    |      0|  0|  15|           7|           6|
    |add_ln2052_fu_921_p2        |     +    |      0|  0|  22|          15|           7|
    |add_ln2058_1_fu_1086_p2     |     +    |      0|  0|  24|          17|          17|
    |add_ln2058_2_fu_1076_p2     |     +    |      0|  0|  15|           7|           7|
    |add_ln2058_3_fu_1067_p2     |     +    |      0|  0|  21|          14|          14|
    |add_ln2058_fu_1046_p2       |     +    |      0|  0|  24|          17|          17|
    |add_ln2071_1_fu_1126_p2     |     +    |      0|  0|  15|           8|           7|
    |add_ln2071_2_fu_1136_p2     |     +    |      0|  0|  24|          17|          17|
    |add_ln2071_fu_1116_p2       |     +    |      0|  0|  22|          15|          15|
    |add_ln2076_1_fu_1166_p2     |     +    |      0|  0|  15|           7|           7|
    |add_ln2076_2_fu_1180_p2     |     +    |      0|  0|  24|          17|          17|
    |add_ln2076_fu_1194_p2       |     +    |      0|  0|  20|          13|          13|
    |add_ln2081_1_fu_1229_p2     |     +    |      0|  0|  15|           7|           7|
    |add_ln2081_2_fu_1243_p2     |     +    |      0|  0|  24|          17|          17|
    |add_ln2081_fu_1220_p2       |     +    |      0|  0|  20|          13|          13|
    |add_ln2084_fu_1253_p2       |     +    |      0|  0|  12|           3|           2|
    |add_ln2087_1_fu_1296_p2     |     +    |      0|  0|  23|          16|          16|
    |add_ln2087_2_fu_1305_p2     |     +    |      0|  0|  24|          17|          17|
    |add_ln2087_3_fu_1329_p2     |     +    |      0|  0|  23|          16|          16|
    |add_ln2087_4_fu_1338_p2     |     +    |      0|  0|  24|          17|          17|
    |add_ln2087_5_fu_1358_p2     |     +    |      0|  0|  23|          16|          16|
    |add_ln2087_6_fu_1367_p2     |     +    |      0|  0|  24|          17|          17|
    |add_ln2087_7_fu_1382_p2     |     +    |      0|  0|  23|          16|          16|
    |add_ln2087_8_fu_1391_p2     |     +    |      0|  0|  24|          17|          17|
    |add_ln2087_fu_1274_p2       |     +    |      0|  0|  23|          16|           8|
    |add_ln2088_fu_1447_p2       |     +    |      0|  0|  23|          16|          16|
    |add_ln54_fu_622_p2          |     +    |      0|  0|  24|          17|          17|
    |bytesExpected_1_fu_740_p2   |     +    |      0|  0|  71|          64|          64|
    |bytesExpected_fu_632_p2     |     +    |      0|  0|  71|          15|          64|
    |i_20_fu_598_p2              |     +    |      0|  0|  15|           8|           1|
    |i_21_fu_794_p2              |     +    |      0|  0|  15|           8|           1|
    |i_fu_957_p2                 |     +    |      0|  0|  15|           8|           1|
    |inputShareSize_1_fu_720_p2  |     +    |      0|  0|  71|           5|          64|
    |loop_32_fu_886_p2           |     +    |      0|  0|  15|           6|           1|
    |loop_33_fu_1057_p2          |     +    |      0|  0|  15|           6|           1|
    |loop_34_fu_1106_p2          |     +    |      0|  0|  15|           7|           1|
    |loop_35_fu_1156_p2          |     +    |      0|  0|  15|           5|           1|
    |loop_36_fu_1210_p2          |     +    |      0|  0|  15|           5|           1|
    |loop_37_fu_1406_p2          |     +    |      0|  0|  15|           3|           5|
    |loop_fu_763_p2              |     +    |      0|  0|  15|           6|           1|
    |icmp_ln1940_fu_592_p2       |   icmp   |      0|  0|  11|           8|           7|
    |icmp_ln1942_1_fu_708_p2     |   icmp   |      0|  0|   9|           2|           3|
    |icmp_ln1942_fu_702_p2       |   icmp   |      0|  0|   8|           2|           1|
    |icmp_ln1951_fu_788_p2       |   icmp   |      0|  0|  11|           8|           7|
    |icmp_ln1953_fu_874_p2       |   icmp   |      0|  0|   8|           2|           2|
    |icmp_ln1968_fu_582_p2       |   icmp   |      0|  0|  18|          32|           6|
    |icmp_ln1979_fu_752_p2       |   icmp   |      0|  0|  29|          64|          64|
    |icmp_ln2039_fu_757_p2       |   icmp   |      0|  0|  11|           6|           5|
    |icmp_ln2048_fu_880_p2       |   icmp   |      0|  0|  11|           6|           7|
    |icmp_ln2052_fu_951_p2       |   icmp   |      0|  0|  11|           8|           7|
    |icmp_ln2057_fu_1051_p2      |   icmp   |      0|  0|  11|           6|           7|
    |icmp_ln2070_fu_1100_p2      |   icmp   |      0|  0|  11|           7|           7|
    |icmp_ln2075_fu_1150_p2      |   icmp   |      0|  0|  11|           5|           6|
    |icmp_ln2080_fu_1204_p2      |   icmp   |      0|  0|  11|           5|           6|
    |icmp_ln2084_fu_1268_p2      |   icmp   |      0|  0|   8|           2|           1|
    |lshr_ln54_10_fu_856_p2      |   lshr   |      0|  0|  19|           8|           8|
    |lshr_ln54_11_fu_1000_p2     |   lshr   |      0|  0|  19|           8|           8|
    |lshr_ln54_12_fu_1020_p2     |   lshr   |      0|  0|  19|           8|           8|
    |lshr_ln54_8_fu_684_p2       |   lshr   |      0|  0|  19|           8|           8|
    |lshr_ln54_9_fu_836_p2       |   lshr   |      0|  0|  19|           8|           8|
    |lshr_ln54_fu_664_p2         |   lshr   |      0|  0|  19|           8|           8|
    |or_ln1942_fu_714_p2         |    or    |      0|  0|   2|           1|           1|
    |or_ln2087_1_fu_1348_p2      |    or    |      0|  0|   4|           4|           2|
    |or_ln2087_2_fu_1372_p2      |    or    |      0|  0|   4|           4|           2|
    |or_ln2087_fu_1319_p2        |    or    |      0|  0|   4|           4|           1|
    |bytesExpected_2_fu_745_p3   |  select  |      0|  0|  64|           1|          64|
    |inputShareSize_2_fu_726_p3  |  select  |      0|  0|  64|           1|          64|
    |xor_ln54_2_fu_674_p2        |    xor   |      0|  0|   3|           3|           2|
    |xor_ln54_3_fu_826_p2        |    xor   |      0|  0|   3|           3|           3|
    |xor_ln54_4_fu_846_p2        |    xor   |      0|  0|   3|           3|           2|
    |xor_ln54_5_fu_990_p2        |    xor   |      0|  0|   3|           3|           3|
    |xor_ln54_6_fu_1010_p2       |    xor   |      0|  0|   3|           3|           2|
    |xor_ln54_fu_654_p2          |    xor   |      0|  0|   3|           3|           3|
    +----------------------------+----------+-------+---+----+------------+------------+
    |Total                       |          |      0|  0|1475|         807|         936|
    +----------------------------+----------+-------+---+----+------------+------------+

    * Multiplexer: 
    +------------------------------+-----+-----------+-----+-----------+
    |             Name             | LUT | Input Size| Bits| Total Bits|
    +------------------------------+-----+-----------+-----+-----------+
    |ap_NS_fsm                     |  121|         26|    1|         26|
    |ap_return                     |    9|          2|    1|          2|
    |inputShareSize_reg_396        |    9|          2|   64|        128|
    |loop_0_reg_419                |    9|          2|    6|         12|
    |loop_1_reg_442                |    9|          2|    6|         12|
    |loop_2_reg_490                |    9|          2|    6|         12|
    |loop_3_reg_501                |    9|          2|    7|         14|
    |loop_4_reg_512                |    9|          2|    5|         10|
    |loop_5_reg_524                |    9|          2|    5|         10|
    |loop_6_reg_535                |    9|          2|    5|         10|
    |p_01_rec_reg_454              |    9|          2|   16|         32|
    |phi_mul_reg_478               |    9|          2|   15|         30|
    |round_assign_2_reg_431        |    9|          2|    8|         16|
    |round_assign_3_reg_466        |    9|          2|    8|         16|
    |round_assign_reg_408          |    9|          2|    8|         16|
    |sigBytes_address0             |   47|         10|   16|        160|
    |sigBytes_address1             |   15|          3|   16|         48|
    |sig_0_challengeBits_address0  |   21|          4|    6|         24|
    +------------------------------+-----+-----------+-----+-----------+
    |Total                         |  330|         71|  199|        578|
    +------------------------------+-----+-----------+-----+-----------+

    * Register: 
    +----------------------------+----+----+-----+-----------+
    |            Name            | FF | LUT| Bits| Const Bits|
    +----------------------------+----+----+-----+-----------+
    |add_ln2052_reg_1567         |  15|   0|   15|          0|
    |add_ln2058_3_reg_1617       |  14|   0|   14|          0|
    |add_ln2058_reg_1601         |  17|   0|   17|          0|
    |add_ln2071_reg_1635         |  15|   0|   15|          0|
    |add_ln2081_reg_1666         |  13|   0|   13|          0|
    |add_ln2087_6_reg_1700       |  17|   0|   17|          0|
    |add_ln2087_8_reg_1705       |  17|   0|   17|          0|
    |add_ln2087_reg_1679         |  16|   0|   16|          0|
    |ap_CS_fsm                   |  25|   0|   25|          0|
    |ap_return_preg              |   1|   0|    1|          0|
    |bytesExpected_reg_1501      |  64|   0|   64|          0|
    |i_20_reg_1486               |   8|   0|    8|          0|
    |i_21_reg_1536               |   8|   0|    8|          0|
    |i_reg_1586                  |   8|   0|    8|          0|
    |inputShareSize_reg_396      |  64|   0|   64|          0|
    |loop_0_reg_419              |   6|   0|    6|          0|
    |loop_1_reg_442              |   6|   0|    6|          0|
    |loop_2_reg_490              |   6|   0|    6|          0|
    |loop_32_reg_1557            |   6|   0|    6|          0|
    |loop_33_reg_1612            |   6|   0|    6|          0|
    |loop_34_reg_1630            |   7|   0|    7|          0|
    |loop_35_reg_1648            |   5|   0|    5|          0|
    |loop_36_reg_1661            |   5|   0|    5|          0|
    |loop_37_reg_1715            |   5|   0|    5|          0|
    |loop_3_reg_501              |   7|   0|    7|          0|
    |loop_4_reg_512              |   5|   0|    5|          0|
    |loop_5_reg_524              |   5|   0|    5|          0|
    |loop_6_reg_535              |   5|   0|    5|          0|
    |loop_reg_1523               |   6|   0|    6|          0|
    |mul_ln1977_reg_1507         |  16|   0|   16|          0|
    |p_01_rec_reg_454            |  16|   0|   16|          0|
    |p_0_reg_559                 |   1|   0|    1|          0|
    |p_sum5_pn_reg_546           |   1|   0|    8|          7|
    |phi_mul_reg_478             |  15|   0|   15|          0|
    |round_assign_2_reg_431      |   8|   0|    8|          0|
    |round_assign_3_reg_466      |   8|   0|    8|          0|
    |round_assign_reg_408        |   8|   0|    8|          0|
    |sigBytesLen_cast1_reg_1463  |  32|   0|   64|         32|
    |sigBytes_load_6_reg_1720    |   8|   0|    8|          0|
    |sigBytes_load_7_reg_1725    |   8|   0|    8|          0|
    |trunc_ln2087_4_reg_1710     |   2|   0|    2|          0|
    |trunc_ln386_4_reg_1541      |   2|   0|    2|          0|
    |trunc_ln386_reg_1491        |   2|   0|    2|          0|
    |trunc_ln54_reg_1471         |  17|   0|   17|          0|
    |zext_ln2052_reg_1578        |   8|   0|   14|          6|
    |zext_ln2058_reg_1572        |   8|   0|   13|          5|
    |zext_ln386_reg_1596         |   2|   0|    3|          1|
    +----------------------------+----+----+-----+-----------+
    |Total                       | 544|   0|  595|         51|
    +----------------------------+----+----+-----+-----------+



================================================================
== Interface
================================================================
* Summary: 
+------------------------------+-----+-----+------------+----------------------+--------------+
|           RTL Ports          | Dir | Bits|  Protocol  |     Source Object    |    C Type    |
+------------------------------+-----+-----+------------+----------------------+--------------+
|ap_clk                        |  in |    1| ap_ctrl_hs | deserializeSignature | return value |
|ap_rst                        |  in |    1| ap_ctrl_hs | deserializeSignature | return value |
|ap_start                      |  in |    1| ap_ctrl_hs | deserializeSignature | return value |
|ap_done                       | out |    1| ap_ctrl_hs | deserializeSignature | return value |
|ap_idle                       | out |    1| ap_ctrl_hs | deserializeSignature | return value |
|ap_ready                      | out |    1| ap_ctrl_hs | deserializeSignature | return value |
|ap_return                     | out |    1| ap_ctrl_hs | deserializeSignature | return value |
|sig_0_proofs_seed1_address0   | out |   12|  ap_memory |  sig_0_proofs_seed1  |     array    |
|sig_0_proofs_seed1_ce0        | out |    1|  ap_memory |  sig_0_proofs_seed1  |     array    |
|sig_0_proofs_seed1_we0        | out |    1|  ap_memory |  sig_0_proofs_seed1  |     array    |
|sig_0_proofs_seed1_d0         | out |    8|  ap_memory |  sig_0_proofs_seed1  |     array    |
|sig_0_proofs_seed2_address0   | out |   12|  ap_memory |  sig_0_proofs_seed2  |     array    |
|sig_0_proofs_seed2_ce0        | out |    1|  ap_memory |  sig_0_proofs_seed2  |     array    |
|sig_0_proofs_seed2_we0        | out |    1|  ap_memory |  sig_0_proofs_seed2  |     array    |
|sig_0_proofs_seed2_d0         | out |    8|  ap_memory |  sig_0_proofs_seed2  |     array    |
|sig_0_proofs_inputS_address0  | out |   10|  ap_memory |  sig_0_proofs_inputS |     array    |
|sig_0_proofs_inputS_ce0       | out |    1|  ap_memory |  sig_0_proofs_inputS |     array    |
|sig_0_proofs_inputS_we0       | out |    1|  ap_memory |  sig_0_proofs_inputS |     array    |
|sig_0_proofs_inputS_d0        | out |   32|  ap_memory |  sig_0_proofs_inputS |     array    |
|sig_0_proofs_commun_address0  | out |   15|  ap_memory |  sig_0_proofs_commun |     array    |
|sig_0_proofs_commun_ce0       | out |    1|  ap_memory |  sig_0_proofs_commun |     array    |
|sig_0_proofs_commun_we0       | out |    1|  ap_memory |  sig_0_proofs_commun |     array    |
|sig_0_proofs_commun_d0        | out |    8|  ap_memory |  sig_0_proofs_commun |     array    |
|sig_0_proofs_view3C_address0  | out |   13|  ap_memory |  sig_0_proofs_view3C |     array    |
|sig_0_proofs_view3C_ce0       | out |    1|  ap_memory |  sig_0_proofs_view3C |     array    |
|sig_0_proofs_view3C_we0       | out |    1|  ap_memory |  sig_0_proofs_view3C |     array    |
|sig_0_proofs_view3C_d0        | out |    8|  ap_memory |  sig_0_proofs_view3C |     array    |
|sig_0_challengeBits_address0  | out |    6|  ap_memory |  sig_0_challengeBits |     array    |
|sig_0_challengeBits_ce0       | out |    1|  ap_memory |  sig_0_challengeBits |     array    |
|sig_0_challengeBits_we0       | out |    1|  ap_memory |  sig_0_challengeBits |     array    |
|sig_0_challengeBits_d0        | out |    8|  ap_memory |  sig_0_challengeBits |     array    |
|sig_0_challengeBits_q0        |  in |    8|  ap_memory |  sig_0_challengeBits |     array    |
|sig_0_salt_address0           | out |    5|  ap_memory |      sig_0_salt      |     array    |
|sig_0_salt_ce0                | out |    1|  ap_memory |      sig_0_salt      |     array    |
|sig_0_salt_we0                | out |    1|  ap_memory |      sig_0_salt      |     array    |
|sig_0_salt_d0                 | out |    8|  ap_memory |      sig_0_salt      |     array    |
|sigBytes_address0             | out |   16|  ap_memory |       sigBytes       |     array    |
|sigBytes_ce0                  | out |    1|  ap_memory |       sigBytes       |     array    |
|sigBytes_q0                   |  in |    8|  ap_memory |       sigBytes       |     array    |
|sigBytes_address1             | out |   16|  ap_memory |       sigBytes       |     array    |
|sigBytes_ce1                  | out |    1|  ap_memory |       sigBytes       |     array    |
|sigBytes_q1                   |  in |    8|  ap_memory |       sigBytes       |     array    |
|sigBytes_offset               |  in |   64|   ap_none  |    sigBytes_offset   |    scalar    |
|sigBytesLen                   |  in |   32|   ap_none  |      sigBytesLen     |    scalar    |
|params_UnruhGWithout          |  in |    7|   ap_none  | params_UnruhGWithout |    scalar    |
|params_transform_rea          |  in |    2|   ap_none  | params_transform_rea |    scalar    |
+------------------------------+-----+-----+------------+----------------------+--------------+

