

================================================================
== Vivado HLS Report for 'KeccakWidth1600_Spon_13'
================================================================
* Date:           Thu May  7 18:32:06 2020

* Version:        2019.2 (Build 2704478 on Wed Nov 06 22:10:23 MST 2019)
* Project:        picnic1
* Solution:       sing_open
* Product family: artix7
* Target device:  xc7a200t-fbg676-2


================================================================
== Performance Estimates
================================================================
+ Timing: 
    * Summary: 
    +--------+----------+----------+------------+
    |  Clock |  Target  | Estimated| Uncertainty|
    +--------+----------+----------+------------+
    |ap_clk  | 10.00 ns | 8.579 ns |   1.25 ns  |
    +--------+----------+----------+------------+

+ Latency: 
    * Summary: 
    +---------+---------+----------+----------+-----+-----+---------+
    |  Latency (cycles) |  Latency (absolute) |  Interval | Pipeline|
    |   min   |   max   |    min   |    max   | min | max |   Type  |
    +---------+---------+----------+----------+-----+-----+---------+
    |        ?|        ?|         ?|         ?|    ?|    ?|   none  |
    +---------+---------+----------+----------+-----+-----+---------+

    + Detail: 
        * Instance: 
        +----------------------------------+-----------------------+---------+---------+----------+----------+-------+-------+---------+
        |                                  |                       |  Latency (cycles) |  Latency (absolute) |    Interval   | Pipeline|
        |             Instance             |         Module        |   min   |   max   |    min   |    max   |  min  |  max  |   Type  |
        +----------------------------------+-----------------------+---------+---------+----------+----------+-------+-------+---------+
        |grp_KeccakP1600_Permute_s_fu_172  |KeccakP1600_Permute_s  |    18584|    18584| 0.186 ms | 0.186 ms |  18584|  18584|   none  |
        +----------------------------------+-----------------------+---------+---------+----------+----------+-------+-------+---------+

        * Loop: 
        +-----------------+---------+---------+----------+-----------+-----------+------+----------+
        |                 |  Latency (cycles) | Iteration|  Initiation Interval  | Trip |          |
        |    Loop Name    |   min   |   max   |  Latency |  achieved |   target  | Count| Pipelined|
        +-----------------+---------+---------+----------+-----------+-----------+------+----------+
        |- Loop 1         |        ?|        ?|         ?|          -|          -|     ?|    no    |
        | + Loop 1.1      |        ?|        ?|     18923|          -|          -|     ?|    no    |
        |  ++ Loop 1.1.1  |      336|      336|         2|          -|          -|   168|    no    |
        | + Loop 1.2      |        ?|        ?|         2|          -|          -|     ?|    no    |
        +-----------------+---------+---------+----------+-----------+-----------+------+----------+



================================================================
== Utilization Estimates
================================================================
* Summary: 
+-----------------+---------+-------+--------+--------+-----+
|       Name      | BRAM_18K| DSP48E|   FF   |   LUT  | URAM|
+-----------------+---------+-------+--------+--------+-----+
|DSP              |        -|      -|       -|       -|    -|
|Expression       |        -|      -|       0|     848|    -|
|FIFO             |        -|      -|       -|       -|    -|
|Instance         |        8|      -|    1003|    3085|    0|
|Memory           |        -|      -|       -|       -|    -|
|Multiplexer      |        -|      -|       -|     236|    -|
|Register         |        -|      -|     684|       -|    -|
+-----------------+---------+-------+--------+--------+-----+
|Total            |        8|      0|    1687|    4169|    0|
+-----------------+---------+-------+--------+--------+-----+
|Available        |      730|    740|  269200|  134600|    0|
+-----------------+---------+-------+--------+--------+-----+
|Utilization (%)  |        1|      0|   ~0   |       3|    0|
+-----------------+---------+-------+--------+--------+-----+

+ Detail: 
    * Instance: 
    +----------------------------------+-----------------------+---------+-------+------+------+-----+
    |             Instance             |         Module        | BRAM_18K| DSP48E|  FF  |  LUT | URAM|
    +----------------------------------+-----------------------+---------+-------+------+------+-----+
    |grp_KeccakP1600_Permute_s_fu_172  |KeccakP1600_Permute_s  |        8|      0|  1003|  3085|    0|
    +----------------------------------+-----------------------+---------+-------+------+------+-----+
    |Total                             |                       |        8|      0|  1003|  3085|    0|
    +----------------------------------+-----------------------+---------+-------+------+------+-----+

    * DSP48E: 
    N/A

    * Memory: 
    N/A

    * FIFO: 
    N/A

    * Expression: 
    +----------------------------------+----------+-------+---+----+------------+------------+
    |           Variable Name          | Operation| DSP48E| FF| LUT| Bitwidth P0| Bitwidth P1|
    +----------------------------------+----------+-------+---+----+------------+------------+
    |add_ln195_fu_237_p2               |     +    |      0|  0|  37|           8|          30|
    |add_ln212_5_fu_321_p2             |     +    |      0|  0|   8|           8|           8|
    |add_ln212_fu_311_p2               |     +    |      0|  0|   8|           8|           8|
    |add_ln214_fu_338_p2               |     +    |      0|  0|  71|          64|           8|
    |add_ln224_fu_344_p2               |     +    |      0|  0|  39|          32|          32|
    |add_ln232_9_fu_411_p2             |     +    |      0|  0|  39|          32|          32|
    |add_ln232_fu_400_p2               |     +    |      0|  0|  15|           8|           8|
    |add_ln236_fu_422_p2               |     +    |      0|  0|  39|          32|          32|
    |i_fu_376_p2                       |     +    |      0|  0|  41|          34|          34|
    |j_13_fu_332_p2                    |     +    |      0|  0|  71|          64|           9|
    |loop_48_fu_296_p2                 |     +    |      0|  0|  15|           8|           1|
    |loop_fu_386_p2                    |     +    |      0|  0|  39|          32|           1|
    |p_2_rec_fu_442_p2                 |     +    |      0|  0|  71|          64|          64|
    |j_fu_248_p2                       |     -    |      0|  0|  41|          34|          34|
    |partialBlock_11_fu_355_p2         |     -    |      0|  0|  39|           8|          32|
    |partialBlock_fu_261_p2            |     -    |      0|  0|  39|          32|          32|
    |sub_ln216_fu_279_p2               |     -    |      0|  0|  41|          34|          34|
    |ap_block_state10_on_subcall_done  |    and   |      0|  0|   2|           1|           1|
    |icmp_ln194_fu_222_p2              |   icmp   |      0|  0|  21|          34|          34|
    |icmp_ln195_1_fu_243_p2            |   icmp   |      0|  0|  18|          30|          30|
    |icmp_ln195_fu_227_p2              |   icmp   |      0|  0|  18|          32|           1|
    |icmp_ln206_fu_266_p2              |   icmp   |      0|  0|  29|          64|           8|
    |icmp_ln211_fu_290_p2              |   icmp   |      0|  0|  11|           8|           8|
    |icmp_ln224_fu_349_p2              |   icmp   |      0|  0|  18|          32|           8|
    |icmp_ln231_fu_381_p2              |   icmp   |      0|  0|  18|          32|          32|
    |icmp_ln237_fu_427_p2              |   icmp   |      0|  0|  18|          32|           8|
    |ap_predicate_op113_call_state10   |    or    |      0|  0|   2|           1|           1|
    |select_ln224_fu_361_p3            |  select  |      0|  0|  32|           1|          32|
    |grp_fu_190_p2                     |    xor   |      0|  0|   8|           8|           8|
    +----------------------------------+----------+-------+---+----+------------+------------+
    |Total                             |          |      0|  0| 848|         777|         570|
    +----------------------------------+----------+-------+---+----+------------+------------+

    * Multiplexer: 
    +-------------------------------------+----+-----------+-----+-----------+
    |                 Name                | LUT| Input Size| Bits| Total Bits|
    +-------------------------------------+----+-----------+-----+-----------+
    |ap_NS_fsm                            |  50|         11|    1|         11|
    |ap_phi_mux_p_1_rec_pn_phi_fu_163_p6  |   9|          2|   64|        128|
    |data_address0                        |  15|          3|    7|         21|
    |i_31_fu_42                           |  15|          3|   34|        102|
    |instance_byteIOIndex_fu_46           |  15|          3|   32|         96|
    |instance_state_address0              |  33|          6|    8|         48|
    |instance_state_ce0                   |  15|          3|    1|          3|
    |instance_state_d0                    |  15|          3|    8|         24|
    |instance_state_we0                   |  15|          3|    1|          3|
    |j_0_reg_116                          |   9|          2|   64|        128|
    |loop_1_reg_149                       |   9|          2|   32|         64|
    |offset_assign_14_reg_138             |   9|          2|    8|         16|
    |p_01_rec_reg_104                     |   9|          2|   64|        128|
    |p_1_rec_pn_reg_160                   |   9|          2|   64|        128|
    |p_1_rec_reg_126                      |   9|          2|   64|        128|
    +-------------------------------------+----+-----------+-----+-----------+
    |Total                                | 236|         49|  452|       1028|
    +-------------------------------------+----+-----------+-----+-----------+

    * Register: 
    +-----------------------------------------------+----+----+-----+-----------+
    |                      Name                     | FF | LUT| Bits| Const Bits|
    +-----------------------------------------------+----+----+-----+-----------+
    |ap_CS_fsm                                      |  10|   0|   10|          0|
    |dataByteLen_cast1_ca_reg_469                   |   8|   0|   34|         26|
    |grp_KeccakP1600_Permute_s_fu_172_ap_start_reg  |   1|   0|    1|          0|
    |i_31_fu_42                                     |  34|   0|   34|          0|
    |i_31_load_reg_485                              |  34|   0|   34|          0|
    |i_reg_555                                      |  34|   0|   34|          0|
    |icmp_ln195_1_reg_497                           |   1|   0|    1|          0|
    |icmp_ln195_reg_493                             |   1|   0|    1|          0|
    |icmp_ln237_reg_578                             |   1|   0|    1|          0|
    |instance_byteIOIndex_fu_46                     |  32|   0|   32|          0|
    |instance_state_addr_11_reg_528                 |   8|   0|    8|          0|
    |instance_state_addr_reg_573                    |   8|   0|    8|          0|
    |j_0_reg_116                                    |  64|   0|   64|          0|
    |j_13_reg_533                                   |  64|   0|   64|          0|
    |loop_1_reg_149                                 |  32|   0|   32|          0|
    |loop_48_reg_518                                |   8|   0|    8|          0|
    |loop_reg_563                                   |  32|   0|   32|          0|
    |offset_assign_14_reg_138                       |   8|   0|    8|          0|
    |p_01_rec_reg_104                               |  64|   0|   64|          0|
    |p_1_rec_pn_reg_160                             |  64|   0|   64|          0|
    |p_1_rec_reg_126                                |  64|   0|   64|          0|
    |partialBlock_reg_506                           |  32|   0|   32|          0|
    |select_ln224_reg_543                           |  32|   0|   32|          0|
    |zext_ln195_reg_475                             |   8|   0|   30|         22|
    |zext_ln223_reg_480                             |   8|   0|   32|         24|
    |zext_ln229_reg_549                             |  32|   0|   64|         32|
    +-----------------------------------------------+----+----+-----+-----------+
    |Total                                          | 684|   0|  788|        104|
    +-----------------------------------------------+----+----+-----+-----------+



================================================================
== Interface
================================================================
* Summary: 
+---------------------------+-----+-----+------------+---------------------------+--------------+
|         RTL Ports         | Dir | Bits|  Protocol  |       Source Object       |    C Type    |
+---------------------------+-----+-----+------------+---------------------------+--------------+
|ap_clk                     |  in |    1| ap_ctrl_hs |  KeccakWidth1600_Spon.13  | return value |
|ap_rst                     |  in |    1| ap_ctrl_hs |  KeccakWidth1600_Spon.13  | return value |
|ap_start                   |  in |    1| ap_ctrl_hs |  KeccakWidth1600_Spon.13  | return value |
|ap_done                    | out |    1| ap_ctrl_hs |  KeccakWidth1600_Spon.13  | return value |
|ap_idle                    | out |    1| ap_ctrl_hs |  KeccakWidth1600_Spon.13  | return value |
|ap_ready                   | out |    1| ap_ctrl_hs |  KeccakWidth1600_Spon.13  | return value |
|ap_return                  | out |   32| ap_ctrl_hs |  KeccakWidth1600_Spon.13  | return value |
|instance_state_address0    | out |    8|  ap_memory |       instance_state      |     array    |
|instance_state_ce0         | out |    1|  ap_memory |       instance_state      |     array    |
|instance_state_we0         | out |    1|  ap_memory |       instance_state      |     array    |
|instance_state_d0          | out |    8|  ap_memory |       instance_state      |     array    |
|instance_state_q0          |  in |    8|  ap_memory |       instance_state      |     array    |
|instance_byteIOIndex_read  |  in |   32|   ap_none  | instance_byteIOIndex_read |    scalar    |
|data_address0              | out |    7|  ap_memory |            data           |     array    |
|data_ce0                   | out |    1|  ap_memory |            data           |     array    |
|data_q0                    |  in |    8|  ap_memory |            data           |     array    |
|dataByteLen                |  in |    8|   ap_none  |        dataByteLen        |    scalar    |
+---------------------------+-----+-----+------------+---------------------------+--------------+

