

================================================================
== Vivado HLS Report for 'KeccakWidth1600_Spon'
================================================================
* Date:           Thu May  7 18:31:49 2020

* Version:        2019.2 (Build 2704478 on Wed Nov 06 22:10:23 MST 2019)
* Project:        picnic1
* Solution:       sing_open
* Product family: artix7
* Target device:  xc7a200t-fbg676-2


================================================================
== Performance Estimates
================================================================
+ Timing: 
    * Summary: 
    +--------+----------+----------+------------+
    |  Clock |  Target  | Estimated| Uncertainty|
    +--------+----------+----------+------------+
    |ap_clk  | 10.00 ns | 8.579 ns |   1.25 ns  |
    +--------+----------+----------+------------+

+ Latency: 
    * Summary: 
    +---------+---------+----------+----------+-----+-----+---------+
    |  Latency (cycles) |  Latency (absolute) |  Interval | Pipeline|
    |   min   |   max   |    min   |    max   | min | max |   Type  |
    +---------+---------+----------+----------+-----+-----+---------+
    |        ?|        ?|         ?|         ?|    ?|    ?|   none  |
    +---------+---------+----------+----------+-----+-----+---------+

    + Detail: 
        * Instance: 
        +----------------------------------+-----------------------+---------+---------+----------+----------+-------+-------+---------+
        |                                  |                       |  Latency (cycles) |  Latency (absolute) |    Interval   | Pipeline|
        |             Instance             |         Module        |   min   |   max   |    min   |    max   |  min  |  max  |   Type  |
        +----------------------------------+-----------------------+---------+---------+----------+----------+-------+-------+---------+
        |grp_KeccakP1600_Permute_s_fu_258  |KeccakP1600_Permute_s  |    18584|    18584| 0.186 ms | 0.186 ms |  18584|  18584|   none  |
        +----------------------------------+-----------------------+---------+---------+----------+----------+-------+-------+---------+

        * Loop: 
        +-----------------+---------+---------+----------+-----------+-----------+------+----------+
        |                 |  Latency (cycles) | Iteration|  Initiation Interval  | Trip |          |
        |    Loop Name    |   min   |   max   |  Latency |  achieved |   target  | Count| Pipelined|
        +-----------------+---------+---------+----------+-----------+-----------+------+----------+
        |- Loop 1         |        ?|        ?|         ?|          -|          -|     ?|    no    |
        | + Loop 1.1      |        ?|        ?|     18923|          -|          -|     ?|    no    |
        |  ++ Loop 1.1.1  |      336|      336|         2|          -|          -|   168|    no    |
        | + Loop 1.2      |        ?|        ?|         2|          -|          -|     ?|    no    |
        +-----------------+---------+---------+----------+-----------+-----------+------+----------+



================================================================
== Utilization Estimates
================================================================
* Summary: 
+-----------------+---------+-------+--------+--------+-----+
|       Name      | BRAM_18K| DSP48E|   FF   |   LUT  | URAM|
+-----------------+---------+-------+--------+--------+-----+
|DSP              |        -|      -|       -|       -|    -|
|Expression       |        -|      -|       0|     900|    -|
|FIFO             |        -|      -|       -|       -|    -|
|Instance         |        8|      -|    1003|    3085|    0|
|Memory           |        -|      -|       -|       -|    -|
|Multiplexer      |        -|      -|       -|     306|    -|
|Register         |        -|      -|     749|       -|    -|
+-----------------+---------+-------+--------+--------+-----+
|Total            |        8|      0|    1752|    4291|    0|
+-----------------+---------+-------+--------+--------+-----+
|Available        |      730|    740|  269200|  134600|    0|
+-----------------+---------+-------+--------+--------+-----+
|Utilization (%)  |        1|      0|   ~0   |       3|    0|
+-----------------+---------+-------+--------+--------+-----+

+ Detail: 
    * Instance: 
    +----------------------------------+-----------------------+---------+-------+------+------+-----+
    |             Instance             |         Module        | BRAM_18K| DSP48E|  FF  |  LUT | URAM|
    +----------------------------------+-----------------------+---------+-------+------+------+-----+
    |grp_KeccakP1600_Permute_s_fu_258  |KeccakP1600_Permute_s  |        8|      0|  1003|  3085|    0|
    +----------------------------------+-----------------------+---------+-------+------+------+-----+
    |Total                             |                       |        8|      0|  1003|  3085|    0|
    +----------------------------------+-----------------------+---------+-------+------+------+-----+

    * DSP48E: 
    N/A

    * Memory: 
    N/A

    * FIFO: 
    N/A

    * Expression: 
    +----------------------------------+----------+-------+---+----+------------+------------+
    |           Variable Name          | Operation| DSP48E| FF| LUT| Bitwidth P0| Bitwidth P1|
    +----------------------------------+----------+-------+---+----+------------+------------+
    |add_ln303_fu_338_p2               |     +    |      0|  0|  37|           8|          30|
    |add_ln310_fu_432_p2               |     +    |      0|  0|  71|          64|           8|
    |add_ln321_fu_456_p2               |     +    |      0|  0|  39|          32|          32|
    |add_ln329_fu_551_p2               |     +    |      0|  0|  71|          64|          64|
    |add_ln330_fu_538_p2               |     +    |      0|  0|  39|          32|          32|
    |add_ln394_10_fu_533_p2            |     +    |      0|  0|  17|          10|          10|
    |add_ln394_11_fu_427_p2            |     +    |      0|  0|  17|          10|          10|
    |add_ln394_1_fu_523_p2             |     +    |      0|  0|  16|           9|           9|
    |add_ln394_2_fu_417_p2             |     +    |      0|  0|   8|           9|           9|
    |add_ln394_3_fu_407_p2             |     +    |      0|  0|   8|           9|           9|
    |add_ln394_fu_504_p2               |     +    |      0|  0|  39|          32|          32|
    |i_fu_488_p2                       |     +    |      0|  0|  41|          34|          34|
    |j_18_fu_438_p2                    |     +    |      0|  0|  71|          64|           9|
    |loop_53_fu_388_p2                 |     +    |      0|  0|  15|           8|           1|
    |loop_fu_498_p2                    |     +    |      0|  0|  39|          32|           1|
    |j_fu_349_p2                       |     -    |      0|  0|  41|          34|          34|
    |partialBlock_17_fu_467_p2         |     -    |      0|  0|  39|           8|          32|
    |partialBlock_fu_451_p2            |     -    |      0|  0|  39|          32|          32|
    |sub_ln312_fu_371_p2               |     -    |      0|  0|  41|          34|          34|
    |ap_block_state12_on_subcall_done  |    and   |      0|  0|   2|           1|           1|
    |ap_block_state6_on_subcall_done   |    and   |      0|  0|   2|           1|           1|
    |icmp_ln297_fu_284_p2              |   icmp   |      0|  0|  18|          32|           1|
    |icmp_ln302_fu_323_p2              |   icmp   |      0|  0|  21|          34|          34|
    |icmp_ln303_1_fu_344_p2            |   icmp   |      0|  0|  18|          30|          30|
    |icmp_ln303_fu_328_p2              |   icmp   |      0|  0|  18|          32|           8|
    |icmp_ln304_fu_358_p2              |   icmp   |      0|  0|  29|          64|           8|
    |icmp_ln321_fu_461_p2              |   icmp   |      0|  0|  18|          32|           8|
    |icmp_ln393_1_fu_382_p2            |   icmp   |      0|  0|  11|           8|           8|
    |icmp_ln393_fu_493_p2              |   icmp   |      0|  0|  18|          32|          32|
    |partialBlock_18_fu_473_p3         |  select  |      0|  0|  32|           1|          32|
    |select_ln394_fu_276_p3            |  select  |      0|  0|   8|           1|           8|
    |xor_ln149_1_fu_302_p2             |    xor   |      0|  0|   9|           8|           9|
    |xor_ln149_fu_295_p2               |    xor   |      0|  0|   8|           8|           1|
    +----------------------------------+----------+-------+---+----+------------+------------+
    |Total                             |          |      0|  0| 900|         809|         603|
    +----------------------------------+----------+-------+---+----+------------+------------+

    * Multiplexer: 
    +-----------------------------------------------+----+-----------+-----+-----------+
    |                      Name                     | LUT| Input Size| Bits| Total Bits|
    +-----------------------------------------------+----+-----------+-----+-----------+
    |ap_NS_fsm                                      |  85|         17|    1|         17|
    |ap_phi_mux_instance_byteIOIndex_phi_fu_147_p4  |   9|          2|   32|         64|
    |curData_0_idx_reg_166                          |   9|          2|   64|        128|
    |curData_1_rec_pn_reg_248                       |   9|          2|   64|        128|
    |curData_1_rec_reg_188                          |   9|          2|   64|        128|
    |data_0_address0                                |  15|          3|    9|         27|
    |i_36_fu_56                                     |  15|          3|   34|        102|
    |instance_byteIOIndex_1_reg_155                 |   9|          2|   32|         64|
    |instance_byteIOIndex_3_reg_235                 |   9|          2|   32|         64|
    |instance_byteIOIndex_reg_144                   |   9|          2|   32|         64|
    |instance_state_address0                        |  41|          8|    8|         64|
    |instance_state_ce0                             |  15|          3|    1|          3|
    |instance_state_d0                              |  21|          4|    8|         32|
    |instance_state_we0                             |  15|          3|    1|          3|
    |j_0_reg_178                                    |   9|          2|   64|        128|
    |loop_0_i1_reg_224                              |   9|          2|   32|         64|
    |loop_0_i_reg_200                               |   9|          2|    8|         16|
    |offset_assign_1_reg_211                        |   9|          2|   32|         64|
    +-----------------------------------------------+----+-----------+-----+-----------+
    |Total                                          | 306|         63|  518|       1160|
    +-----------------------------------------------+----+-----------+-----+-----------+

    * Register: 
    +-----------------------------------------------+----+----+-----+-----------+
    |                      Name                     | FF | LUT| Bits| Const Bits|
    +-----------------------------------------------+----+----+-----+-----------+
    |add_ln394_10_reg_700                           |  10|   0|   10|          0|
    |add_ln394_11_reg_650                           |  10|   0|   10|          0|
    |ap_CS_fsm                                      |  16|   0|   16|          0|
    |curData_0_idx_reg_166                          |  64|   0|   64|          0|
    |curData_1_rec_pn_reg_248                       |  64|   0|   64|          0|
    |curData_1_rec_reg_188                          |  64|   0|   64|          0|
    |dataByteLen_cast_reg_562                       |   9|   0|    9|          0|
    |grp_KeccakP1600_Permute_s_fu_258_ap_start_reg  |   1|   0|    1|          0|
    |i_36_fu_56                                     |  34|   0|   34|          0|
    |i_36_load_reg_613                              |  34|   0|   34|          0|
    |i_reg_682                                      |  34|   0|   34|          0|
    |icmp_ln297_reg_581                             |   1|   0|    1|          0|
    |icmp_ln303_reg_622                             |   1|   0|    1|          0|
    |instance_byteIOIndex_1_reg_155                 |  32|   0|   32|          0|
    |instance_byteIOIndex_3_reg_235                 |  32|   0|   32|          0|
    |instance_byteIOIndex_reg_144                   |  32|   0|   32|          0|
    |instance_state_addr_reg_585                    |   8|   0|    8|          0|
    |j_0_reg_178                                    |  64|   0|   64|          0|
    |loop_0_i1_reg_224                              |  32|   0|   32|          0|
    |loop_0_i_reg_200                               |   8|   0|    8|          0|
    |loop_53_reg_640                                |   8|   0|    8|          0|
    |loop_reg_690                                   |  32|   0|   32|          0|
    |offset_assign_1_reg_211                        |  32|   0|   32|          0|
    |partialBlock_18_reg_671                        |  32|   0|   32|          0|
    |partialBlock_reg_665                           |  32|   0|   32|          0|
    |select_ln394_reg_575                           |   4|   0|   10|          6|
    |zext_ln303_reg_603                             |   9|   0|   30|         21|
    |zext_ln320_reg_608                             |   9|   0|   32|         23|
    |zext_ln323_reg_677                             |  32|   0|   64|         32|
    |zext_ln394_13_reg_569                          |   9|   0|   34|         25|
    +-----------------------------------------------+----+----+-----+-----------+
    |Total                                          | 749|   0|  856|        107|
    +-----------------------------------------------+----+----+-----+-----------+



================================================================
== Interface
================================================================
* Summary: 
+---------------------------+-----+-----+------------+---------------------------+--------------+
|         RTL Ports         | Dir | Bits|  Protocol  |       Source Object       |    C Type    |
+---------------------------+-----+-----+------------+---------------------------+--------------+
|ap_clk                     |  in |    1| ap_ctrl_hs |    KeccakWidth1600_Spon   | return value |
|ap_rst                     |  in |    1| ap_ctrl_hs |    KeccakWidth1600_Spon   | return value |
|ap_start                   |  in |    1| ap_ctrl_hs |    KeccakWidth1600_Spon   | return value |
|ap_done                    | out |    1| ap_ctrl_hs |    KeccakWidth1600_Spon   | return value |
|ap_idle                    | out |    1| ap_ctrl_hs |    KeccakWidth1600_Spon   | return value |
|ap_ready                   | out |    1| ap_ctrl_hs |    KeccakWidth1600_Spon   | return value |
|instance_state_address0    | out |    8|  ap_memory |       instance_state      |     array    |
|instance_state_ce0         | out |    1|  ap_memory |       instance_state      |     array    |
|instance_state_we0         | out |    1|  ap_memory |       instance_state      |     array    |
|instance_state_d0          | out |    8|  ap_memory |       instance_state      |     array    |
|instance_state_q0          |  in |    8|  ap_memory |       instance_state      |     array    |
|instance_byteIOIndex_read  |  in |   32|   ap_none  | instance_byteIOIndex_read |    scalar    |
|instance_squeezing_read    |  in |   32|   ap_none  |  instance_squeezing_read  |    scalar    |
|data_0_address0            | out |    9|  ap_memory |           data_0          |     array    |
|data_0_ce0                 | out |    1|  ap_memory |           data_0          |     array    |
|data_0_we0                 | out |    1|  ap_memory |           data_0          |     array    |
|data_0_d0                  | out |    8|  ap_memory |           data_0          |     array    |
|data_offset1               |  in |    1|   ap_none  |        data_offset1       |    scalar    |
|dataByteLen                |  in |    8|   ap_none  |        dataByteLen        |    scalar    |
+---------------------------+-----+-----+------------+---------------------------+--------------+

