

================================================================
== Vivado HLS Report for 'KeccakWidth1600_Spon_9'
================================================================
* Date:           Thu May  7 18:31:46 2020

* Version:        2019.2 (Build 2704478 on Wed Nov 06 22:10:23 MST 2019)
* Project:        picnic1
* Solution:       sing_open
* Product family: artix7
* Target device:  xc7a200t-fbg676-2


================================================================
== Performance Estimates
================================================================
+ Timing: 
    * Summary: 
    +--------+----------+----------+------------+
    |  Clock |  Target  | Estimated| Uncertainty|
    +--------+----------+----------+------------+
    |ap_clk  | 10.00 ns | 8.579 ns |   1.25 ns  |
    +--------+----------+----------+------------+

+ Latency: 
    * Summary: 
    +---------+---------+----------+----------+-----+-----+---------+
    |  Latency (cycles) |  Latency (absolute) |  Interval | Pipeline|
    |   min   |   max   |    min   |    max   | min | max |   Type  |
    +---------+---------+----------+----------+-----+-----+---------+
    |        ?|        ?|         ?|         ?|    ?|    ?|   none  |
    +---------+---------+----------+----------+-----+-----+---------+

    + Detail: 
        * Instance: 
        +---------------------------------+-----------------------+---------+---------+----------+----------+-------+-------+---------+
        |                                 |                       |  Latency (cycles) |  Latency (absolute) |    Interval   | Pipeline|
        |             Instance            |         Module        |   min   |   max   |    min   |    max   |  min  |  max  |   Type  |
        +---------------------------------+-----------------------+---------+---------+----------+----------+-------+-------+---------+
        |grp_KeccakP1600_Permute_s_fu_54  |KeccakP1600_Permute_s  |    18584|    18584| 0.186 ms | 0.186 ms |  18584|  18584|   none  |
        +---------------------------------+-----------------------+---------+---------+----------+----------+-------+-------+---------+

        * Loop: 
        +-------------+---------+---------+----------+-----------+-----------+------+----------+
        |             |  Latency (cycles) | Iteration|  Initiation Interval  | Trip |          |
        |  Loop Name  |   min   |   max   |  Latency |  achieved |   target  | Count| Pipelined|
        +-------------+---------+---------+----------+-----------+-----------+------+----------+
        |- Loop 1     |        ?|        ?|         ?|          -|          -|     ?|    no    |
        | + Loop 1.1  |        ?|        ?|         2|          -|          -|     ?|    no    |
        +-------------+---------+---------+----------+-----------+-----------+------+----------+



================================================================
== Utilization Estimates
================================================================
* Summary: 
+-----------------+---------+-------+--------+--------+-----+
|       Name      | BRAM_18K| DSP48E|   FF   |   LUT  | URAM|
+-----------------+---------+-------+--------+--------+-----+
|DSP              |        -|      -|       -|       -|    -|
|Expression       |        -|      -|       0|     309|    -|
|FIFO             |        -|      -|       -|       -|    -|
|Instance         |        8|      -|    1003|    3085|    0|
|Memory           |        -|      -|       -|       -|    -|
|Multiplexer      |        -|      -|       -|     117|    -|
|Register         |        -|      -|     147|       -|    -|
+-----------------+---------+-------+--------+--------+-----+
|Total            |        8|      0|    1150|    3511|    0|
+-----------------+---------+-------+--------+--------+-----+
|Available        |      730|    740|  269200|  134600|    0|
+-----------------+---------+-------+--------+--------+-----+
|Utilization (%)  |        1|      0|   ~0   |       2|    0|
+-----------------+---------+-------+--------+--------+-----+

+ Detail: 
    * Instance: 
    +---------------------------------+-----------------------+---------+-------+------+------+-----+
    |             Instance            |         Module        | BRAM_18K| DSP48E|  FF  |  LUT | URAM|
    +---------------------------------+-----------------------+---------+-------+------+------+-----+
    |grp_KeccakP1600_Permute_s_fu_54  |KeccakP1600_Permute_s  |        8|      0|  1003|  3085|    0|
    +---------------------------------+-----------------------+---------+-------+------+------+-----+
    |Total                            |                       |        8|      0|  1003|  3085|    0|
    +---------------------------------+-----------------------+---------+-------+------+------+-----+

    * DSP48E: 
    N/A

    * Memory: 
    N/A

    * FIFO: 
    N/A

    * Expression: 
    +---------------------------------+----------+-------+---+----+------------+------------+
    |          Variable Name          | Operation| DSP48E| FF| LUT| Bitwidth P0| Bitwidth P1|
    +---------------------------------+----------+-------+---+----+------------+------------+
    |add_ln224_fu_76_p2               |     +    |      0|  0|  39|          32|           1|
    |add_ln232_fu_113_p2              |     +    |      0|  0|  39|          32|          32|
    |add_ln236_fu_124_p2              |     +    |      0|  0|  39|          32|          32|
    |loop_fu_107_p2                   |     +    |      0|  0|  39|          32|           1|
    |partialBlock_fu_88_p2            |     -    |      0|  0|  39|           8|          32|
    |ap_block_state5_on_subcall_done  |    and   |      0|  0|   2|           1|           1|
    |icmp_ln224_fu_82_p2              |   icmp   |      0|  0|  18|          32|           8|
    |icmp_ln231_fu_102_p2             |   icmp   |      0|  0|  18|          32|          32|
    |icmp_ln237_fu_129_p2             |   icmp   |      0|  0|  18|          32|           8|
    |phitmp_fu_146_p2                 |   icmp   |      0|  0|  18|          32|           1|
    |select_ln224_fu_94_p3            |  select  |      0|  0|  32|           1|          32|
    |xor_ln149_fu_140_p2              |    xor   |      0|  0|   8|           8|           8|
    +---------------------------------+----------+-------+---+----+------------+------------+
    |Total                            |          |      0|  0| 309|         274|         188|
    +---------------------------------+----------+-------+---+----+------------+------------+

    * Multiplexer: 
    +------------------------------+----+-----------+-----+-----------+
    |             Name             | LUT| Input Size| Bits| Total Bits|
    +------------------------------+----+-----------+-----+-----------+
    |ap_NS_fsm                     |  33|          6|    1|          6|
    |instance_byteIOIndex_1_fu_20  |   9|          2|   32|         64|
    |instance_state_address0       |  21|          4|    8|         32|
    |instance_state_ce0            |  15|          3|    1|          3|
    |instance_state_d0             |  15|          3|    8|         24|
    |instance_state_we0            |  15|          3|    1|          3|
    |loop_1_reg_43                 |   9|          2|   32|         64|
    +------------------------------+----+-----------+-----+-----------+
    |Total                         | 117|         23|   83|        196|
    +------------------------------+----+-----------+-----+-----------+

    * Register: 
    +----------------------------------------------+----+----+-----+-----------+
    |                     Name                     | FF | LUT| Bits| Const Bits|
    +----------------------------------------------+----+----+-----+-----------+
    |ap_CS_fsm                                     |   5|   0|    5|          0|
    |data_0_read_cast_reg_158                      |   4|   0|    8|          4|
    |grp_KeccakP1600_Permute_s_fu_54_ap_start_reg  |   1|   0|    1|          0|
    |icmp_ln237_reg_183                            |   1|   0|    1|          0|
    |instance_byteIOIndex_1_fu_20                  |  32|   0|   32|          0|
    |instance_state_addr_reg_178                   |   8|   0|    8|          0|
    |loop_1_reg_43                                 |  32|   0|   32|          0|
    |loop_reg_173                                  |  32|   0|   32|          0|
    |select_ln224_reg_163                          |  32|   0|   32|          0|
    +----------------------------------------------+----+----+-----+-----------+
    |Total                                         | 147|   0|  151|          4|
    +----------------------------------------------+----+----+-----+-----------+



================================================================
== Interface
================================================================
* Summary: 
+-------------------------+-----+-----+------------+------------------------+--------------+
|        RTL Ports        | Dir | Bits|  Protocol  |      Source Object     |    C Type    |
+-------------------------+-----+-----+------------+------------------------+--------------+
|ap_clk                   |  in |    1| ap_ctrl_hs | KeccakWidth1600_Spon.9 | return value |
|ap_rst                   |  in |    1| ap_ctrl_hs | KeccakWidth1600_Spon.9 | return value |
|ap_start                 |  in |    1| ap_ctrl_hs | KeccakWidth1600_Spon.9 | return value |
|ap_done                  | out |    1| ap_ctrl_hs | KeccakWidth1600_Spon.9 | return value |
|ap_idle                  | out |    1| ap_ctrl_hs | KeccakWidth1600_Spon.9 | return value |
|ap_ready                 | out |    1| ap_ctrl_hs | KeccakWidth1600_Spon.9 | return value |
|ap_return                | out |   32| ap_ctrl_hs | KeccakWidth1600_Spon.9 | return value |
|instance_state_address0  | out |    8|  ap_memory |     instance_state     |     array    |
|instance_state_ce0       | out |    1|  ap_memory |     instance_state     |     array    |
|instance_state_we0       | out |    1|  ap_memory |     instance_state     |     array    |
|instance_state_d0        | out |    8|  ap_memory |     instance_state     |     array    |
|instance_state_q0        |  in |    8|  ap_memory |     instance_state     |     array    |
|data_0_read              |  in |    4|   ap_none  |       data_0_read      |    scalar    |
+-------------------------+-----+-----+------------+------------------------+--------------+

