

================================================================
== Vivado HLS Report for 'KeccakWidth1600_Spon_8'
================================================================
* Date:           Thu May  7 18:31:53 2020

* Version:        2019.2 (Build 2704478 on Wed Nov 06 22:10:23 MST 2019)
* Project:        picnic1
* Solution:       sing_open
* Product family: artix7
* Target device:  xc7a200t-fbg676-2


================================================================
== Performance Estimates
================================================================
+ Timing: 
    * Summary: 
    +--------+----------+----------+------------+
    |  Clock |  Target  | Estimated| Uncertainty|
    +--------+----------+----------+------------+
    |ap_clk  | 10.00 ns | 8.579 ns |   1.25 ns  |
    +--------+----------+----------+------------+

+ Latency: 
    * Summary: 
    +---------+---------+----------+----------+-----+-----+---------+
    |  Latency (cycles) |  Latency (absolute) |  Interval | Pipeline|
    |   min   |   max   |    min   |    max   | min | max |   Type  |
    +---------+---------+----------+----------+-----+-----+---------+
    |        ?|        ?|         ?|         ?|    ?|    ?|   none  |
    +---------+---------+----------+----------+-----+-----+---------+

    + Detail: 
        * Instance: 
        +----------------------------------+-----------------------+---------+---------+----------+----------+-------+-------+---------+
        |                                  |                       |  Latency (cycles) |  Latency (absolute) |    Interval   | Pipeline|
        |             Instance             |         Module        |   min   |   max   |    min   |    max   |  min  |  max  |   Type  |
        +----------------------------------+-----------------------+---------+---------+----------+----------+-------+-------+---------+
        |grp_KeccakP1600_Permute_s_fu_163  |KeccakP1600_Permute_s  |    18584|    18584| 0.186 ms | 0.186 ms |  18584|  18584|   none  |
        +----------------------------------+-----------------------+---------+---------+----------+----------+-------+-------+---------+

        * Loop: 
        +-----------------+---------+---------+----------+-----------+-----------+------+----------+
        |                 |  Latency (cycles) | Iteration|  Initiation Interval  | Trip |          |
        |    Loop Name    |   min   |   max   |  Latency |  achieved |   target  | Count| Pipelined|
        +-----------------+---------+---------+----------+-----------+-----------+------+----------+
        |- Loop 1         |        ?|        ?|         ?|          -|          -|     ?|    no    |
        | + Loop 1.1      |        ?|        ?|     18923|          -|          -|     ?|    no    |
        |  ++ Loop 1.1.1  |      336|      336|         2|          -|          -|   168|    no    |
        | + Loop 1.2      |        ?|        ?|         2|          -|          -|     ?|    no    |
        +-----------------+---------+---------+----------+-----------+-----------+------+----------+



================================================================
== Utilization Estimates
================================================================
* Summary: 
+-----------------+---------+-------+--------+--------+-----+
|       Name      | BRAM_18K| DSP48E|   FF   |   LUT  | URAM|
+-----------------+---------+-------+--------+--------+-----+
|DSP              |        -|      -|       -|       -|    -|
|Expression       |        -|      -|       0|     814|    -|
|FIFO             |        -|      -|       -|       -|    -|
|Instance         |        8|      -|    1003|    3085|    0|
|Memory           |        -|      -|       -|       -|    -|
|Multiplexer      |        -|      -|       -|     218|    -|
|Register         |        -|      -|     593|       -|    -|
+-----------------+---------+-------+--------+--------+-----+
|Total            |        8|      0|    1596|    4117|    0|
+-----------------+---------+-------+--------+--------+-----+
|Available        |      730|    740|  269200|  134600|    0|
+-----------------+---------+-------+--------+--------+-----+
|Utilization (%)  |        1|      0|   ~0   |       3|    0|
+-----------------+---------+-------+--------+--------+-----+

+ Detail: 
    * Instance: 
    +----------------------------------+-----------------------+---------+-------+------+------+-----+
    |             Instance             |         Module        | BRAM_18K| DSP48E|  FF  |  LUT | URAM|
    +----------------------------------+-----------------------+---------+-------+------+------+-----+
    |grp_KeccakP1600_Permute_s_fu_163  |KeccakP1600_Permute_s  |        8|      0|  1003|  3085|    0|
    +----------------------------------+-----------------------+---------+-------+------+------+-----+
    |Total                             |                       |        8|      0|  1003|  3085|    0|
    +----------------------------------+-----------------------+---------+-------+------+------+-----+

    * DSP48E: 
    N/A

    * Memory: 
    N/A

    * FIFO: 
    N/A

    * Expression: 
    +--------------------------+----------+-------+---+----+------------+------------+
    |       Variable Name      | Operation| DSP48E| FF| LUT| Bitwidth P0| Bitwidth P1|
    +--------------------------+----------+-------+---+----+------------+------------+
    |add_ln195_fu_220_p2       |     +    |      0|  0|  37|           8|          30|
    |add_ln214_fu_374_p2       |     +    |      0|  0|  71|          64|           8|
    |add_ln224_fu_263_p2       |     +    |      0|  0|  39|          32|          32|
    |add_ln232_fu_391_p2       |     +    |      0|  0|  39|          32|          32|
    |add_ln236_fu_402_p2       |     +    |      0|  0|  39|          32|          32|
    |i_fu_297_p2               |     +    |      0|  0|  41|          34|          34|
    |j_5_fu_345_p2             |     +    |      0|  0|  71|          64|           9|
    |loop_40_fu_334_p2         |     +    |      0|  0|  15|           8|           1|
    |loop_fu_385_p2            |     +    |      0|  0|  39|          32|           1|
    |p_2_rec_fu_445_p2         |     +    |      0|  0|  71|          64|          64|
    |j_fu_232_p2               |     -    |      0|  0|  41|           2|          34|
    |partialBlock_1_fu_275_p2  |     -    |      0|  0|  39|           8|          32|
    |partialBlock_fu_253_p2    |     -    |      0|  0|  12|           3|           2|
    |sub_ln216_fu_317_p2       |     -    |      0|  0|  41|           2|          34|
    |icmp_ln194_fu_204_p2      |   icmp   |      0|  0|  21|          33|           1|
    |icmp_ln195_1_fu_226_p2    |   icmp   |      0|  0|  18|          30|           2|
    |icmp_ln195_fu_210_p2      |   icmp   |      0|  0|  18|          32|           1|
    |icmp_ln206_fu_307_p2      |   icmp   |      0|  0|  29|          64|           8|
    |icmp_ln211_fu_328_p2      |   icmp   |      0|  0|  11|           8|           8|
    |icmp_ln224_fu_269_p2      |   icmp   |      0|  0|  18|          32|           8|
    |icmp_ln231_fu_380_p2      |   icmp   |      0|  0|  18|          32|          32|
    |icmp_ln237_fu_407_p2      |   icmp   |      0|  0|  18|          32|           8|
    |select_ln212_fu_360_p3    |  select  |      0|  0|   8|           1|           1|
    |select_ln224_fu_281_p3    |  select  |      0|  0|  32|           1|          32|
    |select_ln232_fu_431_p3    |  select  |      0|  0|   8|           1|           1|
    |xor_ln149_1_fu_367_p2     |    xor   |      0|  0|   8|           8|           8|
    |xor_ln149_fu_438_p2       |    xor   |      0|  0|   8|           8|           8|
    |xor_ln212_fu_355_p2       |    xor   |      0|  0|   2|           1|           1|
    |xor_ln232_fu_426_p2       |    xor   |      0|  0|   2|           1|           1|
    +--------------------------+----------+-------+---+----+------------+------------+
    |Total                     |          |      0|  0| 814|         669|         465|
    +--------------------------+----------+-------+---+----+------------+------------+

    * Multiplexer: 
    +----------------------------+----+-----------+-----+-----------+
    |            Name            | LUT| Input Size| Bits| Total Bits|
    +----------------------------+----+-----------+-----+-----------+
    |ap_NS_fsm                   |  50|         11|    1|         11|
    |i_22_fu_52                  |  15|          3|   34|        102|
    |instance_byteIOIndex_fu_56  |  15|          3|   32|         96|
    |instance_state_address0     |  33|          6|    8|         48|
    |instance_state_ce0          |  15|          3|    1|          3|
    |instance_state_d0           |  21|          4|    8|         32|
    |instance_state_we0          |  15|          3|    1|          3|
    |j_0_reg_105                 |   9|          2|   64|        128|
    |loop_1_reg_139              |   9|          2|   32|         64|
    |offset_assign_9_reg_127     |   9|          2|    8|         16|
    |p_01_rec_reg_93             |   9|          2|   64|        128|
    |p_1_rec_pn_reg_151          |   9|          2|   64|        128|
    |p_1_rec_reg_115             |   9|          2|   64|        128|
    +----------------------------+----+-----------+-----+-----------+
    |Total                       | 218|         45|  381|        887|
    +----------------------------+----+-----------+-----+-----------+

    * Register: 
    +-----------------------------------------------+----+----+-----+-----------+
    |                      Name                     | FF | LUT| Bits| Const Bits|
    +-----------------------------------------------+----+----+-----+-----------+
    |ap_CS_fsm                                      |  10|   0|   10|          0|
    |grp_KeccakP1600_Permute_s_fu_163_ap_start_reg  |   1|   0|    1|          0|
    |i_22_fu_52                                     |  34|   0|   34|          0|
    |i_reg_505                                      |  34|   0|   34|          0|
    |instance_byteIOIndex_fu_56                     |  32|   0|   32|          0|
    |instance_state_addr_1_reg_526                  |   8|   0|    8|          0|
    |instance_state_addr_reg_549                    |   8|   0|    8|          0|
    |j_0_reg_105                                    |  64|   0|   64|          0|
    |j_5_reg_531                                    |  64|   0|   64|          0|
    |loop_1_reg_139                                 |  32|   0|   32|          0|
    |loop_40_reg_521                                |   8|   0|    8|          0|
    |loop_reg_544                                   |  32|   0|   32|          0|
    |offset_assign_9_reg_127                        |   8|   0|    8|          0|
    |p_01_rec_reg_93                                |  64|   0|   64|          0|
    |p_1_rec_pn_reg_151                             |  64|   0|   64|          0|
    |p_1_rec_reg_115                                |  64|   0|   64|          0|
    |select_ln224_reg_493                           |  32|   0|   32|          0|
    |trunc_ln212_reg_488                            |   1|   0|    1|          0|
    |trunc_ln232_reg_510                            |   1|   0|    1|          0|
    |zext_ln229_reg_499                             |  32|   0|   64|         32|
    +-----------------------------------------------+----+----+-----+-----------+
    |Total                                          | 593|   0|  625|         32|
    +-----------------------------------------------+----+----+-----+-----------+



================================================================
== Interface
================================================================
* Summary: 
+---------------------------+-----+-----+------------+---------------------------+--------------+
|         RTL Ports         | Dir | Bits|  Protocol  |       Source Object       |    C Type    |
+---------------------------+-----+-----+------------+---------------------------+--------------+
|ap_clk                     |  in |    1| ap_ctrl_hs |   KeccakWidth1600_Spon.8  | return value |
|ap_rst                     |  in |    1| ap_ctrl_hs |   KeccakWidth1600_Spon.8  | return value |
|ap_start                   |  in |    1| ap_ctrl_hs |   KeccakWidth1600_Spon.8  | return value |
|ap_done                    | out |    1| ap_ctrl_hs |   KeccakWidth1600_Spon.8  | return value |
|ap_idle                    | out |    1| ap_ctrl_hs |   KeccakWidth1600_Spon.8  | return value |
|ap_ready                   | out |    1| ap_ctrl_hs |   KeccakWidth1600_Spon.8  | return value |
|ap_return                  | out |   32| ap_ctrl_hs |   KeccakWidth1600_Spon.8  | return value |
|instance_state_address0    | out |    8|  ap_memory |       instance_state      |     array    |
|instance_state_ce0         | out |    1|  ap_memory |       instance_state      |     array    |
|instance_state_we0         | out |    1|  ap_memory |       instance_state      |     array    |
|instance_state_d0          | out |    8|  ap_memory |       instance_state      |     array    |
|instance_state_q0          |  in |    8|  ap_memory |       instance_state      |     array    |
|instance_byteIOIndex_read  |  in |   32|   ap_none  | instance_byteIOIndex_read |    scalar    |
|data_0_read                |  in |    8|   ap_none  |        data_0_read        |    scalar    |
+---------------------------+-----+-----+------------+---------------------------+--------------+

