

================================================================
== Vivado HLS Report for 'KeccakWidth1600_Spon_5'
================================================================
* Date:           Thu May  7 18:32:04 2020

* Version:        2019.2 (Build 2704478 on Wed Nov 06 22:10:23 MST 2019)
* Project:        picnic1
* Solution:       sing_open
* Product family: artix7
* Target device:  xc7a200t-fbg676-2


================================================================
== Performance Estimates
================================================================
+ Timing: 
    * Summary: 
    +--------+----------+----------+------------+
    |  Clock |  Target  | Estimated| Uncertainty|
    +--------+----------+----------+------------+
    |ap_clk  | 10.00 ns | 8.579 ns |   1.25 ns  |
    +--------+----------+----------+------------+

+ Latency: 
    * Summary: 
    +---------+---------+----------+----------+-----+-----+---------+
    |  Latency (cycles) |  Latency (absolute) |  Interval | Pipeline|
    |   min   |   max   |    min   |    max   | min | max |   Type  |
    +---------+---------+----------+----------+-----+-----+---------+
    |        ?|        ?|         ?|         ?|    ?|    ?|   none  |
    +---------+---------+----------+----------+-----+-----+---------+

    + Detail: 
        * Instance: 
        +----------------------------------+-----------------------+---------+---------+----------+----------+-------+-------+---------+
        |                                  |                       |  Latency (cycles) |  Latency (absolute) |    Interval   | Pipeline|
        |             Instance             |         Module        |   min   |   max   |    min   |    max   |  min  |  max  |   Type  |
        +----------------------------------+-----------------------+---------+---------+----------+----------+-------+-------+---------+
        |grp_KeccakP1600_Permute_s_fu_204  |KeccakP1600_Permute_s  |    18584|    18584| 0.186 ms | 0.186 ms |  18584|  18584|   none  |
        +----------------------------------+-----------------------+---------+---------+----------+----------+-------+-------+---------+

        * Loop: 
        +-----------------+---------+---------+----------+-----------+-----------+------+----------+
        |                 |  Latency (cycles) | Iteration|  Initiation Interval  | Trip |          |
        |    Loop Name    |   min   |   max   |  Latency |  achieved |   target  | Count| Pipelined|
        +-----------------+---------+---------+----------+-----------+-----------+------+----------+
        |- Loop 1         |        ?|        ?|         ?|          -|          -|     ?|    no    |
        | + Loop 1.1      |        ?|        ?|     18923|          -|          -|     ?|    no    |
        |  ++ Loop 1.1.1  |      336|      336|         2|          -|          -|   168|    no    |
        | + Loop 1.2      |        ?|        ?|         2|          -|          -|     ?|    no    |
        +-----------------+---------+---------+----------+-----------+-----------+------+----------+



================================================================
== Utilization Estimates
================================================================
* Summary: 
+-----------------+---------+-------+--------+--------+-----+
|       Name      | BRAM_18K| DSP48E|   FF   |   LUT  | URAM|
+-----------------+---------+-------+--------+--------+-----+
|DSP              |        -|      -|       -|       -|    -|
|Expression       |        -|      -|       0|     883|    -|
|FIFO             |        -|      -|       -|       -|    -|
|Instance         |        8|      -|    1003|    3085|    0|
|Memory           |        -|      -|       -|       -|    -|
|Multiplexer      |        -|      -|       -|     236|    -|
|Register         |        -|      -|     645|       -|    -|
+-----------------+---------+-------+--------+--------+-----+
|Total            |        8|      0|    1648|    4204|    0|
+-----------------+---------+-------+--------+--------+-----+
|Available        |      730|    740|  269200|  134600|    0|
+-----------------+---------+-------+--------+--------+-----+
|Utilization (%)  |        1|      0|   ~0   |       3|    0|
+-----------------+---------+-------+--------+--------+-----+

+ Detail: 
    * Instance: 
    +----------------------------------+-----------------------+---------+-------+------+------+-----+
    |             Instance             |         Module        | BRAM_18K| DSP48E|  FF  |  LUT | URAM|
    +----------------------------------+-----------------------+---------+-------+------+------+-----+
    |grp_KeccakP1600_Permute_s_fu_204  |KeccakP1600_Permute_s  |        8|      0|  1003|  3085|    0|
    +----------------------------------+-----------------------+---------+-------+------+------+-----+
    |Total                             |                       |        8|      0|  1003|  3085|    0|
    +----------------------------------+-----------------------+---------+-------+------+------+-----+

    * DSP48E: 
    N/A

    * Memory: 
    N/A

    * FIFO: 
    N/A

    * Expression: 
    +----------------------------------+----------+-------+---+----+------------+------------+
    |           Variable Name          | Operation| DSP48E| FF| LUT| Bitwidth P0| Bitwidth P1|
    +----------------------------------+----------+-------+---+----+------------+------------+
    |add_ln195_fu_308_p2               |     +    |      0|  0|  37|           8|          30|
    |add_ln212_1_fu_396_p2             |     +    |      0|  0|   8|           7|           7|
    |add_ln212_3_fu_255_p2             |     +    |      0|  0|   8|          11|          11|
    |add_ln212_4_fu_406_p2             |     +    |      0|  0|  23|          16|          16|
    |add_ln212_fu_386_p2               |     +    |      0|  0|   8|           7|           7|
    |add_ln214_fu_422_p2               |     +    |      0|  0|  71|          64|           8|
    |add_ln224_fu_431_p2               |     +    |      0|  0|  39|          32|          32|
    |add_ln232_4_fu_499_p2             |     +    |      0|  0|  23|          16|          16|
    |add_ln232_5_fu_509_p2             |     +    |      0|  0|  39|          32|          32|
    |add_ln232_fu_489_p2               |     +    |      0|  0|  15|           7|           7|
    |add_ln236_fu_520_p2               |     +    |      0|  0|  39|          32|          32|
    |i_fu_465_p2                       |     +    |      0|  0|  41|          34|          34|
    |j_8_fu_416_p2                     |     +    |      0|  0|  71|          64|           9|
    |loop_43_fu_367_p2                 |     +    |      0|  0|  15|           8|           1|
    |loop_fu_475_p2                    |     +    |      0|  0|  39|          32|           1|
    |p_2_rec_fu_540_p2                 |     +    |      0|  0|  71|          64|          64|
    |j_fu_320_p2                       |     -    |      0|  0|  41|           6|          34|
    |partialBlock_4_fu_443_p2          |     -    |      0|  0|  39|           8|          32|
    |partialBlock_fu_334_p2            |     -    |      0|  0|  15|           7|           6|
    |sub_ln212_fu_249_p2               |     -    |      0|  0|   8|          11|          11|
    |sub_ln216_fu_350_p2               |     -    |      0|  0|  41|           6|          34|
    |ap_block_state10_on_subcall_done  |    and   |      0|  0|   2|           1|           1|
    |icmp_ln194_fu_292_p2              |   icmp   |      0|  0|  18|          29|           1|
    |icmp_ln195_1_fu_314_p2            |   icmp   |      0|  0|  18|          30|           6|
    |icmp_ln195_fu_298_p2              |   icmp   |      0|  0|  18|          32|           1|
    |icmp_ln206_fu_340_p2              |   icmp   |      0|  0|  29|          64|           8|
    |icmp_ln211_fu_361_p2              |   icmp   |      0|  0|  11|           8|           8|
    |icmp_ln224_fu_437_p2              |   icmp   |      0|  0|  18|          32|           8|
    |icmp_ln231_fu_470_p2              |   icmp   |      0|  0|  18|          32|          32|
    |icmp_ln237_fu_525_p2              |   icmp   |      0|  0|  18|          32|           8|
    |ap_predicate_op124_call_state10   |    or    |      0|  0|   2|           1|           1|
    |select_ln224_fu_449_p3            |  select  |      0|  0|  32|           1|          32|
    |grp_fu_222_p2                     |    xor   |      0|  0|   8|           8|           8|
    +----------------------------------+----------+-------+---+----+------------+------------+
    |Total                             |          |      0|  0| 883|         742|         538|
    +----------------------------------+----------+-------+---+----+------------+------------+

    * Multiplexer: 
    +-------------------------------------+----+-----------+-----+-----------+
    |                 Name                | LUT| Input Size| Bits| Total Bits|
    +-------------------------------------+----+-----------+-----+-----------+
    |ap_NS_fsm                            |  50|         11|    1|         11|
    |ap_phi_mux_p_1_rec_pn_phi_fu_195_p6  |   9|          2|   64|        128|
    |data_address0                        |  15|          3|   15|         45|
    |i_26_fu_68                           |  15|          3|   34|        102|
    |instance_byteIOIndex_fu_72           |  15|          3|   32|         96|
    |instance_state_address0              |  33|          6|    8|         48|
    |instance_state_ce0                   |  15|          3|    1|          3|
    |instance_state_d0                    |  15|          3|    8|         24|
    |instance_state_we0                   |  15|          3|    1|          3|
    |j_0_reg_148                          |   9|          2|   64|        128|
    |loop_1_reg_181                       |   9|          2|   32|         64|
    |offset_assign_6_reg_170              |   9|          2|    8|         16|
    |p_01_rec_reg_136                     |   9|          2|   64|        128|
    |p_1_rec_pn_reg_192                   |   9|          2|   64|        128|
    |p_1_rec_reg_158                      |   9|          2|   64|        128|
    +-------------------------------------+----+-----------+-----+-----------+
    |Total                                | 236|         49|  460|       1052|
    +-------------------------------------+----+-----------+-----+-----------+

    * Register: 
    +-----------------------------------------------+----+----+-----+-----------+
    |                      Name                     | FF | LUT| Bits| Const Bits|
    +-----------------------------------------------+----+----+-----+-----------+
    |ap_CS_fsm                                      |  10|   0|   10|          0|
    |grp_KeccakP1600_Permute_s_fu_204_ap_start_reg  |   1|   0|    1|          0|
    |i_26_fu_68                                     |  34|   0|   34|          0|
    |i_26_load_reg_568                              |  34|   0|   34|          0|
    |i_reg_637                                      |  34|   0|   34|          0|
    |icmp_ln195_1_reg_580                           |   1|   0|    1|          0|
    |icmp_ln195_reg_576                             |   1|   0|    1|          0|
    |icmp_ln237_reg_660                             |   1|   0|    1|          0|
    |instance_byteIOIndex_fu_72                     |  32|   0|   32|          0|
    |instance_state_addr_4_reg_610                  |   8|   0|    8|          0|
    |instance_state_addr_reg_655                    |   8|   0|    8|          0|
    |j_0_reg_148                                    |  64|   0|   64|          0|
    |j_8_reg_615                                    |  64|   0|   64|          0|
    |loop_1_reg_181                                 |  32|   0|   32|          0|
    |loop_43_reg_600                                |   8|   0|    8|          0|
    |loop_reg_645                                   |  32|   0|   32|          0|
    |offset_assign_6_reg_170                        |   8|   0|    8|          0|
    |p_01_rec_reg_136                               |  64|   0|   64|          0|
    |p_1_rec_pn_reg_192                             |  64|   0|   64|          0|
    |p_1_rec_reg_158                                |  64|   0|   64|          0|
    |partialBlock_reg_589                           |   6|   0|    6|          0|
    |select_ln224_reg_625                           |  32|   0|   32|          0|
    |tmp_29_cast_reg_562                            |  11|   0|   16|          5|
    |zext_ln229_reg_631                             |  32|   0|   64|         32|
    +-----------------------------------------------+----+----+-----+-----------+
    |Total                                          | 645|   0|  682|         37|
    +-----------------------------------------------+----+----+-----+-----------+



================================================================
== Interface
================================================================
* Summary: 
+---------------------------+-----+-----+------------+---------------------------+--------------+
|         RTL Ports         | Dir | Bits|  Protocol  |       Source Object       |    C Type    |
+---------------------------+-----+-----+------------+---------------------------+--------------+
|ap_clk                     |  in |    1| ap_ctrl_hs |   KeccakWidth1600_Spon.5  | return value |
|ap_rst                     |  in |    1| ap_ctrl_hs |   KeccakWidth1600_Spon.5  | return value |
|ap_start                   |  in |    1| ap_ctrl_hs |   KeccakWidth1600_Spon.5  | return value |
|ap_done                    | out |    1| ap_ctrl_hs |   KeccakWidth1600_Spon.5  | return value |
|ap_idle                    | out |    1| ap_ctrl_hs |   KeccakWidth1600_Spon.5  | return value |
|ap_ready                   | out |    1| ap_ctrl_hs |   KeccakWidth1600_Spon.5  | return value |
|ap_return                  | out |   32| ap_ctrl_hs |   KeccakWidth1600_Spon.5  | return value |
|instance_state_address0    | out |    8|  ap_memory |       instance_state      |     array    |
|instance_state_ce0         | out |    1|  ap_memory |       instance_state      |     array    |
|instance_state_we0         | out |    1|  ap_memory |       instance_state      |     array    |
|instance_state_d0          | out |    8|  ap_memory |       instance_state      |     array    |
|instance_state_q0          |  in |    8|  ap_memory |       instance_state      |     array    |
|instance_byteIOIndex_read  |  in |   32|   ap_none  | instance_byteIOIndex_read |    scalar    |
|data_address0              | out |   15|  ap_memory |            data           |     array    |
|data_ce0                   | out |    1|  ap_memory |            data           |     array    |
|data_q0                    |  in |    8|  ap_memory |            data           |     array    |
|data_offset                |  in |    8|   ap_none  |        data_offset        |    scalar    |
|data_offset1               |  in |    2|   ap_none  |        data_offset1       |    scalar    |
+---------------------------+-----+-----+------------+---------------------------+--------------+

