

================================================================
== Vivado HLS Report for 'KeccakWidth1600_Spon_3'
================================================================
* Date:           Thu May  7 18:32:08 2020

* Version:        2019.2 (Build 2704478 on Wed Nov 06 22:10:23 MST 2019)
* Project:        picnic1
* Solution:       sing_open
* Product family: artix7
* Target device:  xc7a200t-fbg676-2


================================================================
== Performance Estimates
================================================================
+ Timing: 
    * Summary: 
    +--------+----------+----------+------------+
    |  Clock |  Target  | Estimated| Uncertainty|
    +--------+----------+----------+------------+
    |ap_clk  | 10.00 ns | 8.579 ns |   1.25 ns  |
    +--------+----------+----------+------------+

+ Latency: 
    * Summary: 
    +---------+---------+----------+----------+-----+-----+---------+
    |  Latency (cycles) |  Latency (absolute) |  Interval | Pipeline|
    |   min   |   max   |    min   |    max   | min | max |   Type  |
    +---------+---------+----------+----------+-----+-----+---------+
    |        ?|        ?|         ?|         ?|    ?|    ?|   none  |
    +---------+---------+----------+----------+-----+-----+---------+

    + Detail: 
        * Instance: 
        +----------------------------------+-----------------------+---------+---------+----------+----------+-------+-------+---------+
        |                                  |                       |  Latency (cycles) |  Latency (absolute) |    Interval   | Pipeline|
        |             Instance             |         Module        |   min   |   max   |    min   |    max   |  min  |  max  |   Type  |
        +----------------------------------+-----------------------+---------+---------+----------+----------+-------+-------+---------+
        |grp_KeccakP1600_Permute_s_fu_248  |KeccakP1600_Permute_s  |    18584|    18584| 0.186 ms | 0.186 ms |  18584|  18584|   none  |
        +----------------------------------+-----------------------+---------+---------+----------+----------+-------+-------+---------+

        * Loop: 
        +-----------------+---------+---------+----------+-----------+-----------+------+----------+
        |                 |  Latency (cycles) | Iteration|  Initiation Interval  | Trip |          |
        |    Loop Name    |   min   |   max   |  Latency |  achieved |   target  | Count| Pipelined|
        +-----------------+---------+---------+----------+-----------+-----------+------+----------+
        |- Loop 1         |        ?|        ?|         ?|          -|          -|     ?|    no    |
        | + Loop 1.1      |        ?|        ?|     18923|          -|          -|     ?|    no    |
        |  ++ Loop 1.1.1  |      336|      336|         2|          -|          -|   168|    no    |
        | + Loop 1.2      |        ?|        ?|         2|          -|          -|     ?|    no    |
        +-----------------+---------+---------+----------+-----------+-----------+------+----------+



================================================================
== Utilization Estimates
================================================================
* Summary: 
+-----------------+---------+-------+--------+--------+-----+
|       Name      | BRAM_18K| DSP48E|   FF   |   LUT  | URAM|
+-----------------+---------+-------+--------+--------+-----+
|DSP              |        -|      -|       -|       -|    -|
|Expression       |        -|      -|       0|     830|    -|
|FIFO             |        -|      -|       -|       -|    -|
|Instance         |        8|      -|    1003|    3085|    0|
|Memory           |        -|      -|       -|       -|    -|
|Multiplexer      |        -|      -|       -|     306|    -|
|Register         |        -|      -|     677|       -|    -|
+-----------------+---------+-------+--------+--------+-----+
|Total            |        8|      0|    1680|    4221|    0|
+-----------------+---------+-------+--------+--------+-----+
|Available        |      730|    740|  269200|  134600|    0|
+-----------------+---------+-------+--------+--------+-----+
|Utilization (%)  |        1|      0|   ~0   |       3|    0|
+-----------------+---------+-------+--------+--------+-----+

+ Detail: 
    * Instance: 
    +----------------------------------+-----------------------+---------+-------+------+------+-----+
    |             Instance             |         Module        | BRAM_18K| DSP48E|  FF  |  LUT | URAM|
    +----------------------------------+-----------------------+---------+-------+------+------+-----+
    |grp_KeccakP1600_Permute_s_fu_248  |KeccakP1600_Permute_s  |        8|      0|  1003|  3085|    0|
    +----------------------------------+-----------------------+---------+-------+------+------+-----+
    |Total                             |                       |        8|      0|  1003|  3085|    0|
    +----------------------------------+-----------------------+---------+-------+------+------+-----+

    * DSP48E: 
    N/A

    * Memory: 
    N/A

    * FIFO: 
    N/A

    * Expression: 
    +----------------------------------+----------+-------+---+----+------------+------------+
    |           Variable Name          | Operation| DSP48E| FF| LUT| Bitwidth P0| Bitwidth P1|
    +----------------------------------+----------+-------+---+----+------------+------------+
    |add_ln303_fu_317_p2               |     +    |      0|  0|  37|           8|          30|
    |add_ln310_fu_381_p2               |     +    |      0|  0|  71|          64|           8|
    |add_ln321_fu_429_p2               |     +    |      0|  0|  39|          32|          32|
    |add_ln329_fu_517_p2               |     +    |      0|  0|  71|          64|          64|
    |add_ln330_fu_494_p2               |     +    |      0|  0|  39|          32|          32|
    |add_ln394_1_fu_507_p2             |     +    |      0|  0|  15|           7|           7|
    |add_ln394_2_fu_397_p2             |     +    |      0|  0|   8|           7|           7|
    |add_ln394_3_fu_406_p2             |     +    |      0|  0|   8|           7|           7|
    |add_ln394_fu_479_p2               |     +    |      0|  0|  39|          32|          32|
    |i_fu_463_p2                       |     +    |      0|  0|  41|          34|          34|
    |j_10_fu_387_p2                    |     +    |      0|  0|  71|          64|           9|
    |loop_45_fu_366_p2                 |     +    |      0|  0|  15|           8|           1|
    |loop_fu_473_p2                    |     +    |      0|  0|  39|          32|           1|
    |j_fu_329_p2                       |     -    |      0|  0|  41|           6|          34|
    |partialBlock_6_fu_441_p2          |     -    |      0|  0|  39|           8|          32|
    |partialBlock_fu_420_p2            |     -    |      0|  0|  15|           7|           6|
    |sub_ln312_fu_349_p2               |     -    |      0|  0|  41|           6|          34|
    |ap_block_state12_on_subcall_done  |    and   |      0|  0|   2|           1|           1|
    |ap_block_state6_on_subcall_done   |    and   |      0|  0|   2|           1|           1|
    |icmp_ln297_fu_258_p2              |   icmp   |      0|  0|  18|          32|           1|
    |icmp_ln302_fu_301_p2              |   icmp   |      0|  0|  18|          29|           1|
    |icmp_ln303_1_fu_323_p2            |   icmp   |      0|  0|  18|          30|           6|
    |icmp_ln303_fu_307_p2              |   icmp   |      0|  0|  18|          32|           8|
    |icmp_ln304_fu_339_p2              |   icmp   |      0|  0|  29|          64|           8|
    |icmp_ln321_fu_435_p2              |   icmp   |      0|  0|  18|          32|           8|
    |icmp_ln393_1_fu_360_p2            |   icmp   |      0|  0|  11|           8|           8|
    |icmp_ln393_fu_468_p2              |   icmp   |      0|  0|  18|          32|          32|
    |partialBlock_7_fu_447_p3          |  select  |      0|  0|  32|           1|          32|
    |xor_ln149_4_fu_276_p2             |    xor   |      0|  0|   9|           8|           9|
    |xor_ln149_fu_269_p2               |    xor   |      0|  0|   8|           8|           1|
    +----------------------------------+----------+-------+---+----+------------+------------+
    |Total                             |          |      0|  0| 830|         696|         486|
    +----------------------------------+----------+-------+---+----+------------+------------+

    * Multiplexer: 
    +--------------------------------------------------+----+-----------+-----+-----------+
    |                       Name                       | LUT| Input Size| Bits| Total Bits|
    +--------------------------------------------------+----+-----------+-----+-----------+
    |ap_NS_fsm                                         |  85|         17|    1|         17|
    |ap_phi_mux_instance_byteIOIndex_35_phi_fu_137_p4  |   9|          2|   32|         64|
    |curData_0_idx_reg_156                             |   9|          2|   64|        128|
    |curData_1_rec_pn_reg_238                          |   9|          2|   64|        128|
    |curData_1_rec_reg_178                             |   9|          2|   64|        128|
    |data_address0                                     |  15|          3|    5|         15|
    |i_28_fu_58                                        |  15|          3|   34|        102|
    |instance_byteIOIndex_1_reg_145                    |   9|          2|   32|         64|
    |instance_byteIOIndex_35_reg_134                   |   9|          2|   32|         64|
    |instance_byteIOIndex_3_reg_225                    |   9|          2|   32|         64|
    |instance_state_address0                           |  41|          8|    8|         64|
    |instance_state_ce0                                |  15|          3|    1|          3|
    |instance_state_d0                                 |  21|          4|    8|         32|
    |instance_state_we0                                |  15|          3|    1|          3|
    |j_0_reg_168                                       |   9|          2|   64|        128|
    |loop_0_i1_reg_214                                 |   9|          2|   32|         64|
    |loop_0_i_reg_190                                  |   9|          2|    8|         16|
    |offset_assign_4_reg_201                           |   9|          2|   32|         64|
    +--------------------------------------------------+----+-----------+-----+-----------+
    |Total                                             | 306|         63|  514|       1148|
    +--------------------------------------------------+----+-----------+-----+-----------+

    * Register: 
    +-----------------------------------------------+----+----+-----+-----------+
    |                      Name                     | FF | LUT| Bits| Const Bits|
    +-----------------------------------------------+----+----+-----+-----------+
    |ap_CS_fsm                                      |  16|   0|   16|          0|
    |curData_0_idx_reg_156                          |  64|   0|   64|          0|
    |curData_1_rec_pn_reg_238                       |  64|   0|   64|          0|
    |curData_1_rec_reg_178                          |  64|   0|   64|          0|
    |grp_KeccakP1600_Permute_s_fu_248_ap_start_reg  |   1|   0|    1|          0|
    |i_28_fu_58                                     |  34|   0|   34|          0|
    |i_28_load_reg_550                              |  34|   0|   34|          0|
    |i_reg_618                                      |  34|   0|   34|          0|
    |icmp_ln297_reg_528                             |   1|   0|    1|          0|
    |icmp_ln303_reg_559                             |   1|   0|    1|          0|
    |instance_byteIOIndex_1_reg_145                 |  32|   0|   32|          0|
    |instance_byteIOIndex_35_reg_134                |  32|   0|   32|          0|
    |instance_byteIOIndex_3_reg_225                 |  32|   0|   32|          0|
    |instance_state_addr_reg_532                    |   8|   0|    8|          0|
    |j_0_reg_168                                    |  64|   0|   64|          0|
    |loop_0_i1_reg_214                              |  32|   0|   32|          0|
    |loop_0_i_reg_190                               |   8|   0|    8|          0|
    |loop_45_reg_577                                |   8|   0|    8|          0|
    |loop_reg_626                                   |  32|   0|   32|          0|
    |offset_assign_4_reg_201                        |  32|   0|   32|          0|
    |partialBlock_7_reg_607                         |  32|   0|   32|          0|
    |partialBlock_reg_602                           |   6|   0|    6|          0|
    |trunc_ln394_1_reg_582                          |   7|   0|    7|          0|
    |trunc_ln394_reg_636                            |   7|   0|    7|          0|
    |zext_ln323_reg_613                             |  32|   0|   64|         32|
    +-----------------------------------------------+----+----+-----+-----------+
    |Total                                          | 677|   0|  709|         32|
    +-----------------------------------------------+----+----+-----+-----------+



================================================================
== Interface
================================================================
* Summary: 
+---------------------------+-----+-----+------------+---------------------------+--------------+
|         RTL Ports         | Dir | Bits|  Protocol  |       Source Object       |    C Type    |
+---------------------------+-----+-----+------------+---------------------------+--------------+
|ap_clk                     |  in |    1| ap_ctrl_hs |   KeccakWidth1600_Spon.3  | return value |
|ap_rst                     |  in |    1| ap_ctrl_hs |   KeccakWidth1600_Spon.3  | return value |
|ap_start                   |  in |    1| ap_ctrl_hs |   KeccakWidth1600_Spon.3  | return value |
|ap_done                    | out |    1| ap_ctrl_hs |   KeccakWidth1600_Spon.3  | return value |
|ap_idle                    | out |    1| ap_ctrl_hs |   KeccakWidth1600_Spon.3  | return value |
|ap_ready                   | out |    1| ap_ctrl_hs |   KeccakWidth1600_Spon.3  | return value |
|instance_state_address0    | out |    8|  ap_memory |       instance_state      |     array    |
|instance_state_ce0         | out |    1|  ap_memory |       instance_state      |     array    |
|instance_state_we0         | out |    1|  ap_memory |       instance_state      |     array    |
|instance_state_d0          | out |    8|  ap_memory |       instance_state      |     array    |
|instance_state_q0          |  in |    8|  ap_memory |       instance_state      |     array    |
|instance_byteIOIndex_read  |  in |   32|   ap_none  | instance_byteIOIndex_read |    scalar    |
|instance_squeezing_read    |  in |   32|   ap_none  |  instance_squeezing_read  |    scalar    |
|data_address0              | out |    5|  ap_memory |            data           |     array    |
|data_ce0                   | out |    1|  ap_memory |            data           |     array    |
|data_we0                   | out |    1|  ap_memory |            data           |     array    |
|data_d0                    | out |    8|  ap_memory |            data           |     array    |
+---------------------------+-----+-----+------------+---------------------------+--------------+

