

================================================================
== Vivado HLS Report for 'createRandomTape13'
================================================================
* Date:           Thu May  7 18:42:34 2020

* Version:        2019.2 (Build 2704478 on Wed Nov 06 22:10:23 MST 2019)
* Project:        picnic1
* Solution:       sing_open
* Product family: artix7
* Target device:  xc7a200t-fbg676-2


================================================================
== Performance Estimates
================================================================
+ Timing: 
    * Summary: 
    +--------+----------+----------+------------+
    |  Clock |  Target  | Estimated| Uncertainty|
    +--------+----------+----------+------------+
    |ap_clk  | 10.00 ns | 8.579 ns |   1.25 ns  |
    +--------+----------+----------+------------+

+ Latency: 
    * Summary: 
    +---------+---------+----------+----------+-----+-----+---------+
    |  Latency (cycles) |  Latency (absolute) |  Interval | Pipeline|
    |   min   |   max   |    min   |    max   | min | max |   Type  |
    +---------+---------+----------+----------+-----+-----+---------+
    |        ?|        ?|         ?|         ?|    ?|    ?|   none  |
    +---------+---------+----------+----------+-----+-----+---------+

    + Detail: 
        * Instance: 
        +------------------------------------+-------------------------+---------+---------+----------+----------+-------+-------+---------+
        |                                    |                         |  Latency (cycles) |  Latency (absolute) |    Interval   | Pipeline|
        |              Instance              |          Module         |   min   |   max   |    min   |    max   |  min  |  max  |   Type  |
        +------------------------------------+-------------------------+---------+---------+----------+----------+-------+-------+---------+
        |grp_KeccakWidth1600_Spon_3_fu_66    |KeccakWidth1600_Spon_3   |        ?|        ?|         ?|         ?|      ?|      ?|   none  |
        |grp_KeccakWidth1600_Spon_4_fu_82    |KeccakWidth1600_Spon_4   |        ?|        ?|         ?|         ?|      ?|      ?|   none  |
        |grp_KeccakWidth1600_Spon_15_fu_96   |KeccakWidth1600_Spon_15  |        ?|        ?|         ?|         ?|      ?|      ?|   none  |
        |grp_KeccakWidth1600_Spon_8_fu_108   |KeccakWidth1600_Spon_8   |        ?|        ?|         ?|         ?|      ?|      ?|   none  |
        |grp_KeccakWidth1600_Spon_10_fu_120  |KeccakWidth1600_Spon_10  |        ?|        ?|         ?|         ?|      ?|      ?|   none  |
        |grp_HashInit_fu_133                 |HashInit                 |        ?|        ?|         ?|         ?|      ?|      ?|   none  |
        |grp_HashFinal_fu_146                |HashFinal                |    18589|    18589| 0.186 ms | 0.186 ms |  18589|  18589|   none  |
        +------------------------------------+-------------------------+---------+---------+----------+----------+-------+-------+---------+

        * Loop: 
        N/A

============================================================
+ Verbose Summary: Synthesis Manager
============================================================
InlineROM: 1
ExposeGlobal: 1
============================================================
+ Verbose Summary: CDFG Model
============================================================
IsTopModel: 0
ResetActiveHigh: 1
IsCombinational: 0
IsDatapathOnly: 0
HasWiredReturn: 1
HasMFsm: 0
HasVarLatency: 1
IsPipeline: 0
IsRtlPipelined: 0
IsInstanceOverlapped: 0
IsDontTouch: 0
HasImplIP: 0
IsGatedGlobalClock: 0


============================================================
+ Verbose Summary: Schedule
============================================================
* Number of FSM states : 24
* Pipeline : 0
* Dataflow Pipeline: 0

* FSM state transitions: 
1 --> 2 
2 --> 3 
3 --> 4 
4 --> 5 
5 --> 6 
6 --> 7 
7 --> 8 
8 --> 9 
9 --> 10 
10 --> 11 
11 --> 12 
12 --> 13 
13 --> 14 
14 --> 15 
15 --> 16 
16 --> 17 
17 --> 18 
18 --> 19 
19 --> 20 
20 --> 21 
21 --> 22 
22 --> 23 
23 --> 24 
24 --> 

* FSM state operations: 

State 1 <SV = 0> <Delay = 4.12>
ST_1 : Operation 25 [1/1] (2.77ns)   --->   "%ctx_sponge_state = alloca [200 x i8], align 1" [picnic_impl.c:224]   --->   Operation 25 'alloca' 'ctx_sponge_state' <Predicate = true> <Delay = 2.77>
ST_1 : Operation 26 [2/2] (1.35ns)   --->   "%ctx_sponge_byteIOInd = call fastcc i32 @HashInit([200 x i8]* %ctx_sponge_state, i4 2)" [picnic_impl.c:231]   --->   Operation 26 'call' 'ctx_sponge_byteIOInd' <Predicate = true> <Delay = 1.35> <CoreType = "Generic">   --->   Core 0 '' <Latency = 0> <II = 1> <Delay = 1.00> <Generic> <Opcode : >

State 2 <SV = 1> <Delay = 1.35>
ST_2 : Operation 27 [1/2] (1.35ns)   --->   "%ctx_sponge_byteIOInd = call fastcc i32 @HashInit([200 x i8]* %ctx_sponge_state, i4 2)" [picnic_impl.c:231]   --->   Operation 27 'call' 'ctx_sponge_byteIOInd' <Predicate = true> <Delay = 1.35> <CoreType = "Generic">   --->   Core 0 '' <Latency = 0> <II = 1> <Delay = 1.00> <Generic> <Opcode : >

State 3 <SV = 2> <Delay = 1.45>
ST_3 : Operation 28 [1/1] (0.00ns)   --->   "%seed_offset1_read = call i8 @_ssdm_op_Read.ap_auto.i8(i8 %seed_offset1)"   --->   Operation 28 'read' 'seed_offset1_read' <Predicate = true> <Delay = 0.00>
ST_3 : Operation 29 [2/2] (1.45ns)   --->   "%ctx_sponge_byteIOInd_37 = call fastcc i32 @KeccakWidth1600_Spon.4([200 x i8]* %ctx_sponge_state, i32 %ctx_sponge_byteIOInd, [3504 x i8]* %seed_0, i8 %seed_offset1_read)" [sha3/KeccakHash.c:41->hash.c:24->picnic_impl.c:232]   --->   Operation 29 'call' 'ctx_sponge_byteIOInd_37' <Predicate = true> <Delay = 1.45> <CoreType = "Generic">   --->   Core 0 '' <Latency = 0> <II = 1> <Delay = 1.00> <Generic> <Opcode : >

State 4 <SV = 3> <Delay = 0.00>
ST_4 : Operation 30 [1/2] (0.00ns)   --->   "%ctx_sponge_byteIOInd_37 = call fastcc i32 @KeccakWidth1600_Spon.4([200 x i8]* %ctx_sponge_state, i32 %ctx_sponge_byteIOInd, [3504 x i8]* %seed_0, i8 %seed_offset1_read)" [sha3/KeccakHash.c:41->hash.c:24->picnic_impl.c:232]   --->   Operation 30 'call' 'ctx_sponge_byteIOInd_37' <Predicate = true> <Delay = 0.00> <CoreType = "Generic">   --->   Core 0 '' <Latency = 0> <II = 1> <Delay = 1.00> <Generic> <Opcode : >

State 5 <SV = 4> <Delay = 4.12>
ST_5 : Operation 31 [2/2] (4.12ns)   --->   "%call_ret9 = call fastcc { i32, i32 } @HashFinal([200 x i8]* %ctx_sponge_state, i32 %ctx_sponge_byteIOInd_37)" [picnic_impl.c:233]   --->   Operation 31 'call' 'call_ret9' <Predicate = true> <Delay = 4.12> <CoreType = "Generic">   --->   Core 0 '' <Latency = 0> <II = 1> <Delay = 1.00> <Generic> <Opcode : >

State 6 <SV = 5> <Delay = 0.00>
ST_6 : Operation 32 [1/2] (0.00ns)   --->   "%call_ret9 = call fastcc { i32, i32 } @HashFinal([200 x i8]* %ctx_sponge_state, i32 %ctx_sponge_byteIOInd_37)" [picnic_impl.c:233]   --->   Operation 32 'call' 'call_ret9' <Predicate = true> <Delay = 0.00> <CoreType = "Generic">   --->   Core 0 '' <Latency = 0> <II = 1> <Delay = 1.00> <Generic> <Opcode : >
ST_6 : Operation 33 [1/1] (0.00ns)   --->   "%ctx_sponge_byteIOInd_38 = extractvalue { i32, i32 } %call_ret9, 0" [picnic_impl.c:233]   --->   Operation 33 'extractvalue' 'ctx_sponge_byteIOInd_38' <Predicate = true> <Delay = 0.00>
ST_6 : Operation 34 [1/1] (0.00ns)   --->   "%ctx_sponge_squeezing = extractvalue { i32, i32 } %call_ret9, 1" [picnic_impl.c:233]   --->   Operation 34 'extractvalue' 'ctx_sponge_squeezing' <Predicate = true> <Delay = 0.00>

State 7 <SV = 6> <Delay = 4.81>
ST_7 : Operation 35 [2/2] (4.81ns)   --->   "call fastcc void @KeccakWidth1600_Spon.3([200 x i8]* %ctx_sponge_state, i32 %ctx_sponge_byteIOInd_38, i32 %ctx_sponge_squeezing, [96 x i8]* %tape, i8 32)" [sha3/KeccakHash.c:81->hash.c:83->picnic_impl.c:234]   --->   Operation 35 'call' <Predicate = true> <Delay = 4.81> <CoreType = "Generic">   --->   Core 0 '' <Latency = 0> <II = 1> <Delay = 1.00> <Generic> <Opcode : >

State 8 <SV = 7> <Delay = 0.00>
ST_8 : Operation 36 [1/2] (0.00ns)   --->   "call fastcc void @KeccakWidth1600_Spon.3([200 x i8]* %ctx_sponge_state, i32 %ctx_sponge_byteIOInd_38, i32 %ctx_sponge_squeezing, [96 x i8]* %tape, i8 32)" [sha3/KeccakHash.c:81->hash.c:83->picnic_impl.c:234]   --->   Operation 36 'call' <Predicate = true> <Delay = 0.00> <CoreType = "Generic">   --->   Core 0 '' <Latency = 0> <II = 1> <Delay = 1.00> <Generic> <Opcode : >

State 9 <SV = 8> <Delay = 1.35>
ST_9 : Operation 37 [2/2] (1.35ns)   --->   "%ctx_sponge_byteIOInd_39 = call fastcc i32 @HashInit([200 x i8]* %ctx_sponge_state, i4 -1)" [picnic_impl.c:238]   --->   Operation 37 'call' 'ctx_sponge_byteIOInd_39' <Predicate = true> <Delay = 1.35> <CoreType = "Generic">   --->   Core 0 '' <Latency = 0> <II = 1> <Delay = 1.00> <Generic> <Opcode : >

State 10 <SV = 9> <Delay = 1.35>
ST_10 : Operation 38 [1/2] (1.35ns)   --->   "%ctx_sponge_byteIOInd_39 = call fastcc i32 @HashInit([200 x i8]* %ctx_sponge_state, i4 -1)" [picnic_impl.c:238]   --->   Operation 38 'call' 'ctx_sponge_byteIOInd_39' <Predicate = true> <Delay = 1.35> <CoreType = "Generic">   --->   Core 0 '' <Latency = 0> <II = 1> <Delay = 1.00> <Generic> <Opcode : >

State 11 <SV = 10> <Delay = 1.45>
ST_11 : Operation 39 [2/2] (1.45ns)   --->   "%ctx_sponge_byteIOInd_40 = call fastcc i32 @KeccakWidth1600_Spon.15([200 x i8]* %ctx_sponge_state, i32 %ctx_sponge_byteIOInd_39, [96 x i8]* %tape)" [sha3/KeccakHash.c:41->hash.c:24->picnic_impl.c:239]   --->   Operation 39 'call' 'ctx_sponge_byteIOInd_40' <Predicate = true> <Delay = 1.45> <CoreType = "Generic">   --->   Core 0 '' <Latency = 0> <II = 1> <Delay = 1.00> <Generic> <Opcode : >

State 12 <SV = 11> <Delay = 0.00>
ST_12 : Operation 40 [1/2] (0.00ns)   --->   "%ctx_sponge_byteIOInd_40 = call fastcc i32 @KeccakWidth1600_Spon.15([200 x i8]* %ctx_sponge_state, i32 %ctx_sponge_byteIOInd_39, [96 x i8]* %tape)" [sha3/KeccakHash.c:41->hash.c:24->picnic_impl.c:239]   --->   Operation 40 'call' 'ctx_sponge_byteIOInd_40' <Predicate = true> <Delay = 0.00> <CoreType = "Generic">   --->   Core 0 '' <Latency = 0> <II = 1> <Delay = 1.00> <Generic> <Opcode : >

State 13 <SV = 12> <Delay = 1.45>
ST_13 : Operation 41 [2/2] (1.45ns)   --->   "%ctx_sponge_byteIOInd_41 = call fastcc i32 @KeccakWidth1600_Spon.8([200 x i8]* %ctx_sponge_state, i32 %ctx_sponge_byteIOInd_40, [32 x i8]* %salt_0)" [sha3/KeccakHash.c:41->hash.c:24->picnic_impl.c:240]   --->   Operation 41 'call' 'ctx_sponge_byteIOInd_41' <Predicate = true> <Delay = 1.45> <CoreType = "Generic">   --->   Core 0 '' <Latency = 0> <II = 1> <Delay = 1.00> <Generic> <Opcode : >

State 14 <SV = 13> <Delay = 0.00>
ST_14 : Operation 42 [1/2] (0.00ns)   --->   "%ctx_sponge_byteIOInd_41 = call fastcc i32 @KeccakWidth1600_Spon.8([200 x i8]* %ctx_sponge_state, i32 %ctx_sponge_byteIOInd_40, [32 x i8]* %salt_0)" [sha3/KeccakHash.c:41->hash.c:24->picnic_impl.c:240]   --->   Operation 42 'call' 'ctx_sponge_byteIOInd_41' <Predicate = true> <Delay = 0.00> <CoreType = "Generic">   --->   Core 0 '' <Latency = 0> <II = 1> <Delay = 1.00> <Generic> <Opcode : >

State 15 <SV = 14> <Delay = 2.90>
ST_15 : Operation 43 [1/1] (0.00ns)   --->   "%roundNumber_read = call i8 @_ssdm_op_Read.ap_auto.i8(i8 %roundNumber)"   --->   Operation 43 'read' 'roundNumber_read' <Predicate = true> <Delay = 0.00>
ST_15 : Operation 44 [2/2] (2.90ns)   --->   "%ctx_sponge_byteIOInd_42 = call fastcc i32 @KeccakWidth1600_Spon.10([200 x i8]* %ctx_sponge_state, i32 %ctx_sponge_byteIOInd_41, i8 %roundNumber_read)" [sha3/KeccakHash.c:41->hash.c:24->hash.c:117->picnic_impl.c:241]   --->   Operation 44 'call' 'ctx_sponge_byteIOInd_42' <Predicate = true> <Delay = 2.90> <CoreType = "Generic">   --->   Core 0 '' <Latency = 0> <II = 1> <Delay = 1.00> <Generic> <Opcode : >

State 16 <SV = 15> <Delay = 0.00>
ST_16 : Operation 45 [1/2] (0.00ns)   --->   "%ctx_sponge_byteIOInd_42 = call fastcc i32 @KeccakWidth1600_Spon.10([200 x i8]* %ctx_sponge_state, i32 %ctx_sponge_byteIOInd_41, i8 %roundNumber_read)" [sha3/KeccakHash.c:41->hash.c:24->hash.c:117->picnic_impl.c:241]   --->   Operation 45 'call' 'ctx_sponge_byteIOInd_42' <Predicate = true> <Delay = 0.00> <CoreType = "Generic">   --->   Core 0 '' <Latency = 0> <II = 1> <Delay = 1.00> <Generic> <Opcode : >

State 17 <SV = 16> <Delay = 2.90>
ST_17 : Operation 46 [1/1] (0.00ns)   --->   "%playerNumber_read = call i1 @_ssdm_op_Read.ap_auto.i1(i1 %playerNumber)"   --->   Operation 46 'read' 'playerNumber_read' <Predicate = true> <Delay = 0.00>
ST_17 : Operation 47 [1/1] (0.00ns)   --->   "%temp_0 = zext i1 %playerNumber_read to i8" [hash.c:113->picnic_impl.c:242]   --->   Operation 47 'zext' 'temp_0' <Predicate = true> <Delay = 0.00>
ST_17 : Operation 48 [2/2] (2.90ns)   --->   "%ctx_sponge_byteIOInd_43 = call fastcc i32 @KeccakWidth1600_Spon.10([200 x i8]* %ctx_sponge_state, i32 %ctx_sponge_byteIOInd_42, i8 %temp_0)" [sha3/KeccakHash.c:41->hash.c:24->hash.c:117->picnic_impl.c:242]   --->   Operation 48 'call' 'ctx_sponge_byteIOInd_43' <Predicate = true> <Delay = 2.90> <CoreType = "Generic">   --->   Core 0 '' <Latency = 0> <II = 1> <Delay = 1.00> <Generic> <Opcode : >

State 18 <SV = 17> <Delay = 0.00>
ST_18 : Operation 49 [1/2] (0.00ns)   --->   "%ctx_sponge_byteIOInd_43 = call fastcc i32 @KeccakWidth1600_Spon.10([200 x i8]* %ctx_sponge_state, i32 %ctx_sponge_byteIOInd_42, i8 %temp_0)" [sha3/KeccakHash.c:41->hash.c:24->hash.c:117->picnic_impl.c:242]   --->   Operation 49 'call' 'ctx_sponge_byteIOInd_43' <Predicate = true> <Delay = 0.00> <CoreType = "Generic">   --->   Core 0 '' <Latency = 0> <II = 1> <Delay = 1.00> <Generic> <Opcode : >

State 19 <SV = 18> <Delay = 2.90>
ST_19 : Operation 50 [2/2] (2.90ns)   --->   "%ctx_sponge_byteIOInd_44 = call fastcc i32 @KeccakWidth1600_Spon.10([200 x i8]* %ctx_sponge_state, i32 %ctx_sponge_byteIOInd_43, i8 91)" [sha3/KeccakHash.c:41->hash.c:24->hash.c:117->picnic_impl.c:243]   --->   Operation 50 'call' 'ctx_sponge_byteIOInd_44' <Predicate = true> <Delay = 2.90> <CoreType = "Generic">   --->   Core 0 '' <Latency = 0> <II = 1> <Delay = 1.00> <Generic> <Opcode : >

State 20 <SV = 19> <Delay = 0.00>
ST_20 : Operation 51 [1/2] (0.00ns)   --->   "%ctx_sponge_byteIOInd_44 = call fastcc i32 @KeccakWidth1600_Spon.10([200 x i8]* %ctx_sponge_state, i32 %ctx_sponge_byteIOInd_43, i8 91)" [sha3/KeccakHash.c:41->hash.c:24->hash.c:117->picnic_impl.c:243]   --->   Operation 51 'call' 'ctx_sponge_byteIOInd_44' <Predicate = true> <Delay = 0.00> <CoreType = "Generic">   --->   Core 0 '' <Latency = 0> <II = 1> <Delay = 1.00> <Generic> <Opcode : >

State 21 <SV = 20> <Delay = 4.12>
ST_21 : Operation 52 [2/2] (4.12ns)   --->   "%call_ret3 = call fastcc { i32, i32 } @HashFinal([200 x i8]* %ctx_sponge_state, i32 %ctx_sponge_byteIOInd_44)" [picnic_impl.c:244]   --->   Operation 52 'call' 'call_ret3' <Predicate = true> <Delay = 4.12> <CoreType = "Generic">   --->   Core 0 '' <Latency = 0> <II = 1> <Delay = 1.00> <Generic> <Opcode : >

State 22 <SV = 21> <Delay = 0.00>
ST_22 : Operation 53 [1/2] (0.00ns)   --->   "%call_ret3 = call fastcc { i32, i32 } @HashFinal([200 x i8]* %ctx_sponge_state, i32 %ctx_sponge_byteIOInd_44)" [picnic_impl.c:244]   --->   Operation 53 'call' 'call_ret3' <Predicate = true> <Delay = 0.00> <CoreType = "Generic">   --->   Core 0 '' <Latency = 0> <II = 1> <Delay = 1.00> <Generic> <Opcode : >
ST_22 : Operation 54 [1/1] (0.00ns)   --->   "%ctx_sponge_byteIOInd_45 = extractvalue { i32, i32 } %call_ret3, 0" [picnic_impl.c:244]   --->   Operation 54 'extractvalue' 'ctx_sponge_byteIOInd_45' <Predicate = true> <Delay = 0.00>
ST_22 : Operation 55 [1/1] (0.00ns)   --->   "%ctx_sponge_squeezing_7 = extractvalue { i32, i32 } %call_ret3, 1" [picnic_impl.c:244]   --->   Operation 55 'extractvalue' 'ctx_sponge_squeezing_7' <Predicate = true> <Delay = 0.00>

State 23 <SV = 22> <Delay = 4.81>
ST_23 : Operation 56 [2/2] (4.81ns)   --->   "call fastcc void @KeccakWidth1600_Spon.3([200 x i8]* %ctx_sponge_state, i32 %ctx_sponge_byteIOInd_45, i32 %ctx_sponge_squeezing_7, [96 x i8]* %tape, i8 91)" [sha3/KeccakHash.c:81->hash.c:83->picnic_impl.c:245]   --->   Operation 56 'call' <Predicate = true> <Delay = 4.81> <CoreType = "Generic">   --->   Core 0 '' <Latency = 0> <II = 1> <Delay = 1.00> <Generic> <Opcode : >

State 24 <SV = 23> <Delay = 0.00>
ST_24 : Operation 57 [1/2] (0.00ns)   --->   "call fastcc void @KeccakWidth1600_Spon.3([200 x i8]* %ctx_sponge_state, i32 %ctx_sponge_byteIOInd_45, i32 %ctx_sponge_squeezing_7, [96 x i8]* %tape, i8 91)" [sha3/KeccakHash.c:81->hash.c:83->picnic_impl.c:245]   --->   Operation 57 'call' <Predicate = true> <Delay = 0.00> <CoreType = "Generic">   --->   Core 0 '' <Latency = 0> <II = 1> <Delay = 1.00> <Generic> <Opcode : >
ST_24 : Operation 58 [1/1] (0.00ns)   --->   "ret void"   --->   Operation 58 'ret' <Predicate = true> <Delay = 0.00>


============================================================
+ Verbose Summary: Binding
============================================================
STG Binding: 
---------------- STG Properties BEGIN ----------------
- Is combinational: 0
- Is one-state seq: 0
- Is datapath-only: 0
- Is pipelined: 0
- Is top level: 0
Port [ Return ] is wired: 1; IO mode=ap_ctrl_hs:ce=0
Port [ seed_0]:  wired=1; compound=1; hidden=0; nouse=0; global=0; static=0; extern=0; dir=0; type=1; pingpong=0; private_global=0; MemPort=[13]; IO mode=ap_memory:ce=0
Port [ seed_offset1]:  wired=1; compound=0; hidden=0; nouse=0; global=0; static=0; extern=0; dir=0; type=0; pingpong=0; private_global=0; IO mode=ap_none:ce=0
Port [ salt_0]:  wired=1; compound=1; hidden=0; nouse=0; global=0; static=0; extern=0; dir=0; type=1; pingpong=0; private_global=0; MemPort=[13]; IO mode=ap_memory:ce=0
Port [ roundNumber]:  wired=1; compound=0; hidden=0; nouse=0; global=0; static=0; extern=0; dir=0; type=0; pingpong=0; private_global=0; IO mode=ap_none:ce=0
Port [ playerNumber]:  wired=1; compound=0; hidden=0; nouse=0; global=0; static=0; extern=0; dir=0; type=0; pingpong=0; private_global=0; IO mode=ap_none:ce=0
Port [ tape]:  wired=1; compound=1; hidden=0; nouse=0; global=0; static=0; extern=0; dir=2; type=1; pingpong=0; private_global=0; MemPort=[23]; IO mode=ap_memory:ce=0
Port [ KeccakRhoOffsets]:  wired=0; compound=1; hidden=1; nouse=1; global=1; static=1; extern=0; dir=0; type=1; pingpong=0; private_global=0; linkage=7; visibility=0; MemPort=[1]; IO mode=ap_memory:ce=0
Port [ KeccakRoundConstants]:  wired=0; compound=1; hidden=1; nouse=1; global=1; static=1; extern=0; dir=0; type=1; pingpong=0; private_global=0; linkage=7; visibility=0; MemPort=[1]; IO mode=ap_memory:ce=0
---------------- STG Properties END ------------------

---------------- Datapath Model BEGIN ----------------

<LifeTime>
<method=bitvector/>
ctx_sponge_state        (alloca      ) [ 0011111111111111111111111]
ctx_sponge_byteIOInd    (call        ) [ 0001100000000000000000000]
seed_offset1_read       (read        ) [ 0000100000000000000000000]
ctx_sponge_byteIOInd_37 (call        ) [ 0000011000000000000000000]
call_ret9               (call        ) [ 0000000000000000000000000]
ctx_sponge_byteIOInd_38 (extractvalue) [ 0000000110000000000000000]
ctx_sponge_squeezing    (extractvalue) [ 0000000110000000000000000]
call_ln81               (call        ) [ 0000000000000000000000000]
ctx_sponge_byteIOInd_39 (call        ) [ 0000000000011000000000000]
ctx_sponge_byteIOInd_40 (call        ) [ 0000000000000110000000000]
ctx_sponge_byteIOInd_41 (call        ) [ 0000000000000001100000000]
roundNumber_read        (read        ) [ 0000000000000000100000000]
ctx_sponge_byteIOInd_42 (call        ) [ 0000000000000000011000000]
playerNumber_read       (read        ) [ 0000000000000000000000000]
temp_0                  (zext        ) [ 0000000000000000001000000]
ctx_sponge_byteIOInd_43 (call        ) [ 0000000000000000000110000]
ctx_sponge_byteIOInd_44 (call        ) [ 0000000000000000000001100]
call_ret3               (call        ) [ 0000000000000000000000000]
ctx_sponge_byteIOInd_45 (extractvalue) [ 0000000000000000000000011]
ctx_sponge_squeezing_7  (extractvalue) [ 0000000000000000000000011]
call_ln81               (call        ) [ 0000000000000000000000000]
ret_ln0                 (ret         ) [ 0000000000000000000000000]
</LifeTime>

<model>

<comp_list>
<comp id="0" class="1000" name="seed_0">
<pin_list>
<pin id="1" dir="1" index="0" bw="1" slack="0"/>
</pin_list>
<bind>
<StgValue><ssdm name="seed_0"/><MemPortTyVec>1 3 </MemPortTyVec>
</StgValue>
</bind>
</comp>

<comp id="2" class="1000" name="seed_offset1">
<pin_list>
<pin id="3" dir="1" index="0" bw="1" slack="0"/>
</pin_list>
<bind>
<StgValue><ssdm name="seed_offset1"/></StgValue>
</bind>
</comp>

<comp id="4" class="1000" name="salt_0">
<pin_list>
<pin id="5" dir="1" index="0" bw="1" slack="0"/>
</pin_list>
<bind>
<StgValue><ssdm name="salt_0"/><MemPortTyVec>1 3 </MemPortTyVec>
</StgValue>
</bind>
</comp>

<comp id="6" class="1000" name="roundNumber">
<pin_list>
<pin id="7" dir="1" index="0" bw="1" slack="0"/>
</pin_list>
<bind>
<StgValue><ssdm name="roundNumber"/></StgValue>
</bind>
</comp>

<comp id="8" class="1000" name="playerNumber">
<pin_list>
<pin id="9" dir="1" index="0" bw="1" slack="0"/>
</pin_list>
<bind>
<StgValue><ssdm name="playerNumber"/></StgValue>
</bind>
</comp>

<comp id="10" class="1000" name="tape">
<pin_list>
<pin id="11" dir="1" index="0" bw="1" slack="0"/>
</pin_list>
<bind>
<StgValue><ssdm name="tape"/><MemPortTyVec>2 3 </MemPortTyVec>
</StgValue>
</bind>
</comp>

<comp id="12" class="1000" name="KeccakRhoOffsets">
<pin_list>
<pin id="13" dir="1" index="0" bw="1" slack="0"/>
</pin_list>
<bind>
<StgValue><ssdm name="KeccakRhoOffsets"/><MemPortTyVec>1 </MemPortTyVec>
</StgValue>
</bind>
</comp>

<comp id="14" class="1000" name="KeccakRoundConstants">
<pin_list>
<pin id="15" dir="1" index="0" bw="1" slack="0"/>
</pin_list>
<bind>
<StgValue><ssdm name="KeccakRoundConstants"/><MemPortTyVec>1 </MemPortTyVec>
</StgValue>
</bind>
</comp>

<comp id="16" class="1001" name="const_16">
<pin_list>
<pin id="17" dir="1" index="0" bw="1" slack="0"/>
</pin_list>
<bind>
<StgValue><ssdm name=""/></StgValue>
</bind>
</comp>

<comp id="18" class="1001" name="const_18">
<pin_list>
<pin id="19" dir="1" index="0" bw="1" slack="0"/>
</pin_list>
<bind>
<StgValue><ssdm name="HashInit"/></StgValue>
</bind>
</comp>

<comp id="20" class="1001" name="const_20">
<pin_list>
<pin id="21" dir="1" index="0" bw="1" slack="0"/>
</pin_list>
<bind>
<StgValue><ssdm name=""/></StgValue>
</bind>
</comp>

<comp id="22" class="1001" name="const_22">
<pin_list>
<pin id="23" dir="1" index="0" bw="1" slack="0"/>
</pin_list>
<bind>
<StgValue><ssdm name="_ssdm_op_Read.ap_auto.i8"/></StgValue>
</bind>
</comp>

<comp id="24" class="1001" name="const_24">
<pin_list>
<pin id="25" dir="1" index="0" bw="1" slack="0"/>
</pin_list>
<bind>
<StgValue><ssdm name="KeccakWidth1600_Spon.4"/></StgValue>
</bind>
</comp>

<comp id="26" class="1001" name="const_26">
<pin_list>
<pin id="27" dir="1" index="0" bw="1" slack="0"/>
</pin_list>
<bind>
<StgValue><ssdm name="HashFinal"/></StgValue>
</bind>
</comp>

<comp id="28" class="1001" name="const_28">
<pin_list>
<pin id="29" dir="1" index="0" bw="1" slack="0"/>
</pin_list>
<bind>
<StgValue><ssdm name="KeccakWidth1600_Spon.3"/></StgValue>
</bind>
</comp>

<comp id="30" class="1001" name="const_30">
<pin_list>
<pin id="31" dir="1" index="0" bw="1" slack="0"/>
</pin_list>
<bind>
<StgValue><ssdm name=""/></StgValue>
</bind>
</comp>

<comp id="32" class="1001" name="const_32">
<pin_list>
<pin id="33" dir="1" index="0" bw="1" slack="0"/>
</pin_list>
<bind>
<StgValue><ssdm name=""/></StgValue>
</bind>
</comp>

<comp id="34" class="1001" name="const_34">
<pin_list>
<pin id="35" dir="1" index="0" bw="1" slack="0"/>
</pin_list>
<bind>
<StgValue><ssdm name="KeccakWidth1600_Spon.15"/></StgValue>
</bind>
</comp>

<comp id="36" class="1001" name="const_36">
<pin_list>
<pin id="37" dir="1" index="0" bw="1" slack="0"/>
</pin_list>
<bind>
<StgValue><ssdm name="KeccakWidth1600_Spon.8"/></StgValue>
</bind>
</comp>

<comp id="38" class="1001" name="const_38">
<pin_list>
<pin id="39" dir="1" index="0" bw="1" slack="0"/>
</pin_list>
<bind>
<StgValue><ssdm name="KeccakWidth1600_Spon.10"/></StgValue>
</bind>
</comp>

<comp id="40" class="1001" name="const_40">
<pin_list>
<pin id="41" dir="1" index="0" bw="1" slack="0"/>
</pin_list>
<bind>
<StgValue><ssdm name="_ssdm_op_Read.ap_auto.i1"/></StgValue>
</bind>
</comp>

<comp id="42" class="1001" name="const_42">
<pin_list>
<pin id="43" dir="1" index="0" bw="1" slack="0"/>
</pin_list>
<bind>
<StgValue><ssdm name=""/></StgValue>
</bind>
</comp>

<comp id="44" class="1004" name="ctx_sponge_state_alloca_fu_44">
<pin_list>
<pin id="45" dir="0" index="0" bw="1" slack="0"/>
<pin id="46" dir="1" index="1" bw="8" slack="0"/>
</pin_list>
<bind>
<opcode="alloca(26) " fcode="alloca"/>
<opset="ctx_sponge_state/1 "/>
</bind>
</comp>

<comp id="48" class="1004" name="seed_offset1_read_read_fu_48">
<pin_list>
<pin id="49" dir="0" index="0" bw="8" slack="0"/>
<pin id="50" dir="0" index="1" bw="8" slack="0"/>
<pin id="51" dir="1" index="2" bw="8" slack="0"/>
</pin_list>
<bind>
<opcode="read(1150) " fcode="read"/>
<opset="seed_offset1_read/3 "/>
</bind>
</comp>

<comp id="54" class="1004" name="roundNumber_read_read_fu_54">
<pin_list>
<pin id="55" dir="0" index="0" bw="8" slack="0"/>
<pin id="56" dir="0" index="1" bw="8" slack="0"/>
<pin id="57" dir="1" index="2" bw="8" slack="0"/>
</pin_list>
<bind>
<opcode="read(1150) " fcode="read"/>
<opset="roundNumber_read/15 "/>
</bind>
</comp>

<comp id="60" class="1004" name="playerNumber_read_read_fu_60">
<pin_list>
<pin id="61" dir="0" index="0" bw="1" slack="0"/>
<pin id="62" dir="0" index="1" bw="1" slack="0"/>
<pin id="63" dir="1" index="2" bw="1" slack="0"/>
</pin_list>
<bind>
<opcode="read(1150) " fcode="read"/>
<opset="playerNumber_read/17 "/>
</bind>
</comp>

<comp id="66" class="1004" name="grp_KeccakWidth1600_Spon_3_fu_66">
<pin_list>
<pin id="67" dir="0" index="0" bw="0" slack="0"/>
<pin id="68" dir="0" index="1" bw="8" slack="2147483647"/>
<pin id="69" dir="0" index="2" bw="32" slack="1"/>
<pin id="70" dir="0" index="3" bw="32" slack="1"/>
<pin id="71" dir="0" index="4" bw="8" slack="0"/>
<pin id="72" dir="0" index="5" bw="8" slack="0"/>
<pin id="73" dir="0" index="6" bw="6" slack="0"/>
<pin id="74" dir="0" index="7" bw="64" slack="0"/>
<pin id="75" dir="1" index="8" bw="0" slack="2147483647"/>
</pin_list>
<bind>
<opcode="call(48) " fcode="call"/>
<opset="call_ln81/7 call_ln81/23 "/>
</bind>
</comp>

<comp id="82" class="1004" name="grp_KeccakWidth1600_Spon_4_fu_82">
<pin_list>
<pin id="83" dir="0" index="0" bw="32" slack="0"/>
<pin id="84" dir="0" index="1" bw="8" slack="2147483647"/>
<pin id="85" dir="0" index="2" bw="32" slack="1"/>
<pin id="86" dir="0" index="3" bw="8" slack="0"/>
<pin id="87" dir="0" index="4" bw="8" slack="0"/>
<pin id="88" dir="0" index="5" bw="6" slack="0"/>
<pin id="89" dir="0" index="6" bw="64" slack="0"/>
<pin id="90" dir="1" index="7" bw="32" slack="1"/>
</pin_list>
<bind>
<opcode="call(48) " fcode="call"/>
<opset="ctx_sponge_byteIOInd_37/3 "/>
</bind>
</comp>

<comp id="96" class="1004" name="grp_KeccakWidth1600_Spon_15_fu_96">
<pin_list>
<pin id="97" dir="0" index="0" bw="32" slack="0"/>
<pin id="98" dir="0" index="1" bw="8" slack="2147483647"/>
<pin id="99" dir="0" index="2" bw="32" slack="1"/>
<pin id="100" dir="0" index="3" bw="8" slack="0"/>
<pin id="101" dir="0" index="4" bw="6" slack="0"/>
<pin id="102" dir="0" index="5" bw="64" slack="0"/>
<pin id="103" dir="1" index="6" bw="32" slack="1"/>
</pin_list>
<bind>
<opcode="call(48) " fcode="call"/>
<opset="ctx_sponge_byteIOInd_40/11 "/>
</bind>
</comp>

<comp id="108" class="1004" name="grp_KeccakWidth1600_Spon_8_fu_108">
<pin_list>
<pin id="109" dir="0" index="0" bw="32" slack="0"/>
<pin id="110" dir="0" index="1" bw="8" slack="2147483647"/>
<pin id="111" dir="0" index="2" bw="32" slack="1"/>
<pin id="112" dir="0" index="3" bw="8" slack="0"/>
<pin id="113" dir="0" index="4" bw="6" slack="0"/>
<pin id="114" dir="0" index="5" bw="64" slack="0"/>
<pin id="115" dir="1" index="6" bw="32" slack="1"/>
</pin_list>
<bind>
<opcode="call(48) " fcode="call"/>
<opset="ctx_sponge_byteIOInd_41/13 "/>
</bind>
</comp>

<comp id="120" class="1004" name="grp_KeccakWidth1600_Spon_10_fu_120">
<pin_list>
<pin id="121" dir="0" index="0" bw="32" slack="0"/>
<pin id="122" dir="0" index="1" bw="8" slack="2147483647"/>
<pin id="123" dir="0" index="2" bw="32" slack="1"/>
<pin id="124" dir="0" index="3" bw="8" slack="0"/>
<pin id="125" dir="0" index="4" bw="6" slack="0"/>
<pin id="126" dir="0" index="5" bw="64" slack="0"/>
<pin id="127" dir="1" index="6" bw="32" slack="1"/>
</pin_list>
<bind>
<opcode="call(48) " fcode="call"/>
<opset="ctx_sponge_byteIOInd_42/15 ctx_sponge_byteIOInd_43/17 ctx_sponge_byteIOInd_44/19 "/>
</bind>
</comp>

<comp id="133" class="1004" name="grp_HashInit_fu_133">
<pin_list>
<pin id="134" dir="0" index="0" bw="32" slack="0"/>
<pin id="135" dir="0" index="1" bw="8" slack="0"/>
<pin id="136" dir="0" index="2" bw="3" slack="0"/>
<pin id="137" dir="0" index="3" bw="6" slack="0"/>
<pin id="138" dir="0" index="4" bw="64" slack="0"/>
<pin id="139" dir="1" index="5" bw="32" slack="1"/>
</pin_list>
<bind>
<opcode="call(48) " fcode="call"/>
<opset="ctx_sponge_byteIOInd/1 ctx_sponge_byteIOInd_39/9 "/>
</bind>
</comp>

<comp id="146" class="1004" name="grp_HashFinal_fu_146">
<pin_list>
<pin id="147" dir="0" index="0" bw="64" slack="0"/>
<pin id="148" dir="0" index="1" bw="8" slack="2147483647"/>
<pin id="149" dir="0" index="2" bw="32" slack="1"/>
<pin id="150" dir="0" index="3" bw="6" slack="0"/>
<pin id="151" dir="0" index="4" bw="64" slack="0"/>
<pin id="152" dir="1" index="5" bw="64" slack="0"/>
</pin_list>
<bind>
<opcode="call(48) " fcode="call"/>
<opset="call_ret9/5 call_ret3/21 "/>
</bind>
</comp>

<comp id="156" class="1004" name="grp_fu_156">
<pin_list>
<pin id="157" dir="0" index="0" bw="64" slack="0"/>
<pin id="158" dir="1" index="1" bw="32" slack="1"/>
</pin_list>
<bind>
<opcode="extractvalue(56) " fcode="extractvalue"/>
<opset="ctx_sponge_byteIOInd_38/6 ctx_sponge_byteIOInd_45/22 "/>
</bind>
</comp>

<comp id="160" class="1004" name="grp_fu_160">
<pin_list>
<pin id="161" dir="0" index="0" bw="64" slack="0"/>
<pin id="162" dir="1" index="1" bw="32" slack="1"/>
</pin_list>
<bind>
<opcode="extractvalue(56) " fcode="extractvalue"/>
<opset="ctx_sponge_squeezing/6 ctx_sponge_squeezing_7/22 "/>
</bind>
</comp>

<comp id="164" class="1005" name="reg_164">
<pin_list>
<pin id="165" dir="0" index="0" bw="32" slack="1"/>
<pin id="166" dir="1" index="1" bw="32" slack="1"/>
</pin_list>
<bind>
<opset="ctx_sponge_byteIOInd ctx_sponge_byteIOInd_39 "/>
</bind>
</comp>

<comp id="170" class="1005" name="reg_170">
<pin_list>
<pin id="171" dir="0" index="0" bw="32" slack="1"/>
<pin id="172" dir="1" index="1" bw="32" slack="1"/>
</pin_list>
<bind>
<opset="ctx_sponge_byteIOInd_38 ctx_sponge_byteIOInd_45 "/>
</bind>
</comp>

<comp id="175" class="1005" name="reg_175">
<pin_list>
<pin id="176" dir="0" index="0" bw="32" slack="1"/>
<pin id="177" dir="1" index="1" bw="32" slack="1"/>
</pin_list>
<bind>
<opset="ctx_sponge_squeezing ctx_sponge_squeezing_7 "/>
</bind>
</comp>

<comp id="180" class="1005" name="reg_180">
<pin_list>
<pin id="181" dir="0" index="0" bw="32" slack="1"/>
<pin id="182" dir="1" index="1" bw="32" slack="1"/>
</pin_list>
<bind>
<opset="ctx_sponge_byteIOInd_42 ctx_sponge_byteIOInd_43 ctx_sponge_byteIOInd_44 "/>
</bind>
</comp>

<comp id="186" class="1004" name="temp_0_fu_186">
<pin_list>
<pin id="187" dir="0" index="0" bw="1" slack="0"/>
<pin id="188" dir="1" index="1" bw="8" slack="0"/>
</pin_list>
<bind>
<opcode="zext(34) " fcode="zext"/>
<opset="temp_0/17 "/>
</bind>
</comp>

<comp id="191" class="1005" name="seed_offset1_read_reg_191">
<pin_list>
<pin id="192" dir="0" index="0" bw="8" slack="1"/>
<pin id="193" dir="1" index="1" bw="8" slack="1"/>
</pin_list>
<bind>
<opset="seed_offset1_read "/>
</bind>
</comp>

<comp id="196" class="1005" name="ctx_sponge_byteIOInd_37_reg_196">
<pin_list>
<pin id="197" dir="0" index="0" bw="32" slack="1"/>
<pin id="198" dir="1" index="1" bw="32" slack="1"/>
</pin_list>
<bind>
<opset="ctx_sponge_byteIOInd_37 "/>
</bind>
</comp>

<comp id="201" class="1005" name="ctx_sponge_byteIOInd_40_reg_201">
<pin_list>
<pin id="202" dir="0" index="0" bw="32" slack="1"/>
<pin id="203" dir="1" index="1" bw="32" slack="1"/>
</pin_list>
<bind>
<opset="ctx_sponge_byteIOInd_40 "/>
</bind>
</comp>

<comp id="206" class="1005" name="ctx_sponge_byteIOInd_41_reg_206">
<pin_list>
<pin id="207" dir="0" index="0" bw="32" slack="1"/>
<pin id="208" dir="1" index="1" bw="32" slack="1"/>
</pin_list>
<bind>
<opset="ctx_sponge_byteIOInd_41 "/>
</bind>
</comp>

<comp id="211" class="1005" name="roundNumber_read_reg_211">
<pin_list>
<pin id="212" dir="0" index="0" bw="8" slack="1"/>
<pin id="213" dir="1" index="1" bw="8" slack="1"/>
</pin_list>
<bind>
<opset="roundNumber_read "/>
</bind>
</comp>

<comp id="216" class="1005" name="temp_0_reg_216">
<pin_list>
<pin id="217" dir="0" index="0" bw="8" slack="1"/>
<pin id="218" dir="1" index="1" bw="8" slack="1"/>
</pin_list>
<bind>
<opset="temp_0 "/>
</bind>
</comp>

</comp_list>

<net_list>
<net id="47"><net_src comp="16" pin="0"/><net_sink comp="44" pin=0"/></net>

<net id="52"><net_src comp="22" pin="0"/><net_sink comp="48" pin=0"/></net>

<net id="53"><net_src comp="2" pin="0"/><net_sink comp="48" pin=1"/></net>

<net id="58"><net_src comp="22" pin="0"/><net_sink comp="54" pin=0"/></net>

<net id="59"><net_src comp="6" pin="0"/><net_sink comp="54" pin=1"/></net>

<net id="64"><net_src comp="40" pin="0"/><net_sink comp="60" pin=0"/></net>

<net id="65"><net_src comp="8" pin="0"/><net_sink comp="60" pin=1"/></net>

<net id="76"><net_src comp="28" pin="0"/><net_sink comp="66" pin=0"/></net>

<net id="77"><net_src comp="10" pin="0"/><net_sink comp="66" pin=4"/></net>

<net id="78"><net_src comp="30" pin="0"/><net_sink comp="66" pin=5"/></net>

<net id="79"><net_src comp="12" pin="0"/><net_sink comp="66" pin=6"/></net>

<net id="80"><net_src comp="14" pin="0"/><net_sink comp="66" pin=7"/></net>

<net id="81"><net_src comp="42" pin="0"/><net_sink comp="66" pin=5"/></net>

<net id="91"><net_src comp="24" pin="0"/><net_sink comp="82" pin=0"/></net>

<net id="92"><net_src comp="0" pin="0"/><net_sink comp="82" pin=3"/></net>

<net id="93"><net_src comp="48" pin="2"/><net_sink comp="82" pin=4"/></net>

<net id="94"><net_src comp="12" pin="0"/><net_sink comp="82" pin=5"/></net>

<net id="95"><net_src comp="14" pin="0"/><net_sink comp="82" pin=6"/></net>

<net id="104"><net_src comp="34" pin="0"/><net_sink comp="96" pin=0"/></net>

<net id="105"><net_src comp="10" pin="0"/><net_sink comp="96" pin=3"/></net>

<net id="106"><net_src comp="12" pin="0"/><net_sink comp="96" pin=4"/></net>

<net id="107"><net_src comp="14" pin="0"/><net_sink comp="96" pin=5"/></net>

<net id="116"><net_src comp="36" pin="0"/><net_sink comp="108" pin=0"/></net>

<net id="117"><net_src comp="4" pin="0"/><net_sink comp="108" pin=3"/></net>

<net id="118"><net_src comp="12" pin="0"/><net_sink comp="108" pin=4"/></net>

<net id="119"><net_src comp="14" pin="0"/><net_sink comp="108" pin=5"/></net>

<net id="128"><net_src comp="38" pin="0"/><net_sink comp="120" pin=0"/></net>

<net id="129"><net_src comp="54" pin="2"/><net_sink comp="120" pin=3"/></net>

<net id="130"><net_src comp="12" pin="0"/><net_sink comp="120" pin=4"/></net>

<net id="131"><net_src comp="14" pin="0"/><net_sink comp="120" pin=5"/></net>

<net id="132"><net_src comp="42" pin="0"/><net_sink comp="120" pin=3"/></net>

<net id="140"><net_src comp="18" pin="0"/><net_sink comp="133" pin=0"/></net>

<net id="141"><net_src comp="44" pin="1"/><net_sink comp="133" pin=1"/></net>

<net id="142"><net_src comp="20" pin="0"/><net_sink comp="133" pin=2"/></net>

<net id="143"><net_src comp="12" pin="0"/><net_sink comp="133" pin=3"/></net>

<net id="144"><net_src comp="14" pin="0"/><net_sink comp="133" pin=4"/></net>

<net id="145"><net_src comp="32" pin="0"/><net_sink comp="133" pin=2"/></net>

<net id="153"><net_src comp="26" pin="0"/><net_sink comp="146" pin=0"/></net>

<net id="154"><net_src comp="12" pin="0"/><net_sink comp="146" pin=3"/></net>

<net id="155"><net_src comp="14" pin="0"/><net_sink comp="146" pin=4"/></net>

<net id="159"><net_src comp="146" pin="5"/><net_sink comp="156" pin=0"/></net>

<net id="163"><net_src comp="146" pin="5"/><net_sink comp="160" pin=0"/></net>

<net id="167"><net_src comp="133" pin="5"/><net_sink comp="164" pin=0"/></net>

<net id="168"><net_src comp="164" pin="1"/><net_sink comp="82" pin=2"/></net>

<net id="169"><net_src comp="164" pin="1"/><net_sink comp="96" pin=2"/></net>

<net id="173"><net_src comp="156" pin="1"/><net_sink comp="170" pin=0"/></net>

<net id="174"><net_src comp="170" pin="1"/><net_sink comp="66" pin=2"/></net>

<net id="178"><net_src comp="160" pin="1"/><net_sink comp="175" pin=0"/></net>

<net id="179"><net_src comp="175" pin="1"/><net_sink comp="66" pin=3"/></net>

<net id="183"><net_src comp="120" pin="6"/><net_sink comp="180" pin=0"/></net>

<net id="184"><net_src comp="180" pin="1"/><net_sink comp="120" pin=2"/></net>

<net id="185"><net_src comp="180" pin="1"/><net_sink comp="146" pin=2"/></net>

<net id="189"><net_src comp="60" pin="2"/><net_sink comp="186" pin=0"/></net>

<net id="190"><net_src comp="186" pin="1"/><net_sink comp="120" pin=3"/></net>

<net id="194"><net_src comp="48" pin="2"/><net_sink comp="191" pin=0"/></net>

<net id="195"><net_src comp="191" pin="1"/><net_sink comp="82" pin=4"/></net>

<net id="199"><net_src comp="82" pin="7"/><net_sink comp="196" pin=0"/></net>

<net id="200"><net_src comp="196" pin="1"/><net_sink comp="146" pin=2"/></net>

<net id="204"><net_src comp="96" pin="6"/><net_sink comp="201" pin=0"/></net>

<net id="205"><net_src comp="201" pin="1"/><net_sink comp="108" pin=2"/></net>

<net id="209"><net_src comp="108" pin="6"/><net_sink comp="206" pin=0"/></net>

<net id="210"><net_src comp="206" pin="1"/><net_sink comp="120" pin=2"/></net>

<net id="214"><net_src comp="54" pin="2"/><net_sink comp="211" pin=0"/></net>

<net id="215"><net_src comp="211" pin="1"/><net_sink comp="120" pin=3"/></net>

<net id="219"><net_src comp="186" pin="1"/><net_sink comp="216" pin=0"/></net>

<net id="220"><net_src comp="216" pin="1"/><net_sink comp="120" pin=3"/></net>

</net_list>

</model> 
---------------- Datapath Model END ------------------

* FSMD analyzer results:
  - Output states:
	Port: tape | {7 8 23 24 }
 - Input state : 
	Port: createRandomTape13 : seed_0 | {3 4 }
	Port: createRandomTape13 : seed_offset1 | {3 }
	Port: createRandomTape13 : salt_0 | {13 14 }
	Port: createRandomTape13 : roundNumber | {15 }
	Port: createRandomTape13 : playerNumber | {17 }
	Port: createRandomTape13 : tape | {11 12 }
	Port: createRandomTape13 : KeccakRhoOffsets | {1 2 3 4 5 6 7 8 9 10 11 12 13 14 15 16 17 18 19 20 21 22 23 24 }
	Port: createRandomTape13 : KeccakRoundConstants | {1 2 3 4 5 6 7 8 9 10 11 12 13 14 15 16 17 18 19 20 21 22 23 24 }
  - Chain level:
	State 1
		ctx_sponge_byteIOInd : 1
	State 2
	State 3
	State 4
	State 5
	State 6
		ctx_sponge_byteIOInd_38 : 1
		ctx_sponge_squeezing : 1
	State 7
	State 8
	State 9
	State 10
	State 11
	State 12
	State 13
	State 14
	State 15
	State 16
	State 17
		ctx_sponge_byteIOInd_43 : 1
	State 18
	State 19
	State 20
	State 21
	State 22
		ctx_sponge_byteIOInd_45 : 1
		ctx_sponge_squeezing_7 : 1
	State 23
	State 24


============================================================
+ Verbose Summary: Datapath Resource usage 
============================================================

* Functional unit list:
|----------|------------------------------------|---------|---------|---------|---------|---------|
| Operation|           Functional Unit          |   BRAM  |  Delay  |    FF   |   LUT   |   URAM  |
|----------|------------------------------------|---------|---------|---------|---------|---------|
|          |  grp_KeccakWidth1600_Spon_3_fu_66  |    6    | 45.2784 |   2260  |   3376  |    0    |
|          |  grp_KeccakWidth1600_Spon_4_fu_82  |    6    |  39.835 |   1983  |   3335  |    0    |
|          |  grp_KeccakWidth1600_Spon_15_fu_96 |    6    |  39.835 |   1961  |   3297  |    0    |
|   call   |  grp_KeccakWidth1600_Spon_8_fu_108 |    6    |  39.835 |   1957  |   3297  |    0    |
|          | grp_KeccakWidth1600_Spon_10_fu_120 |    6    | 42.3315 |   1914  |   3298  |    0    |
|          |         grp_HashInit_fu_133        |    6    |  35.378 |   1298  |   2771  |    0    |
|          |        grp_HashFinal_fu_146        |    6    | 36.9315 |   1116  |   2466  |    0    |
|----------|------------------------------------|---------|---------|---------|---------|---------|
|          |    seed_offset1_read_read_fu_48    |    0    |    0    |    0    |    0    |    0    |
|   read   |     roundNumber_read_read_fu_54    |    0    |    0    |    0    |    0    |    0    |
|          |    playerNumber_read_read_fu_60    |    0    |    0    |    0    |    0    |    0    |
|----------|------------------------------------|---------|---------|---------|---------|---------|
|extractvalue|             grp_fu_156             |    0    |    0    |    0    |    0    |    0    |
|          |             grp_fu_160             |    0    |    0    |    0    |    0    |    0    |
|----------|------------------------------------|---------|---------|---------|---------|---------|
|   zext   |            temp_0_fu_186           |    0    |    0    |    0    |    0    |    0    |
|----------|------------------------------------|---------|---------|---------|---------|---------|
|   Total  |                                    |    42   | 279.424 |  12489  |  21840  |    0    |
|----------|------------------------------------|---------|---------|---------|---------|---------|

Memories:
+----------------+--------+--------+--------+--------+
|                |  BRAM  |   FF   |   LUT  |  URAM  |
+----------------+--------+--------+--------+--------+
|ctx_sponge_state|    1   |    0   |    0   |    0   |
+----------------+--------+--------+--------+--------+
|      Total     |    1   |    0   |    0   |    0   |
+----------------+--------+--------+--------+--------+

* Register list:
+-------------------------------+--------+
|                               |   FF   |
+-------------------------------+--------+
|ctx_sponge_byteIOInd_37_reg_196|   32   |
|ctx_sponge_byteIOInd_40_reg_201|   32   |
|ctx_sponge_byteIOInd_41_reg_206|   32   |
|            reg_164            |   32   |
|            reg_170            |   32   |
|            reg_175            |   32   |
|            reg_180            |   32   |
|    roundNumber_read_reg_211   |    8   |
|   seed_offset1_read_reg_191   |    8   |
|         temp_0_reg_216        |    8   |
+-------------------------------+--------+
|             Total             |   248  |
+-------------------------------+--------+

* Multiplexer (MUX) list: 
|------------------------------------|------|------|------|--------||---------||---------|
|                Comp                |  Pin | Size |  BW  | S x BW ||  Delay  ||   LUT   |
|------------------------------------|------|------|------|--------||---------||---------|
|  grp_KeccakWidth1600_Spon_3_fu_66  |  p5  |   2  |   8  |   16   |
|  grp_KeccakWidth1600_Spon_4_fu_82  |  p4  |   2  |   8  |   16   ||    9    |
| grp_KeccakWidth1600_Spon_10_fu_120 |  p2  |   2  |  32  |   64   ||    9    |
| grp_KeccakWidth1600_Spon_10_fu_120 |  p3  |   5  |   8  |   40   ||    27   |
|         grp_HashInit_fu_133        |  p2  |   2  |   3  |    6   |
|        grp_HashFinal_fu_146        |  p2  |   2  |  32  |   64   ||    9    |
|------------------------------------|------|------|------|--------||---------||---------|
|                Total               |      |      |      |   206  || 8.40525 ||    54   |
|------------------------------------|------|------|------|--------||---------||---------|



* Summary:
+-----------+--------+--------+--------+--------+--------+
|           |  BRAM  |  Delay |   FF   |   LUT  |  URAM  |
+-----------+--------+--------+--------+--------+--------+
|  Function |   42   |   279  |  12489 |  21840 |    0   |
|   Memory  |    1   |    -   |    0   |    0   |    0   |
|Multiplexer|    -   |    8   |    -   |   54   |    -   |
|  Register |    -   |    -   |   248  |    -   |    -   |
+-----------+--------+--------+--------+--------+--------+
|   Total   |   43   |   287  |  12737 |  21894 |    0   |
+-----------+--------+--------+--------+--------+--------+
