

================================================================
== Vivado HLS Report for 'KeccakWidth1600_Spon_11'
================================================================
* Date:           Thu May  7 18:42:59 2020

* Version:        2019.2 (Build 2704478 on Wed Nov 06 22:10:23 MST 2019)
* Project:        picnic1
* Solution:       sing_open
* Product family: artix7
* Target device:  xc7a200t-fbg676-2


================================================================
== Performance Estimates
================================================================
+ Timing: 
    * Summary: 
    +--------+----------+----------+------------+
    |  Clock |  Target  | Estimated| Uncertainty|
    +--------+----------+----------+------------+
    |ap_clk  | 10.00 ns | 8.579 ns |   1.25 ns  |
    +--------+----------+----------+------------+

+ Latency: 
    * Summary: 
    +---------+---------+----------+----------+-----+-----+---------+
    |  Latency (cycles) |  Latency (absolute) |  Interval | Pipeline|
    |   min   |   max   |    min   |    max   | min | max |   Type  |
    +---------+---------+----------+----------+-----+-----+---------+
    |        ?|        ?|         ?|         ?|    ?|    ?|   none  |
    +---------+---------+----------+----------+-----+-----+---------+

    + Detail: 
        * Instance: 
        +----------------------------------+-----------------------+---------+---------+----------+----------+-------+-------+---------+
        |                                  |                       |  Latency (cycles) |  Latency (absolute) |    Interval   | Pipeline|
        |             Instance             |         Module        |   min   |   max   |    min   |    max   |  min  |  max  |   Type  |
        +----------------------------------+-----------------------+---------+---------+----------+----------+-------+-------+---------+
        |grp_KeccakP1600_Permute_s_fu_103  |KeccakP1600_Permute_s  |    18584|    18584| 0.186 ms | 0.186 ms |  18584|  18584|   none  |
        +----------------------------------+-----------------------+---------+---------+----------+----------+-------+-------+---------+

        * Loop: 
        +-------------+---------+---------+----------+-----------+-----------+------+----------+
        |             |  Latency (cycles) | Iteration|  Initiation Interval  | Trip |          |
        |  Loop Name  |   min   |   max   |  Latency |  achieved |   target  | Count| Pipelined|
        +-------------+---------+---------+----------+-----------+-----------+------+----------+
        |- Loop 1     |        ?|        ?|         ?|          -|          -|     ?|    no    |
        | + Loop 1.1  |        ?|        ?|         2|          -|          -|     ?|    no    |
        +-------------+---------+---------+----------+-----------+-----------+------+----------+

============================================================
+ Verbose Summary: Synthesis Manager
============================================================
InlineROM: 1
ExposeGlobal: 1
============================================================
+ Verbose Summary: CDFG Model
============================================================
IsTopModel: 0
ResetActiveHigh: 1
IsCombinational: 0
IsDatapathOnly: 0
HasWiredReturn: 1
HasMFsm: 0
HasVarLatency: 1
IsPipeline: 0
IsRtlPipelined: 0
IsInstanceOverlapped: 0
IsDontTouch: 0
HasImplIP: 0
IsGatedGlobalClock: 0


============================================================
+ Verbose Summary: Schedule
============================================================
* Number of FSM states : 6
* Pipeline : 0
* Dataflow Pipeline: 0

* FSM state transitions: 
1 --> 2 
2 --> 3 
3 --> 4 
4 --> 5 6 
5 --> 4 
6 --> 2 

* FSM state operations: 

State 1 <SV = 0> <Delay = 3.63>
ST_1 : Operation 7 [1/1] (0.00ns)   --->   "%i_24 = alloca i34"   --->   Operation 7 'alloca' 'i_24' <Predicate = true> <Delay = 0.00>
ST_1 : Operation 8 [1/1] (0.00ns)   --->   "%instance_byteIOIndex = alloca i32"   --->   Operation 8 'alloca' 'instance_byteIOIndex' <Predicate = true> <Delay = 0.00>
ST_1 : Operation 9 [1/1] (0.00ns)   --->   "%data_offset_read = call i8 @_ssdm_op_Read.ap_auto.i8(i8 %data_offset)"   --->   Operation 9 'read' 'data_offset_read' <Predicate = true> <Delay = 0.00>
ST_1 : Operation 10 [1/1] (0.00ns)   --->   "%instance_byteIOIndex_60 = call i32 @_ssdm_op_Read.ap_auto.i32(i32 %instance_byteIOIndex_read)"   --->   Operation 10 'read' 'instance_byteIOIndex_60' <Predicate = true> <Delay = 0.00>
ST_1 : Operation 11 [1/1] (0.00ns)   --->   "%zext_ln212 = zext i8 %data_offset_read to i15" [sha3/KeccakSpongeWidth1600.c:212]   --->   Operation 11 'zext' 'zext_ln212' <Predicate = true> <Delay = 0.00>
ST_1 : Operation 12 [1/1] (3.63ns)   --->   "%mul_ln212 = mul i15 %zext_ln212, 75" [sha3/KeccakSpongeWidth1600.c:212]   --->   Operation 12 'mul' 'mul_ln212' <Predicate = true> <Delay = 3.63> <Core = "Mul">   --->   Core 16 'Mul' <Latency = 0> <II = 1> <Delay = 3.63> <FuncUnit> <Opcode : 'mul'> <InPorts = 2> <OutPorts = 1>
ST_1 : Operation 13 [1/1] (1.45ns)   --->   "store i32 %instance_byteIOIndex_60, i32* %instance_byteIOIndex" [sha3/KeccakSpongeWidth1600.c:194]   --->   Operation 13 'store' <Predicate = true> <Delay = 1.45>
ST_1 : Operation 14 [1/1] (1.35ns)   --->   "store i34 0, i34* %i_24" [sha3/KeccakSpongeWidth1600.c:194]   --->   Operation 14 'store' <Predicate = true> <Delay = 1.35>
ST_1 : Operation 15 [1/1] (1.35ns)   --->   "br label %.preheader2" [sha3/KeccakSpongeWidth1600.c:194]   --->   Operation 15 'br' <Predicate = true> <Delay = 1.35>

State 2 <SV = 1> <Delay = 2.12>
ST_2 : Operation 16 [1/1] (0.00ns)   --->   "%p_01_rec = phi i64 [ 0, %.preheader2.preheader ], [ %p_2_rec, %._crit_edge6 ]" [sha3/KeccakSpongeWidth1600.c:229]   --->   Operation 16 'phi' 'p_01_rec' <Predicate = true> <Delay = 0.00>
ST_2 : Operation 17 [1/1] (0.00ns)   --->   "%i_24_load = load i34* %i_24" [sha3/KeccakSpongeWidth1600.c:223]   --->   Operation 17 'load' 'i_24_load' <Predicate = true> <Delay = 0.00>
ST_2 : Operation 18 [1/1] (2.12ns)   --->   "%icmp_ln194 = icmp ult i34 %i_24_load, 75" [sha3/KeccakSpongeWidth1600.c:194]   --->   Operation 18 'icmp' 'icmp_ln194' <Predicate = true> <Delay = 2.12> <Core = "Cmp">   --->   Core 25 'Cmp' <Latency = 0> <II = 1> <Delay = 2.11> <FuncUnit> <Opcode : 'icmp'> <InPorts = 2> <OutPorts = 1>
ST_2 : Operation 19 [1/1] (0.00ns)   --->   "br i1 %icmp_ln194, label %._crit_edge, label %.loopexit" [sha3/KeccakSpongeWidth1600.c:194]   --->   Operation 19 'br' <Predicate = true> <Delay = 0.00>
ST_2 : Operation 20 [1/1] (0.00ns)   --->   "%trunc_ln223 = trunc i34 %i_24_load to i7" [sha3/KeccakSpongeWidth1600.c:223]   --->   Operation 20 'trunc' 'trunc_ln223' <Predicate = (icmp_ln194)> <Delay = 0.00>
ST_2 : Operation 21 [1/1] (1.66ns)   --->   "%partialBlock = sub i7 -53, %trunc_ln223" [sha3/KeccakSpongeWidth1600.c:223]   --->   Operation 21 'sub' 'partialBlock' <Predicate = (icmp_ln194)> <Delay = 1.66> <Core = "AddSub">   --->   Core 14 'AddSub' <Latency = 0> <II = 1> <Delay = 2.99> <FuncUnit> <Opcode : 'add' 'sub'> <InPorts = 2> <OutPorts = 1>
ST_2 : Operation 22 [1/1] (0.00ns)   --->   "%instance_byteIOIndex_64 = load i32* %instance_byteIOIndex"   --->   Operation 22 'load' 'instance_byteIOIndex_64' <Predicate = (!icmp_ln194)> <Delay = 0.00>
ST_2 : Operation 23 [1/1] (0.00ns)   --->   "ret i32 %instance_byteIOIndex_64"   --->   Operation 23 'ret' <Predicate = (!icmp_ln194)> <Delay = 0.00>

State 3 <SV = 2> <Delay = 7.29>
ST_3 : Operation 24 [1/1] (0.00ns)   --->   "%instance_byteIOIndex_61 = load i32* %instance_byteIOIndex" [sha3/KeccakSpongeWidth1600.c:224]   --->   Operation 24 'load' 'instance_byteIOIndex_61' <Predicate = true> <Delay = 0.00>
ST_3 : Operation 25 [1/1] (0.00ns)   --->   "%zext_ln223 = zext i7 %partialBlock to i32" [sha3/KeccakSpongeWidth1600.c:223]   --->   Operation 25 'zext' 'zext_ln223' <Predicate = true> <Delay = 0.00>
ST_3 : Operation 26 [1/1] (2.18ns)   --->   "%add_ln224 = add i32 %zext_ln223, %instance_byteIOIndex_61" [sha3/KeccakSpongeWidth1600.c:224]   --->   Operation 26 'add' 'add_ln224' <Predicate = true> <Delay = 2.18> <Core = "AddSub">   --->   Core 14 'AddSub' <Latency = 0> <II = 1> <Delay = 2.99> <FuncUnit> <Opcode : 'add' 'sub'> <InPorts = 2> <OutPorts = 1>
ST_3 : Operation 27 [1/1] (2.11ns)   --->   "%icmp_ln224 = icmp ugt i32 %add_ln224, 168" [sha3/KeccakSpongeWidth1600.c:224]   --->   Operation 27 'icmp' 'icmp_ln224' <Predicate = true> <Delay = 2.11> <Core = "Cmp">   --->   Core 25 'Cmp' <Latency = 0> <II = 1> <Delay = 2.11> <FuncUnit> <Opcode : 'icmp'> <InPorts = 2> <OutPorts = 1>
ST_3 : Operation 28 [1/1] (2.18ns)   --->   "%partialBlock_14 = sub i32 168, %instance_byteIOIndex_61" [sha3/KeccakSpongeWidth1600.c:225]   --->   Operation 28 'sub' 'partialBlock_14' <Predicate = true> <Delay = 2.18> <Core = "AddSub">   --->   Core 14 'AddSub' <Latency = 0> <II = 1> <Delay = 2.99> <FuncUnit> <Opcode : 'add' 'sub'> <InPorts = 2> <OutPorts = 1>
ST_3 : Operation 29 [1/1] (0.77ns)   --->   "%select_ln224 = select i1 %icmp_ln224, i32 %partialBlock_14, i32 %zext_ln223" [sha3/KeccakSpongeWidth1600.c:224]   --->   Operation 29 'select' 'select_ln224' <Predicate = true> <Delay = 0.77> <Core = "Sel">   --->   Core 26 'Sel' <Latency = 0> <II = 1> <Delay = 0.77> <FuncUnit> <Opcode : 'select'> <InPorts = 3> <OutPorts = 1>
ST_3 : Operation 30 [1/1] (0.00ns)   --->   "%zext_ln229 = zext i32 %select_ln224 to i64" [sha3/KeccakSpongeWidth1600.c:229]   --->   Operation 30 'zext' 'zext_ln229' <Predicate = true> <Delay = 0.00>
ST_3 : Operation 31 [1/1] (0.00ns)   --->   "%zext_ln229_9 = zext i32 %select_ln224 to i34" [sha3/KeccakSpongeWidth1600.c:229]   --->   Operation 31 'zext' 'zext_ln229_9' <Predicate = true> <Delay = 0.00>
ST_3 : Operation 32 [1/1] (2.23ns)   --->   "%i = add i34 %zext_ln229_9, %i_24_load" [sha3/KeccakSpongeWidth1600.c:229]   --->   Operation 32 'add' 'i' <Predicate = true> <Delay = 2.23> <Core = "AddSub">   --->   Core 14 'AddSub' <Latency = 0> <II = 1> <Delay = 2.99> <FuncUnit> <Opcode : 'add' 'sub'> <InPorts = 2> <OutPorts = 1>
ST_3 : Operation 33 [1/1] (1.35ns)   --->   "br label %0" [sha3/KeccakSpongeWidth1600.c:231]   --->   Operation 33 'br' <Predicate = true> <Delay = 1.35>

State 4 <SV = 3> <Delay = 6.31>
ST_4 : Operation 34 [1/1] (0.00ns)   --->   "%loop_1 = phi i32 [ 0, %._crit_edge ], [ %loop, %1 ]"   --->   Operation 34 'phi' 'loop_1' <Predicate = true> <Delay = 0.00>
ST_4 : Operation 35 [1/1] (2.11ns)   --->   "%icmp_ln231 = icmp eq i32 %loop_1, %select_ln224" [sha3/KeccakSpongeWidth1600.c:231]   --->   Operation 35 'icmp' 'icmp_ln231' <Predicate = true> <Delay = 2.11> <Core = "Cmp">   --->   Core 25 'Cmp' <Latency = 0> <II = 1> <Delay = 2.11> <FuncUnit> <Opcode : 'icmp'> <InPorts = 2> <OutPorts = 1>
ST_4 : Operation 36 [1/1] (2.18ns)   --->   "%loop = add nsw i32 %loop_1, 1" [sha3/KeccakSpongeWidth1600.c:231]   --->   Operation 36 'add' 'loop' <Predicate = true> <Delay = 2.18> <Core = "AddSub">   --->   Core 14 'AddSub' <Latency = 0> <II = 1> <Delay = 2.99> <FuncUnit> <Opcode : 'add' 'sub'> <InPorts = 2> <OutPorts = 1>
ST_4 : Operation 37 [1/1] (0.00ns)   --->   "br i1 %icmp_ln231, label %2, label %1" [sha3/KeccakSpongeWidth1600.c:231]   --->   Operation 37 'br' <Predicate = true> <Delay = 0.00>
ST_4 : Operation 38 [1/1] (0.00ns)   --->   "%instance_byteIOIndex_62 = load i32* %instance_byteIOIndex" [sha3/KeccakSpongeWidth1600.c:232]   --->   Operation 38 'load' 'instance_byteIOIndex_62' <Predicate = (!icmp_ln231)> <Delay = 0.00>
ST_4 : Operation 39 [1/1] (0.00ns)   --->   "%trunc_ln232 = trunc i32 %loop_1 to i8" [sha3/KeccakSpongeWidth1600.c:232]   --->   Operation 39 'trunc' 'trunc_ln232' <Predicate = (!icmp_ln231)> <Delay = 0.00>
ST_4 : Operation 40 [1/1] (0.00ns)   --->   "%trunc_ln194 = trunc i64 %p_01_rec to i8" [sha3/KeccakSpongeWidth1600.c:194]   --->   Operation 40 'trunc' 'trunc_ln194' <Predicate = (!icmp_ln231)> <Delay = 0.00>
ST_4 : Operation 41 [1/1] (1.71ns)   --->   "%add_ln232 = add i8 %trunc_ln232, %trunc_ln194" [sha3/KeccakSpongeWidth1600.c:232]   --->   Operation 41 'add' 'add_ln232' <Predicate = (!icmp_ln231)> <Delay = 1.71> <Core = "AddSub">   --->   Core 14 'AddSub' <Latency = 0> <II = 1> <Delay = 2.99> <FuncUnit> <Opcode : 'add' 'sub'> <InPorts = 2> <OutPorts = 1>
ST_4 : Operation 42 [1/1] (0.00ns)   --->   "%zext_ln232 = zext i8 %add_ln232 to i15" [sha3/KeccakSpongeWidth1600.c:232]   --->   Operation 42 'zext' 'zext_ln232' <Predicate = (!icmp_ln231)> <Delay = 0.00>
ST_4 : Operation 43 [1/1] (1.82ns)   --->   "%add_ln232_14 = add i15 %mul_ln212, %zext_ln232" [sha3/KeccakSpongeWidth1600.c:232]   --->   Operation 43 'add' 'add_ln232_14' <Predicate = (!icmp_ln231)> <Delay = 1.82> <Core = "AddSub">   --->   Core 14 'AddSub' <Latency = 0> <II = 1> <Delay = 2.99> <FuncUnit> <Opcode : 'add' 'sub'> <InPorts = 2> <OutPorts = 1>
ST_4 : Operation 44 [1/1] (0.00ns)   --->   "%zext_ln232_4 = zext i15 %add_ln232_14 to i64" [sha3/KeccakSpongeWidth1600.c:232]   --->   Operation 44 'zext' 'zext_ln232_4' <Predicate = (!icmp_ln231)> <Delay = 0.00>
ST_4 : Operation 45 [1/1] (0.00ns)   --->   "%data_addr = getelementptr [16425 x i8]* %data, i64 0, i64 %zext_ln232_4" [sha3/KeccakSpongeWidth1600.c:232]   --->   Operation 45 'getelementptr' 'data_addr' <Predicate = (!icmp_ln231)> <Delay = 0.00>
ST_4 : Operation 46 [2/2] (2.77ns)   --->   "%data_load = load i8* %data_addr, align 1" [sha3/KeccakSpongeWidth1600.c:232]   --->   Operation 46 'load' 'data_load' <Predicate = (!icmp_ln231)> <Delay = 2.77> <Core = "RAM">   --->   Core 37 'RAM' <Latency = 1> <II = 1> <Delay = 2.77> <Storage> <Opcode : 'load' 'store'> <Ports = 2> <Width = 64> <Depth = 25> <RAM>
ST_4 : Operation 47 [1/1] (2.18ns)   --->   "%add_ln232_15 = add i32 %loop_1, %instance_byteIOIndex_62" [sha3/KeccakSpongeWidth1600.c:232]   --->   Operation 47 'add' 'add_ln232_15' <Predicate = (!icmp_ln231)> <Delay = 2.18> <Core = "AddSub">   --->   Core 14 'AddSub' <Latency = 0> <II = 1> <Delay = 2.99> <FuncUnit> <Opcode : 'add' 'sub'> <InPorts = 2> <OutPorts = 1>
ST_4 : Operation 48 [1/1] (0.00ns)   --->   "%zext_ln149 = zext i32 %add_ln232_15 to i64" [sha3/KeccakP-1600-reference.c:149->sha3/KeccakSpongeWidth1600.c:232]   --->   Operation 48 'zext' 'zext_ln149' <Predicate = (!icmp_ln231)> <Delay = 0.00>
ST_4 : Operation 49 [1/1] (0.00ns)   --->   "%instance_state_addr = getelementptr [200 x i8]* %instance_state, i64 0, i64 %zext_ln149" [sha3/KeccakP-1600-reference.c:149->sha3/KeccakSpongeWidth1600.c:232]   --->   Operation 49 'getelementptr' 'instance_state_addr' <Predicate = (!icmp_ln231)> <Delay = 0.00>
ST_4 : Operation 50 [2/2] (2.77ns)   --->   "%instance_state_load = load i8* %instance_state_addr, align 1" [sha3/KeccakP-1600-reference.c:149->sha3/KeccakSpongeWidth1600.c:232]   --->   Operation 50 'load' 'instance_state_load' <Predicate = (!icmp_ln231)> <Delay = 2.77> <Core = "RAM">   --->   Core 37 'RAM' <Latency = 1> <II = 1> <Delay = 2.77> <Storage> <Opcode : 'load' 'store'> <Ports = 2> <Width = 64> <Depth = 25> <RAM>
ST_4 : Operation 51 [1/1] (0.00ns)   --->   "%instance_byteIOIndex_63 = load i32* %instance_byteIOIndex" [sha3/KeccakSpongeWidth1600.c:236]   --->   Operation 51 'load' 'instance_byteIOIndex_63' <Predicate = (icmp_ln231)> <Delay = 0.00>
ST_4 : Operation 52 [1/1] (2.18ns)   --->   "%add_ln236 = add i32 %instance_byteIOIndex_63, %select_ln224" [sha3/KeccakSpongeWidth1600.c:236]   --->   Operation 52 'add' 'add_ln236' <Predicate = (icmp_ln231)> <Delay = 2.18> <Core = "AddSub">   --->   Core 14 'AddSub' <Latency = 0> <II = 1> <Delay = 2.99> <FuncUnit> <Opcode : 'add' 'sub'> <InPorts = 2> <OutPorts = 1>
ST_4 : Operation 53 [1/1] (2.11ns)   --->   "%icmp_ln237 = icmp eq i32 %add_ln236, 168" [sha3/KeccakSpongeWidth1600.c:237]   --->   Operation 53 'icmp' 'icmp_ln237' <Predicate = (icmp_ln231)> <Delay = 2.11> <Core = "Cmp">   --->   Core 25 'Cmp' <Latency = 0> <II = 1> <Delay = 2.11> <FuncUnit> <Opcode : 'icmp'> <InPorts = 2> <OutPorts = 1>
ST_4 : Operation 54 [1/1] (1.35ns)   --->   "store i34 %i, i34* %i_24" [sha3/KeccakSpongeWidth1600.c:237]   --->   Operation 54 'store' <Predicate = (icmp_ln231)> <Delay = 1.35>
ST_4 : Operation 55 [1/1] (0.00ns)   --->   "br i1 %icmp_ln237, label %3, label %.._crit_edge6_crit_edge" [sha3/KeccakSpongeWidth1600.c:237]   --->   Operation 55 'br' <Predicate = (icmp_ln231)> <Delay = 0.00>
ST_4 : Operation 56 [1/1] (1.45ns)   --->   "store i32 %add_ln236, i32* %instance_byteIOIndex" [sha3/KeccakSpongeWidth1600.c:237]   --->   Operation 56 'store' <Predicate = (icmp_ln231 & !icmp_ln237)> <Delay = 1.45>
ST_4 : Operation 57 [1/1] (0.00ns)   --->   "br label %._crit_edge6" [sha3/KeccakSpongeWidth1600.c:237]   --->   Operation 57 'br' <Predicate = (icmp_ln231 & !icmp_ln237)> <Delay = 0.00>
ST_4 : Operation 58 [2/2] (0.00ns)   --->   "call fastcc void @KeccakP1600_Permute_([200 x i8]* %instance_state)" [sha3/KeccakSpongeWidth1600.c:238]   --->   Operation 58 'call' <Predicate = (icmp_ln231 & icmp_ln237)> <Delay = 0.00> <CoreType = "Generic">   --->   Core 0 '' <Latency = 0> <II = 1> <Delay = 1.00> <Generic> <Opcode : >
ST_4 : Operation 59 [1/1] (1.45ns)   --->   "store i32 0, i32* %instance_byteIOIndex" [sha3/KeccakSpongeWidth1600.c:240]   --->   Operation 59 'store' <Predicate = (icmp_ln231 & icmp_ln237)> <Delay = 1.45>

State 5 <SV = 4> <Delay = 6.34>
ST_5 : Operation 60 [1/2] (2.77ns)   --->   "%data_load = load i8* %data_addr, align 1" [sha3/KeccakSpongeWidth1600.c:232]   --->   Operation 60 'load' 'data_load' <Predicate = true> <Delay = 2.77> <Core = "RAM">   --->   Core 37 'RAM' <Latency = 1> <II = 1> <Delay = 2.77> <Storage> <Opcode : 'load' 'store'> <Ports = 2> <Width = 64> <Depth = 25> <RAM>
ST_5 : Operation 61 [1/2] (2.77ns)   --->   "%instance_state_load = load i8* %instance_state_addr, align 1" [sha3/KeccakP-1600-reference.c:149->sha3/KeccakSpongeWidth1600.c:232]   --->   Operation 61 'load' 'instance_state_load' <Predicate = true> <Delay = 2.77> <Core = "RAM">   --->   Core 37 'RAM' <Latency = 1> <II = 1> <Delay = 2.77> <Storage> <Opcode : 'load' 'store'> <Ports = 2> <Width = 64> <Depth = 25> <RAM>
ST_5 : Operation 62 [1/1] (0.80ns)   --->   "%xor_ln149 = xor i8 %instance_state_load, %data_load" [sha3/KeccakP-1600-reference.c:149->sha3/KeccakSpongeWidth1600.c:232]   --->   Operation 62 'xor' 'xor_ln149' <Predicate = true> <Delay = 0.80> <Core = "LogicGate">   --->   Core 27 'LogicGate' <Latency = 0> <II = 1> <Delay = 0.80> <FuncUnit> <Opcode : 'and' 'or' 'xor'> <InPorts = 2> <OutPorts = 1>
ST_5 : Operation 63 [1/1] (2.77ns)   --->   "store i8 %xor_ln149, i8* %instance_state_addr, align 1" [sha3/KeccakP-1600-reference.c:149->sha3/KeccakSpongeWidth1600.c:232]   --->   Operation 63 'store' <Predicate = true> <Delay = 2.77> <Core = "RAM">   --->   Core 37 'RAM' <Latency = 1> <II = 1> <Delay = 2.77> <Storage> <Opcode : 'load' 'store'> <Ports = 2> <Width = 64> <Depth = 25> <RAM>
ST_5 : Operation 64 [1/1] (0.00ns)   --->   "br label %0" [sha3/KeccakSpongeWidth1600.c:231]   --->   Operation 64 'br' <Predicate = true> <Delay = 0.00>

State 6 <SV = 4> <Delay = 2.99>
ST_6 : Operation 65 [1/2] (0.00ns)   --->   "call fastcc void @KeccakP1600_Permute_([200 x i8]* %instance_state)" [sha3/KeccakSpongeWidth1600.c:238]   --->   Operation 65 'call' <Predicate = (icmp_ln237)> <Delay = 0.00> <CoreType = "Generic">   --->   Core 0 '' <Latency = 0> <II = 1> <Delay = 1.00> <Generic> <Opcode : >
ST_6 : Operation 66 [1/1] (0.00ns)   --->   "br label %._crit_edge6" [sha3/KeccakSpongeWidth1600.c:240]   --->   Operation 66 'br' <Predicate = (icmp_ln237)> <Delay = 0.00>
ST_6 : Operation 67 [1/1] (2.99ns)   --->   "%p_2_rec = add i64 %zext_ln229, %p_01_rec" [sha3/KeccakSpongeWidth1600.c:229]   --->   Operation 67 'add' 'p_2_rec' <Predicate = true> <Delay = 2.99> <Core = "AddSub">   --->   Core 14 'AddSub' <Latency = 0> <II = 1> <Delay = 2.99> <FuncUnit> <Opcode : 'add' 'sub'> <InPorts = 2> <OutPorts = 1>
ST_6 : Operation 68 [1/1] (0.00ns)   --->   "br label %.preheader2" [sha3/KeccakSpongeWidth1600.c:242]   --->   Operation 68 'br' <Predicate = true> <Delay = 0.00>


============================================================
+ Verbose Summary: Binding
============================================================
STG Binding: 
---------------- STG Properties BEGIN ----------------
- Is combinational: 0
- Is one-state seq: 0
- Is datapath-only: 0
- Is pipelined: 0
- Is top level: 0
Port [ Return ] is wired: 1; IO mode=ap_ctrl_hs:ce=0
Port [ instance_state]:  wired=1; compound=1; hidden=0; nouse=0; global=0; static=0; extern=0; dir=2; type=1; pingpong=0; private_global=0; MemPort=[23]; IO mode=ap_memory:ce=0
Port [ instance_byteIOIndex_read]:  wired=1; compound=0; hidden=0; nouse=0; global=0; static=0; extern=0; dir=0; type=0; pingpong=0; private_global=0; IO mode=ap_none:ce=0
Port [ data]:  wired=1; compound=1; hidden=0; nouse=0; global=0; static=0; extern=0; dir=0; type=1; pingpong=0; private_global=0; MemPort=[13]; IO mode=ap_memory:ce=0
Port [ data_offset]:  wired=1; compound=0; hidden=0; nouse=0; global=0; static=0; extern=0; dir=0; type=0; pingpong=0; private_global=0; IO mode=ap_none:ce=0
Port [ KeccakRhoOffsets]:  wired=0; compound=1; hidden=1; nouse=1; global=1; static=1; extern=0; dir=0; type=1; pingpong=0; private_global=0; linkage=7; visibility=0; MemPort=[1]; IO mode=ap_memory:ce=0
Port [ KeccakRoundConstants]:  wired=0; compound=1; hidden=1; nouse=1; global=1; static=1; extern=0; dir=0; type=1; pingpong=0; private_global=0; linkage=7; visibility=0; MemPort=[1]; IO mode=ap_memory:ce=0
---------------- STG Properties END ------------------

---------------- Datapath Model BEGIN ----------------

<LifeTime>
<method=bitvector/>
i_24                    (alloca       ) [ 0111111]
instance_byteIOIndex    (alloca       ) [ 0111111]
data_offset_read        (read         ) [ 0000000]
instance_byteIOIndex_60 (read         ) [ 0000000]
zext_ln212              (zext         ) [ 0000000]
mul_ln212               (mul          ) [ 0011111]
store_ln194             (store        ) [ 0000000]
store_ln194             (store        ) [ 0000000]
br_ln194                (br           ) [ 0111111]
p_01_rec                (phi          ) [ 0011111]
i_24_load               (load         ) [ 0001000]
icmp_ln194              (icmp         ) [ 0011111]
br_ln194                (br           ) [ 0000000]
trunc_ln223             (trunc        ) [ 0000000]
partialBlock            (sub          ) [ 0001000]
instance_byteIOIndex_64 (load         ) [ 0000000]
ret_ln0                 (ret          ) [ 0000000]
instance_byteIOIndex_61 (load         ) [ 0000000]
zext_ln223              (zext         ) [ 0000000]
add_ln224               (add          ) [ 0000000]
icmp_ln224              (icmp         ) [ 0000000]
partialBlock_14         (sub          ) [ 0000000]
select_ln224            (select       ) [ 0000110]
zext_ln229              (zext         ) [ 0000111]
zext_ln229_9            (zext         ) [ 0000000]
i                       (add          ) [ 0000110]
br_ln231                (br           ) [ 0011111]
loop_1                  (phi          ) [ 0000100]
icmp_ln231              (icmp         ) [ 0011111]
loop                    (add          ) [ 0011111]
br_ln231                (br           ) [ 0000000]
instance_byteIOIndex_62 (load         ) [ 0000000]
trunc_ln232             (trunc        ) [ 0000000]
trunc_ln194             (trunc        ) [ 0000000]
add_ln232               (add          ) [ 0000000]
zext_ln232              (zext         ) [ 0000000]
add_ln232_14            (add          ) [ 0000000]
zext_ln232_4            (zext         ) [ 0000000]
data_addr               (getelementptr) [ 0000010]
add_ln232_15            (add          ) [ 0000000]
zext_ln149              (zext         ) [ 0000000]
instance_state_addr     (getelementptr) [ 0000010]
instance_byteIOIndex_63 (load         ) [ 0000000]
add_ln236               (add          ) [ 0000000]
icmp_ln237              (icmp         ) [ 0011111]
store_ln237             (store        ) [ 0000000]
br_ln237                (br           ) [ 0000000]
store_ln237             (store        ) [ 0000000]
br_ln237                (br           ) [ 0000000]
store_ln240             (store        ) [ 0000000]
data_load               (load         ) [ 0000000]
instance_state_load     (load         ) [ 0000000]
xor_ln149               (xor          ) [ 0000000]
store_ln149             (store        ) [ 0000000]
br_ln231                (br           ) [ 0011111]
call_ln238              (call         ) [ 0000000]
br_ln240                (br           ) [ 0000000]
p_2_rec                 (add          ) [ 0111111]
br_ln242                (br           ) [ 0111111]
</LifeTime>

<model>

<comp_list>
<comp id="0" class="1000" name="instance_state">
<pin_list>
<pin id="1" dir="1" index="0" bw="1" slack="0"/>
</pin_list>
<bind>
<StgValue><ssdm name="instance_state"/><MemPortTyVec>2 3 </MemPortTyVec>
</StgValue>
</bind>
</comp>

<comp id="2" class="1000" name="instance_byteIOIndex_read">
<pin_list>
<pin id="3" dir="1" index="0" bw="1" slack="0"/>
</pin_list>
<bind>
<StgValue><ssdm name="instance_byteIOIndex_read"/></StgValue>
</bind>
</comp>

<comp id="4" class="1000" name="data">
<pin_list>
<pin id="5" dir="1" index="0" bw="1" slack="0"/>
</pin_list>
<bind>
<StgValue><ssdm name="data"/><MemPortTyVec>1 3 </MemPortTyVec>
</StgValue>
</bind>
</comp>

<comp id="6" class="1000" name="data_offset">
<pin_list>
<pin id="7" dir="1" index="0" bw="1" slack="0"/>
</pin_list>
<bind>
<StgValue><ssdm name="data_offset"/></StgValue>
</bind>
</comp>

<comp id="8" class="1000" name="KeccakRhoOffsets">
<pin_list>
<pin id="9" dir="1" index="0" bw="1" slack="0"/>
</pin_list>
<bind>
<StgValue><ssdm name="KeccakRhoOffsets"/><MemPortTyVec>1 </MemPortTyVec>
</StgValue>
</bind>
</comp>

<comp id="10" class="1000" name="KeccakRoundConstants">
<pin_list>
<pin id="11" dir="1" index="0" bw="1" slack="0"/>
</pin_list>
<bind>
<StgValue><ssdm name="KeccakRoundConstants"/><MemPortTyVec>1 </MemPortTyVec>
</StgValue>
</bind>
</comp>

<comp id="12" class="1001" name="const_12">
<pin_list>
<pin id="13" dir="1" index="0" bw="1" slack="0"/>
</pin_list>
<bind>
<StgValue><ssdm name=""/></StgValue>
</bind>
</comp>

<comp id="14" class="1001" name="const_14">
<pin_list>
<pin id="15" dir="1" index="0" bw="1" slack="0"/>
</pin_list>
<bind>
<StgValue><ssdm name="_ssdm_op_Read.ap_auto.i8"/></StgValue>
</bind>
</comp>

<comp id="16" class="1001" name="const_16">
<pin_list>
<pin id="17" dir="1" index="0" bw="1" slack="0"/>
</pin_list>
<bind>
<StgValue><ssdm name="_ssdm_op_Read.ap_auto.i32"/></StgValue>
</bind>
</comp>

<comp id="18" class="1001" name="const_18">
<pin_list>
<pin id="19" dir="1" index="0" bw="1" slack="0"/>
</pin_list>
<bind>
<StgValue><ssdm name=""/></StgValue>
</bind>
</comp>

<comp id="20" class="1001" name="const_20">
<pin_list>
<pin id="21" dir="1" index="0" bw="1" slack="0"/>
</pin_list>
<bind>
<StgValue><ssdm name=""/></StgValue>
</bind>
</comp>

<comp id="22" class="1001" name="const_22">
<pin_list>
<pin id="23" dir="1" index="0" bw="1" slack="0"/>
</pin_list>
<bind>
<StgValue><ssdm name=""/></StgValue>
</bind>
</comp>

<comp id="24" class="1001" name="const_24">
<pin_list>
<pin id="25" dir="1" index="0" bw="1" slack="0"/>
</pin_list>
<bind>
<StgValue><ssdm name=""/></StgValue>
</bind>
</comp>

<comp id="26" class="1001" name="const_26">
<pin_list>
<pin id="27" dir="1" index="0" bw="1" slack="0"/>
</pin_list>
<bind>
<StgValue><ssdm name=""/></StgValue>
</bind>
</comp>

<comp id="28" class="1001" name="const_28">
<pin_list>
<pin id="29" dir="1" index="0" bw="1" slack="0"/>
</pin_list>
<bind>
<StgValue><ssdm name=""/></StgValue>
</bind>
</comp>

<comp id="30" class="1001" name="const_30">
<pin_list>
<pin id="31" dir="1" index="0" bw="1" slack="0"/>
</pin_list>
<bind>
<StgValue><ssdm name=""/></StgValue>
</bind>
</comp>

<comp id="32" class="1001" name="const_32">
<pin_list>
<pin id="33" dir="1" index="0" bw="1" slack="0"/>
</pin_list>
<bind>
<StgValue><ssdm name="KeccakP1600_Permute_"/></StgValue>
</bind>
</comp>

<comp id="34" class="1004" name="i_24_fu_34">
<pin_list>
<pin id="35" dir="0" index="0" bw="1" slack="0"/>
<pin id="36" dir="1" index="1" bw="34" slack="0"/>
</pin_list>
<bind>
<opcode="alloca(26) " fcode="alloca"/>
<opset="i_24/1 "/>
</bind>
</comp>

<comp id="38" class="1004" name="instance_byteIOIndex_fu_38">
<pin_list>
<pin id="39" dir="0" index="0" bw="1" slack="0"/>
<pin id="40" dir="1" index="1" bw="32" slack="0"/>
</pin_list>
<bind>
<opcode="alloca(26) " fcode="alloca"/>
<opset="instance_byteIOIndex/1 "/>
</bind>
</comp>

<comp id="42" class="1004" name="data_offset_read_read_fu_42">
<pin_list>
<pin id="43" dir="0" index="0" bw="8" slack="0"/>
<pin id="44" dir="0" index="1" bw="8" slack="0"/>
<pin id="45" dir="1" index="2" bw="8" slack="0"/>
</pin_list>
<bind>
<opcode="read(1150) " fcode="read"/>
<opset="data_offset_read/1 "/>
</bind>
</comp>

<comp id="48" class="1004" name="instance_byteIOIndex_60_read_fu_48">
<pin_list>
<pin id="49" dir="0" index="0" bw="32" slack="0"/>
<pin id="50" dir="0" index="1" bw="32" slack="0"/>
<pin id="51" dir="1" index="2" bw="32" slack="0"/>
</pin_list>
<bind>
<opcode="read(1150) " fcode="read"/>
<opset="instance_byteIOIndex_60/1 "/>
</bind>
</comp>

<comp id="54" class="1004" name="data_addr_gep_fu_54">
<pin_list>
<pin id="55" dir="0" index="0" bw="8" slack="0"/>
<pin id="56" dir="0" index="1" bw="1" slack="0"/>
<pin id="57" dir="0" index="2" bw="15" slack="0"/>
<pin id="58" dir="1" index="3" bw="15" slack="0"/>
</pin_list>
<bind>
<opcode="getelementptr(29) " fcode="getelementptr"/>
<opset="data_addr/4 "/>
</bind>
</comp>

<comp id="61" class="1004" name="grp_access_fu_61">
<pin_list>
<pin id="62" dir="0" index="0" bw="15" slack="0"/>
<pin id="63" dir="0" index="1" bw="8" slack="2147483647"/>
<pin id="64" dir="0" index="2" bw="0" slack="2147483647"/>
<pin id="65" dir="1" index="3" bw="8" slack="0"/>
</pin_list>
<bind>
<opcode="load(27) " fcode="load"/>
<opset="data_load/4 "/>
</bind>
</comp>

<comp id="67" class="1004" name="instance_state_addr_gep_fu_67">
<pin_list>
<pin id="68" dir="0" index="0" bw="8" slack="0"/>
<pin id="69" dir="0" index="1" bw="1" slack="0"/>
<pin id="70" dir="0" index="2" bw="32" slack="0"/>
<pin id="71" dir="1" index="3" bw="8" slack="0"/>
</pin_list>
<bind>
<opcode="getelementptr(29) " fcode="getelementptr"/>
<opset="instance_state_addr/4 "/>
</bind>
</comp>

<comp id="74" class="1004" name="grp_access_fu_74">
<pin_list>
<pin id="75" dir="0" index="0" bw="8" slack="0"/>
<pin id="76" dir="0" index="1" bw="8" slack="0"/>
<pin id="77" dir="0" index="2" bw="0" slack="2147483647"/>
<pin id="78" dir="1" index="3" bw="8" slack="0"/>
</pin_list>
<bind>
<opcode="load(27) store(28) " fcode="store"/>
<opset="instance_state_load/4 store_ln149/5 "/>
</bind>
</comp>

<comp id="80" class="1005" name="p_01_rec_reg_80">
<pin_list>
<pin id="81" dir="0" index="0" bw="64" slack="1"/>
<pin id="82" dir="1" index="1" bw="64" slack="1"/>
</pin_list>
<bind>
<opset="p_01_rec (phireg) "/>
</bind>
</comp>

<comp id="84" class="1004" name="p_01_rec_phi_fu_84">
<pin_list>
<pin id="85" dir="0" index="0" bw="1" slack="1"/>
<pin id="86" dir="0" index="1" bw="0" slack="2147483647"/>
<pin id="87" dir="0" index="2" bw="64" slack="1"/>
<pin id="88" dir="0" index="3" bw="0" slack="2147483647"/>
<pin id="89" dir="1" index="4" bw="64" slack="2"/>
</pin_list>
<bind>
<opcode="phi(47) " fcode="phi"/>
<opset="p_01_rec/2 "/>
</bind>
</comp>

<comp id="92" class="1005" name="loop_1_reg_92">
<pin_list>
<pin id="93" dir="0" index="0" bw="32" slack="1"/>
<pin id="94" dir="1" index="1" bw="32" slack="1"/>
</pin_list>
<bind>
<opset="loop_1 (phireg) "/>
</bind>
</comp>

<comp id="96" class="1004" name="loop_1_phi_fu_96">
<pin_list>
<pin id="97" dir="0" index="0" bw="1" slack="1"/>
<pin id="98" dir="0" index="1" bw="0" slack="2147483647"/>
<pin id="99" dir="0" index="2" bw="32" slack="0"/>
<pin id="100" dir="0" index="3" bw="0" slack="2147483647"/>
<pin id="101" dir="1" index="4" bw="32" slack="0"/>
</pin_list>
<bind>
<opcode="phi(47) " fcode="phi"/>
<opset="loop_1/4 "/>
</bind>
</comp>

<comp id="103" class="1004" name="grp_KeccakP1600_Permute_s_fu_103">
<pin_list>
<pin id="104" dir="0" index="0" bw="0" slack="0"/>
<pin id="105" dir="0" index="1" bw="8" slack="0"/>
<pin id="106" dir="0" index="2" bw="6" slack="0"/>
<pin id="107" dir="0" index="3" bw="64" slack="0"/>
<pin id="108" dir="1" index="4" bw="0" slack="2147483647"/>
</pin_list>
<bind>
<opcode="call(48) " fcode="call"/>
<opset="call_ln238/4 "/>
</bind>
</comp>

<comp id="113" class="1004" name="grp_load_fu_113">
<pin_list>
<pin id="114" dir="0" index="0" bw="32" slack="1"/>
<pin id="115" dir="1" index="1" bw="32" slack="0"/>
</pin_list>
<bind>
<opcode="load(27) " fcode="load"/>
<opset="instance_byteIOIndex_64/2 instance_byteIOIndex_61/3 instance_byteIOIndex_62/4 instance_byteIOIndex_63/4 "/>
</bind>
</comp>

<comp id="116" class="1004" name="zext_ln212_fu_116">
<pin_list>
<pin id="117" dir="0" index="0" bw="8" slack="0"/>
<pin id="118" dir="1" index="1" bw="15" slack="0"/>
</pin_list>
<bind>
<opcode="zext(34) " fcode="zext"/>
<opset="zext_ln212/1 "/>
</bind>
</comp>

<comp id="120" class="1004" name="mul_ln212_fu_120">
<pin_list>
<pin id="121" dir="0" index="0" bw="8" slack="0"/>
<pin id="122" dir="0" index="1" bw="8" slack="0"/>
<pin id="123" dir="1" index="2" bw="15" slack="3"/>
</pin_list>
<bind>
<opcode="mul(12) " fcode="mul"/>
<opset="mul_ln212/1 "/>
</bind>
</comp>

<comp id="126" class="1004" name="store_ln194_store_fu_126">
<pin_list>
<pin id="127" dir="0" index="0" bw="32" slack="0"/>
<pin id="128" dir="0" index="1" bw="32" slack="0"/>
<pin id="129" dir="1" index="2" bw="0" slack="2147483647"/>
</pin_list>
<bind>
<opcode="store(28) " fcode="store"/>
<opset="store_ln194/1 "/>
</bind>
</comp>

<comp id="131" class="1004" name="store_ln194_store_fu_131">
<pin_list>
<pin id="132" dir="0" index="0" bw="1" slack="0"/>
<pin id="133" dir="0" index="1" bw="34" slack="0"/>
<pin id="134" dir="1" index="2" bw="0" slack="2147483647"/>
</pin_list>
<bind>
<opcode="store(28) " fcode="store"/>
<opset="store_ln194/1 "/>
</bind>
</comp>

<comp id="136" class="1004" name="i_24_load_load_fu_136">
<pin_list>
<pin id="137" dir="0" index="0" bw="34" slack="1"/>
<pin id="138" dir="1" index="1" bw="34" slack="0"/>
</pin_list>
<bind>
<opcode="load(27) " fcode="load"/>
<opset="i_24_load/2 "/>
</bind>
</comp>

<comp id="139" class="1004" name="icmp_ln194_fu_139">
<pin_list>
<pin id="140" dir="0" index="0" bw="34" slack="0"/>
<pin id="141" dir="0" index="1" bw="8" slack="0"/>
<pin id="142" dir="1" index="2" bw="1" slack="2147483647"/>
</pin_list>
<bind>
<opcode="icmp(45) " fcode="icmp"/>
<opset="icmp_ln194/2 "/>
</bind>
</comp>

<comp id="145" class="1004" name="trunc_ln223_fu_145">
<pin_list>
<pin id="146" dir="0" index="0" bw="34" slack="0"/>
<pin id="147" dir="1" index="1" bw="7" slack="0"/>
</pin_list>
<bind>
<opcode="trunc(33) " fcode="trunc"/>
<opset="trunc_ln223/2 "/>
</bind>
</comp>

<comp id="149" class="1004" name="partialBlock_fu_149">
<pin_list>
<pin id="150" dir="0" index="0" bw="7" slack="0"/>
<pin id="151" dir="0" index="1" bw="7" slack="0"/>
<pin id="152" dir="1" index="2" bw="7" slack="1"/>
</pin_list>
<bind>
<opcode="sub(10) " fcode="sub"/>
<opset="partialBlock/2 "/>
</bind>
</comp>

<comp id="155" class="1004" name="zext_ln223_fu_155">
<pin_list>
<pin id="156" dir="0" index="0" bw="7" slack="1"/>
<pin id="157" dir="1" index="1" bw="32" slack="0"/>
</pin_list>
<bind>
<opcode="zext(34) " fcode="zext"/>
<opset="zext_ln223/3 "/>
</bind>
</comp>

<comp id="158" class="1004" name="add_ln224_fu_158">
<pin_list>
<pin id="159" dir="0" index="0" bw="7" slack="0"/>
<pin id="160" dir="0" index="1" bw="32" slack="0"/>
<pin id="161" dir="1" index="2" bw="32" slack="0"/>
</pin_list>
<bind>
<opcode="add(8) " fcode="add"/>
<opset="add_ln224/3 "/>
</bind>
</comp>

<comp id="164" class="1004" name="icmp_ln224_fu_164">
<pin_list>
<pin id="165" dir="0" index="0" bw="32" slack="0"/>
<pin id="166" dir="0" index="1" bw="9" slack="0"/>
<pin id="167" dir="1" index="2" bw="1" slack="0"/>
</pin_list>
<bind>
<opcode="icmp(45) " fcode="icmp"/>
<opset="icmp_ln224/3 "/>
</bind>
</comp>

<comp id="170" class="1004" name="partialBlock_14_fu_170">
<pin_list>
<pin id="171" dir="0" index="0" bw="9" slack="0"/>
<pin id="172" dir="0" index="1" bw="32" slack="0"/>
<pin id="173" dir="1" index="2" bw="32" slack="0"/>
</pin_list>
<bind>
<opcode="sub(10) " fcode="sub"/>
<opset="partialBlock_14/3 "/>
</bind>
</comp>

<comp id="176" class="1004" name="select_ln224_fu_176">
<pin_list>
<pin id="177" dir="0" index="0" bw="1" slack="0"/>
<pin id="178" dir="0" index="1" bw="32" slack="0"/>
<pin id="179" dir="0" index="2" bw="7" slack="0"/>
<pin id="180" dir="1" index="3" bw="32" slack="0"/>
</pin_list>
<bind>
<opcode="select(49) " fcode="select"/>
<opset="select_ln224/3 "/>
</bind>
</comp>

<comp id="184" class="1004" name="zext_ln229_fu_184">
<pin_list>
<pin id="185" dir="0" index="0" bw="32" slack="0"/>
<pin id="186" dir="1" index="1" bw="64" slack="2"/>
</pin_list>
<bind>
<opcode="zext(34) " fcode="zext"/>
<opset="zext_ln229/3 "/>
</bind>
</comp>

<comp id="188" class="1004" name="zext_ln229_9_fu_188">
<pin_list>
<pin id="189" dir="0" index="0" bw="32" slack="0"/>
<pin id="190" dir="1" index="1" bw="34" slack="0"/>
</pin_list>
<bind>
<opcode="zext(34) " fcode="zext"/>
<opset="zext_ln229_9/3 "/>
</bind>
</comp>

<comp id="192" class="1004" name="i_fu_192">
<pin_list>
<pin id="193" dir="0" index="0" bw="32" slack="0"/>
<pin id="194" dir="0" index="1" bw="34" slack="1"/>
<pin id="195" dir="1" index="2" bw="34" slack="1"/>
</pin_list>
<bind>
<opcode="add(8) " fcode="add"/>
<opset="i/3 "/>
</bind>
</comp>

<comp id="197" class="1004" name="icmp_ln231_fu_197">
<pin_list>
<pin id="198" dir="0" index="0" bw="32" slack="0"/>
<pin id="199" dir="0" index="1" bw="32" slack="1"/>
<pin id="200" dir="1" index="2" bw="1" slack="2147483647"/>
</pin_list>
<bind>
<opcode="icmp(45) " fcode="icmp"/>
<opset="icmp_ln231/4 "/>
</bind>
</comp>

<comp id="202" class="1004" name="loop_fu_202">
<pin_list>
<pin id="203" dir="0" index="0" bw="32" slack="0"/>
<pin id="204" dir="0" index="1" bw="1" slack="0"/>
<pin id="205" dir="1" index="2" bw="32" slack="0"/>
</pin_list>
<bind>
<opcode="add(8) " fcode="add"/>
<opset="loop/4 "/>
</bind>
</comp>

<comp id="208" class="1004" name="trunc_ln232_fu_208">
<pin_list>
<pin id="209" dir="0" index="0" bw="32" slack="0"/>
<pin id="210" dir="1" index="1" bw="8" slack="0"/>
</pin_list>
<bind>
<opcode="trunc(33) " fcode="trunc"/>
<opset="trunc_ln232/4 "/>
</bind>
</comp>

<comp id="212" class="1004" name="trunc_ln194_fu_212">
<pin_list>
<pin id="213" dir="0" index="0" bw="64" slack="2"/>
<pin id="214" dir="1" index="1" bw="8" slack="0"/>
</pin_list>
<bind>
<opcode="trunc(33) " fcode="trunc"/>
<opset="trunc_ln194/4 "/>
</bind>
</comp>

<comp id="216" class="1004" name="add_ln232_fu_216">
<pin_list>
<pin id="217" dir="0" index="0" bw="8" slack="0"/>
<pin id="218" dir="0" index="1" bw="8" slack="0"/>
<pin id="219" dir="1" index="2" bw="8" slack="0"/>
</pin_list>
<bind>
<opcode="add(8) " fcode="add"/>
<opset="add_ln232/4 "/>
</bind>
</comp>

<comp id="222" class="1004" name="zext_ln232_fu_222">
<pin_list>
<pin id="223" dir="0" index="0" bw="8" slack="0"/>
<pin id="224" dir="1" index="1" bw="15" slack="0"/>
</pin_list>
<bind>
<opcode="zext(34) " fcode="zext"/>
<opset="zext_ln232/4 "/>
</bind>
</comp>

<comp id="226" class="1004" name="add_ln232_14_fu_226">
<pin_list>
<pin id="227" dir="0" index="0" bw="15" slack="3"/>
<pin id="228" dir="0" index="1" bw="8" slack="0"/>
<pin id="229" dir="1" index="2" bw="15" slack="0"/>
</pin_list>
<bind>
<opcode="add(8) " fcode="add"/>
<opset="add_ln232_14/4 "/>
</bind>
</comp>

<comp id="231" class="1004" name="zext_ln232_4_fu_231">
<pin_list>
<pin id="232" dir="0" index="0" bw="15" slack="0"/>
<pin id="233" dir="1" index="1" bw="64" slack="0"/>
</pin_list>
<bind>
<opcode="zext(34) " fcode="zext"/>
<opset="zext_ln232_4/4 "/>
</bind>
</comp>

<comp id="236" class="1004" name="add_ln232_15_fu_236">
<pin_list>
<pin id="237" dir="0" index="0" bw="32" slack="0"/>
<pin id="238" dir="0" index="1" bw="32" slack="0"/>
<pin id="239" dir="1" index="2" bw="32" slack="0"/>
</pin_list>
<bind>
<opcode="add(8) " fcode="add"/>
<opset="add_ln232_15/4 "/>
</bind>
</comp>

<comp id="242" class="1004" name="zext_ln149_fu_242">
<pin_list>
<pin id="243" dir="0" index="0" bw="32" slack="0"/>
<pin id="244" dir="1" index="1" bw="64" slack="0"/>
</pin_list>
<bind>
<opcode="zext(34) " fcode="zext"/>
<opset="zext_ln149/4 "/>
</bind>
</comp>

<comp id="247" class="1004" name="add_ln236_fu_247">
<pin_list>
<pin id="248" dir="0" index="0" bw="32" slack="0"/>
<pin id="249" dir="0" index="1" bw="32" slack="1"/>
<pin id="250" dir="1" index="2" bw="32" slack="0"/>
</pin_list>
<bind>
<opcode="add(8) " fcode="add"/>
<opset="add_ln236/4 "/>
</bind>
</comp>

<comp id="252" class="1004" name="icmp_ln237_fu_252">
<pin_list>
<pin id="253" dir="0" index="0" bw="32" slack="0"/>
<pin id="254" dir="0" index="1" bw="9" slack="0"/>
<pin id="255" dir="1" index="2" bw="1" slack="1"/>
</pin_list>
<bind>
<opcode="icmp(45) " fcode="icmp"/>
<opset="icmp_ln237/4 "/>
</bind>
</comp>

<comp id="258" class="1004" name="store_ln237_store_fu_258">
<pin_list>
<pin id="259" dir="0" index="0" bw="34" slack="1"/>
<pin id="260" dir="0" index="1" bw="34" slack="3"/>
<pin id="261" dir="1" index="2" bw="0" slack="2147483647"/>
</pin_list>
<bind>
<opcode="store(28) " fcode="store"/>
<opset="store_ln237/4 "/>
</bind>
</comp>

<comp id="262" class="1004" name="store_ln237_store_fu_262">
<pin_list>
<pin id="263" dir="0" index="0" bw="32" slack="0"/>
<pin id="264" dir="0" index="1" bw="32" slack="3"/>
<pin id="265" dir="1" index="2" bw="0" slack="2147483647"/>
</pin_list>
<bind>
<opcode="store(28) " fcode="store"/>
<opset="store_ln237/4 "/>
</bind>
</comp>

<comp id="267" class="1004" name="store_ln240_store_fu_267">
<pin_list>
<pin id="268" dir="0" index="0" bw="1" slack="0"/>
<pin id="269" dir="0" index="1" bw="32" slack="3"/>
<pin id="270" dir="1" index="2" bw="0" slack="2147483647"/>
</pin_list>
<bind>
<opcode="store(28) " fcode="store"/>
<opset="store_ln240/4 "/>
</bind>
</comp>

<comp id="272" class="1004" name="xor_ln149_fu_272">
<pin_list>
<pin id="273" dir="0" index="0" bw="8" slack="0"/>
<pin id="274" dir="0" index="1" bw="8" slack="0"/>
<pin id="275" dir="1" index="2" bw="8" slack="0"/>
</pin_list>
<bind>
<opcode="xor(25) " fcode="xor"/>
<opset="xor_ln149/5 "/>
</bind>
</comp>

<comp id="279" class="1004" name="p_2_rec_fu_279">
<pin_list>
<pin id="280" dir="0" index="0" bw="32" slack="2"/>
<pin id="281" dir="0" index="1" bw="64" slack="3"/>
<pin id="282" dir="1" index="2" bw="64" slack="1"/>
</pin_list>
<bind>
<opcode="add(8) " fcode="add"/>
<opset="p_2_rec/6 "/>
</bind>
</comp>

<comp id="284" class="1005" name="i_24_reg_284">
<pin_list>
<pin id="285" dir="0" index="0" bw="34" slack="0"/>
<pin id="286" dir="1" index="1" bw="34" slack="0"/>
</pin_list>
<bind>
<opset="i_24 "/>
</bind>
</comp>

<comp id="291" class="1005" name="instance_byteIOIndex_reg_291">
<pin_list>
<pin id="292" dir="0" index="0" bw="32" slack="0"/>
<pin id="293" dir="1" index="1" bw="32" slack="0"/>
</pin_list>
<bind>
<opset="instance_byteIOIndex "/>
</bind>
</comp>

<comp id="299" class="1005" name="mul_ln212_reg_299">
<pin_list>
<pin id="300" dir="0" index="0" bw="15" slack="3"/>
<pin id="301" dir="1" index="1" bw="15" slack="3"/>
</pin_list>
<bind>
<opset="mul_ln212 "/>
</bind>
</comp>

<comp id="304" class="1005" name="i_24_load_reg_304">
<pin_list>
<pin id="305" dir="0" index="0" bw="34" slack="1"/>
<pin id="306" dir="1" index="1" bw="34" slack="1"/>
</pin_list>
<bind>
<opset="i_24_load "/>
</bind>
</comp>

<comp id="312" class="1005" name="partialBlock_reg_312">
<pin_list>
<pin id="313" dir="0" index="0" bw="7" slack="1"/>
<pin id="314" dir="1" index="1" bw="7" slack="1"/>
</pin_list>
<bind>
<opset="partialBlock "/>
</bind>
</comp>

<comp id="317" class="1005" name="select_ln224_reg_317">
<pin_list>
<pin id="318" dir="0" index="0" bw="32" slack="1"/>
<pin id="319" dir="1" index="1" bw="32" slack="1"/>
</pin_list>
<bind>
<opset="select_ln224 "/>
</bind>
</comp>

<comp id="323" class="1005" name="zext_ln229_reg_323">
<pin_list>
<pin id="324" dir="0" index="0" bw="64" slack="2"/>
<pin id="325" dir="1" index="1" bw="64" slack="2"/>
</pin_list>
<bind>
<opset="zext_ln229 "/>
</bind>
</comp>

<comp id="328" class="1005" name="i_reg_328">
<pin_list>
<pin id="329" dir="0" index="0" bw="34" slack="1"/>
<pin id="330" dir="1" index="1" bw="34" slack="1"/>
</pin_list>
<bind>
<opset="i "/>
</bind>
</comp>

<comp id="336" class="1005" name="loop_reg_336">
<pin_list>
<pin id="337" dir="0" index="0" bw="32" slack="0"/>
<pin id="338" dir="1" index="1" bw="32" slack="0"/>
</pin_list>
<bind>
<opset="loop "/>
</bind>
</comp>

<comp id="341" class="1005" name="data_addr_reg_341">
<pin_list>
<pin id="342" dir="0" index="0" bw="15" slack="1"/>
<pin id="343" dir="1" index="1" bw="15" slack="1"/>
</pin_list>
<bind>
<opset="data_addr "/>
</bind>
</comp>

<comp id="346" class="1005" name="instance_state_addr_reg_346">
<pin_list>
<pin id="347" dir="0" index="0" bw="8" slack="1"/>
<pin id="348" dir="1" index="1" bw="8" slack="1"/>
</pin_list>
<bind>
<opset="instance_state_addr "/>
</bind>
</comp>

<comp id="351" class="1005" name="icmp_ln237_reg_351">
<pin_list>
<pin id="352" dir="0" index="0" bw="1" slack="1"/>
<pin id="353" dir="1" index="1" bw="1" slack="2147483647"/>
</pin_list>
<bind>
<opset="icmp_ln237 "/>
</bind>
</comp>

<comp id="355" class="1005" name="p_2_rec_reg_355">
<pin_list>
<pin id="356" dir="0" index="0" bw="64" slack="1"/>
<pin id="357" dir="1" index="1" bw="64" slack="1"/>
</pin_list>
<bind>
<opset="p_2_rec "/>
</bind>
</comp>

</comp_list>

<net_list>
<net id="37"><net_src comp="12" pin="0"/><net_sink comp="34" pin=0"/></net>

<net id="41"><net_src comp="12" pin="0"/><net_sink comp="38" pin=0"/></net>

<net id="46"><net_src comp="14" pin="0"/><net_sink comp="42" pin=0"/></net>

<net id="47"><net_src comp="6" pin="0"/><net_sink comp="42" pin=1"/></net>

<net id="52"><net_src comp="16" pin="0"/><net_sink comp="48" pin=0"/></net>

<net id="53"><net_src comp="2" pin="0"/><net_sink comp="48" pin=1"/></net>

<net id="59"><net_src comp="4" pin="0"/><net_sink comp="54" pin=0"/></net>

<net id="60"><net_src comp="22" pin="0"/><net_sink comp="54" pin=1"/></net>

<net id="66"><net_src comp="54" pin="3"/><net_sink comp="61" pin=0"/></net>

<net id="72"><net_src comp="0" pin="0"/><net_sink comp="67" pin=0"/></net>

<net id="73"><net_src comp="22" pin="0"/><net_sink comp="67" pin=1"/></net>

<net id="79"><net_src comp="67" pin="3"/><net_sink comp="74" pin=0"/></net>

<net id="83"><net_src comp="22" pin="0"/><net_sink comp="80" pin=0"/></net>

<net id="90"><net_src comp="80" pin="1"/><net_sink comp="84" pin=0"/></net>

<net id="91"><net_src comp="84" pin="4"/><net_sink comp="80" pin=0"/></net>

<net id="95"><net_src comp="30" pin="0"/><net_sink comp="92" pin=0"/></net>

<net id="102"><net_src comp="92" pin="1"/><net_sink comp="96" pin=0"/></net>

<net id="109"><net_src comp="32" pin="0"/><net_sink comp="103" pin=0"/></net>

<net id="110"><net_src comp="0" pin="0"/><net_sink comp="103" pin=1"/></net>

<net id="111"><net_src comp="8" pin="0"/><net_sink comp="103" pin=2"/></net>

<net id="112"><net_src comp="10" pin="0"/><net_sink comp="103" pin=3"/></net>

<net id="119"><net_src comp="42" pin="2"/><net_sink comp="116" pin=0"/></net>

<net id="124"><net_src comp="116" pin="1"/><net_sink comp="120" pin=0"/></net>

<net id="125"><net_src comp="18" pin="0"/><net_sink comp="120" pin=1"/></net>

<net id="130"><net_src comp="48" pin="2"/><net_sink comp="126" pin=0"/></net>

<net id="135"><net_src comp="20" pin="0"/><net_sink comp="131" pin=0"/></net>

<net id="143"><net_src comp="136" pin="1"/><net_sink comp="139" pin=0"/></net>

<net id="144"><net_src comp="24" pin="0"/><net_sink comp="139" pin=1"/></net>

<net id="148"><net_src comp="136" pin="1"/><net_sink comp="145" pin=0"/></net>

<net id="153"><net_src comp="26" pin="0"/><net_sink comp="149" pin=0"/></net>

<net id="154"><net_src comp="145" pin="1"/><net_sink comp="149" pin=1"/></net>

<net id="162"><net_src comp="155" pin="1"/><net_sink comp="158" pin=0"/></net>

<net id="163"><net_src comp="113" pin="1"/><net_sink comp="158" pin=1"/></net>

<net id="168"><net_src comp="158" pin="2"/><net_sink comp="164" pin=0"/></net>

<net id="169"><net_src comp="28" pin="0"/><net_sink comp="164" pin=1"/></net>

<net id="174"><net_src comp="28" pin="0"/><net_sink comp="170" pin=0"/></net>

<net id="175"><net_src comp="113" pin="1"/><net_sink comp="170" pin=1"/></net>

<net id="181"><net_src comp="164" pin="2"/><net_sink comp="176" pin=0"/></net>

<net id="182"><net_src comp="170" pin="2"/><net_sink comp="176" pin=1"/></net>

<net id="183"><net_src comp="155" pin="1"/><net_sink comp="176" pin=2"/></net>

<net id="187"><net_src comp="176" pin="3"/><net_sink comp="184" pin=0"/></net>

<net id="191"><net_src comp="176" pin="3"/><net_sink comp="188" pin=0"/></net>

<net id="196"><net_src comp="188" pin="1"/><net_sink comp="192" pin=0"/></net>

<net id="201"><net_src comp="96" pin="4"/><net_sink comp="197" pin=0"/></net>

<net id="206"><net_src comp="96" pin="4"/><net_sink comp="202" pin=0"/></net>

<net id="207"><net_src comp="12" pin="0"/><net_sink comp="202" pin=1"/></net>

<net id="211"><net_src comp="96" pin="4"/><net_sink comp="208" pin=0"/></net>

<net id="215"><net_src comp="80" pin="1"/><net_sink comp="212" pin=0"/></net>

<net id="220"><net_src comp="208" pin="1"/><net_sink comp="216" pin=0"/></net>

<net id="221"><net_src comp="212" pin="1"/><net_sink comp="216" pin=1"/></net>

<net id="225"><net_src comp="216" pin="2"/><net_sink comp="222" pin=0"/></net>

<net id="230"><net_src comp="222" pin="1"/><net_sink comp="226" pin=1"/></net>

<net id="234"><net_src comp="226" pin="2"/><net_sink comp="231" pin=0"/></net>

<net id="235"><net_src comp="231" pin="1"/><net_sink comp="54" pin=2"/></net>

<net id="240"><net_src comp="96" pin="4"/><net_sink comp="236" pin=0"/></net>

<net id="241"><net_src comp="113" pin="1"/><net_sink comp="236" pin=1"/></net>

<net id="245"><net_src comp="236" pin="2"/><net_sink comp="242" pin=0"/></net>

<net id="246"><net_src comp="242" pin="1"/><net_sink comp="67" pin=2"/></net>

<net id="251"><net_src comp="113" pin="1"/><net_sink comp="247" pin=0"/></net>

<net id="256"><net_src comp="247" pin="2"/><net_sink comp="252" pin=0"/></net>

<net id="257"><net_src comp="28" pin="0"/><net_sink comp="252" pin=1"/></net>

<net id="266"><net_src comp="247" pin="2"/><net_sink comp="262" pin=0"/></net>

<net id="271"><net_src comp="30" pin="0"/><net_sink comp="267" pin=0"/></net>

<net id="276"><net_src comp="74" pin="3"/><net_sink comp="272" pin=0"/></net>

<net id="277"><net_src comp="61" pin="3"/><net_sink comp="272" pin=1"/></net>

<net id="278"><net_src comp="272" pin="2"/><net_sink comp="74" pin=1"/></net>

<net id="283"><net_src comp="80" pin="1"/><net_sink comp="279" pin=1"/></net>

<net id="287"><net_src comp="34" pin="1"/><net_sink comp="284" pin=0"/></net>

<net id="288"><net_src comp="284" pin="1"/><net_sink comp="131" pin=1"/></net>

<net id="289"><net_src comp="284" pin="1"/><net_sink comp="136" pin=0"/></net>

<net id="290"><net_src comp="284" pin="1"/><net_sink comp="258" pin=1"/></net>

<net id="294"><net_src comp="38" pin="1"/><net_sink comp="291" pin=0"/></net>

<net id="295"><net_src comp="291" pin="1"/><net_sink comp="126" pin=1"/></net>

<net id="296"><net_src comp="291" pin="1"/><net_sink comp="113" pin=0"/></net>

<net id="297"><net_src comp="291" pin="1"/><net_sink comp="262" pin=1"/></net>

<net id="298"><net_src comp="291" pin="1"/><net_sink comp="267" pin=1"/></net>

<net id="302"><net_src comp="120" pin="2"/><net_sink comp="299" pin=0"/></net>

<net id="303"><net_src comp="299" pin="1"/><net_sink comp="226" pin=0"/></net>

<net id="307"><net_src comp="136" pin="1"/><net_sink comp="304" pin=0"/></net>

<net id="308"><net_src comp="304" pin="1"/><net_sink comp="192" pin=1"/></net>

<net id="315"><net_src comp="149" pin="2"/><net_sink comp="312" pin=0"/></net>

<net id="316"><net_src comp="312" pin="1"/><net_sink comp="155" pin=0"/></net>

<net id="320"><net_src comp="176" pin="3"/><net_sink comp="317" pin=0"/></net>

<net id="321"><net_src comp="317" pin="1"/><net_sink comp="197" pin=1"/></net>

<net id="322"><net_src comp="317" pin="1"/><net_sink comp="247" pin=1"/></net>

<net id="326"><net_src comp="184" pin="1"/><net_sink comp="323" pin=0"/></net>

<net id="327"><net_src comp="323" pin="1"/><net_sink comp="279" pin=0"/></net>

<net id="331"><net_src comp="192" pin="2"/><net_sink comp="328" pin=0"/></net>

<net id="332"><net_src comp="328" pin="1"/><net_sink comp="258" pin=0"/></net>

<net id="339"><net_src comp="202" pin="2"/><net_sink comp="336" pin=0"/></net>

<net id="340"><net_src comp="336" pin="1"/><net_sink comp="96" pin=2"/></net>

<net id="344"><net_src comp="54" pin="3"/><net_sink comp="341" pin=0"/></net>

<net id="345"><net_src comp="341" pin="1"/><net_sink comp="61" pin=0"/></net>

<net id="349"><net_src comp="67" pin="3"/><net_sink comp="346" pin=0"/></net>

<net id="350"><net_src comp="346" pin="1"/><net_sink comp="74" pin=0"/></net>

<net id="354"><net_src comp="252" pin="2"/><net_sink comp="351" pin=0"/></net>

<net id="358"><net_src comp="279" pin="2"/><net_sink comp="355" pin=0"/></net>

<net id="359"><net_src comp="355" pin="1"/><net_sink comp="84" pin=2"/></net>

</net_list>

</model> 
---------------- Datapath Model END ------------------

* FSMD analyzer results:
  - Output states:
	Port: instance_state | {4 5 6 }
 - Input state : 
	Port: KeccakWidth1600_Spon.11 : instance_state | {4 5 6 }
	Port: KeccakWidth1600_Spon.11 : instance_byteIOIndex_read | {1 }
	Port: KeccakWidth1600_Spon.11 : data | {4 5 }
	Port: KeccakWidth1600_Spon.11 : data_offset | {1 }
	Port: KeccakWidth1600_Spon.11 : KeccakRhoOffsets | {4 6 }
	Port: KeccakWidth1600_Spon.11 : KeccakRoundConstants | {4 6 }
  - Chain level:
	State 1
		mul_ln212 : 1
		store_ln194 : 1
	State 2
		icmp_ln194 : 1
		br_ln194 : 2
		trunc_ln223 : 1
		partialBlock : 2
		ret_ln0 : 1
	State 3
		add_ln224 : 1
		icmp_ln224 : 2
		partialBlock_14 : 1
		select_ln224 : 3
		zext_ln229 : 4
		zext_ln229_9 : 4
		i : 5
	State 4
		icmp_ln231 : 1
		loop : 1
		br_ln231 : 2
		trunc_ln232 : 1
		add_ln232 : 2
		zext_ln232 : 3
		add_ln232_14 : 4
		zext_ln232_4 : 5
		data_addr : 6
		data_load : 7
		add_ln232_15 : 1
		zext_ln149 : 2
		instance_state_addr : 3
		instance_state_load : 4
		add_ln236 : 1
		icmp_ln237 : 2
		br_ln237 : 3
		store_ln237 : 2
	State 5
		xor_ln149 : 1
		store_ln149 : 1
	State 6


============================================================
+ Verbose Summary: Datapath Resource usage 
============================================================

* Functional unit list:
|----------|------------------------------------|---------|---------|---------|---------|---------|---------|
| Operation|           Functional Unit          |   BRAM  |  DSP48E |  Delay  |    FF   |   LUT   |   URAM  |
|----------|------------------------------------|---------|---------|---------|---------|---------|---------|
|   call   |  grp_KeccakP1600_Permute_s_fu_103  |    6    |    0    |  34.028 |   1100  |   2420  |    0    |
|----------|------------------------------------|---------|---------|---------|---------|---------|---------|
|          |          add_ln224_fu_158          |    0    |    0    |    0    |    0    |    39   |    0    |
|          |              i_fu_192              |    0    |    0    |    0    |    0    |    41   |    0    |
|          |             loop_fu_202            |    0    |    0    |    0    |    0    |    39   |    0    |
|    add   |          add_ln232_fu_216          |    0    |    0    |    0    |    0    |    15   |    0    |
|          |         add_ln232_14_fu_226        |    0    |    0    |    0    |    0    |    22   |    0    |
|          |         add_ln232_15_fu_236        |    0    |    0    |    0    |    0    |    39   |    0    |
|          |          add_ln236_fu_247          |    0    |    0    |    0    |    0    |    39   |    0    |
|          |           p_2_rec_fu_279           |    0    |    0    |    0    |    0    |    71   |    0    |
|----------|------------------------------------|---------|---------|---------|---------|---------|---------|
|          |          icmp_ln194_fu_139         |    0    |    0    |    0    |    0    |    21   |    0    |
|   icmp   |          icmp_ln224_fu_164         |    0    |    0    |    0    |    0    |    18   |    0    |
|          |          icmp_ln231_fu_197         |    0    |    0    |    0    |    0    |    18   |    0    |
|          |          icmp_ln237_fu_252         |    0    |    0    |    0    |    0    |    18   |    0    |
|----------|------------------------------------|---------|---------|---------|---------|---------|---------|
|    sub   |         partialBlock_fu_149        |    0    |    0    |    0    |    0    |    15   |    0    |
|          |       partialBlock_14_fu_170       |    0    |    0    |    0    |    0    |    39   |    0    |
|----------|------------------------------------|---------|---------|---------|---------|---------|---------|
|    mul   |          mul_ln212_fu_120          |    0    |    0    |    0    |    0    |    41   |    0    |
|----------|------------------------------------|---------|---------|---------|---------|---------|---------|
|  select  |         select_ln224_fu_176        |    0    |    0    |    0    |    0    |    32   |    0    |
|----------|------------------------------------|---------|---------|---------|---------|---------|---------|
|    xor   |          xor_ln149_fu_272          |    0    |    0    |    0    |    0    |    8    |    0    |
|----------|------------------------------------|---------|---------|---------|---------|---------|---------|
|   read   |     data_offset_read_read_fu_42    |    0    |    0    |    0    |    0    |    0    |    0    |
|          | instance_byteIOIndex_60_read_fu_48 |    0    |    0    |    0    |    0    |    0    |    0    |
|----------|------------------------------------|---------|---------|---------|---------|---------|---------|
|          |          zext_ln212_fu_116         |    0    |    0    |    0    |    0    |    0    |    0    |
|          |          zext_ln223_fu_155         |    0    |    0    |    0    |    0    |    0    |    0    |
|          |          zext_ln229_fu_184         |    0    |    0    |    0    |    0    |    0    |    0    |
|   zext   |         zext_ln229_9_fu_188        |    0    |    0    |    0    |    0    |    0    |    0    |
|          |          zext_ln232_fu_222         |    0    |    0    |    0    |    0    |    0    |    0    |
|          |         zext_ln232_4_fu_231        |    0    |    0    |    0    |    0    |    0    |    0    |
|          |          zext_ln149_fu_242         |    0    |    0    |    0    |    0    |    0    |    0    |
|----------|------------------------------------|---------|---------|---------|---------|---------|---------|
|          |         trunc_ln223_fu_145         |    0    |    0    |    0    |    0    |    0    |    0    |
|   trunc  |         trunc_ln232_fu_208         |    0    |    0    |    0    |    0    |    0    |    0    |
|          |         trunc_ln194_fu_212         |    0    |    0    |    0    |    0    |    0    |    0    |
|----------|------------------------------------|---------|---------|---------|---------|---------|---------|
|   Total  |                                    |    6    |    0    |  34.028 |   1100  |   2935  |    0    |
|----------|------------------------------------|---------|---------|---------|---------|---------|---------|

Memories:
N/A

* Register list:
+----------------------------+--------+
|                            |   FF   |
+----------------------------+--------+
|      data_addr_reg_341     |   15   |
|      i_24_load_reg_304     |   34   |
|        i_24_reg_284        |   34   |
|          i_reg_328         |   34   |
|     icmp_ln237_reg_351     |    1   |
|instance_byteIOIndex_reg_291|   32   |
| instance_state_addr_reg_346|    8   |
|        loop_1_reg_92       |   32   |
|        loop_reg_336        |   32   |
|      mul_ln212_reg_299     |   15   |
|       p_01_rec_reg_80      |   64   |
|       p_2_rec_reg_355      |   64   |
|    partialBlock_reg_312    |    7   |
|    select_ln224_reg_317    |   32   |
|     zext_ln229_reg_323     |   64   |
+----------------------------+--------+
|            Total           |   468  |
+----------------------------+--------+

* Multiplexer (MUX) list: 
|------------------|------|------|------|--------||---------||---------|
|       Comp       |  Pin | Size |  BW  | S x BW ||  Delay  ||   LUT   |
|------------------|------|------|------|--------||---------||---------|
| grp_access_fu_61 |  p0  |   2  |  15  |   30   ||    9    |
| grp_access_fu_74 |  p0  |   2  |   8  |   16   ||    9    |
|  p_01_rec_reg_80 |  p0  |   2  |  64  |   128  ||    9    |
|------------------|------|------|------|--------||---------||---------|
|       Total      |      |      |      |   174  ||   4.05  ||    27   |
|------------------|------|------|------|--------||---------||---------|



* Summary:
+-----------+--------+--------+--------+--------+--------+--------+
|           |  BRAM  | DSP48E |  Delay |   FF   |   LUT  |  URAM  |
+-----------+--------+--------+--------+--------+--------+--------+
|  Function |    6   |    0   |   34   |  1100  |  2935  |    0   |
|   Memory  |    -   |    -   |    -   |    -   |    -   |    -   |
|Multiplexer|    -   |    -   |    4   |    -   |   27   |    -   |
|  Register |    -   |    -   |    -   |   468  |    -   |    -   |
+-----------+--------+--------+--------+--------+--------+--------+
|   Total   |    6   |    0   |   38   |  1568  |  2962  |    0   |
+-----------+--------+--------+--------+--------+--------+--------+
