

================================================================
== Vivado HLS Report for 'HashUpdate_2'
================================================================
* Date:           Thu May  7 18:01:54 2020

* Version:        2019.2 (Build 2704478 on Wed Nov 06 22:10:23 MST 2019)
* Project:        picnic1
* Solution:       sing_open
* Product family: artix7
* Target device:  xc7a200t-fbg676-2


================================================================
== Performance Estimates
================================================================
+ Timing: 
    * Summary: 
    +--------+----------+----------+------------+
    |  Clock |  Target  | Estimated| Uncertainty|
    +--------+----------+----------+------------+
    |ap_clk  | 10.00 ns | 8.579 ns |   1.25 ns  |
    +--------+----------+----------+------------+

+ Latency: 
    * Summary: 
    +---------+---------+----------+----------+-----+-----+---------+
    |  Latency (cycles) |  Latency (absolute) |  Interval | Pipeline|
    |   min   |   max   |    min   |    max   | min | max |   Type  |
    +---------+---------+----------+----------+-----+-----+---------+
    |        ?|        ?|         ?|         ?|    ?|    ?|   none  |
    +---------+---------+----------+----------+-----+-----+---------+

    + Detail: 
        * Instance: 
        +-----------------------------------+------------------------+---------+---------+----------+----------+-----+-----+---------+
        |                                   |                        |  Latency (cycles) |  Latency (absolute) |  Interval | Pipeline|
        |              Instance             |         Module         |   min   |   max   |    min   |    max   | min | max |   Type  |
        +-----------------------------------+------------------------+---------+---------+----------+----------+-----+-----+---------+
        |grp_KeccakWidth1600_Spon_9_fu_162  |KeccakWidth1600_Spon_9  |        ?|        ?|         ?|         ?|    ?|    ?|   none  |
        +-----------------------------------+------------------------+---------+---------+----------+----------+-----+-----+---------+

        * Loop: 
        +-----------------------+---------+---------+----------+-----------+-----------+------+----------+
        |                       |  Latency (cycles) | Iteration|  Initiation Interval  | Trip |          |
        |       Loop Name       |   min   |   max   |  Latency |  achieved |   target  | Count| Pipelined|
        +-----------------------+---------+---------+----------+-----------+-----------+------+----------+
        |- memset_temp          |       74|       74|         1|          -|          -|    75|    no    |
        |- HashUpdate_2_label2  |       12|       12|         3|          -|          -|     4|    no    |
        +-----------------------+---------+---------+----------+-----------+-----------+------+----------+



================================================================
== Utilization Estimates
================================================================
* Summary: 
+-----------------+---------+-------+--------+--------+-----+
|       Name      | BRAM_18K| DSP48E|   FF   |   LUT  | URAM|
+-----------------+---------+-------+--------+--------+-----+
|DSP              |        -|      -|       -|       -|    -|
|Expression       |        -|      -|       0|      53|    -|
|FIFO             |        -|      -|       -|       -|    -|
|Instance         |        8|      -|    1636|    4142|    0|
|Memory           |        1|      -|       0|       0|    0|
|Multiplexer      |        -|      -|       -|     158|    -|
|Register         |        -|      -|      81|       -|    -|
+-----------------+---------+-------+--------+--------+-----+
|Total            |        9|      0|    1717|    4353|    0|
+-----------------+---------+-------+--------+--------+-----+
|Available        |      730|    740|  269200|  134600|    0|
+-----------------+---------+-------+--------+--------+-----+
|Utilization (%)  |        1|      0|   ~0   |       3|    0|
+-----------------+---------+-------+--------+--------+-----+

+ Detail: 
    * Instance: 
    +-----------------------------------+------------------------+---------+-------+------+------+-----+
    |              Instance             |         Module         | BRAM_18K| DSP48E|  FF  |  LUT | URAM|
    +-----------------------------------+------------------------+---------+-------+------+------+-----+
    |grp_KeccakWidth1600_Spon_9_fu_162  |KeccakWidth1600_Spon_9  |        8|      0|  1636|  4142|    0|
    +-----------------------------------+------------------------+---------+-------+------+------+-----+
    |Total                              |                        |        8|      0|  1636|  4142|    0|
    +-----------------------------------+------------------------+---------+-------+------+------+-----+

    * DSP48E: 
    N/A

    * Memory: 
    +--------+---------------------+---------+---+----+-----+------+-----+------+-------------+
    | Memory |        Module       | BRAM_18K| FF| LUT| URAM| Words| Bits| Banks| W*Bits*Banks|
    +--------+---------------------+---------+---+----+-----+------+-----+------+-------------+
    |temp_U  |HashUpdate_2_1_temp  |        1|  0|   0|    0|    75|    8|     1|          600|
    +--------+---------------------+---------+---+----+-----+------+-----+------+-------------+
    |Total   |                     |        1|  0|   0|    0|    75|    8|     1|          600|
    +--------+---------------------+---------+---+----+-----+------+-----+------+-------------+

    * FIFO: 
    N/A

    * Expression: 
    +---------------------+----------+-------+---+----+------------+------------+
    |    Variable Name    | Operation| DSP48E| FF| LUT| Bitwidth P0| Bitwidth P1|
    +---------------------+----------+-------+---+----+------------+------------+
    |add_ln34_fu_174_p2   |     +    |      0|  0|  15|           7|           1|
    |loop_fu_222_p2       |     +    |      0|  0|  15|           3|           5|
    |icmp_ln34_fu_185_p2  |   icmp   |      0|  0|  11|           7|           7|
    |or_ln41_fu_244_p2    |    or    |      0|  0|   4|           4|           1|
    |or_ln43_fu_274_p2    |    or    |      0|  0|   4|           4|           2|
    |or_ln45_fu_284_p2    |    or    |      0|  0|   4|           4|           2|
    +---------------------+----------+-------+---+----+------------+------------+
    |Total                |          |      0|  0|  53|          29|          18|
    +---------------------+----------+-------+---+----+------------+------------+

    * Multiplexer: 
    +------------------+----+-----------+-----+-----------+
    |       Name       | LUT| Input Size| Bits| Total Bits|
    +------------------+----+-----------+-----+-----------+
    |ap_NS_fsm         |  38|          7|    1|          7|
    |ap_return         |   9|          2|   32|         64|
    |loop_0_reg_151    |   9|          2|    5|         10|
    |phi_ln34_reg_140  |   9|          2|    7|         14|
    |temp_address0     |  27|          5|    7|         35|
    |temp_address1     |  15|          3|    7|         21|
    |temp_ce0          |  15|          3|    1|          3|
    |temp_d0           |  21|          4|    8|         32|
    |temp_d1           |  15|          3|    8|         24|
    +------------------+----+-----------+-----+-----------+
    |Total             | 158|         31|   76|        210|
    +------------------+----+-----------+-----+-----------+

    * Register: 
    +------------------------------------------------+----+----+-----+-----------+
    |                      Name                      | FF | LUT| Bits| Const Bits|
    +------------------------------------------------+----+----+-----+-----------+
    |ap_CS_fsm                                       |   6|   0|    6|          0|
    |ap_return_preg                                  |  32|   0|   32|          0|
    |grp_KeccakWidth1600_Spon_9_fu_162_ap_start_reg  |   1|   0|    1|          0|
    |loop_0_reg_151                                  |   5|   0|    5|          0|
    |loop_reg_327                                    |   5|   0|    5|          0|
    |phi_ln34_reg_140                                |   7|   0|    7|          0|
    |trunc_ln37_reg_320                              |   4|   0|    4|          0|
    |trunc_ln5_reg_332                               |   8|   0|    8|          0|
    |trunc_ln6_reg_337                               |   8|   0|    8|          0|
    |zext_ln37_reg_307                               |   5|   0|   64|         59|
    +------------------------------------------------+----+----+-----+-----------+
    |Total                                           |  81|   0|  140|         59|
    +------------------------------------------------+----+----+-----+-----------+



================================================================
== Interface
================================================================
* Summary: 
+---------------------------+-----+-----+------------+----------------------+--------------+
|         RTL Ports         | Dir | Bits|  Protocol  |     Source Object    |    C Type    |
+---------------------------+-----+-----+------------+----------------------+--------------+
|ap_clk                     |  in |    1| ap_ctrl_hs |     HashUpdate_2     | return value |
|ap_rst                     |  in |    1| ap_ctrl_hs |     HashUpdate_2     | return value |
|ap_start                   |  in |    1| ap_ctrl_hs |     HashUpdate_2     | return value |
|ap_done                    | out |    1| ap_ctrl_hs |     HashUpdate_2     | return value |
|ap_idle                    | out |    1| ap_ctrl_hs |     HashUpdate_2     | return value |
|ap_ready                   | out |    1| ap_ctrl_hs |     HashUpdate_2     | return value |
|ap_return                  | out |   32| ap_ctrl_hs |     HashUpdate_2     | return value |
|ctx_sponge_state_address0  | out |    8|  ap_memory |   ctx_sponge_state   |     array    |
|ctx_sponge_state_ce0       | out |    1|  ap_memory |   ctx_sponge_state   |     array    |
|ctx_sponge_state_we0       | out |    1|  ap_memory |   ctx_sponge_state   |     array    |
|ctx_sponge_state_d0        | out |    8|  ap_memory |   ctx_sponge_state   |     array    |
|ctx_sponge_state_q0        |  in |    8|  ap_memory |   ctx_sponge_state   |     array    |
|ctx_sponge_byteIOInd       |  in |   32|   ap_none  | ctx_sponge_byteIOInd |    scalar    |
|data_address0              | out |    3|  ap_memory |         data         |     array    |
|data_ce0                   | out |    1|  ap_memory |         data         |     array    |
|data_q0                    |  in |   32|  ap_memory |         data         |     array    |
+---------------------------+-----+-----+------------+----------------------+--------------+

============================================================
+ Verbose Summary: Synthesis Manager
============================================================
InlineROM: 1
ExposeGlobal: 1
============================================================
+ Verbose Summary: CDFG Model
============================================================
IsTopModel: 0
ResetActiveHigh: 1
IsCombinational: 2
IsDatapathOnly: 2
HasWiredReturn: 1
HasMFsm: 0
HasVarLatency: 1
IsPipeline: 0
IsRtlPipelined: 0
IsInstanceOverlapped: 0
IsDontTouch: 0
HasImplIP: 0
IsGatedGlobalClock: 0


============================================================
+ Verbose Summary: Schedule
============================================================
* Number of FSM states : 6
* Pipeline : 0
* Dataflow Pipeline: 0

* FSM state transitions: 
1 --> 2 
2 --> 2 3 
3 --> 4 6 
4 --> 5 
5 --> 3 
6 --> 

* FSM state operations: 

State 1 <SV = 0> <Delay = 1.77>
ST_1 : Operation 7 [1/1] (0.00ns)   --->   "%ctx_sponge_byteIOInd_47 = call i32 @_ssdm_op_Read.ap_auto.i32(i32 %ctx_sponge_byteIOInd)"   --->   Operation 7 'read' 'ctx_sponge_byteIOInd_47' <Predicate = true> <Delay = 0.00>
ST_1 : Operation 8 [1/1] (1.77ns)   --->   "%temp = alloca [75 x i8], align 16" [hash.c:34]   --->   Operation 8 'alloca' 'temp' <Predicate = true> <Delay = 1.77> <Core = "RAM">   --->   Core 37 'RAM' <Latency = 1> <II = 1> <Delay = 1.77> <Storage> <Opcode : 'load' 'store'> <Ports = 2> <Width = 8> <Depth = 75> <RAM>
ST_1 : Operation 9 [1/1] (1.35ns)   --->   "br label %meminst"   --->   Operation 9 'br' <Predicate = true> <Delay = 1.35>

State 2 <SV = 1> <Delay = 1.77>
ST_2 : Operation 10 [1/1] (0.00ns)   --->   "%phi_ln34 = phi i7 [ 0, %0 ], [ %add_ln34, %meminst ]" [hash.c:34]   --->   Operation 10 'phi' 'phi_ln34' <Predicate = true> <Delay = 0.00>
ST_2 : Operation 11 [1/1] (1.66ns)   --->   "%add_ln34 = add i7 %phi_ln34, 1" [hash.c:34]   --->   Operation 11 'add' 'add_ln34' <Predicate = true> <Delay = 1.66> <Core = "AddSub">   --->   Core 14 'AddSub' <Latency = 0> <II = 1> <Delay = 1.54> <FuncUnit> <Opcode : 'add' 'sub'> <InPorts = 2> <OutPorts = 1>
ST_2 : Operation 12 [1/1] (0.00ns)   --->   "%zext_ln34 = zext i7 %phi_ln34 to i64" [hash.c:34]   --->   Operation 12 'zext' 'zext_ln34' <Predicate = true> <Delay = 0.00>
ST_2 : Operation 13 [1/1] (0.00ns)   --->   "%temp_addr_6 = getelementptr [75 x i8]* %temp, i64 0, i64 %zext_ln34" [hash.c:34]   --->   Operation 13 'getelementptr' 'temp_addr_6' <Predicate = true> <Delay = 0.00>
ST_2 : Operation 14 [1/1] (1.77ns)   --->   "store i8 0, i8* %temp_addr_6, align 1" [hash.c:34]   --->   Operation 14 'store' <Predicate = true> <Delay = 1.77> <Core = "RAM">   --->   Core 37 'RAM' <Latency = 1> <II = 1> <Delay = 1.77> <Storage> <Opcode : 'load' 'store'> <Ports = 2> <Width = 8> <Depth = 75> <RAM>
ST_2 : Operation 15 [1/1] (1.23ns)   --->   "%icmp_ln34 = icmp eq i7 %phi_ln34, -54" [hash.c:34]   --->   Operation 15 'icmp' 'icmp_ln34' <Predicate = true> <Delay = 1.23> <Core = "Cmp">   --->   Core 25 'Cmp' <Latency = 0> <II = 1> <Delay = 1.23> <FuncUnit> <Opcode : 'icmp'> <InPorts = 2> <OutPorts = 1>
ST_2 : Operation 16 [1/1] (0.00ns)   --->   "call void (...)* @_ssdm_op_SpecLoopName([12 x i8]* @memset_temp_str)"   --->   Operation 16 'specloopname' <Predicate = true> <Delay = 0.00>
ST_2 : Operation 17 [1/1] (0.00ns)   --->   "%empty = call i32 (...)* @_ssdm_op_SpecLoopTripCount(i64 75, i64 75, i64 75)"   --->   Operation 17 'speclooptripcount' 'empty' <Predicate = true> <Delay = 0.00>
ST_2 : Operation 18 [1/1] (0.00ns)   --->   "br i1 %icmp_ln34, label %.preheader.preheader, label %meminst" [hash.c:34]   --->   Operation 18 'br' <Predicate = true> <Delay = 0.00>
ST_2 : Operation 19 [1/1] (1.35ns)   --->   "br label %.preheader" [hash.c:37]   --->   Operation 19 'br' <Predicate = (icmp_ln34)> <Delay = 1.35>

State 3 <SV = 2> <Delay = 1.75>
ST_3 : Operation 20 [1/1] (0.00ns)   --->   "%loop_0 = phi i5 [ %loop, %1 ], [ 0, %.preheader.preheader ]"   --->   Operation 20 'phi' 'loop_0' <Predicate = true> <Delay = 0.00>
ST_3 : Operation 21 [1/1] (0.00ns)   --->   "%zext_ln37 = zext i5 %loop_0 to i64" [hash.c:37]   --->   Operation 21 'zext' 'zext_ln37' <Predicate = true> <Delay = 0.00>
ST_3 : Operation 22 [1/1] (0.00ns)   --->   "%tmp = call i1 @_ssdm_op_BitSelect.i1.i5.i32(i5 %loop_0, i32 4)" [hash.c:37]   --->   Operation 22 'bitselect' 'tmp' <Predicate = true> <Delay = 0.00>
ST_3 : Operation 23 [1/1] (0.00ns)   --->   "%empty_419 = call i32 (...)* @_ssdm_op_SpecLoopTripCount(i64 4, i64 4, i64 4)"   --->   Operation 23 'speclooptripcount' 'empty_419' <Predicate = true> <Delay = 0.00>
ST_3 : Operation 24 [1/1] (0.00ns)   --->   "br i1 %tmp, label %2, label %1" [hash.c:37]   --->   Operation 24 'br' <Predicate = true> <Delay = 0.00>
ST_3 : Operation 25 [1/1] (0.00ns)   --->   "%trunc_ln = call i2 @_ssdm_op_PartSelect.i2.i5.i32.i32(i5 %loop_0, i32 2, i32 3)" [hash.c:38]   --->   Operation 25 'partselect' 'trunc_ln' <Predicate = (!tmp)> <Delay = 0.00>
ST_3 : Operation 26 [1/1] (0.00ns)   --->   "%zext_ln38 = zext i2 %trunc_ln to i64" [hash.c:38]   --->   Operation 26 'zext' 'zext_ln38' <Predicate = (!tmp)> <Delay = 0.00>
ST_3 : Operation 27 [1/1] (0.00ns)   --->   "%data_addr = getelementptr [8 x i32]* %data, i64 0, i64 %zext_ln38" [hash.c:38]   --->   Operation 27 'getelementptr' 'data_addr' <Predicate = (!tmp)> <Delay = 0.00>
ST_3 : Operation 28 [2/2] (1.75ns)   --->   "%temp2 = load i32* %data_addr, align 4" [hash.c:38]   --->   Operation 28 'load' 'temp2' <Predicate = (!tmp)> <Delay = 1.75> <Core = "RAM">   --->   Core 37 'RAM' <Latency = 1> <II = 1> <Delay = 1.77> <Storage> <Opcode : 'load' 'store'> <Ports = 2> <Width = 8> <Depth = 75> <RAM>
ST_3 : Operation 29 [1/1] (0.00ns)   --->   "%trunc_ln37 = trunc i5 %loop_0 to i4" [hash.c:37]   --->   Operation 29 'trunc' 'trunc_ln37' <Predicate = (!tmp)> <Delay = 0.00>
ST_3 : Operation 30 [1/1] (1.54ns)   --->   "%loop = add i5 4, %loop_0" [hash.c:37]   --->   Operation 30 'add' 'loop' <Predicate = (!tmp)> <Delay = 1.54> <Core = "AddSub">   --->   Core 14 'AddSub' <Latency = 0> <II = 1> <Delay = 1.54> <FuncUnit> <Opcode : 'add' 'sub'> <InPorts = 2> <OutPorts = 1>
ST_3 : Operation 31 [2/2] (1.45ns)   --->   "%instance_sponge_byte = call fastcc i32 @KeccakWidth1600_Spon.9([200 x i8]* %ctx_sponge_state, i32 %ctx_sponge_byteIOInd_47, [75 x i8]* %temp)" [sha3/KeccakHash.c:41->hash.c:47]   --->   Operation 31 'call' 'instance_sponge_byte' <Predicate = (tmp)> <Delay = 1.45> <CoreType = "Generic">   --->   Core 0 '' <Latency = 0> <II = 1> <Delay = 1.00> <Generic> <Opcode : >

State 4 <SV = 3> <Delay = 3.52>
ST_4 : Operation 32 [1/2] (1.75ns)   --->   "%temp2 = load i32* %data_addr, align 4" [hash.c:38]   --->   Operation 32 'load' 'temp2' <Predicate = true> <Delay = 1.75> <Core = "RAM">   --->   Core 37 'RAM' <Latency = 1> <II = 1> <Delay = 1.77> <Storage> <Opcode : 'load' 'store'> <Ports = 2> <Width = 8> <Depth = 75> <RAM>
ST_4 : Operation 33 [1/1] (0.00ns)   --->   "%trunc_ln39 = trunc i32 %temp2 to i8" [hash.c:39]   --->   Operation 33 'trunc' 'trunc_ln39' <Predicate = true> <Delay = 0.00>
ST_4 : Operation 34 [1/1] (0.00ns)   --->   "%temp_addr_7 = getelementptr inbounds [75 x i8]* %temp, i64 0, i64 %zext_ln37" [hash.c:39]   --->   Operation 34 'getelementptr' 'temp_addr_7' <Predicate = true> <Delay = 0.00>
ST_4 : Operation 35 [1/1] (1.77ns)   --->   "store i8 %trunc_ln39, i8* %temp_addr_7, align 4" [hash.c:39]   --->   Operation 35 'store' <Predicate = true> <Delay = 1.77> <Core = "RAM">   --->   Core 37 'RAM' <Latency = 1> <II = 1> <Delay = 1.77> <Storage> <Opcode : 'load' 'store'> <Ports = 2> <Width = 8> <Depth = 75> <RAM>
ST_4 : Operation 36 [1/1] (0.00ns)   --->   "%trunc_ln4 = call i8 @_ssdm_op_PartSelect.i8.i32.i32.i32(i32 %temp2, i32 8, i32 15)" [hash.c:41]   --->   Operation 36 'partselect' 'trunc_ln4' <Predicate = true> <Delay = 0.00>
ST_4 : Operation 37 [1/1] (0.00ns)   --->   "%or_ln41 = or i4 %trunc_ln37, 1" [hash.c:41]   --->   Operation 37 'or' 'or_ln41' <Predicate = true> <Delay = 0.00>
ST_4 : Operation 38 [1/1] (0.00ns)   --->   "%zext_ln41 = zext i4 %or_ln41 to i64" [hash.c:41]   --->   Operation 38 'zext' 'zext_ln41' <Predicate = true> <Delay = 0.00>
ST_4 : Operation 39 [1/1] (0.00ns)   --->   "%temp_addr_8 = getelementptr inbounds [75 x i8]* %temp, i64 0, i64 %zext_ln41" [hash.c:41]   --->   Operation 39 'getelementptr' 'temp_addr_8' <Predicate = true> <Delay = 0.00>
ST_4 : Operation 40 [1/1] (1.77ns)   --->   "store i8 %trunc_ln4, i8* %temp_addr_8, align 1" [hash.c:41]   --->   Operation 40 'store' <Predicate = true> <Delay = 1.77> <Core = "RAM">   --->   Core 37 'RAM' <Latency = 1> <II = 1> <Delay = 1.77> <Storage> <Opcode : 'load' 'store'> <Ports = 2> <Width = 8> <Depth = 75> <RAM>
ST_4 : Operation 41 [1/1] (0.00ns)   --->   "%trunc_ln5 = call i8 @_ssdm_op_PartSelect.i8.i32.i32.i32(i32 %temp2, i32 16, i32 23)" [hash.c:43]   --->   Operation 41 'partselect' 'trunc_ln5' <Predicate = true> <Delay = 0.00>
ST_4 : Operation 42 [1/1] (0.00ns)   --->   "%trunc_ln6 = call i8 @_ssdm_op_PartSelect.i8.i32.i32.i32(i32 %temp2, i32 24, i32 31)" [hash.c:45]   --->   Operation 42 'partselect' 'trunc_ln6' <Predicate = true> <Delay = 0.00>

State 5 <SV = 4> <Delay = 1.77>
ST_5 : Operation 43 [1/1] (0.00ns)   --->   "call void (...)* @_ssdm_op_SpecLoopName([20 x i8]* @p_str90) nounwind" [hash.c:37]   --->   Operation 43 'specloopname' <Predicate = true> <Delay = 0.00>
ST_5 : Operation 44 [1/1] (0.00ns)   --->   "%or_ln43 = or i4 %trunc_ln37, 2" [hash.c:43]   --->   Operation 44 'or' 'or_ln43' <Predicate = true> <Delay = 0.00>
ST_5 : Operation 45 [1/1] (0.00ns)   --->   "%zext_ln43 = zext i4 %or_ln43 to i64" [hash.c:43]   --->   Operation 45 'zext' 'zext_ln43' <Predicate = true> <Delay = 0.00>
ST_5 : Operation 46 [1/1] (0.00ns)   --->   "%temp_addr_9 = getelementptr inbounds [75 x i8]* %temp, i64 0, i64 %zext_ln43" [hash.c:43]   --->   Operation 46 'getelementptr' 'temp_addr_9' <Predicate = true> <Delay = 0.00>
ST_5 : Operation 47 [1/1] (1.77ns)   --->   "store i8 %trunc_ln5, i8* %temp_addr_9, align 2" [hash.c:43]   --->   Operation 47 'store' <Predicate = true> <Delay = 1.77> <Core = "RAM">   --->   Core 37 'RAM' <Latency = 1> <II = 1> <Delay = 1.77> <Storage> <Opcode : 'load' 'store'> <Ports = 2> <Width = 8> <Depth = 75> <RAM>
ST_5 : Operation 48 [1/1] (0.00ns)   --->   "%or_ln45 = or i4 %trunc_ln37, 3" [hash.c:45]   --->   Operation 48 'or' 'or_ln45' <Predicate = true> <Delay = 0.00>
ST_5 : Operation 49 [1/1] (0.00ns)   --->   "%zext_ln45 = zext i4 %or_ln45 to i64" [hash.c:45]   --->   Operation 49 'zext' 'zext_ln45' <Predicate = true> <Delay = 0.00>
ST_5 : Operation 50 [1/1] (0.00ns)   --->   "%temp_addr = getelementptr inbounds [75 x i8]* %temp, i64 0, i64 %zext_ln45" [hash.c:45]   --->   Operation 50 'getelementptr' 'temp_addr' <Predicate = true> <Delay = 0.00>
ST_5 : Operation 51 [1/1] (1.77ns)   --->   "store i8 %trunc_ln6, i8* %temp_addr, align 1" [hash.c:45]   --->   Operation 51 'store' <Predicate = true> <Delay = 1.77> <Core = "RAM">   --->   Core 37 'RAM' <Latency = 1> <II = 1> <Delay = 1.77> <Storage> <Opcode : 'load' 'store'> <Ports = 2> <Width = 8> <Depth = 75> <RAM>
ST_5 : Operation 52 [1/1] (0.00ns)   --->   "br label %.preheader" [hash.c:37]   --->   Operation 52 'br' <Predicate = true> <Delay = 0.00>

State 6 <SV = 3> <Delay = 0.00>
ST_6 : Operation 53 [1/2] (0.00ns)   --->   "%instance_sponge_byte = call fastcc i32 @KeccakWidth1600_Spon.9([200 x i8]* %ctx_sponge_state, i32 %ctx_sponge_byteIOInd_47, [75 x i8]* %temp)" [sha3/KeccakHash.c:41->hash.c:47]   --->   Operation 53 'call' 'instance_sponge_byte' <Predicate = true> <Delay = 0.00> <CoreType = "Generic">   --->   Core 0 '' <Latency = 0> <II = 1> <Delay = 1.00> <Generic> <Opcode : >
ST_6 : Operation 54 [1/1] (0.00ns)   --->   "ret i32 %instance_sponge_byte" [hash.c:53]   --->   Operation 54 'ret' <Predicate = true> <Delay = 0.00>


============================================================
+ Verbose Summary: Binding
============================================================
STG Binding: 
---------------- STG Properties BEGIN ----------------
- Is combinational: 0
- Is one-state seq: 0
- Is datapath-only: 0
- Is pipelined: 0
- Is top level: 0
Port [ Return ] is wired: 1; IO mode=ap_ctrl_hs:ce=0
Port [ ctx_sponge_state]:  wired=1; compound=1; hidden=0; nouse=0; global=0; static=0; extern=0; dir=2; type=1; pingpong=0; private_global=0; MemPort=[23]; IO mode=ap_memory:ce=0
Port [ ctx_sponge_byteIOInd]:  wired=1; compound=0; hidden=0; nouse=0; global=0; static=0; extern=0; dir=0; type=0; pingpong=0; private_global=0; IO mode=ap_none:ce=0
Port [ data]:  wired=1; compound=1; hidden=0; nouse=0; global=0; static=0; extern=0; dir=0; type=1; pingpong=0; private_global=0; MemPort=[13]; IO mode=ap_memory:ce=0
Port [ KeccakRhoOffsets]:  wired=0; compound=1; hidden=1; nouse=1; global=1; static=1; extern=0; dir=0; type=1; pingpong=0; private_global=0; linkage=7; visibility=0; MemPort=[1]; IO mode=ap_memory:ce=0
Port [ KeccakRoundConstants]:  wired=0; compound=1; hidden=1; nouse=1; global=1; static=1; extern=0; dir=0; type=1; pingpong=0; private_global=0; linkage=7; visibility=0; MemPort=[1]; IO mode=ap_memory:ce=0
---------------- STG Properties END ------------------

---------------- Datapath Model BEGIN ----------------

<LifeTime>
<method=bitvector/>
ctx_sponge_byteIOInd_47 (read             ) [ 0011111]
temp                    (alloca           ) [ 0011111]
br_ln0                  (br               ) [ 0110000]
phi_ln34                (phi              ) [ 0010000]
add_ln34                (add              ) [ 0110000]
zext_ln34               (zext             ) [ 0000000]
temp_addr_6             (getelementptr    ) [ 0000000]
store_ln34              (store            ) [ 0000000]
icmp_ln34               (icmp             ) [ 0010000]
specloopname_ln0        (specloopname     ) [ 0000000]
empty                   (speclooptripcount) [ 0000000]
br_ln34                 (br               ) [ 0110000]
br_ln37                 (br               ) [ 0011110]
loop_0                  (phi              ) [ 0001000]
zext_ln37               (zext             ) [ 0000100]
tmp                     (bitselect        ) [ 0001110]
empty_419               (speclooptripcount) [ 0000000]
br_ln37                 (br               ) [ 0000000]
trunc_ln                (partselect       ) [ 0000000]
zext_ln38               (zext             ) [ 0000000]
data_addr               (getelementptr    ) [ 0000100]
trunc_ln37              (trunc            ) [ 0000110]
loop                    (add              ) [ 0011110]
temp2                   (load             ) [ 0000000]
trunc_ln39              (trunc            ) [ 0000000]
temp_addr_7             (getelementptr    ) [ 0000000]
store_ln39              (store            ) [ 0000000]
trunc_ln4               (partselect       ) [ 0000000]
or_ln41                 (or               ) [ 0000000]
zext_ln41               (zext             ) [ 0000000]
temp_addr_8             (getelementptr    ) [ 0000000]
store_ln41              (store            ) [ 0000000]
trunc_ln5               (partselect       ) [ 0000010]
trunc_ln6               (partselect       ) [ 0000010]
specloopname_ln37       (specloopname     ) [ 0000000]
or_ln43                 (or               ) [ 0000000]
zext_ln43               (zext             ) [ 0000000]
temp_addr_9             (getelementptr    ) [ 0000000]
store_ln43              (store            ) [ 0000000]
or_ln45                 (or               ) [ 0000000]
zext_ln45               (zext             ) [ 0000000]
temp_addr               (getelementptr    ) [ 0000000]
store_ln45              (store            ) [ 0000000]
br_ln37                 (br               ) [ 0011110]
instance_sponge_byte    (call             ) [ 0000000]
ret_ln53                (ret              ) [ 0000000]
</LifeTime>

<model>

<comp_list>
<comp id="0" class="1000" name="ctx_sponge_state">
<pin_list>
<pin id="1" dir="1" index="0" bw="1" slack="0"/>
</pin_list>
<bind>
<StgValue><ssdm name="ctx_sponge_state"/><MemPortTyVec>2 3 </MemPortTyVec>
</StgValue>
</bind>
</comp>

<comp id="2" class="1000" name="ctx_sponge_byteIOInd">
<pin_list>
<pin id="3" dir="1" index="0" bw="1" slack="0"/>
</pin_list>
<bind>
<StgValue><ssdm name="ctx_sponge_byteIOInd"/></StgValue>
</bind>
</comp>

<comp id="4" class="1000" name="data">
<pin_list>
<pin id="5" dir="1" index="0" bw="1" slack="0"/>
</pin_list>
<bind>
<StgValue><ssdm name="data"/><MemPortTyVec>1 3 </MemPortTyVec>
</StgValue>
</bind>
</comp>

<comp id="6" class="1000" name="KeccakRhoOffsets">
<pin_list>
<pin id="7" dir="1" index="0" bw="1" slack="0"/>
</pin_list>
<bind>
<StgValue><ssdm name="KeccakRhoOffsets"/><MemPortTyVec>1 </MemPortTyVec>
</StgValue>
</bind>
</comp>

<comp id="8" class="1000" name="KeccakRoundConstants">
<pin_list>
<pin id="9" dir="1" index="0" bw="1" slack="0"/>
</pin_list>
<bind>
<StgValue><ssdm name="KeccakRoundConstants"/><MemPortTyVec>1 </MemPortTyVec>
</StgValue>
</bind>
</comp>

<comp id="10" class="1001" name="const_10">
<pin_list>
<pin id="11" dir="1" index="0" bw="1" slack="0"/>
</pin_list>
<bind>
<StgValue><ssdm name="_ssdm_op_Read.ap_auto.i32"/></StgValue>
</bind>
</comp>

<comp id="12" class="1001" name="const_12">
<pin_list>
<pin id="13" dir="1" index="0" bw="1" slack="0"/>
</pin_list>
<bind>
<StgValue><ssdm name=""/></StgValue>
</bind>
</comp>

<comp id="14" class="1001" name="const_14">
<pin_list>
<pin id="15" dir="1" index="0" bw="1" slack="1"/>
</pin_list>
<bind>
<StgValue><ssdm name=""/></StgValue>
</bind>
</comp>

<comp id="16" class="1001" name="const_16">
<pin_list>
<pin id="17" dir="1" index="0" bw="1" slack="0"/>
</pin_list>
<bind>
<StgValue><ssdm name=""/></StgValue>
</bind>
</comp>

<comp id="18" class="1001" name="const_18">
<pin_list>
<pin id="19" dir="1" index="0" bw="1" slack="0"/>
</pin_list>
<bind>
<StgValue><ssdm name=""/></StgValue>
</bind>
</comp>

<comp id="20" class="1001" name="const_20">
<pin_list>
<pin id="21" dir="1" index="0" bw="1" slack="0"/>
</pin_list>
<bind>
<StgValue><ssdm name=""/></StgValue>
</bind>
</comp>

<comp id="22" class="1001" name="const_22">
<pin_list>
<pin id="23" dir="1" index="0" bw="1" slack="0"/>
</pin_list>
<bind>
<StgValue><ssdm name=""/></StgValue>
</bind>
</comp>

<comp id="24" class="1001" name="const_24">
<pin_list>
<pin id="25" dir="1" index="0" bw="1" slack="2147483647"/>
</pin_list>
<bind>
<StgValue><ssdm name="_ssdm_op_SpecLoopName"/></StgValue>
</bind>
</comp>

<comp id="26" class="1001" name="const_26">
<pin_list>
<pin id="27" dir="1" index="0" bw="1" slack="2147483647"/>
</pin_list>
<bind>
<StgValue><ssdm name="memset_temp_str"/></StgValue>
</bind>
</comp>

<comp id="28" class="1001" name="const_28">
<pin_list>
<pin id="29" dir="1" index="0" bw="1" slack="2147483647"/>
</pin_list>
<bind>
<StgValue><ssdm name="_ssdm_op_SpecLoopTripCount"/></StgValue>
</bind>
</comp>

<comp id="30" class="1001" name="const_30">
<pin_list>
<pin id="31" dir="1" index="0" bw="1" slack="2147483647"/>
</pin_list>
<bind>
<StgValue><ssdm name=""/></StgValue>
</bind>
</comp>

<comp id="32" class="1001" name="const_32">
<pin_list>
<pin id="33" dir="1" index="0" bw="1" slack="1"/>
</pin_list>
<bind>
<StgValue><ssdm name=""/></StgValue>
</bind>
</comp>

<comp id="34" class="1001" name="const_34">
<pin_list>
<pin id="35" dir="1" index="0" bw="1" slack="0"/>
</pin_list>
<bind>
<StgValue><ssdm name="_ssdm_op_BitSelect.i1.i5.i32"/></StgValue>
</bind>
</comp>

<comp id="36" class="1001" name="const_36">
<pin_list>
<pin id="37" dir="1" index="0" bw="1" slack="0"/>
</pin_list>
<bind>
<StgValue><ssdm name=""/></StgValue>
</bind>
</comp>

<comp id="38" class="1001" name="const_38">
<pin_list>
<pin id="39" dir="1" index="0" bw="1" slack="2147483647"/>
</pin_list>
<bind>
<StgValue><ssdm name=""/></StgValue>
</bind>
</comp>

<comp id="40" class="1001" name="const_40">
<pin_list>
<pin id="41" dir="1" index="0" bw="1" slack="0"/>
</pin_list>
<bind>
<StgValue><ssdm name="_ssdm_op_PartSelect.i2.i5.i32.i32"/></StgValue>
</bind>
</comp>

<comp id="42" class="1001" name="const_42">
<pin_list>
<pin id="43" dir="1" index="0" bw="1" slack="0"/>
</pin_list>
<bind>
<StgValue><ssdm name=""/></StgValue>
</bind>
</comp>

<comp id="44" class="1001" name="const_44">
<pin_list>
<pin id="45" dir="1" index="0" bw="1" slack="0"/>
</pin_list>
<bind>
<StgValue><ssdm name=""/></StgValue>
</bind>
</comp>

<comp id="46" class="1001" name="const_46">
<pin_list>
<pin id="47" dir="1" index="0" bw="1" slack="0"/>
</pin_list>
<bind>
<StgValue><ssdm name=""/></StgValue>
</bind>
</comp>

<comp id="48" class="1001" name="const_48">
<pin_list>
<pin id="49" dir="1" index="0" bw="1" slack="0"/>
</pin_list>
<bind>
<StgValue><ssdm name="KeccakWidth1600_Spon.9"/></StgValue>
</bind>
</comp>

<comp id="50" class="1001" name="const_50">
<pin_list>
<pin id="51" dir="1" index="0" bw="1" slack="0"/>
</pin_list>
<bind>
<StgValue><ssdm name="_ssdm_op_PartSelect.i8.i32.i32.i32"/></StgValue>
</bind>
</comp>

<comp id="52" class="1001" name="const_52">
<pin_list>
<pin id="53" dir="1" index="0" bw="1" slack="0"/>
</pin_list>
<bind>
<StgValue><ssdm name=""/></StgValue>
</bind>
</comp>

<comp id="54" class="1001" name="const_54">
<pin_list>
<pin id="55" dir="1" index="0" bw="1" slack="0"/>
</pin_list>
<bind>
<StgValue><ssdm name=""/></StgValue>
</bind>
</comp>

<comp id="56" class="1001" name="const_56">
<pin_list>
<pin id="57" dir="1" index="0" bw="1" slack="0"/>
</pin_list>
<bind>
<StgValue><ssdm name=""/></StgValue>
</bind>
</comp>

<comp id="58" class="1001" name="const_58">
<pin_list>
<pin id="59" dir="1" index="0" bw="1" slack="0"/>
</pin_list>
<bind>
<StgValue><ssdm name=""/></StgValue>
</bind>
</comp>

<comp id="60" class="1001" name="const_60">
<pin_list>
<pin id="61" dir="1" index="0" bw="1" slack="0"/>
</pin_list>
<bind>
<StgValue><ssdm name=""/></StgValue>
</bind>
</comp>

<comp id="62" class="1001" name="const_62">
<pin_list>
<pin id="63" dir="1" index="0" bw="1" slack="0"/>
</pin_list>
<bind>
<StgValue><ssdm name=""/></StgValue>
</bind>
</comp>

<comp id="64" class="1001" name="const_64">
<pin_list>
<pin id="65" dir="1" index="0" bw="1" slack="0"/>
</pin_list>
<bind>
<StgValue><ssdm name=""/></StgValue>
</bind>
</comp>

<comp id="66" class="1001" name="const_66">
<pin_list>
<pin id="67" dir="1" index="0" bw="1" slack="2147483647"/>
</pin_list>
<bind>
<StgValue><ssdm name="p_str90"/></StgValue>
</bind>
</comp>

<comp id="68" class="1001" name="const_68">
<pin_list>
<pin id="69" dir="1" index="0" bw="1" slack="0"/>
</pin_list>
<bind>
<StgValue><ssdm name=""/></StgValue>
</bind>
</comp>

<comp id="70" class="1001" name="const_70">
<pin_list>
<pin id="71" dir="1" index="0" bw="1" slack="0"/>
</pin_list>
<bind>
<StgValue><ssdm name=""/></StgValue>
</bind>
</comp>

<comp id="72" class="1004" name="temp_alloca_fu_72">
<pin_list>
<pin id="73" dir="0" index="0" bw="1" slack="0"/>
<pin id="74" dir="1" index="1" bw="8" slack="2147483647"/>
</pin_list>
<bind>
<opcode="alloca(26) " fcode="alloca"/>
<opset="temp/1 "/>
</bind>
</comp>

<comp id="76" class="1004" name="ctx_sponge_byteIOInd_47_read_fu_76">
<pin_list>
<pin id="77" dir="0" index="0" bw="32" slack="0"/>
<pin id="78" dir="0" index="1" bw="32" slack="0"/>
<pin id="79" dir="1" index="2" bw="32" slack="2"/>
</pin_list>
<bind>
<opcode="read(1150) " fcode="read"/>
<opset="ctx_sponge_byteIOInd_47/1 "/>
</bind>
</comp>

<comp id="82" class="1004" name="temp_addr_6_gep_fu_82">
<pin_list>
<pin id="83" dir="0" index="0" bw="8" slack="2147483647"/>
<pin id="84" dir="0" index="1" bw="1" slack="0"/>
<pin id="85" dir="0" index="2" bw="7" slack="0"/>
<pin id="86" dir="1" index="3" bw="7" slack="0"/>
</pin_list>
<bind>
<opcode="getelementptr(29) " fcode="getelementptr"/>
<opset="temp_addr_6/2 "/>
</bind>
</comp>

<comp id="88" class="1004" name="grp_access_fu_88">
<pin_list>
<pin id="89" dir="0" index="0" bw="7" slack="0"/>
<pin id="90" dir="0" index="1" bw="8" slack="0"/>
<pin id="91" dir="0" index="2" bw="0" slack="0"/>
<pin id="121" dir="0" index="4" bw="7" slack="0"/>
<pin id="122" dir="0" index="5" bw="8" slack="2147483647"/>
<pin id="123" dir="0" index="6" bw="0" slack="2147483647"/>
<pin id="92" dir="1" index="3" bw="8" slack="2147483647"/>
<pin id="124" dir="1" index="7" bw="8" slack="2147483647"/>
</pin_list>
<bind>
<opcode="store(28) " fcode="store"/>
<opset="store_ln34/2 store_ln39/4 store_ln41/4 store_ln43/5 store_ln45/5 "/>
</bind>
</comp>

<comp id="95" class="1004" name="data_addr_gep_fu_95">
<pin_list>
<pin id="96" dir="0" index="0" bw="32" slack="0"/>
<pin id="97" dir="0" index="1" bw="1" slack="0"/>
<pin id="98" dir="0" index="2" bw="2" slack="0"/>
<pin id="99" dir="1" index="3" bw="3" slack="0"/>
</pin_list>
<bind>
<opcode="getelementptr(29) " fcode="getelementptr"/>
<opset="data_addr/3 "/>
</bind>
</comp>

<comp id="102" class="1004" name="grp_access_fu_102">
<pin_list>
<pin id="103" dir="0" index="0" bw="3" slack="0"/>
<pin id="104" dir="0" index="1" bw="32" slack="2147483647"/>
<pin id="105" dir="0" index="2" bw="0" slack="2147483647"/>
<pin id="106" dir="1" index="3" bw="32" slack="0"/>
</pin_list>
<bind>
<opcode="load(27) " fcode="load"/>
<opset="temp2/3 "/>
</bind>
</comp>

<comp id="108" class="1004" name="temp_addr_7_gep_fu_108">
<pin_list>
<pin id="109" dir="0" index="0" bw="8" slack="2147483647"/>
<pin id="110" dir="0" index="1" bw="1" slack="0"/>
<pin id="111" dir="0" index="2" bw="5" slack="1"/>
<pin id="112" dir="1" index="3" bw="7" slack="0"/>
</pin_list>
<bind>
<opcode="getelementptr(29) " fcode="getelementptr"/>
<opset="temp_addr_7/4 "/>
</bind>
</comp>

<comp id="115" class="1004" name="temp_addr_8_gep_fu_115">
<pin_list>
<pin id="116" dir="0" index="0" bw="8" slack="2147483647"/>
<pin id="117" dir="0" index="1" bw="1" slack="0"/>
<pin id="118" dir="0" index="2" bw="4" slack="0"/>
<pin id="119" dir="1" index="3" bw="7" slack="0"/>
</pin_list>
<bind>
<opcode="getelementptr(29) " fcode="getelementptr"/>
<opset="temp_addr_8/4 "/>
</bind>
</comp>

<comp id="126" class="1004" name="temp_addr_9_gep_fu_126">
<pin_list>
<pin id="127" dir="0" index="0" bw="8" slack="2147483647"/>
<pin id="128" dir="0" index="1" bw="1" slack="0"/>
<pin id="129" dir="0" index="2" bw="4" slack="0"/>
<pin id="130" dir="1" index="3" bw="7" slack="0"/>
</pin_list>
<bind>
<opcode="getelementptr(29) " fcode="getelementptr"/>
<opset="temp_addr_9/5 "/>
</bind>
</comp>

<comp id="133" class="1004" name="temp_addr_gep_fu_133">
<pin_list>
<pin id="134" dir="0" index="0" bw="8" slack="2147483647"/>
<pin id="135" dir="0" index="1" bw="1" slack="0"/>
<pin id="136" dir="0" index="2" bw="4" slack="0"/>
<pin id="137" dir="1" index="3" bw="7" slack="0"/>
</pin_list>
<bind>
<opcode="getelementptr(29) " fcode="getelementptr"/>
<opset="temp_addr/5 "/>
</bind>
</comp>

<comp id="140" class="1005" name="phi_ln34_reg_140">
<pin_list>
<pin id="141" dir="0" index="0" bw="7" slack="1"/>
<pin id="142" dir="1" index="1" bw="7" slack="1"/>
</pin_list>
<bind>
<opset="phi_ln34 (phireg) "/>
</bind>
</comp>

<comp id="144" class="1004" name="phi_ln34_phi_fu_144">
<pin_list>
<pin id="145" dir="0" index="0" bw="1" slack="1"/>
<pin id="146" dir="0" index="1" bw="0" slack="2147483647"/>
<pin id="147" dir="0" index="2" bw="7" slack="0"/>
<pin id="148" dir="0" index="3" bw="0" slack="2147483647"/>
<pin id="149" dir="1" index="4" bw="7" slack="0"/>
</pin_list>
<bind>
<opcode="phi(47) " fcode="phi"/>
<opset="phi_ln34/2 "/>
</bind>
</comp>

<comp id="151" class="1005" name="loop_0_reg_151">
<pin_list>
<pin id="152" dir="0" index="0" bw="5" slack="1"/>
<pin id="153" dir="1" index="1" bw="5" slack="1"/>
</pin_list>
<bind>
<opset="loop_0 (phireg) "/>
</bind>
</comp>

<comp id="155" class="1004" name="loop_0_phi_fu_155">
<pin_list>
<pin id="156" dir="0" index="0" bw="5" slack="0"/>
<pin id="157" dir="0" index="1" bw="0" slack="2147483647"/>
<pin id="158" dir="0" index="2" bw="1" slack="1"/>
<pin id="159" dir="0" index="3" bw="0" slack="2147483647"/>
<pin id="160" dir="1" index="4" bw="5" slack="0"/>
</pin_list>
<bind>
<opcode="phi(47) " fcode="phi"/>
<opset="loop_0/3 "/>
</bind>
</comp>

<comp id="162" class="1004" name="grp_KeccakWidth1600_Spon_9_fu_162">
<pin_list>
<pin id="163" dir="0" index="0" bw="32" slack="0"/>
<pin id="164" dir="0" index="1" bw="8" slack="0"/>
<pin id="165" dir="0" index="2" bw="32" slack="2"/>
<pin id="166" dir="0" index="3" bw="8" slack="2147483647"/>
<pin id="167" dir="0" index="4" bw="6" slack="0"/>
<pin id="168" dir="0" index="5" bw="64" slack="0"/>
<pin id="169" dir="1" index="6" bw="32" slack="2147483647"/>
</pin_list>
<bind>
<opcode="call(48) " fcode="call"/>
<opset="instance_sponge_byte/3 "/>
</bind>
</comp>

<comp id="174" class="1004" name="add_ln34_fu_174">
<pin_list>
<pin id="175" dir="0" index="0" bw="7" slack="0"/>
<pin id="176" dir="0" index="1" bw="1" slack="0"/>
<pin id="177" dir="1" index="2" bw="7" slack="0"/>
</pin_list>
<bind>
<opcode="add(8) " fcode="add"/>
<opset="add_ln34/2 "/>
</bind>
</comp>

<comp id="180" class="1004" name="zext_ln34_fu_180">
<pin_list>
<pin id="181" dir="0" index="0" bw="7" slack="0"/>
<pin id="182" dir="1" index="1" bw="64" slack="0"/>
</pin_list>
<bind>
<opcode="zext(34) " fcode="zext"/>
<opset="zext_ln34/2 "/>
</bind>
</comp>

<comp id="185" class="1004" name="icmp_ln34_fu_185">
<pin_list>
<pin id="186" dir="0" index="0" bw="7" slack="0"/>
<pin id="187" dir="0" index="1" bw="7" slack="0"/>
<pin id="188" dir="1" index="2" bw="1" slack="2147483647"/>
</pin_list>
<bind>
<opcode="icmp(45) " fcode="icmp"/>
<opset="icmp_ln34/2 "/>
</bind>
</comp>

<comp id="191" class="1004" name="zext_ln37_fu_191">
<pin_list>
<pin id="192" dir="0" index="0" bw="5" slack="0"/>
<pin id="193" dir="1" index="1" bw="64" slack="1"/>
</pin_list>
<bind>
<opcode="zext(34) " fcode="zext"/>
<opset="zext_ln37/3 "/>
</bind>
</comp>

<comp id="195" class="1004" name="tmp_fu_195">
<pin_list>
<pin id="196" dir="0" index="0" bw="1" slack="0"/>
<pin id="197" dir="0" index="1" bw="5" slack="0"/>
<pin id="198" dir="0" index="2" bw="4" slack="0"/>
<pin id="199" dir="1" index="3" bw="1" slack="2147483647"/>
</pin_list>
<bind>
<opcode="bitselect(1000) " fcode="bitselect"/>
<opset="tmp/3 "/>
</bind>
</comp>

<comp id="203" class="1004" name="trunc_ln_fu_203">
<pin_list>
<pin id="204" dir="0" index="0" bw="2" slack="0"/>
<pin id="205" dir="0" index="1" bw="5" slack="0"/>
<pin id="206" dir="0" index="2" bw="3" slack="0"/>
<pin id="207" dir="0" index="3" bw="3" slack="0"/>
<pin id="208" dir="1" index="4" bw="2" slack="0"/>
</pin_list>
<bind>
<opcode="partselect(1002) " fcode="partselect"/>
<opset="trunc_ln/3 "/>
</bind>
</comp>

<comp id="213" class="1004" name="zext_ln38_fu_213">
<pin_list>
<pin id="214" dir="0" index="0" bw="2" slack="0"/>
<pin id="215" dir="1" index="1" bw="64" slack="0"/>
</pin_list>
<bind>
<opcode="zext(34) " fcode="zext"/>
<opset="zext_ln38/3 "/>
</bind>
</comp>

<comp id="218" class="1004" name="trunc_ln37_fu_218">
<pin_list>
<pin id="219" dir="0" index="0" bw="5" slack="0"/>
<pin id="220" dir="1" index="1" bw="4" slack="1"/>
</pin_list>
<bind>
<opcode="trunc(33) " fcode="trunc"/>
<opset="trunc_ln37/3 "/>
</bind>
</comp>

<comp id="222" class="1004" name="loop_fu_222">
<pin_list>
<pin id="223" dir="0" index="0" bw="4" slack="0"/>
<pin id="224" dir="0" index="1" bw="5" slack="0"/>
<pin id="225" dir="1" index="2" bw="5" slack="0"/>
</pin_list>
<bind>
<opcode="add(8) " fcode="add"/>
<opset="loop/3 "/>
</bind>
</comp>

<comp id="228" class="1004" name="trunc_ln39_fu_228">
<pin_list>
<pin id="229" dir="0" index="0" bw="32" slack="0"/>
<pin id="230" dir="1" index="1" bw="8" slack="0"/>
</pin_list>
<bind>
<opcode="trunc(33) " fcode="trunc"/>
<opset="trunc_ln39/4 "/>
</bind>
</comp>

<comp id="233" class="1004" name="trunc_ln4_fu_233">
<pin_list>
<pin id="234" dir="0" index="0" bw="8" slack="0"/>
<pin id="235" dir="0" index="1" bw="32" slack="0"/>
<pin id="236" dir="0" index="2" bw="5" slack="0"/>
<pin id="237" dir="0" index="3" bw="5" slack="0"/>
<pin id="238" dir="1" index="4" bw="8" slack="0"/>
</pin_list>
<bind>
<opcode="partselect(1002) " fcode="partselect"/>
<opset="trunc_ln4/4 "/>
</bind>
</comp>

<comp id="244" class="1004" name="or_ln41_fu_244">
<pin_list>
<pin id="245" dir="0" index="0" bw="4" slack="1"/>
<pin id="246" dir="0" index="1" bw="4" slack="0"/>
<pin id="247" dir="1" index="2" bw="4" slack="0"/>
</pin_list>
<bind>
<opcode="or(24) " fcode="or"/>
<opset="or_ln41/4 "/>
</bind>
</comp>

<comp id="249" class="1004" name="zext_ln41_fu_249">
<pin_list>
<pin id="250" dir="0" index="0" bw="4" slack="0"/>
<pin id="251" dir="1" index="1" bw="64" slack="0"/>
</pin_list>
<bind>
<opcode="zext(34) " fcode="zext"/>
<opset="zext_ln41/4 "/>
</bind>
</comp>

<comp id="254" class="1004" name="trunc_ln5_fu_254">
<pin_list>
<pin id="255" dir="0" index="0" bw="8" slack="0"/>
<pin id="256" dir="0" index="1" bw="32" slack="0"/>
<pin id="257" dir="0" index="2" bw="6" slack="0"/>
<pin id="258" dir="0" index="3" bw="6" slack="0"/>
<pin id="259" dir="1" index="4" bw="8" slack="1"/>
</pin_list>
<bind>
<opcode="partselect(1002) " fcode="partselect"/>
<opset="trunc_ln5/4 "/>
</bind>
</comp>

<comp id="264" class="1004" name="trunc_ln6_fu_264">
<pin_list>
<pin id="265" dir="0" index="0" bw="8" slack="0"/>
<pin id="266" dir="0" index="1" bw="32" slack="0"/>
<pin id="267" dir="0" index="2" bw="6" slack="0"/>
<pin id="268" dir="0" index="3" bw="6" slack="0"/>
<pin id="269" dir="1" index="4" bw="8" slack="1"/>
</pin_list>
<bind>
<opcode="partselect(1002) " fcode="partselect"/>
<opset="trunc_ln6/4 "/>
</bind>
</comp>

<comp id="274" class="1004" name="or_ln43_fu_274">
<pin_list>
<pin id="275" dir="0" index="0" bw="4" slack="2"/>
<pin id="276" dir="0" index="1" bw="4" slack="0"/>
<pin id="277" dir="1" index="2" bw="4" slack="0"/>
</pin_list>
<bind>
<opcode="or(24) " fcode="or"/>
<opset="or_ln43/5 "/>
</bind>
</comp>

<comp id="279" class="1004" name="zext_ln43_fu_279">
<pin_list>
<pin id="280" dir="0" index="0" bw="4" slack="0"/>
<pin id="281" dir="1" index="1" bw="64" slack="0"/>
</pin_list>
<bind>
<opcode="zext(34) " fcode="zext"/>
<opset="zext_ln43/5 "/>
</bind>
</comp>

<comp id="284" class="1004" name="or_ln45_fu_284">
<pin_list>
<pin id="285" dir="0" index="0" bw="4" slack="2"/>
<pin id="286" dir="0" index="1" bw="4" slack="0"/>
<pin id="287" dir="1" index="2" bw="4" slack="0"/>
</pin_list>
<bind>
<opcode="or(24) " fcode="or"/>
<opset="or_ln45/5 "/>
</bind>
</comp>

<comp id="289" class="1004" name="zext_ln45_fu_289">
<pin_list>
<pin id="290" dir="0" index="0" bw="4" slack="0"/>
<pin id="291" dir="1" index="1" bw="64" slack="0"/>
</pin_list>
<bind>
<opcode="zext(34) " fcode="zext"/>
<opset="zext_ln45/5 "/>
</bind>
</comp>

<comp id="294" class="1005" name="ctx_sponge_byteIOInd_47_reg_294">
<pin_list>
<pin id="295" dir="0" index="0" bw="32" slack="2"/>
<pin id="296" dir="1" index="1" bw="32" slack="2"/>
</pin_list>
<bind>
<opset="ctx_sponge_byteIOInd_47 "/>
</bind>
</comp>

<comp id="299" class="1005" name="add_ln34_reg_299">
<pin_list>
<pin id="300" dir="0" index="0" bw="7" slack="0"/>
<pin id="301" dir="1" index="1" bw="7" slack="0"/>
</pin_list>
<bind>
<opset="add_ln34 "/>
</bind>
</comp>

<comp id="307" class="1005" name="zext_ln37_reg_307">
<pin_list>
<pin id="308" dir="0" index="0" bw="64" slack="1"/>
<pin id="309" dir="1" index="1" bw="64" slack="1"/>
</pin_list>
<bind>
<opset="zext_ln37 "/>
</bind>
</comp>

<comp id="315" class="1005" name="data_addr_reg_315">
<pin_list>
<pin id="316" dir="0" index="0" bw="3" slack="1"/>
<pin id="317" dir="1" index="1" bw="3" slack="1"/>
</pin_list>
<bind>
<opset="data_addr "/>
</bind>
</comp>

<comp id="320" class="1005" name="trunc_ln37_reg_320">
<pin_list>
<pin id="321" dir="0" index="0" bw="4" slack="1"/>
<pin id="322" dir="1" index="1" bw="4" slack="1"/>
</pin_list>
<bind>
<opset="trunc_ln37 "/>
</bind>
</comp>

<comp id="327" class="1005" name="loop_reg_327">
<pin_list>
<pin id="328" dir="0" index="0" bw="5" slack="0"/>
<pin id="329" dir="1" index="1" bw="5" slack="0"/>
</pin_list>
<bind>
<opset="loop "/>
</bind>
</comp>

<comp id="332" class="1005" name="trunc_ln5_reg_332">
<pin_list>
<pin id="333" dir="0" index="0" bw="8" slack="1"/>
<pin id="334" dir="1" index="1" bw="8" slack="1"/>
</pin_list>
<bind>
<opset="trunc_ln5 "/>
</bind>
</comp>

<comp id="337" class="1005" name="trunc_ln6_reg_337">
<pin_list>
<pin id="338" dir="0" index="0" bw="8" slack="1"/>
<pin id="339" dir="1" index="1" bw="8" slack="1"/>
</pin_list>
<bind>
<opset="trunc_ln6 "/>
</bind>
</comp>

</comp_list>

<net_list>
<net id="75"><net_src comp="12" pin="0"/><net_sink comp="72" pin=0"/></net>

<net id="80"><net_src comp="10" pin="0"/><net_sink comp="76" pin=0"/></net>

<net id="81"><net_src comp="2" pin="0"/><net_sink comp="76" pin=1"/></net>

<net id="87"><net_src comp="18" pin="0"/><net_sink comp="82" pin=1"/></net>

<net id="93"><net_src comp="20" pin="0"/><net_sink comp="88" pin=1"/></net>

<net id="94"><net_src comp="82" pin="3"/><net_sink comp="88" pin=0"/></net>

<net id="100"><net_src comp="4" pin="0"/><net_sink comp="95" pin=0"/></net>

<net id="101"><net_src comp="18" pin="0"/><net_sink comp="95" pin=1"/></net>

<net id="107"><net_src comp="95" pin="3"/><net_sink comp="102" pin=0"/></net>

<net id="113"><net_src comp="18" pin="0"/><net_sink comp="108" pin=1"/></net>

<net id="114"><net_src comp="108" pin="3"/><net_sink comp="88" pin=0"/></net>

<net id="120"><net_src comp="18" pin="0"/><net_sink comp="115" pin=1"/></net>

<net id="125"><net_src comp="115" pin="3"/><net_sink comp="88" pin=2"/></net>

<net id="131"><net_src comp="18" pin="0"/><net_sink comp="126" pin=1"/></net>

<net id="132"><net_src comp="126" pin="3"/><net_sink comp="88" pin=2"/></net>

<net id="138"><net_src comp="18" pin="0"/><net_sink comp="133" pin=1"/></net>

<net id="139"><net_src comp="133" pin="3"/><net_sink comp="88" pin=0"/></net>

<net id="143"><net_src comp="14" pin="0"/><net_sink comp="140" pin=0"/></net>

<net id="150"><net_src comp="140" pin="1"/><net_sink comp="144" pin=0"/></net>

<net id="154"><net_src comp="32" pin="0"/><net_sink comp="151" pin=0"/></net>

<net id="161"><net_src comp="151" pin="1"/><net_sink comp="155" pin=2"/></net>

<net id="170"><net_src comp="48" pin="0"/><net_sink comp="162" pin=0"/></net>

<net id="171"><net_src comp="0" pin="0"/><net_sink comp="162" pin=1"/></net>

<net id="172"><net_src comp="6" pin="0"/><net_sink comp="162" pin=4"/></net>

<net id="173"><net_src comp="8" pin="0"/><net_sink comp="162" pin=5"/></net>

<net id="178"><net_src comp="144" pin="4"/><net_sink comp="174" pin=0"/></net>

<net id="179"><net_src comp="16" pin="0"/><net_sink comp="174" pin=1"/></net>

<net id="183"><net_src comp="144" pin="4"/><net_sink comp="180" pin=0"/></net>

<net id="184"><net_src comp="180" pin="1"/><net_sink comp="82" pin=2"/></net>

<net id="189"><net_src comp="144" pin="4"/><net_sink comp="185" pin=0"/></net>

<net id="190"><net_src comp="22" pin="0"/><net_sink comp="185" pin=1"/></net>

<net id="194"><net_src comp="155" pin="4"/><net_sink comp="191" pin=0"/></net>

<net id="200"><net_src comp="34" pin="0"/><net_sink comp="195" pin=0"/></net>

<net id="201"><net_src comp="155" pin="4"/><net_sink comp="195" pin=1"/></net>

<net id="202"><net_src comp="36" pin="0"/><net_sink comp="195" pin=2"/></net>

<net id="209"><net_src comp="40" pin="0"/><net_sink comp="203" pin=0"/></net>

<net id="210"><net_src comp="155" pin="4"/><net_sink comp="203" pin=1"/></net>

<net id="211"><net_src comp="42" pin="0"/><net_sink comp="203" pin=2"/></net>

<net id="212"><net_src comp="44" pin="0"/><net_sink comp="203" pin=3"/></net>

<net id="216"><net_src comp="203" pin="4"/><net_sink comp="213" pin=0"/></net>

<net id="217"><net_src comp="213" pin="1"/><net_sink comp="95" pin=2"/></net>

<net id="221"><net_src comp="155" pin="4"/><net_sink comp="218" pin=0"/></net>

<net id="226"><net_src comp="46" pin="0"/><net_sink comp="222" pin=0"/></net>

<net id="227"><net_src comp="155" pin="4"/><net_sink comp="222" pin=1"/></net>

<net id="231"><net_src comp="102" pin="3"/><net_sink comp="228" pin=0"/></net>

<net id="232"><net_src comp="228" pin="1"/><net_sink comp="88" pin=1"/></net>

<net id="239"><net_src comp="50" pin="0"/><net_sink comp="233" pin=0"/></net>

<net id="240"><net_src comp="102" pin="3"/><net_sink comp="233" pin=1"/></net>

<net id="241"><net_src comp="52" pin="0"/><net_sink comp="233" pin=2"/></net>

<net id="242"><net_src comp="54" pin="0"/><net_sink comp="233" pin=3"/></net>

<net id="243"><net_src comp="233" pin="4"/><net_sink comp="88" pin=4"/></net>

<net id="248"><net_src comp="56" pin="0"/><net_sink comp="244" pin=1"/></net>

<net id="252"><net_src comp="244" pin="2"/><net_sink comp="249" pin=0"/></net>

<net id="253"><net_src comp="249" pin="1"/><net_sink comp="115" pin=2"/></net>

<net id="260"><net_src comp="50" pin="0"/><net_sink comp="254" pin=0"/></net>

<net id="261"><net_src comp="102" pin="3"/><net_sink comp="254" pin=1"/></net>

<net id="262"><net_src comp="58" pin="0"/><net_sink comp="254" pin=2"/></net>

<net id="263"><net_src comp="60" pin="0"/><net_sink comp="254" pin=3"/></net>

<net id="270"><net_src comp="50" pin="0"/><net_sink comp="264" pin=0"/></net>

<net id="271"><net_src comp="102" pin="3"/><net_sink comp="264" pin=1"/></net>

<net id="272"><net_src comp="62" pin="0"/><net_sink comp="264" pin=2"/></net>

<net id="273"><net_src comp="64" pin="0"/><net_sink comp="264" pin=3"/></net>

<net id="278"><net_src comp="68" pin="0"/><net_sink comp="274" pin=1"/></net>

<net id="282"><net_src comp="274" pin="2"/><net_sink comp="279" pin=0"/></net>

<net id="283"><net_src comp="279" pin="1"/><net_sink comp="126" pin=2"/></net>

<net id="288"><net_src comp="70" pin="0"/><net_sink comp="284" pin=1"/></net>

<net id="292"><net_src comp="284" pin="2"/><net_sink comp="289" pin=0"/></net>

<net id="293"><net_src comp="289" pin="1"/><net_sink comp="133" pin=2"/></net>

<net id="297"><net_src comp="76" pin="2"/><net_sink comp="294" pin=0"/></net>

<net id="298"><net_src comp="294" pin="1"/><net_sink comp="162" pin=2"/></net>

<net id="302"><net_src comp="174" pin="2"/><net_sink comp="299" pin=0"/></net>

<net id="303"><net_src comp="299" pin="1"/><net_sink comp="144" pin=2"/></net>

<net id="310"><net_src comp="191" pin="1"/><net_sink comp="307" pin=0"/></net>

<net id="311"><net_src comp="307" pin="1"/><net_sink comp="108" pin=2"/></net>

<net id="318"><net_src comp="95" pin="3"/><net_sink comp="315" pin=0"/></net>

<net id="319"><net_src comp="315" pin="1"/><net_sink comp="102" pin=0"/></net>

<net id="323"><net_src comp="218" pin="1"/><net_sink comp="320" pin=0"/></net>

<net id="324"><net_src comp="320" pin="1"/><net_sink comp="244" pin=0"/></net>

<net id="325"><net_src comp="320" pin="1"/><net_sink comp="274" pin=0"/></net>

<net id="326"><net_src comp="320" pin="1"/><net_sink comp="284" pin=0"/></net>

<net id="330"><net_src comp="222" pin="2"/><net_sink comp="327" pin=0"/></net>

<net id="331"><net_src comp="327" pin="1"/><net_sink comp="155" pin=0"/></net>

<net id="335"><net_src comp="254" pin="4"/><net_sink comp="332" pin=0"/></net>

<net id="336"><net_src comp="332" pin="1"/><net_sink comp="88" pin=4"/></net>

<net id="340"><net_src comp="264" pin="4"/><net_sink comp="337" pin=0"/></net>

<net id="341"><net_src comp="337" pin="1"/><net_sink comp="88" pin=1"/></net>

</net_list>

</model> 
---------------- Datapath Model END ------------------

* FSMD analyzer results:
  - Output states:
	Port: ctx_sponge_state | {3 6 }
	Port: data | {}
	Port: KeccakRhoOffsets | {}
	Port: KeccakRoundConstants | {}
 - Input state : 
	Port: HashUpdate_2 : ctx_sponge_state | {3 6 }
	Port: HashUpdate_2 : ctx_sponge_byteIOInd | {1 }
	Port: HashUpdate_2 : data | {3 4 }
	Port: HashUpdate_2 : KeccakRhoOffsets | {3 6 }
	Port: HashUpdate_2 : KeccakRoundConstants | {3 6 }
  - Chain level:
	State 1
	State 2
		add_ln34 : 1
		zext_ln34 : 1
		temp_addr_6 : 2
		store_ln34 : 3
		icmp_ln34 : 1
		br_ln34 : 2
	State 3
		zext_ln37 : 1
		tmp : 1
		br_ln37 : 2
		trunc_ln : 1
		zext_ln38 : 2
		data_addr : 3
		temp2 : 4
		trunc_ln37 : 1
		loop : 1
	State 4
		trunc_ln39 : 1
		store_ln39 : 2
		trunc_ln4 : 1
		temp_addr_8 : 1
		store_ln41 : 2
		trunc_ln5 : 1
		trunc_ln6 : 1
	State 5
		temp_addr_9 : 1
		store_ln43 : 2
		temp_addr : 1
		store_ln45 : 2
	State 6
		ret_ln53 : 1


============================================================
+ Verbose Summary: Datapath Resource usage 
============================================================

* Functional unit list:
|----------|------------------------------------|---------|---------|---------|---------|---------|
| Operation|           Functional Unit          |   BRAM  |  Delay  |    FF   |   LUT   |   URAM  |
|----------|------------------------------------|---------|---------|---------|---------|---------|
|   call   |  grp_KeccakWidth1600_Spon_9_fu_162 |    6    |  39.835 |   1960  |   3297  |    0    |
|----------|------------------------------------|---------|---------|---------|---------|---------|
|    add   |           add_ln34_fu_174          |    0    |    0    |    0    |    15   |    0    |
|          |             loop_fu_222            |    0    |    0    |    0    |    15   |    0    |
|----------|------------------------------------|---------|---------|---------|---------|---------|
|   icmp   |          icmp_ln34_fu_185          |    0    |    0    |    0    |    11   |    0    |
|----------|------------------------------------|---------|---------|---------|---------|---------|
|   read   | ctx_sponge_byteIOInd_47_read_fu_76 |    0    |    0    |    0    |    0    |    0    |
|----------|------------------------------------|---------|---------|---------|---------|---------|
|          |          zext_ln34_fu_180          |    0    |    0    |    0    |    0    |    0    |
|          |          zext_ln37_fu_191          |    0    |    0    |    0    |    0    |    0    |
|   zext   |          zext_ln38_fu_213          |    0    |    0    |    0    |    0    |    0    |
|          |          zext_ln41_fu_249          |    0    |    0    |    0    |    0    |    0    |
|          |          zext_ln43_fu_279          |    0    |    0    |    0    |    0    |    0    |
|          |          zext_ln45_fu_289          |    0    |    0    |    0    |    0    |    0    |
|----------|------------------------------------|---------|---------|---------|---------|---------|
| bitselect|             tmp_fu_195             |    0    |    0    |    0    |    0    |    0    |
|----------|------------------------------------|---------|---------|---------|---------|---------|
|          |           trunc_ln_fu_203          |    0    |    0    |    0    |    0    |    0    |
|partselect|          trunc_ln4_fu_233          |    0    |    0    |    0    |    0    |    0    |
|          |          trunc_ln5_fu_254          |    0    |    0    |    0    |    0    |    0    |
|          |          trunc_ln6_fu_264          |    0    |    0    |    0    |    0    |    0    |
|----------|------------------------------------|---------|---------|---------|---------|---------|
|   trunc  |          trunc_ln37_fu_218         |    0    |    0    |    0    |    0    |    0    |
|          |          trunc_ln39_fu_228         |    0    |    0    |    0    |    0    |    0    |
|----------|------------------------------------|---------|---------|---------|---------|---------|
|          |           or_ln41_fu_244           |    0    |    0    |    0    |    0    |    0    |
|    or    |           or_ln43_fu_274           |    0    |    0    |    0    |    0    |    0    |
|          |           or_ln45_fu_284           |    0    |    0    |    0    |    0    |    0    |
|----------|------------------------------------|---------|---------|---------|---------|---------|
|   Total  |                                    |    6    |  39.835 |   1960  |   3338  |    0    |
|----------|------------------------------------|---------|---------|---------|---------|---------|

Memories:
+----+--------+--------+--------+--------+
|    |  BRAM  |   FF   |   LUT  |  URAM  |
+----+--------+--------+--------+--------+
|temp|    1   |    0   |    0   |    0   |
+----+--------+--------+--------+--------+
|Total|    1   |    0   |    0   |    0   |
+----+--------+--------+--------+--------+

* Register list:
+-------------------------------+--------+
|                               |   FF   |
+-------------------------------+--------+
|        add_ln34_reg_299       |    7   |
|ctx_sponge_byteIOInd_47_reg_294|   32   |
|       data_addr_reg_315       |    3   |
|         loop_0_reg_151        |    5   |
|          loop_reg_327         |    5   |
|        phi_ln34_reg_140       |    7   |
|       trunc_ln37_reg_320      |    4   |
|       trunc_ln5_reg_332       |    8   |
|       trunc_ln6_reg_337       |    8   |
|       zext_ln37_reg_307       |   64   |
+-------------------------------+--------+
|             Total             |   143  |
+-------------------------------+--------+

* Multiplexer (MUX) list: 
|-------------------|------|------|------|--------||---------||---------|
|        Comp       |  Pin | Size |  BW  | S x BW ||  Delay  ||   LUT   |
|-------------------|------|------|------|--------||---------||---------|
|  grp_access_fu_88 |  p0  |   3  |   7  |   21   ||    15   |
|  grp_access_fu_88 |  p1  |   3  |   8  |   24   ||    15   |
|  grp_access_fu_88 |  p2  |   2  |   0  |    0   ||    9    |
|  grp_access_fu_88 |  p4  |   2  |   7  |   14   ||    9    |
| grp_access_fu_102 |  p0  |   2  |   3  |    6   ||    9    |
|-------------------|------|------|------|--------||---------||---------|
|       Total       |      |      |      |   65   ||  6.9535 ||    57   |
|-------------------|------|------|------|--------||---------||---------|



* Summary:
+-----------+--------+--------+--------+--------+--------+
|           |  BRAM  |  Delay |   FF   |   LUT  |  URAM  |
+-----------+--------+--------+--------+--------+--------+
|  Function |    6   |   39   |  1960  |  3338  |    0   |
|   Memory  |    1   |    -   |    0   |    0   |    0   |
|Multiplexer|    -   |    6   |    -   |   57   |    -   |
|  Register |    -   |    -   |   143  |    -   |    -   |
+-----------+--------+--------+--------+--------+--------+
|   Total   |    7   |   46   |  2103  |  3395  |    0   |
+-----------+--------+--------+--------+--------+--------+
