

================================================================
== Vivado HLS Report for 'HashUpdate_2_1'
================================================================
* Date:           Thu May  7 18:00:28 2020

* Version:        2019.2 (Build 2704478 on Wed Nov 06 22:10:23 MST 2019)
* Project:        picnic1
* Solution:       sing_open
* Product family: artix7
* Target device:  xc7a200t-fbg676-2


================================================================
== Performance Estimates
================================================================
+ Timing: 
    * Summary: 
    +--------+----------+----------+------------+
    |  Clock |  Target  | Estimated| Uncertainty|
    +--------+----------+----------+------------+
    |ap_clk  | 10.00 ns | 8.579 ns |   1.25 ns  |
    +--------+----------+----------+------------+

+ Latency: 
    * Summary: 
    +---------+---------+----------+----------+-----+-----+---------+
    |  Latency (cycles) |  Latency (absolute) |  Interval | Pipeline|
    |   min   |   max   |    min   |    max   | min | max |   Type  |
    +---------+---------+----------+----------+-----+-----+---------+
    |        ?|        ?|         ?|         ?|    ?|    ?|   none  |
    +---------+---------+----------+----------+-----+-----+---------+

    + Detail: 
        * Instance: 
        +-----------------------------------+------------------------+---------+---------+----------+----------+-----+-----+---------+
        |                                   |                        |  Latency (cycles) |  Latency (absolute) |  Interval | Pipeline|
        |              Instance             |         Module         |   min   |   max   |    min   |    max   | min | max |   Type  |
        +-----------------------------------+------------------------+---------+---------+----------+----------+-----+-----+---------+
        |grp_KeccakWidth1600_Spon_9_fu_174  |KeccakWidth1600_Spon_9  |        ?|        ?|         ?|         ?|    ?|    ?|   none  |
        +-----------------------------------+------------------------+---------+---------+----------+----------+-----+-----+---------+

        * Loop: 
        +-----------------------+---------+---------+----------+-----------+-----------+------+----------+
        |                       |  Latency (cycles) | Iteration|  Initiation Interval  | Trip |          |
        |       Loop Name       |   min   |   max   |  Latency |  achieved |   target  | Count| Pipelined|
        +-----------------------+---------+---------+----------+-----------+-----------+------+----------+
        |- memset_temp          |       74|       74|         1|          -|          -|    75|    no    |
        |- HashUpdate_2_label2  |       12|       12|         3|          -|          -|     4|    no    |
        +-----------------------+---------+---------+----------+-----------+-----------+------+----------+

============================================================
+ Verbose Summary: Synthesis Manager
============================================================
InlineROM: 1
ExposeGlobal: 1
============================================================
+ Verbose Summary: CDFG Model
============================================================
IsTopModel: 0
ResetActiveHigh: 1
IsCombinational: 0
IsDatapathOnly: 0
HasWiredReturn: 1
HasMFsm: 0
HasVarLatency: 1
IsPipeline: 0
IsRtlPipelined: 0
IsInstanceOverlapped: 0
IsDontTouch: 0
HasImplIP: 0
IsGatedGlobalClock: 0


============================================================
+ Verbose Summary: Schedule
============================================================
* Number of FSM states : 6
* Pipeline : 0
* Dataflow Pipeline: 0

* FSM state transitions: 
1 --> 2 
2 --> 2 3 
3 --> 4 6 
4 --> 5 
5 --> 3 
6 --> 

* FSM state operations: 

State 1 <SV = 0> <Delay = 1.77>
ST_1 : Operation 7 [1/1] (0.00ns)   --->   "%data_offset_read = call i8 @_ssdm_op_Read.ap_auto.i8(i8 %data_offset)"   --->   Operation 7 'read' 'data_offset_read' <Predicate = true> <Delay = 0.00>
ST_1 : Operation 8 [1/1] (0.00ns)   --->   "%ctx_sponge_byteIOInd_46 = call i32 @_ssdm_op_Read.ap_auto.i32(i32 %ctx_sponge_byteIOInd)"   --->   Operation 8 'read' 'ctx_sponge_byteIOInd_46' <Predicate = true> <Delay = 0.00>
ST_1 : Operation 9 [1/1] (1.77ns)   --->   "%temp = alloca [75 x i8], align 16" [hash.c:34]   --->   Operation 9 'alloca' 'temp' <Predicate = true> <Delay = 1.77> <Core = "RAM">   --->   Core 37 'RAM' <Latency = 1> <II = 1> <Delay = 1.77> <Storage> <Opcode : 'load' 'store'> <Ports = 2> <Width = 8> <Depth = 75> <RAM>
ST_1 : Operation 10 [1/1] (1.35ns)   --->   "br label %meminst"   --->   Operation 10 'br' <Predicate = true> <Delay = 1.35>

State 2 <SV = 1> <Delay = 1.77>
ST_2 : Operation 11 [1/1] (0.00ns)   --->   "%phi_ln34 = phi i7 [ 0, %0 ], [ %add_ln34, %meminst ]" [hash.c:34]   --->   Operation 11 'phi' 'phi_ln34' <Predicate = true> <Delay = 0.00>
ST_2 : Operation 12 [1/1] (1.66ns)   --->   "%add_ln34 = add i7 %phi_ln34, 1" [hash.c:34]   --->   Operation 12 'add' 'add_ln34' <Predicate = true> <Delay = 1.66> <Core = "AddSub">   --->   Core 14 'AddSub' <Latency = 0> <II = 1> <Delay = 1.54> <FuncUnit> <Opcode : 'add' 'sub'> <InPorts = 2> <OutPorts = 1>
ST_2 : Operation 13 [1/1] (0.00ns)   --->   "%zext_ln34 = zext i7 %phi_ln34 to i64" [hash.c:34]   --->   Operation 13 'zext' 'zext_ln34' <Predicate = true> <Delay = 0.00>
ST_2 : Operation 14 [1/1] (0.00ns)   --->   "%temp_addr_4 = getelementptr [75 x i8]* %temp, i64 0, i64 %zext_ln34" [hash.c:34]   --->   Operation 14 'getelementptr' 'temp_addr_4' <Predicate = true> <Delay = 0.00>
ST_2 : Operation 15 [1/1] (1.77ns)   --->   "store i8 0, i8* %temp_addr_4, align 1" [hash.c:34]   --->   Operation 15 'store' <Predicate = true> <Delay = 1.77> <Core = "RAM">   --->   Core 37 'RAM' <Latency = 1> <II = 1> <Delay = 1.77> <Storage> <Opcode : 'load' 'store'> <Ports = 2> <Width = 8> <Depth = 75> <RAM>
ST_2 : Operation 16 [1/1] (1.23ns)   --->   "%icmp_ln34 = icmp eq i7 %phi_ln34, -54" [hash.c:34]   --->   Operation 16 'icmp' 'icmp_ln34' <Predicate = true> <Delay = 1.23> <Core = "Cmp">   --->   Core 25 'Cmp' <Latency = 0> <II = 1> <Delay = 1.23> <FuncUnit> <Opcode : 'icmp'> <InPorts = 2> <OutPorts = 1>
ST_2 : Operation 17 [1/1] (0.00ns)   --->   "call void (...)* @_ssdm_op_SpecLoopName([12 x i8]* @memset_temp_str)"   --->   Operation 17 'specloopname' <Predicate = true> <Delay = 0.00>
ST_2 : Operation 18 [1/1] (0.00ns)   --->   "%empty = call i32 (...)* @_ssdm_op_SpecLoopTripCount(i64 75, i64 75, i64 75)"   --->   Operation 18 'speclooptripcount' 'empty' <Predicate = true> <Delay = 0.00>
ST_2 : Operation 19 [1/1] (0.00ns)   --->   "br i1 %icmp_ln34, label %.preheader.preheader, label %meminst" [hash.c:34]   --->   Operation 19 'br' <Predicate = true> <Delay = 0.00>
ST_2 : Operation 20 [1/1] (1.35ns)   --->   "br label %.preheader" [hash.c:37]   --->   Operation 20 'br' <Predicate = (icmp_ln34)> <Delay = 1.35>

State 3 <SV = 2> <Delay = 2.77>
ST_3 : Operation 21 [1/1] (0.00ns)   --->   "%loop_0 = phi i5 [ %loop, %1 ], [ 0, %.preheader.preheader ]"   --->   Operation 21 'phi' 'loop_0' <Predicate = true> <Delay = 0.00>
ST_3 : Operation 22 [1/1] (0.00ns)   --->   "%zext_ln37 = zext i5 %loop_0 to i64" [hash.c:37]   --->   Operation 22 'zext' 'zext_ln37' <Predicate = true> <Delay = 0.00>
ST_3 : Operation 23 [1/1] (0.00ns)   --->   "%tmp_52 = call i1 @_ssdm_op_BitSelect.i1.i5.i32(i5 %loop_0, i32 4)" [hash.c:37]   --->   Operation 23 'bitselect' 'tmp_52' <Predicate = true> <Delay = 0.00>
ST_3 : Operation 24 [1/1] (0.00ns)   --->   "%empty_418 = call i32 (...)* @_ssdm_op_SpecLoopTripCount(i64 4, i64 4, i64 4)"   --->   Operation 24 'speclooptripcount' 'empty_418' <Predicate = true> <Delay = 0.00>
ST_3 : Operation 25 [1/1] (0.00ns)   --->   "br i1 %tmp_52, label %2, label %1" [hash.c:37]   --->   Operation 25 'br' <Predicate = true> <Delay = 0.00>
ST_3 : Operation 26 [1/1] (0.00ns)   --->   "%trunc_ln = call i2 @_ssdm_op_PartSelect.i2.i5.i32.i32(i5 %loop_0, i32 2, i32 3)" [hash.c:38]   --->   Operation 26 'partselect' 'trunc_ln' <Predicate = (!tmp_52)> <Delay = 0.00>
ST_3 : Operation 27 [1/1] (0.00ns)   --->   "%tmp = call i10 @_ssdm_op_BitConcatenate.i10.i8.i2(i8 %data_offset_read, i2 %trunc_ln)" [hash.c:38]   --->   Operation 27 'bitconcatenate' 'tmp' <Predicate = (!tmp_52)> <Delay = 0.00>
ST_3 : Operation 28 [1/1] (0.00ns)   --->   "%zext_ln38 = zext i10 %tmp to i64" [hash.c:38]   --->   Operation 28 'zext' 'zext_ln38' <Predicate = (!tmp_52)> <Delay = 0.00>
ST_3 : Operation 29 [1/1] (0.00ns)   --->   "%data_addr11 = getelementptr [876 x i32]* %data, i64 0, i64 %zext_ln38" [hash.c:38]   --->   Operation 29 'getelementptr' 'data_addr11' <Predicate = (!tmp_52)> <Delay = 0.00>
ST_3 : Operation 30 [2/2] (2.77ns)   --->   "%temp2 = load i32* %data_addr11, align 4" [hash.c:38]   --->   Operation 30 'load' 'temp2' <Predicate = (!tmp_52)> <Delay = 2.77> <Core = "RAM">   --->   Core 37 'RAM' <Latency = 1> <II = 1> <Delay = 1.77> <Storage> <Opcode : 'load' 'store'> <Ports = 2> <Width = 8> <Depth = 75> <RAM>
ST_3 : Operation 31 [1/1] (0.00ns)   --->   "%trunc_ln37 = trunc i5 %loop_0 to i4" [hash.c:37]   --->   Operation 31 'trunc' 'trunc_ln37' <Predicate = (!tmp_52)> <Delay = 0.00>
ST_3 : Operation 32 [1/1] (1.54ns)   --->   "%loop = add i5 4, %loop_0" [hash.c:37]   --->   Operation 32 'add' 'loop' <Predicate = (!tmp_52)> <Delay = 1.54> <Core = "AddSub">   --->   Core 14 'AddSub' <Latency = 0> <II = 1> <Delay = 1.54> <FuncUnit> <Opcode : 'add' 'sub'> <InPorts = 2> <OutPorts = 1>
ST_3 : Operation 33 [2/2] (1.45ns)   --->   "%instance_sponge_byte = call fastcc i32 @KeccakWidth1600_Spon.9([200 x i8]* %ctx_sponge_state, i32 %ctx_sponge_byteIOInd_46, [75 x i8]* %temp)" [sha3/KeccakHash.c:41->hash.c:47]   --->   Operation 33 'call' 'instance_sponge_byte' <Predicate = (tmp_52)> <Delay = 1.45> <CoreType = "Generic">   --->   Core 0 '' <Latency = 0> <II = 1> <Delay = 1.00> <Generic> <Opcode : >

State 4 <SV = 3> <Delay = 4.54>
ST_4 : Operation 34 [1/2] (2.77ns)   --->   "%temp2 = load i32* %data_addr11, align 4" [hash.c:38]   --->   Operation 34 'load' 'temp2' <Predicate = true> <Delay = 2.77> <Core = "RAM">   --->   Core 37 'RAM' <Latency = 1> <II = 1> <Delay = 1.77> <Storage> <Opcode : 'load' 'store'> <Ports = 2> <Width = 8> <Depth = 75> <RAM>
ST_4 : Operation 35 [1/1] (0.00ns)   --->   "%trunc_ln39 = trunc i32 %temp2 to i8" [hash.c:39]   --->   Operation 35 'trunc' 'trunc_ln39' <Predicate = true> <Delay = 0.00>
ST_4 : Operation 36 [1/1] (0.00ns)   --->   "%temp_addr_5 = getelementptr inbounds [75 x i8]* %temp, i64 0, i64 %zext_ln37" [hash.c:39]   --->   Operation 36 'getelementptr' 'temp_addr_5' <Predicate = true> <Delay = 0.00>
ST_4 : Operation 37 [1/1] (1.77ns)   --->   "store i8 %trunc_ln39, i8* %temp_addr_5, align 4" [hash.c:39]   --->   Operation 37 'store' <Predicate = true> <Delay = 1.77> <Core = "RAM">   --->   Core 37 'RAM' <Latency = 1> <II = 1> <Delay = 1.77> <Storage> <Opcode : 'load' 'store'> <Ports = 2> <Width = 8> <Depth = 75> <RAM>
ST_4 : Operation 38 [1/1] (0.00ns)   --->   "%trunc_ln1 = call i8 @_ssdm_op_PartSelect.i8.i32.i32.i32(i32 %temp2, i32 8, i32 15)" [hash.c:41]   --->   Operation 38 'partselect' 'trunc_ln1' <Predicate = true> <Delay = 0.00>
ST_4 : Operation 39 [1/1] (0.00ns)   --->   "%or_ln41 = or i4 %trunc_ln37, 1" [hash.c:41]   --->   Operation 39 'or' 'or_ln41' <Predicate = true> <Delay = 0.00>
ST_4 : Operation 40 [1/1] (0.00ns)   --->   "%zext_ln41 = zext i4 %or_ln41 to i64" [hash.c:41]   --->   Operation 40 'zext' 'zext_ln41' <Predicate = true> <Delay = 0.00>
ST_4 : Operation 41 [1/1] (0.00ns)   --->   "%temp_addr = getelementptr inbounds [75 x i8]* %temp, i64 0, i64 %zext_ln41" [hash.c:41]   --->   Operation 41 'getelementptr' 'temp_addr' <Predicate = true> <Delay = 0.00>
ST_4 : Operation 42 [1/1] (1.77ns)   --->   "store i8 %trunc_ln1, i8* %temp_addr, align 1" [hash.c:41]   --->   Operation 42 'store' <Predicate = true> <Delay = 1.77> <Core = "RAM">   --->   Core 37 'RAM' <Latency = 1> <II = 1> <Delay = 1.77> <Storage> <Opcode : 'load' 'store'> <Ports = 2> <Width = 8> <Depth = 75> <RAM>
ST_4 : Operation 43 [1/1] (0.00ns)   --->   "%trunc_ln2 = call i8 @_ssdm_op_PartSelect.i8.i32.i32.i32(i32 %temp2, i32 16, i32 23)" [hash.c:43]   --->   Operation 43 'partselect' 'trunc_ln2' <Predicate = true> <Delay = 0.00>
ST_4 : Operation 44 [1/1] (0.00ns)   --->   "%trunc_ln3 = call i8 @_ssdm_op_PartSelect.i8.i32.i32.i32(i32 %temp2, i32 24, i32 31)" [hash.c:45]   --->   Operation 44 'partselect' 'trunc_ln3' <Predicate = true> <Delay = 0.00>

State 5 <SV = 4> <Delay = 1.77>
ST_5 : Operation 45 [1/1] (0.00ns)   --->   "call void (...)* @_ssdm_op_SpecLoopName([20 x i8]* @p_str90) nounwind" [hash.c:37]   --->   Operation 45 'specloopname' <Predicate = true> <Delay = 0.00>
ST_5 : Operation 46 [1/1] (0.00ns)   --->   "%or_ln43 = or i4 %trunc_ln37, 2" [hash.c:43]   --->   Operation 46 'or' 'or_ln43' <Predicate = true> <Delay = 0.00>
ST_5 : Operation 47 [1/1] (0.00ns)   --->   "%zext_ln43 = zext i4 %or_ln43 to i64" [hash.c:43]   --->   Operation 47 'zext' 'zext_ln43' <Predicate = true> <Delay = 0.00>
ST_5 : Operation 48 [1/1] (0.00ns)   --->   "%temp_addr_6 = getelementptr inbounds [75 x i8]* %temp, i64 0, i64 %zext_ln43" [hash.c:43]   --->   Operation 48 'getelementptr' 'temp_addr_6' <Predicate = true> <Delay = 0.00>
ST_5 : Operation 49 [1/1] (1.77ns)   --->   "store i8 %trunc_ln2, i8* %temp_addr_6, align 2" [hash.c:43]   --->   Operation 49 'store' <Predicate = true> <Delay = 1.77> <Core = "RAM">   --->   Core 37 'RAM' <Latency = 1> <II = 1> <Delay = 1.77> <Storage> <Opcode : 'load' 'store'> <Ports = 2> <Width = 8> <Depth = 75> <RAM>
ST_5 : Operation 50 [1/1] (0.00ns)   --->   "%or_ln45 = or i4 %trunc_ln37, 3" [hash.c:45]   --->   Operation 50 'or' 'or_ln45' <Predicate = true> <Delay = 0.00>
ST_5 : Operation 51 [1/1] (0.00ns)   --->   "%zext_ln45 = zext i4 %or_ln45 to i64" [hash.c:45]   --->   Operation 51 'zext' 'zext_ln45' <Predicate = true> <Delay = 0.00>
ST_5 : Operation 52 [1/1] (0.00ns)   --->   "%temp_addr_7 = getelementptr inbounds [75 x i8]* %temp, i64 0, i64 %zext_ln45" [hash.c:45]   --->   Operation 52 'getelementptr' 'temp_addr_7' <Predicate = true> <Delay = 0.00>
ST_5 : Operation 53 [1/1] (1.77ns)   --->   "store i8 %trunc_ln3, i8* %temp_addr_7, align 1" [hash.c:45]   --->   Operation 53 'store' <Predicate = true> <Delay = 1.77> <Core = "RAM">   --->   Core 37 'RAM' <Latency = 1> <II = 1> <Delay = 1.77> <Storage> <Opcode : 'load' 'store'> <Ports = 2> <Width = 8> <Depth = 75> <RAM>
ST_5 : Operation 54 [1/1] (0.00ns)   --->   "br label %.preheader" [hash.c:37]   --->   Operation 54 'br' <Predicate = true> <Delay = 0.00>

State 6 <SV = 3> <Delay = 0.00>
ST_6 : Operation 55 [1/2] (0.00ns)   --->   "%instance_sponge_byte = call fastcc i32 @KeccakWidth1600_Spon.9([200 x i8]* %ctx_sponge_state, i32 %ctx_sponge_byteIOInd_46, [75 x i8]* %temp)" [sha3/KeccakHash.c:41->hash.c:47]   --->   Operation 55 'call' 'instance_sponge_byte' <Predicate = true> <Delay = 0.00> <CoreType = "Generic">   --->   Core 0 '' <Latency = 0> <II = 1> <Delay = 1.00> <Generic> <Opcode : >
ST_6 : Operation 56 [1/1] (0.00ns)   --->   "ret i32 %instance_sponge_byte" [hash.c:53]   --->   Operation 56 'ret' <Predicate = true> <Delay = 0.00>


============================================================
+ Verbose Summary: Binding
============================================================
STG Binding: 
---------------- STG Properties BEGIN ----------------
- Is combinational: 0
- Is one-state seq: 0
- Is datapath-only: 0
- Is pipelined: 0
- Is top level: 0
Port [ Return ] is wired: 1; IO mode=ap_ctrl_hs:ce=0
Port [ ctx_sponge_state]:  wired=1; compound=1; hidden=0; nouse=0; global=0; static=0; extern=0; dir=2; type=1; pingpong=0; private_global=0; MemPort=[23]; IO mode=ap_memory:ce=0
Port [ ctx_sponge_byteIOInd]:  wired=1; compound=0; hidden=0; nouse=0; global=0; static=0; extern=0; dir=0; type=0; pingpong=0; private_global=0; IO mode=ap_none:ce=0
Port [ data]:  wired=1; compound=1; hidden=0; nouse=0; global=0; static=0; extern=0; dir=0; type=1; pingpong=0; private_global=0; MemPort=[13]; IO mode=ap_memory:ce=0
Port [ data_offset]:  wired=1; compound=0; hidden=0; nouse=0; global=0; static=0; extern=0; dir=0; type=0; pingpong=0; private_global=0; IO mode=ap_none:ce=0
Port [ KeccakRhoOffsets]:  wired=0; compound=1; hidden=1; nouse=1; global=1; static=1; extern=0; dir=0; type=1; pingpong=0; private_global=0; linkage=7; visibility=0; MemPort=[1]; IO mode=ap_memory:ce=0
Port [ KeccakRoundConstants]:  wired=0; compound=1; hidden=1; nouse=1; global=1; static=1; extern=0; dir=0; type=1; pingpong=0; private_global=0; linkage=7; visibility=0; MemPort=[1]; IO mode=ap_memory:ce=0
---------------- STG Properties END ------------------

---------------- Datapath Model BEGIN ----------------

<LifeTime>
<method=bitvector/>
data_offset_read        (read             ) [ 0011110]
ctx_sponge_byteIOInd_46 (read             ) [ 0011111]
temp                    (alloca           ) [ 0011111]
br_ln0                  (br               ) [ 0110000]
phi_ln34                (phi              ) [ 0010000]
add_ln34                (add              ) [ 0110000]
zext_ln34               (zext             ) [ 0000000]
temp_addr_4             (getelementptr    ) [ 0000000]
store_ln34              (store            ) [ 0000000]
icmp_ln34               (icmp             ) [ 0010000]
specloopname_ln0        (specloopname     ) [ 0000000]
empty                   (speclooptripcount) [ 0000000]
br_ln34                 (br               ) [ 0110000]
br_ln37                 (br               ) [ 0011110]
loop_0                  (phi              ) [ 0001000]
zext_ln37               (zext             ) [ 0000100]
tmp_52                  (bitselect        ) [ 0001110]
empty_418               (speclooptripcount) [ 0000000]
br_ln37                 (br               ) [ 0000000]
trunc_ln                (partselect       ) [ 0000000]
tmp                     (bitconcatenate   ) [ 0000000]
zext_ln38               (zext             ) [ 0000000]
data_addr11             (getelementptr    ) [ 0000100]
trunc_ln37              (trunc            ) [ 0000110]
loop                    (add              ) [ 0011110]
temp2                   (load             ) [ 0000000]
trunc_ln39              (trunc            ) [ 0000000]
temp_addr_5             (getelementptr    ) [ 0000000]
store_ln39              (store            ) [ 0000000]
trunc_ln1               (partselect       ) [ 0000000]
or_ln41                 (or               ) [ 0000000]
zext_ln41               (zext             ) [ 0000000]
temp_addr               (getelementptr    ) [ 0000000]
store_ln41              (store            ) [ 0000000]
trunc_ln2               (partselect       ) [ 0000010]
trunc_ln3               (partselect       ) [ 0000010]
specloopname_ln37       (specloopname     ) [ 0000000]
or_ln43                 (or               ) [ 0000000]
zext_ln43               (zext             ) [ 0000000]
temp_addr_6             (getelementptr    ) [ 0000000]
store_ln43              (store            ) [ 0000000]
or_ln45                 (or               ) [ 0000000]
zext_ln45               (zext             ) [ 0000000]
temp_addr_7             (getelementptr    ) [ 0000000]
store_ln45              (store            ) [ 0000000]
br_ln37                 (br               ) [ 0011110]
instance_sponge_byte    (call             ) [ 0000000]
ret_ln53                (ret              ) [ 0000000]
</LifeTime>

<model>

<comp_list>
<comp id="0" class="1000" name="ctx_sponge_state">
<pin_list>
<pin id="1" dir="1" index="0" bw="1" slack="0"/>
</pin_list>
<bind>
<StgValue><ssdm name="ctx_sponge_state"/><MemPortTyVec>2 3 </MemPortTyVec>
</StgValue>
</bind>
</comp>

<comp id="2" class="1000" name="ctx_sponge_byteIOInd">
<pin_list>
<pin id="3" dir="1" index="0" bw="1" slack="0"/>
</pin_list>
<bind>
<StgValue><ssdm name="ctx_sponge_byteIOInd"/></StgValue>
</bind>
</comp>

<comp id="4" class="1000" name="data">
<pin_list>
<pin id="5" dir="1" index="0" bw="1" slack="0"/>
</pin_list>
<bind>
<StgValue><ssdm name="data"/><MemPortTyVec>1 3 </MemPortTyVec>
</StgValue>
</bind>
</comp>

<comp id="6" class="1000" name="data_offset">
<pin_list>
<pin id="7" dir="1" index="0" bw="1" slack="0"/>
</pin_list>
<bind>
<StgValue><ssdm name="data_offset"/></StgValue>
</bind>
</comp>

<comp id="8" class="1000" name="KeccakRhoOffsets">
<pin_list>
<pin id="9" dir="1" index="0" bw="1" slack="0"/>
</pin_list>
<bind>
<StgValue><ssdm name="KeccakRhoOffsets"/><MemPortTyVec>1 </MemPortTyVec>
</StgValue>
</bind>
</comp>

<comp id="10" class="1000" name="KeccakRoundConstants">
<pin_list>
<pin id="11" dir="1" index="0" bw="1" slack="0"/>
</pin_list>
<bind>
<StgValue><ssdm name="KeccakRoundConstants"/><MemPortTyVec>1 </MemPortTyVec>
</StgValue>
</bind>
</comp>

<comp id="12" class="1001" name="const_12">
<pin_list>
<pin id="13" dir="1" index="0" bw="1" slack="0"/>
</pin_list>
<bind>
<StgValue><ssdm name="_ssdm_op_Read.ap_auto.i8"/></StgValue>
</bind>
</comp>

<comp id="14" class="1001" name="const_14">
<pin_list>
<pin id="15" dir="1" index="0" bw="1" slack="0"/>
</pin_list>
<bind>
<StgValue><ssdm name="_ssdm_op_Read.ap_auto.i32"/></StgValue>
</bind>
</comp>

<comp id="16" class="1001" name="const_16">
<pin_list>
<pin id="17" dir="1" index="0" bw="1" slack="0"/>
</pin_list>
<bind>
<StgValue><ssdm name=""/></StgValue>
</bind>
</comp>

<comp id="18" class="1001" name="const_18">
<pin_list>
<pin id="19" dir="1" index="0" bw="1" slack="1"/>
</pin_list>
<bind>
<StgValue><ssdm name=""/></StgValue>
</bind>
</comp>

<comp id="20" class="1001" name="const_20">
<pin_list>
<pin id="21" dir="1" index="0" bw="1" slack="0"/>
</pin_list>
<bind>
<StgValue><ssdm name=""/></StgValue>
</bind>
</comp>

<comp id="22" class="1001" name="const_22">
<pin_list>
<pin id="23" dir="1" index="0" bw="1" slack="0"/>
</pin_list>
<bind>
<StgValue><ssdm name=""/></StgValue>
</bind>
</comp>

<comp id="24" class="1001" name="const_24">
<pin_list>
<pin id="25" dir="1" index="0" bw="1" slack="0"/>
</pin_list>
<bind>
<StgValue><ssdm name=""/></StgValue>
</bind>
</comp>

<comp id="26" class="1001" name="const_26">
<pin_list>
<pin id="27" dir="1" index="0" bw="1" slack="0"/>
</pin_list>
<bind>
<StgValue><ssdm name=""/></StgValue>
</bind>
</comp>

<comp id="28" class="1001" name="const_28">
<pin_list>
<pin id="29" dir="1" index="0" bw="1" slack="2147483647"/>
</pin_list>
<bind>
<StgValue><ssdm name="_ssdm_op_SpecLoopName"/></StgValue>
</bind>
</comp>

<comp id="30" class="1001" name="const_30">
<pin_list>
<pin id="31" dir="1" index="0" bw="1" slack="2147483647"/>
</pin_list>
<bind>
<StgValue><ssdm name="memset_temp_str"/></StgValue>
</bind>
</comp>

<comp id="32" class="1001" name="const_32">
<pin_list>
<pin id="33" dir="1" index="0" bw="1" slack="2147483647"/>
</pin_list>
<bind>
<StgValue><ssdm name="_ssdm_op_SpecLoopTripCount"/></StgValue>
</bind>
</comp>

<comp id="34" class="1001" name="const_34">
<pin_list>
<pin id="35" dir="1" index="0" bw="1" slack="2147483647"/>
</pin_list>
<bind>
<StgValue><ssdm name=""/></StgValue>
</bind>
</comp>

<comp id="36" class="1001" name="const_36">
<pin_list>
<pin id="37" dir="1" index="0" bw="1" slack="1"/>
</pin_list>
<bind>
<StgValue><ssdm name=""/></StgValue>
</bind>
</comp>

<comp id="38" class="1001" name="const_38">
<pin_list>
<pin id="39" dir="1" index="0" bw="1" slack="0"/>
</pin_list>
<bind>
<StgValue><ssdm name="_ssdm_op_BitSelect.i1.i5.i32"/></StgValue>
</bind>
</comp>

<comp id="40" class="1001" name="const_40">
<pin_list>
<pin id="41" dir="1" index="0" bw="1" slack="0"/>
</pin_list>
<bind>
<StgValue><ssdm name=""/></StgValue>
</bind>
</comp>

<comp id="42" class="1001" name="const_42">
<pin_list>
<pin id="43" dir="1" index="0" bw="1" slack="2147483647"/>
</pin_list>
<bind>
<StgValue><ssdm name=""/></StgValue>
</bind>
</comp>

<comp id="44" class="1001" name="const_44">
<pin_list>
<pin id="45" dir="1" index="0" bw="1" slack="0"/>
</pin_list>
<bind>
<StgValue><ssdm name="_ssdm_op_PartSelect.i2.i5.i32.i32"/></StgValue>
</bind>
</comp>

<comp id="46" class="1001" name="const_46">
<pin_list>
<pin id="47" dir="1" index="0" bw="1" slack="0"/>
</pin_list>
<bind>
<StgValue><ssdm name=""/></StgValue>
</bind>
</comp>

<comp id="48" class="1001" name="const_48">
<pin_list>
<pin id="49" dir="1" index="0" bw="1" slack="0"/>
</pin_list>
<bind>
<StgValue><ssdm name=""/></StgValue>
</bind>
</comp>

<comp id="50" class="1001" name="const_50">
<pin_list>
<pin id="51" dir="1" index="0" bw="1" slack="0"/>
</pin_list>
<bind>
<StgValue><ssdm name="_ssdm_op_BitConcatenate.i10.i8.i2"/></StgValue>
</bind>
</comp>

<comp id="52" class="1001" name="const_52">
<pin_list>
<pin id="53" dir="1" index="0" bw="1" slack="0"/>
</pin_list>
<bind>
<StgValue><ssdm name=""/></StgValue>
</bind>
</comp>

<comp id="54" class="1001" name="const_54">
<pin_list>
<pin id="55" dir="1" index="0" bw="1" slack="0"/>
</pin_list>
<bind>
<StgValue><ssdm name="KeccakWidth1600_Spon.9"/></StgValue>
</bind>
</comp>

<comp id="56" class="1001" name="const_56">
<pin_list>
<pin id="57" dir="1" index="0" bw="1" slack="0"/>
</pin_list>
<bind>
<StgValue><ssdm name="_ssdm_op_PartSelect.i8.i32.i32.i32"/></StgValue>
</bind>
</comp>

<comp id="58" class="1001" name="const_58">
<pin_list>
<pin id="59" dir="1" index="0" bw="1" slack="0"/>
</pin_list>
<bind>
<StgValue><ssdm name=""/></StgValue>
</bind>
</comp>

<comp id="60" class="1001" name="const_60">
<pin_list>
<pin id="61" dir="1" index="0" bw="1" slack="0"/>
</pin_list>
<bind>
<StgValue><ssdm name=""/></StgValue>
</bind>
</comp>

<comp id="62" class="1001" name="const_62">
<pin_list>
<pin id="63" dir="1" index="0" bw="1" slack="0"/>
</pin_list>
<bind>
<StgValue><ssdm name=""/></StgValue>
</bind>
</comp>

<comp id="64" class="1001" name="const_64">
<pin_list>
<pin id="65" dir="1" index="0" bw="1" slack="0"/>
</pin_list>
<bind>
<StgValue><ssdm name=""/></StgValue>
</bind>
</comp>

<comp id="66" class="1001" name="const_66">
<pin_list>
<pin id="67" dir="1" index="0" bw="1" slack="0"/>
</pin_list>
<bind>
<StgValue><ssdm name=""/></StgValue>
</bind>
</comp>

<comp id="68" class="1001" name="const_68">
<pin_list>
<pin id="69" dir="1" index="0" bw="1" slack="0"/>
</pin_list>
<bind>
<StgValue><ssdm name=""/></StgValue>
</bind>
</comp>

<comp id="70" class="1001" name="const_70">
<pin_list>
<pin id="71" dir="1" index="0" bw="1" slack="0"/>
</pin_list>
<bind>
<StgValue><ssdm name=""/></StgValue>
</bind>
</comp>

<comp id="72" class="1001" name="const_72">
<pin_list>
<pin id="73" dir="1" index="0" bw="1" slack="2147483647"/>
</pin_list>
<bind>
<StgValue><ssdm name="p_str90"/></StgValue>
</bind>
</comp>

<comp id="74" class="1001" name="const_74">
<pin_list>
<pin id="75" dir="1" index="0" bw="1" slack="0"/>
</pin_list>
<bind>
<StgValue><ssdm name=""/></StgValue>
</bind>
</comp>

<comp id="76" class="1001" name="const_76">
<pin_list>
<pin id="77" dir="1" index="0" bw="1" slack="0"/>
</pin_list>
<bind>
<StgValue><ssdm name=""/></StgValue>
</bind>
</comp>

<comp id="78" class="1004" name="temp_alloca_fu_78">
<pin_list>
<pin id="79" dir="0" index="0" bw="1" slack="0"/>
<pin id="80" dir="1" index="1" bw="8" slack="2147483647"/>
</pin_list>
<bind>
<opcode="alloca(26) " fcode="alloca"/>
<opset="temp/1 "/>
</bind>
</comp>

<comp id="82" class="1004" name="data_offset_read_read_fu_82">
<pin_list>
<pin id="83" dir="0" index="0" bw="8" slack="0"/>
<pin id="84" dir="0" index="1" bw="8" slack="0"/>
<pin id="85" dir="1" index="2" bw="8" slack="2"/>
</pin_list>
<bind>
<opcode="read(1150) " fcode="read"/>
<opset="data_offset_read/1 "/>
</bind>
</comp>

<comp id="88" class="1004" name="ctx_sponge_byteIOInd_46_read_fu_88">
<pin_list>
<pin id="89" dir="0" index="0" bw="32" slack="0"/>
<pin id="90" dir="0" index="1" bw="32" slack="0"/>
<pin id="91" dir="1" index="2" bw="32" slack="2"/>
</pin_list>
<bind>
<opcode="read(1150) " fcode="read"/>
<opset="ctx_sponge_byteIOInd_46/1 "/>
</bind>
</comp>

<comp id="94" class="1004" name="temp_addr_4_gep_fu_94">
<pin_list>
<pin id="95" dir="0" index="0" bw="8" slack="2147483647"/>
<pin id="96" dir="0" index="1" bw="1" slack="0"/>
<pin id="97" dir="0" index="2" bw="7" slack="0"/>
<pin id="98" dir="1" index="3" bw="7" slack="0"/>
</pin_list>
<bind>
<opcode="getelementptr(29) " fcode="getelementptr"/>
<opset="temp_addr_4/2 "/>
</bind>
</comp>

<comp id="100" class="1004" name="grp_access_fu_100">
<pin_list>
<pin id="101" dir="0" index="0" bw="7" slack="0"/>
<pin id="102" dir="0" index="1" bw="8" slack="0"/>
<pin id="103" dir="0" index="2" bw="0" slack="0"/>
<pin id="133" dir="0" index="4" bw="7" slack="0"/>
<pin id="134" dir="0" index="5" bw="8" slack="2147483647"/>
<pin id="135" dir="0" index="6" bw="0" slack="2147483647"/>
<pin id="104" dir="1" index="3" bw="8" slack="2147483647"/>
<pin id="136" dir="1" index="7" bw="8" slack="2147483647"/>
</pin_list>
<bind>
<opcode="store(28) " fcode="store"/>
<opset="store_ln34/2 store_ln39/4 store_ln41/4 store_ln43/5 store_ln45/5 "/>
</bind>
</comp>

<comp id="107" class="1004" name="data_addr11_gep_fu_107">
<pin_list>
<pin id="108" dir="0" index="0" bw="32" slack="0"/>
<pin id="109" dir="0" index="1" bw="1" slack="0"/>
<pin id="110" dir="0" index="2" bw="10" slack="0"/>
<pin id="111" dir="1" index="3" bw="10" slack="0"/>
</pin_list>
<bind>
<opcode="getelementptr(29) " fcode="getelementptr"/>
<opset="data_addr11/3 "/>
</bind>
</comp>

<comp id="114" class="1004" name="grp_access_fu_114">
<pin_list>
<pin id="115" dir="0" index="0" bw="10" slack="0"/>
<pin id="116" dir="0" index="1" bw="32" slack="2147483647"/>
<pin id="117" dir="0" index="2" bw="0" slack="2147483647"/>
<pin id="118" dir="1" index="3" bw="32" slack="0"/>
</pin_list>
<bind>
<opcode="load(27) " fcode="load"/>
<opset="temp2/3 "/>
</bind>
</comp>

<comp id="120" class="1004" name="temp_addr_5_gep_fu_120">
<pin_list>
<pin id="121" dir="0" index="0" bw="8" slack="2147483647"/>
<pin id="122" dir="0" index="1" bw="1" slack="0"/>
<pin id="123" dir="0" index="2" bw="5" slack="1"/>
<pin id="124" dir="1" index="3" bw="7" slack="0"/>
</pin_list>
<bind>
<opcode="getelementptr(29) " fcode="getelementptr"/>
<opset="temp_addr_5/4 "/>
</bind>
</comp>

<comp id="127" class="1004" name="temp_addr_gep_fu_127">
<pin_list>
<pin id="128" dir="0" index="0" bw="8" slack="2147483647"/>
<pin id="129" dir="0" index="1" bw="1" slack="0"/>
<pin id="130" dir="0" index="2" bw="4" slack="0"/>
<pin id="131" dir="1" index="3" bw="7" slack="0"/>
</pin_list>
<bind>
<opcode="getelementptr(29) " fcode="getelementptr"/>
<opset="temp_addr/4 "/>
</bind>
</comp>

<comp id="138" class="1004" name="temp_addr_6_gep_fu_138">
<pin_list>
<pin id="139" dir="0" index="0" bw="8" slack="2147483647"/>
<pin id="140" dir="0" index="1" bw="1" slack="0"/>
<pin id="141" dir="0" index="2" bw="4" slack="0"/>
<pin id="142" dir="1" index="3" bw="7" slack="0"/>
</pin_list>
<bind>
<opcode="getelementptr(29) " fcode="getelementptr"/>
<opset="temp_addr_6/5 "/>
</bind>
</comp>

<comp id="145" class="1004" name="temp_addr_7_gep_fu_145">
<pin_list>
<pin id="146" dir="0" index="0" bw="8" slack="2147483647"/>
<pin id="147" dir="0" index="1" bw="1" slack="0"/>
<pin id="148" dir="0" index="2" bw="4" slack="0"/>
<pin id="149" dir="1" index="3" bw="7" slack="0"/>
</pin_list>
<bind>
<opcode="getelementptr(29) " fcode="getelementptr"/>
<opset="temp_addr_7/5 "/>
</bind>
</comp>

<comp id="152" class="1005" name="phi_ln34_reg_152">
<pin_list>
<pin id="153" dir="0" index="0" bw="7" slack="1"/>
<pin id="154" dir="1" index="1" bw="7" slack="1"/>
</pin_list>
<bind>
<opset="phi_ln34 (phireg) "/>
</bind>
</comp>

<comp id="156" class="1004" name="phi_ln34_phi_fu_156">
<pin_list>
<pin id="157" dir="0" index="0" bw="1" slack="1"/>
<pin id="158" dir="0" index="1" bw="0" slack="2147483647"/>
<pin id="159" dir="0" index="2" bw="7" slack="0"/>
<pin id="160" dir="0" index="3" bw="0" slack="2147483647"/>
<pin id="161" dir="1" index="4" bw="7" slack="0"/>
</pin_list>
<bind>
<opcode="phi(47) " fcode="phi"/>
<opset="phi_ln34/2 "/>
</bind>
</comp>

<comp id="163" class="1005" name="loop_0_reg_163">
<pin_list>
<pin id="164" dir="0" index="0" bw="5" slack="1"/>
<pin id="165" dir="1" index="1" bw="5" slack="1"/>
</pin_list>
<bind>
<opset="loop_0 (phireg) "/>
</bind>
</comp>

<comp id="167" class="1004" name="loop_0_phi_fu_167">
<pin_list>
<pin id="168" dir="0" index="0" bw="5" slack="0"/>
<pin id="169" dir="0" index="1" bw="0" slack="2147483647"/>
<pin id="170" dir="0" index="2" bw="1" slack="1"/>
<pin id="171" dir="0" index="3" bw="0" slack="2147483647"/>
<pin id="172" dir="1" index="4" bw="5" slack="0"/>
</pin_list>
<bind>
<opcode="phi(47) " fcode="phi"/>
<opset="loop_0/3 "/>
</bind>
</comp>

<comp id="174" class="1004" name="grp_KeccakWidth1600_Spon_9_fu_174">
<pin_list>
<pin id="175" dir="0" index="0" bw="32" slack="0"/>
<pin id="176" dir="0" index="1" bw="8" slack="0"/>
<pin id="177" dir="0" index="2" bw="32" slack="2"/>
<pin id="178" dir="0" index="3" bw="8" slack="2147483647"/>
<pin id="179" dir="0" index="4" bw="6" slack="0"/>
<pin id="180" dir="0" index="5" bw="64" slack="0"/>
<pin id="181" dir="1" index="6" bw="32" slack="2147483647"/>
</pin_list>
<bind>
<opcode="call(48) " fcode="call"/>
<opset="instance_sponge_byte/3 "/>
</bind>
</comp>

<comp id="186" class="1004" name="add_ln34_fu_186">
<pin_list>
<pin id="187" dir="0" index="0" bw="7" slack="0"/>
<pin id="188" dir="0" index="1" bw="1" slack="0"/>
<pin id="189" dir="1" index="2" bw="7" slack="0"/>
</pin_list>
<bind>
<opcode="add(8) " fcode="add"/>
<opset="add_ln34/2 "/>
</bind>
</comp>

<comp id="192" class="1004" name="zext_ln34_fu_192">
<pin_list>
<pin id="193" dir="0" index="0" bw="7" slack="0"/>
<pin id="194" dir="1" index="1" bw="64" slack="0"/>
</pin_list>
<bind>
<opcode="zext(34) " fcode="zext"/>
<opset="zext_ln34/2 "/>
</bind>
</comp>

<comp id="197" class="1004" name="icmp_ln34_fu_197">
<pin_list>
<pin id="198" dir="0" index="0" bw="7" slack="0"/>
<pin id="199" dir="0" index="1" bw="7" slack="0"/>
<pin id="200" dir="1" index="2" bw="1" slack="2147483647"/>
</pin_list>
<bind>
<opcode="icmp(45) " fcode="icmp"/>
<opset="icmp_ln34/2 "/>
</bind>
</comp>

<comp id="203" class="1004" name="zext_ln37_fu_203">
<pin_list>
<pin id="204" dir="0" index="0" bw="5" slack="0"/>
<pin id="205" dir="1" index="1" bw="64" slack="1"/>
</pin_list>
<bind>
<opcode="zext(34) " fcode="zext"/>
<opset="zext_ln37/3 "/>
</bind>
</comp>

<comp id="207" class="1004" name="tmp_52_fu_207">
<pin_list>
<pin id="208" dir="0" index="0" bw="1" slack="0"/>
<pin id="209" dir="0" index="1" bw="5" slack="0"/>
<pin id="210" dir="0" index="2" bw="4" slack="0"/>
<pin id="211" dir="1" index="3" bw="1" slack="2147483647"/>
</pin_list>
<bind>
<opcode="bitselect(1000) " fcode="bitselect"/>
<opset="tmp_52/3 "/>
</bind>
</comp>

<comp id="215" class="1004" name="trunc_ln_fu_215">
<pin_list>
<pin id="216" dir="0" index="0" bw="2" slack="0"/>
<pin id="217" dir="0" index="1" bw="5" slack="0"/>
<pin id="218" dir="0" index="2" bw="3" slack="0"/>
<pin id="219" dir="0" index="3" bw="3" slack="0"/>
<pin id="220" dir="1" index="4" bw="2" slack="0"/>
</pin_list>
<bind>
<opcode="partselect(1002) " fcode="partselect"/>
<opset="trunc_ln/3 "/>
</bind>
</comp>

<comp id="225" class="1004" name="tmp_fu_225">
<pin_list>
<pin id="226" dir="0" index="0" bw="10" slack="0"/>
<pin id="227" dir="0" index="1" bw="8" slack="2"/>
<pin id="228" dir="0" index="2" bw="2" slack="0"/>
<pin id="229" dir="1" index="3" bw="10" slack="0"/>
</pin_list>
<bind>
<opcode="bitconcatenate(1004) " fcode="bitconcatenate"/>
<opset="tmp/3 "/>
</bind>
</comp>

<comp id="232" class="1004" name="zext_ln38_fu_232">
<pin_list>
<pin id="233" dir="0" index="0" bw="10" slack="0"/>
<pin id="234" dir="1" index="1" bw="64" slack="0"/>
</pin_list>
<bind>
<opcode="zext(34) " fcode="zext"/>
<opset="zext_ln38/3 "/>
</bind>
</comp>

<comp id="237" class="1004" name="trunc_ln37_fu_237">
<pin_list>
<pin id="238" dir="0" index="0" bw="5" slack="0"/>
<pin id="239" dir="1" index="1" bw="4" slack="1"/>
</pin_list>
<bind>
<opcode="trunc(33) " fcode="trunc"/>
<opset="trunc_ln37/3 "/>
</bind>
</comp>

<comp id="241" class="1004" name="loop_fu_241">
<pin_list>
<pin id="242" dir="0" index="0" bw="4" slack="0"/>
<pin id="243" dir="0" index="1" bw="5" slack="0"/>
<pin id="244" dir="1" index="2" bw="5" slack="0"/>
</pin_list>
<bind>
<opcode="add(8) " fcode="add"/>
<opset="loop/3 "/>
</bind>
</comp>

<comp id="247" class="1004" name="trunc_ln39_fu_247">
<pin_list>
<pin id="248" dir="0" index="0" bw="32" slack="0"/>
<pin id="249" dir="1" index="1" bw="8" slack="0"/>
</pin_list>
<bind>
<opcode="trunc(33) " fcode="trunc"/>
<opset="trunc_ln39/4 "/>
</bind>
</comp>

<comp id="252" class="1004" name="trunc_ln1_fu_252">
<pin_list>
<pin id="253" dir="0" index="0" bw="8" slack="0"/>
<pin id="254" dir="0" index="1" bw="32" slack="0"/>
<pin id="255" dir="0" index="2" bw="5" slack="0"/>
<pin id="256" dir="0" index="3" bw="5" slack="0"/>
<pin id="257" dir="1" index="4" bw="8" slack="0"/>
</pin_list>
<bind>
<opcode="partselect(1002) " fcode="partselect"/>
<opset="trunc_ln1/4 "/>
</bind>
</comp>

<comp id="263" class="1004" name="or_ln41_fu_263">
<pin_list>
<pin id="264" dir="0" index="0" bw="4" slack="1"/>
<pin id="265" dir="0" index="1" bw="1" slack="0"/>
<pin id="266" dir="1" index="2" bw="4" slack="0"/>
</pin_list>
<bind>
<opcode="or(24) " fcode="or"/>
<opset="or_ln41/4 "/>
</bind>
</comp>

<comp id="268" class="1004" name="zext_ln41_fu_268">
<pin_list>
<pin id="269" dir="0" index="0" bw="4" slack="0"/>
<pin id="270" dir="1" index="1" bw="64" slack="0"/>
</pin_list>
<bind>
<opcode="zext(34) " fcode="zext"/>
<opset="zext_ln41/4 "/>
</bind>
</comp>

<comp id="273" class="1004" name="trunc_ln2_fu_273">
<pin_list>
<pin id="274" dir="0" index="0" bw="8" slack="0"/>
<pin id="275" dir="0" index="1" bw="32" slack="0"/>
<pin id="276" dir="0" index="2" bw="6" slack="0"/>
<pin id="277" dir="0" index="3" bw="6" slack="0"/>
<pin id="278" dir="1" index="4" bw="8" slack="1"/>
</pin_list>
<bind>
<opcode="partselect(1002) " fcode="partselect"/>
<opset="trunc_ln2/4 "/>
</bind>
</comp>

<comp id="283" class="1004" name="trunc_ln3_fu_283">
<pin_list>
<pin id="284" dir="0" index="0" bw="8" slack="0"/>
<pin id="285" dir="0" index="1" bw="32" slack="0"/>
<pin id="286" dir="0" index="2" bw="6" slack="0"/>
<pin id="287" dir="0" index="3" bw="6" slack="0"/>
<pin id="288" dir="1" index="4" bw="8" slack="1"/>
</pin_list>
<bind>
<opcode="partselect(1002) " fcode="partselect"/>
<opset="trunc_ln3/4 "/>
</bind>
</comp>

<comp id="293" class="1004" name="or_ln43_fu_293">
<pin_list>
<pin id="294" dir="0" index="0" bw="4" slack="2"/>
<pin id="295" dir="0" index="1" bw="3" slack="0"/>
<pin id="296" dir="1" index="2" bw="4" slack="0"/>
</pin_list>
<bind>
<opcode="or(24) " fcode="or"/>
<opset="or_ln43/5 "/>
</bind>
</comp>

<comp id="298" class="1004" name="zext_ln43_fu_298">
<pin_list>
<pin id="299" dir="0" index="0" bw="4" slack="0"/>
<pin id="300" dir="1" index="1" bw="64" slack="0"/>
</pin_list>
<bind>
<opcode="zext(34) " fcode="zext"/>
<opset="zext_ln43/5 "/>
</bind>
</comp>

<comp id="303" class="1004" name="or_ln45_fu_303">
<pin_list>
<pin id="304" dir="0" index="0" bw="4" slack="2"/>
<pin id="305" dir="0" index="1" bw="3" slack="0"/>
<pin id="306" dir="1" index="2" bw="4" slack="0"/>
</pin_list>
<bind>
<opcode="or(24) " fcode="or"/>
<opset="or_ln45/5 "/>
</bind>
</comp>

<comp id="308" class="1004" name="zext_ln45_fu_308">
<pin_list>
<pin id="309" dir="0" index="0" bw="4" slack="0"/>
<pin id="310" dir="1" index="1" bw="64" slack="0"/>
</pin_list>
<bind>
<opcode="zext(34) " fcode="zext"/>
<opset="zext_ln45/5 "/>
</bind>
</comp>

<comp id="313" class="1005" name="data_offset_read_reg_313">
<pin_list>
<pin id="314" dir="0" index="0" bw="8" slack="2"/>
<pin id="315" dir="1" index="1" bw="8" slack="2"/>
</pin_list>
<bind>
<opset="data_offset_read "/>
</bind>
</comp>

<comp id="318" class="1005" name="ctx_sponge_byteIOInd_46_reg_318">
<pin_list>
<pin id="319" dir="0" index="0" bw="32" slack="2"/>
<pin id="320" dir="1" index="1" bw="32" slack="2"/>
</pin_list>
<bind>
<opset="ctx_sponge_byteIOInd_46 "/>
</bind>
</comp>

<comp id="323" class="1005" name="add_ln34_reg_323">
<pin_list>
<pin id="324" dir="0" index="0" bw="7" slack="0"/>
<pin id="325" dir="1" index="1" bw="7" slack="0"/>
</pin_list>
<bind>
<opset="add_ln34 "/>
</bind>
</comp>

<comp id="331" class="1005" name="zext_ln37_reg_331">
<pin_list>
<pin id="332" dir="0" index="0" bw="64" slack="1"/>
<pin id="333" dir="1" index="1" bw="64" slack="1"/>
</pin_list>
<bind>
<opset="zext_ln37 "/>
</bind>
</comp>

<comp id="339" class="1005" name="data_addr11_reg_339">
<pin_list>
<pin id="340" dir="0" index="0" bw="10" slack="1"/>
<pin id="341" dir="1" index="1" bw="10" slack="1"/>
</pin_list>
<bind>
<opset="data_addr11 "/>
</bind>
</comp>

<comp id="344" class="1005" name="trunc_ln37_reg_344">
<pin_list>
<pin id="345" dir="0" index="0" bw="4" slack="1"/>
<pin id="346" dir="1" index="1" bw="4" slack="1"/>
</pin_list>
<bind>
<opset="trunc_ln37 "/>
</bind>
</comp>

<comp id="351" class="1005" name="loop_reg_351">
<pin_list>
<pin id="352" dir="0" index="0" bw="5" slack="0"/>
<pin id="353" dir="1" index="1" bw="5" slack="0"/>
</pin_list>
<bind>
<opset="loop "/>
</bind>
</comp>

<comp id="356" class="1005" name="trunc_ln2_reg_356">
<pin_list>
<pin id="357" dir="0" index="0" bw="8" slack="1"/>
<pin id="358" dir="1" index="1" bw="8" slack="1"/>
</pin_list>
<bind>
<opset="trunc_ln2 "/>
</bind>
</comp>

<comp id="361" class="1005" name="trunc_ln3_reg_361">
<pin_list>
<pin id="362" dir="0" index="0" bw="8" slack="1"/>
<pin id="363" dir="1" index="1" bw="8" slack="1"/>
</pin_list>
<bind>
<opset="trunc_ln3 "/>
</bind>
</comp>

</comp_list>

<net_list>
<net id="81"><net_src comp="16" pin="0"/><net_sink comp="78" pin=0"/></net>

<net id="86"><net_src comp="12" pin="0"/><net_sink comp="82" pin=0"/></net>

<net id="87"><net_src comp="6" pin="0"/><net_sink comp="82" pin=1"/></net>

<net id="92"><net_src comp="14" pin="0"/><net_sink comp="88" pin=0"/></net>

<net id="93"><net_src comp="2" pin="0"/><net_sink comp="88" pin=1"/></net>

<net id="99"><net_src comp="22" pin="0"/><net_sink comp="94" pin=1"/></net>

<net id="105"><net_src comp="24" pin="0"/><net_sink comp="100" pin=1"/></net>

<net id="106"><net_src comp="94" pin="3"/><net_sink comp="100" pin=0"/></net>

<net id="112"><net_src comp="4" pin="0"/><net_sink comp="107" pin=0"/></net>

<net id="113"><net_src comp="22" pin="0"/><net_sink comp="107" pin=1"/></net>

<net id="119"><net_src comp="107" pin="3"/><net_sink comp="114" pin=0"/></net>

<net id="125"><net_src comp="22" pin="0"/><net_sink comp="120" pin=1"/></net>

<net id="126"><net_src comp="120" pin="3"/><net_sink comp="100" pin=0"/></net>

<net id="132"><net_src comp="22" pin="0"/><net_sink comp="127" pin=1"/></net>

<net id="137"><net_src comp="127" pin="3"/><net_sink comp="100" pin=2"/></net>

<net id="143"><net_src comp="22" pin="0"/><net_sink comp="138" pin=1"/></net>

<net id="144"><net_src comp="138" pin="3"/><net_sink comp="100" pin=2"/></net>

<net id="150"><net_src comp="22" pin="0"/><net_sink comp="145" pin=1"/></net>

<net id="151"><net_src comp="145" pin="3"/><net_sink comp="100" pin=0"/></net>

<net id="155"><net_src comp="18" pin="0"/><net_sink comp="152" pin=0"/></net>

<net id="162"><net_src comp="152" pin="1"/><net_sink comp="156" pin=0"/></net>

<net id="166"><net_src comp="36" pin="0"/><net_sink comp="163" pin=0"/></net>

<net id="173"><net_src comp="163" pin="1"/><net_sink comp="167" pin=2"/></net>

<net id="182"><net_src comp="54" pin="0"/><net_sink comp="174" pin=0"/></net>

<net id="183"><net_src comp="0" pin="0"/><net_sink comp="174" pin=1"/></net>

<net id="184"><net_src comp="8" pin="0"/><net_sink comp="174" pin=4"/></net>

<net id="185"><net_src comp="10" pin="0"/><net_sink comp="174" pin=5"/></net>

<net id="190"><net_src comp="156" pin="4"/><net_sink comp="186" pin=0"/></net>

<net id="191"><net_src comp="20" pin="0"/><net_sink comp="186" pin=1"/></net>

<net id="195"><net_src comp="156" pin="4"/><net_sink comp="192" pin=0"/></net>

<net id="196"><net_src comp="192" pin="1"/><net_sink comp="94" pin=2"/></net>

<net id="201"><net_src comp="156" pin="4"/><net_sink comp="197" pin=0"/></net>

<net id="202"><net_src comp="26" pin="0"/><net_sink comp="197" pin=1"/></net>

<net id="206"><net_src comp="167" pin="4"/><net_sink comp="203" pin=0"/></net>

<net id="212"><net_src comp="38" pin="0"/><net_sink comp="207" pin=0"/></net>

<net id="213"><net_src comp="167" pin="4"/><net_sink comp="207" pin=1"/></net>

<net id="214"><net_src comp="40" pin="0"/><net_sink comp="207" pin=2"/></net>

<net id="221"><net_src comp="44" pin="0"/><net_sink comp="215" pin=0"/></net>

<net id="222"><net_src comp="167" pin="4"/><net_sink comp="215" pin=1"/></net>

<net id="223"><net_src comp="46" pin="0"/><net_sink comp="215" pin=2"/></net>

<net id="224"><net_src comp="48" pin="0"/><net_sink comp="215" pin=3"/></net>

<net id="230"><net_src comp="50" pin="0"/><net_sink comp="225" pin=0"/></net>

<net id="231"><net_src comp="215" pin="4"/><net_sink comp="225" pin=2"/></net>

<net id="235"><net_src comp="225" pin="3"/><net_sink comp="232" pin=0"/></net>

<net id="236"><net_src comp="232" pin="1"/><net_sink comp="107" pin=2"/></net>

<net id="240"><net_src comp="167" pin="4"/><net_sink comp="237" pin=0"/></net>

<net id="245"><net_src comp="52" pin="0"/><net_sink comp="241" pin=0"/></net>

<net id="246"><net_src comp="167" pin="4"/><net_sink comp="241" pin=1"/></net>

<net id="250"><net_src comp="114" pin="3"/><net_sink comp="247" pin=0"/></net>

<net id="251"><net_src comp="247" pin="1"/><net_sink comp="100" pin=1"/></net>

<net id="258"><net_src comp="56" pin="0"/><net_sink comp="252" pin=0"/></net>

<net id="259"><net_src comp="114" pin="3"/><net_sink comp="252" pin=1"/></net>

<net id="260"><net_src comp="58" pin="0"/><net_sink comp="252" pin=2"/></net>

<net id="261"><net_src comp="60" pin="0"/><net_sink comp="252" pin=3"/></net>

<net id="262"><net_src comp="252" pin="4"/><net_sink comp="100" pin=4"/></net>

<net id="267"><net_src comp="62" pin="0"/><net_sink comp="263" pin=1"/></net>

<net id="271"><net_src comp="263" pin="2"/><net_sink comp="268" pin=0"/></net>

<net id="272"><net_src comp="268" pin="1"/><net_sink comp="127" pin=2"/></net>

<net id="279"><net_src comp="56" pin="0"/><net_sink comp="273" pin=0"/></net>

<net id="280"><net_src comp="114" pin="3"/><net_sink comp="273" pin=1"/></net>

<net id="281"><net_src comp="64" pin="0"/><net_sink comp="273" pin=2"/></net>

<net id="282"><net_src comp="66" pin="0"/><net_sink comp="273" pin=3"/></net>

<net id="289"><net_src comp="56" pin="0"/><net_sink comp="283" pin=0"/></net>

<net id="290"><net_src comp="114" pin="3"/><net_sink comp="283" pin=1"/></net>

<net id="291"><net_src comp="68" pin="0"/><net_sink comp="283" pin=2"/></net>

<net id="292"><net_src comp="70" pin="0"/><net_sink comp="283" pin=3"/></net>

<net id="297"><net_src comp="74" pin="0"/><net_sink comp="293" pin=1"/></net>

<net id="301"><net_src comp="293" pin="2"/><net_sink comp="298" pin=0"/></net>

<net id="302"><net_src comp="298" pin="1"/><net_sink comp="138" pin=2"/></net>

<net id="307"><net_src comp="76" pin="0"/><net_sink comp="303" pin=1"/></net>

<net id="311"><net_src comp="303" pin="2"/><net_sink comp="308" pin=0"/></net>

<net id="312"><net_src comp="308" pin="1"/><net_sink comp="145" pin=2"/></net>

<net id="316"><net_src comp="82" pin="2"/><net_sink comp="313" pin=0"/></net>

<net id="317"><net_src comp="313" pin="1"/><net_sink comp="225" pin=1"/></net>

<net id="321"><net_src comp="88" pin="2"/><net_sink comp="318" pin=0"/></net>

<net id="322"><net_src comp="318" pin="1"/><net_sink comp="174" pin=2"/></net>

<net id="326"><net_src comp="186" pin="2"/><net_sink comp="323" pin=0"/></net>

<net id="327"><net_src comp="323" pin="1"/><net_sink comp="156" pin=2"/></net>

<net id="334"><net_src comp="203" pin="1"/><net_sink comp="331" pin=0"/></net>

<net id="335"><net_src comp="331" pin="1"/><net_sink comp="120" pin=2"/></net>

<net id="342"><net_src comp="107" pin="3"/><net_sink comp="339" pin=0"/></net>

<net id="343"><net_src comp="339" pin="1"/><net_sink comp="114" pin=0"/></net>

<net id="347"><net_src comp="237" pin="1"/><net_sink comp="344" pin=0"/></net>

<net id="348"><net_src comp="344" pin="1"/><net_sink comp="263" pin=0"/></net>

<net id="349"><net_src comp="344" pin="1"/><net_sink comp="293" pin=0"/></net>

<net id="350"><net_src comp="344" pin="1"/><net_sink comp="303" pin=0"/></net>

<net id="354"><net_src comp="241" pin="2"/><net_sink comp="351" pin=0"/></net>

<net id="355"><net_src comp="351" pin="1"/><net_sink comp="167" pin=0"/></net>

<net id="359"><net_src comp="273" pin="4"/><net_sink comp="356" pin=0"/></net>

<net id="360"><net_src comp="356" pin="1"/><net_sink comp="100" pin=4"/></net>

<net id="364"><net_src comp="283" pin="4"/><net_sink comp="361" pin=0"/></net>

<net id="365"><net_src comp="361" pin="1"/><net_sink comp="100" pin=1"/></net>

</net_list>

</model> 
---------------- Datapath Model END ------------------

* FSMD analyzer results:
  - Output states:
	Port: ctx_sponge_state | {3 6 }
 - Input state : 
	Port: HashUpdate_2.1 : ctx_sponge_state | {3 6 }
	Port: HashUpdate_2.1 : ctx_sponge_byteIOInd | {1 }
	Port: HashUpdate_2.1 : data | {3 4 }
	Port: HashUpdate_2.1 : data_offset | {1 }
	Port: HashUpdate_2.1 : KeccakRhoOffsets | {3 6 }
	Port: HashUpdate_2.1 : KeccakRoundConstants | {3 6 }
  - Chain level:
	State 1
	State 2
		add_ln34 : 1
		zext_ln34 : 1
		temp_addr_4 : 2
		store_ln34 : 3
		icmp_ln34 : 1
		br_ln34 : 2
	State 3
		zext_ln37 : 1
		tmp_52 : 1
		br_ln37 : 2
		trunc_ln : 1
		tmp : 2
		zext_ln38 : 3
		data_addr11 : 4
		temp2 : 5
		trunc_ln37 : 1
		loop : 1
	State 4
		trunc_ln39 : 1
		store_ln39 : 2
		trunc_ln1 : 1
		temp_addr : 1
		store_ln41 : 2
		trunc_ln2 : 1
		trunc_ln3 : 1
	State 5
		temp_addr_6 : 1
		store_ln43 : 2
		temp_addr_7 : 1
		store_ln45 : 2
	State 6
		ret_ln53 : 1


============================================================
+ Verbose Summary: Datapath Resource usage 
============================================================

* Functional unit list:
|----------|------------------------------------|---------|---------|---------|---------|---------|
| Operation|           Functional Unit          |   BRAM  |  Delay  |    FF   |   LUT   |   URAM  |
|----------|------------------------------------|---------|---------|---------|---------|---------|
|   call   |  grp_KeccakWidth1600_Spon_9_fu_174 |    6    |  39.835 |   1960  |   3297  |    0    |
|----------|------------------------------------|---------|---------|---------|---------|---------|
|    add   |           add_ln34_fu_186          |    0    |    0    |    0    |    15   |    0    |
|          |             loop_fu_241            |    0    |    0    |    0    |    15   |    0    |
|----------|------------------------------------|---------|---------|---------|---------|---------|
|   icmp   |          icmp_ln34_fu_197          |    0    |    0    |    0    |    11   |    0    |
|----------|------------------------------------|---------|---------|---------|---------|---------|
|   read   |     data_offset_read_read_fu_82    |    0    |    0    |    0    |    0    |    0    |
|          | ctx_sponge_byteIOInd_46_read_fu_88 |    0    |    0    |    0    |    0    |    0    |
|----------|------------------------------------|---------|---------|---------|---------|---------|
|          |          zext_ln34_fu_192          |    0    |    0    |    0    |    0    |    0    |
|          |          zext_ln37_fu_203          |    0    |    0    |    0    |    0    |    0    |
|   zext   |          zext_ln38_fu_232          |    0    |    0    |    0    |    0    |    0    |
|          |          zext_ln41_fu_268          |    0    |    0    |    0    |    0    |    0    |
|          |          zext_ln43_fu_298          |    0    |    0    |    0    |    0    |    0    |
|          |          zext_ln45_fu_308          |    0    |    0    |    0    |    0    |    0    |
|----------|------------------------------------|---------|---------|---------|---------|---------|
| bitselect|            tmp_52_fu_207           |    0    |    0    |    0    |    0    |    0    |
|----------|------------------------------------|---------|---------|---------|---------|---------|
|          |           trunc_ln_fu_215          |    0    |    0    |    0    |    0    |    0    |
|partselect|          trunc_ln1_fu_252          |    0    |    0    |    0    |    0    |    0    |
|          |          trunc_ln2_fu_273          |    0    |    0    |    0    |    0    |    0    |
|          |          trunc_ln3_fu_283          |    0    |    0    |    0    |    0    |    0    |
|----------|------------------------------------|---------|---------|---------|---------|---------|
|bitconcatenate|             tmp_fu_225             |    0    |    0    |    0    |    0    |    0    |
|----------|------------------------------------|---------|---------|---------|---------|---------|
|   trunc  |          trunc_ln37_fu_237         |    0    |    0    |    0    |    0    |    0    |
|          |          trunc_ln39_fu_247         |    0    |    0    |    0    |    0    |    0    |
|----------|------------------------------------|---------|---------|---------|---------|---------|
|          |           or_ln41_fu_263           |    0    |    0    |    0    |    0    |    0    |
|    or    |           or_ln43_fu_293           |    0    |    0    |    0    |    0    |    0    |
|          |           or_ln45_fu_303           |    0    |    0    |    0    |    0    |    0    |
|----------|------------------------------------|---------|---------|---------|---------|---------|
|   Total  |                                    |    6    |  39.835 |   1960  |   3338  |    0    |
|----------|------------------------------------|---------|---------|---------|---------|---------|

Memories:
+----+--------+--------+--------+--------+
|    |  BRAM  |   FF   |   LUT  |  URAM  |
+----+--------+--------+--------+--------+
|temp|    1   |    0   |    0   |    0   |
+----+--------+--------+--------+--------+
|Total|    1   |    0   |    0   |    0   |
+----+--------+--------+--------+--------+

* Register list:
+-------------------------------+--------+
|                               |   FF   |
+-------------------------------+--------+
|        add_ln34_reg_323       |    7   |
|ctx_sponge_byteIOInd_46_reg_318|   32   |
|      data_addr11_reg_339      |   10   |
|    data_offset_read_reg_313   |    8   |
|         loop_0_reg_163        |    5   |
|          loop_reg_351         |    5   |
|        phi_ln34_reg_152       |    7   |
|       trunc_ln2_reg_356       |    8   |
|       trunc_ln37_reg_344      |    4   |
|       trunc_ln3_reg_361       |    8   |
|       zext_ln37_reg_331       |   64   |
+-------------------------------+--------+
|             Total             |   158  |
+-------------------------------+--------+

* Multiplexer (MUX) list: 
|-------------------|------|------|------|--------||---------||---------|
|        Comp       |  Pin | Size |  BW  | S x BW ||  Delay  ||   LUT   |
|-------------------|------|------|------|--------||---------||---------|
| grp_access_fu_100 |  p0  |   3  |   7  |   21   ||    15   |
| grp_access_fu_100 |  p1  |   3  |   8  |   24   ||    15   |
| grp_access_fu_100 |  p2  |   2  |   0  |    0   ||    9    |
| grp_access_fu_100 |  p4  |   2  |   7  |   14   ||    9    |
| grp_access_fu_114 |  p0  |   2  |  10  |   20   ||    9    |
|-------------------|------|------|------|--------||---------||---------|
|       Total       |      |      |      |   79   ||  6.9535 ||    57   |
|-------------------|------|------|------|--------||---------||---------|



* Summary:
+-----------+--------+--------+--------+--------+--------+
|           |  BRAM  |  Delay |   FF   |   LUT  |  URAM  |
+-----------+--------+--------+--------+--------+--------+
|  Function |    6   |   39   |  1960  |  3338  |    0   |
|   Memory  |    1   |    -   |    0   |    0   |    0   |
|Multiplexer|    -   |    6   |    -   |   57   |    -   |
|  Register |    -   |    -   |   158  |    -   |    -   |
+-----------+--------+--------+--------+--------+--------+
|   Total   |    7   |   46   |  2118  |  3395  |    0   |
+-----------+--------+--------+--------+--------+--------+
