

================================================================
== Vivado HLS Report for 'HashInit'
================================================================
* Date:           Thu May  7 18:01:26 2020

* Version:        2019.2 (Build 2704478 on Wed Nov 06 22:10:23 MST 2019)
* Project:        picnic1
* Solution:       sing_open
* Product family: artix7
* Target device:  xc7a200t-fbg676-2


================================================================
== Performance Estimates
================================================================
+ Timing: 
    * Summary: 
    +--------+----------+----------+------------+
    |  Clock |  Target  | Estimated| Uncertainty|
    +--------+----------+----------+------------+
    |ap_clk  | 10.00 ns | 8.579 ns |   1.25 ns  |
    +--------+----------+----------+------------+

+ Latency: 
    * Summary: 
    +---------+---------+----------+----------+-----+-----+---------+
    |  Latency (cycles) |  Latency (absolute) |  Interval | Pipeline|
    |   min   |   max   |    min   |    max   | min | max |   Type  |
    +---------+---------+----------+----------+-----+-----+---------+
    |        ?|        ?|         ?|         ?|    ?|    ?|   none  |
    +---------+---------+----------+----------+-----+-----+---------+

    + Detail: 
        * Instance: 
        +-----------------------------------+-------------------------+---------+---------+----------+----------+-----+-----+---------+
        |                                   |                         |  Latency (cycles) |  Latency (absolute) |  Interval | Pipeline|
        |              Instance             |          Module         |   min   |   max   |    min   |    max   | min | max |   Type  |
        +-----------------------------------+-------------------------+---------+---------+----------+----------+-----+-----+---------+
        |grp_KeccakWidth1600_Spon_12_fu_74  |KeccakWidth1600_Spon_12  |        ?|        ?|         ?|         ?|    ?|    ?|   none  |
        +-----------------------------------+-------------------------+---------+---------+----------+----------+-----+-----+---------+

        * Loop: 
        +---------------------------------+---------+---------+----------+-----------+-----------+------+----------+
        |                                 |  Latency (cycles) | Iteration|  Initiation Interval  | Trip |          |
        |            Loop Name            |   min   |   max   |  Latency |  achieved |   target  | Count| Pipelined|
        +---------------------------------+---------+---------+----------+-----------+-----------+------+----------+
        |- KeccakP1600_Initialize_label0  |      200|      200|         1|          -|          -|   200|    no    |
        +---------------------------------+---------+---------+----------+-----------+-----------+------+----------+



================================================================
== Utilization Estimates
================================================================
* Summary: 
+-----------------+---------+-------+--------+--------+-----+
|       Name      | BRAM_18K| DSP48E|   FF   |   LUT  | URAM|
+-----------------+---------+-------+--------+--------+-----+
|DSP              |        -|      -|       -|       -|    -|
|Expression       |        -|      -|       0|      37|    -|
|FIFO             |        -|      -|       -|       -|    -|
|Instance         |        8|      -|    1150|    3511|    0|
|Memory           |        -|      -|       -|       -|    -|
|Multiplexer      |        -|      -|       -|     117|    -|
|Register         |        -|      -|      77|       -|    -|
+-----------------+---------+-------+--------+--------+-----+
|Total            |        8|      0|    1227|    3665|    0|
+-----------------+---------+-------+--------+--------+-----+
|Available        |      730|    740|  269200|  134600|    0|
+-----------------+---------+-------+--------+--------+-----+
|Utilization (%)  |        1|      0|   ~0   |       2|    0|
+-----------------+---------+-------+--------+--------+-----+

+ Detail: 
    * Instance: 
    +-----------------------------------+-------------------------+---------+-------+------+------+-----+
    |              Instance             |          Module         | BRAM_18K| DSP48E|  FF  |  LUT | URAM|
    +-----------------------------------+-------------------------+---------+-------+------+------+-----+
    |grp_KeccakWidth1600_Spon_12_fu_74  |KeccakWidth1600_Spon_12  |        8|      0|  1150|  3511|    0|
    +-----------------------------------+-------------------------+---------+-------+------+------+-----+
    |Total                              |                         |        8|      0|  1150|  3511|    0|
    +-----------------------------------+-------------------------+---------+-------+------+------+-----+

    * DSP48E: 
    N/A

    * Memory: 
    N/A

    * FIFO: 
    N/A

    * Expression: 
    +---------------------------------+----------+-------+---+----+------------+------------+
    |          Variable Name          | Operation| DSP48E| FF| LUT| Bitwidth P0| Bitwidth P1|
    +---------------------------------+----------+-------+---+----+------------+------------+
    |loop_fu_92_p2                    |     +    |      0|  0|  15|           8|           1|
    |ap_block_state3_on_subcall_done  |    and   |      0|  0|   2|           1|           1|
    |icmp_ln139_fu_86_p2              |   icmp   |      0|  0|  11|           8|           7|
    |icmp_ln66_fu_103_p2              |   icmp   |      0|  0|   9|           4|           2|
    +---------------------------------+----------+-------+---+----+------------+------------+
    |Total                            |          |      0|  0|  37|          21|          11|
    +---------------------------------+----------+-------+---+----+------------+------------+

    * Multiplexer: 
    +----------------------------------------------+----+-----------+-----+-----------+
    |                     Name                     | LUT| Input Size| Bits| Total Bits|
    +----------------------------------------------+----+-----------+-----+-----------+
    |ap_NS_fsm                                     |  21|          4|    1|          4|
    |ap_phi_mux_ctx_sponge_byteIOInd_phi_fu_67_p4  |   9|          2|   32|         64|
    |ap_return                                     |   9|          2|   32|         64|
    |ctx_sponge_byteIOInd_reg_63                   |   9|          2|   32|         64|
    |ctx_sponge_state_address0                     |  15|          3|    8|         24|
    |ctx_sponge_state_ce0                          |  15|          3|    1|          3|
    |ctx_sponge_state_d0                           |  15|          3|    8|         24|
    |ctx_sponge_state_we0                          |  15|          3|    1|          3|
    |loop_0_i_i_i_reg_52                           |   9|          2|    8|         16|
    +----------------------------------------------+----+-----------+-----+-----------+
    |Total                                         | 117|         24|  123|        266|
    +----------------------------------------------+----+-----------+-----+-----------+

    * Register: 
    +------------------------------------------------+----+----+-----+-----------+
    |                      Name                      | FF | LUT| Bits| Const Bits|
    +------------------------------------------------+----+----+-----+-----------+
    |ap_CS_fsm                                       |   3|   0|    3|          0|
    |ap_return_preg                                  |  32|   0|   32|          0|
    |ctx_sponge_byteIOInd_reg_63                     |  32|   0|   32|          0|
    |grp_KeccakWidth1600_Spon_12_fu_74_ap_start_reg  |   1|   0|    1|          0|
    |icmp_ln66_reg_122                               |   1|   0|    1|          0|
    |loop_0_i_i_i_reg_52                             |   8|   0|    8|          0|
    +------------------------------------------------+----+----+-----+-----------+
    |Total                                           |  77|   0|   77|          0|
    +------------------------------------------------+----+----+-----+-----------+



================================================================
== Interface
================================================================
* Summary: 
+---------------------------+-----+-----+------------+------------------+--------------+
|         RTL Ports         | Dir | Bits|  Protocol  |   Source Object  |    C Type    |
+---------------------------+-----+-----+------------+------------------+--------------+
|ap_clk                     |  in |    1| ap_ctrl_hs |     HashInit     | return value |
|ap_rst                     |  in |    1| ap_ctrl_hs |     HashInit     | return value |
|ap_start                   |  in |    1| ap_ctrl_hs |     HashInit     | return value |
|ap_done                    | out |    1| ap_ctrl_hs |     HashInit     | return value |
|ap_idle                    | out |    1| ap_ctrl_hs |     HashInit     | return value |
|ap_ready                   | out |    1| ap_ctrl_hs |     HashInit     | return value |
|ap_return                  | out |   32| ap_ctrl_hs |     HashInit     | return value |
|ctx_sponge_state_address0  | out |    8|  ap_memory | ctx_sponge_state |     array    |
|ctx_sponge_state_ce0       | out |    1|  ap_memory | ctx_sponge_state |     array    |
|ctx_sponge_state_we0       | out |    1|  ap_memory | ctx_sponge_state |     array    |
|ctx_sponge_state_d0        | out |    8|  ap_memory | ctx_sponge_state |     array    |
|ctx_sponge_state_q0        |  in |    8|  ap_memory | ctx_sponge_state |     array    |
|hashPrefix                 |  in |    4|   ap_none  |    hashPrefix    |    scalar    |
+---------------------------+-----+-----+------------+------------------+--------------+

============================================================
+ Verbose Summary: Synthesis Manager
============================================================
InlineROM: 1
ExposeGlobal: 1
============================================================
+ Verbose Summary: CDFG Model
============================================================
IsTopModel: 0
ResetActiveHigh: 1
IsCombinational: 2
IsDatapathOnly: 2
HasWiredReturn: 1
HasMFsm: 0
HasVarLatency: 1
IsPipeline: 0
IsRtlPipelined: 0
IsInstanceOverlapped: 0
IsDontTouch: 0
HasImplIP: 0
IsGatedGlobalClock: 0


============================================================
+ Verbose Summary: Schedule
============================================================
* Number of FSM states : 3
* Pipeline : 0
* Dataflow Pipeline: 0

* FSM state transitions: 
1 --> 2 
2 --> 2 3 
3 --> 

* FSM state operations: 

State 1 <SV = 0> <Delay = 1.35>
ST_1 : Operation 4 [1/1] (0.00ns)   --->   "%hashPrefix_read = call i4 @_ssdm_op_Read.ap_auto.i4(i4 %hashPrefix)" [hash.c:55]   --->   Operation 4 'read' 'hashPrefix_read' <Predicate = true> <Delay = 0.00>
ST_1 : Operation 5 [1/1] (1.35ns)   --->   "br label %.preheader.i"   --->   Operation 5 'br' <Predicate = true> <Delay = 1.35>

State 2 <SV = 1> <Delay = 2.77>
ST_2 : Operation 6 [1/1] (0.00ns)   --->   "%loop_0_i_i_i = phi i8 [ %loop, %1 ], [ 0, %0 ]"   --->   Operation 6 'phi' 'loop_0_i_i_i' <Predicate = true> <Delay = 0.00>
ST_2 : Operation 7 [1/1] (1.24ns)   --->   "%icmp_ln139 = icmp eq i8 %loop_0_i_i_i, -56" [sha3/KeccakP-1600-reference.c:139->sha3/KeccakSpongeWidth1600.c:171->sha3/KeccakHash.c:27->hash.c:60]   --->   Operation 7 'icmp' 'icmp_ln139' <Predicate = true> <Delay = 1.24> <Core = "Cmp">   --->   Core 25 'Cmp' <Latency = 0> <II = 1> <Delay = 1.21> <FuncUnit> <Opcode : 'icmp'> <InPorts = 2> <OutPorts = 1>
ST_2 : Operation 8 [1/1] (0.00ns)   --->   "%empty = call i32 (...)* @_ssdm_op_SpecLoopTripCount(i64 200, i64 200, i64 200)"   --->   Operation 8 'speclooptripcount' 'empty' <Predicate = true> <Delay = 0.00>
ST_2 : Operation 9 [1/1] (1.71ns)   --->   "%loop = add i8 %loop_0_i_i_i, 1" [sha3/KeccakP-1600-reference.c:139->sha3/KeccakSpongeWidth1600.c:171->sha3/KeccakHash.c:27->hash.c:60]   --->   Operation 9 'add' 'loop' <Predicate = true> <Delay = 1.71> <Core = "AddSub">   --->   Core 14 'AddSub' <Latency = 0> <II = 1> <Delay = 1.71> <FuncUnit> <Opcode : 'add' 'sub'> <InPorts = 2> <OutPorts = 1>
ST_2 : Operation 10 [1/1] (0.00ns)   --->   "br i1 %icmp_ln139, label %Keccak_HashInitialize.exit, label %1" [sha3/KeccakP-1600-reference.c:139->sha3/KeccakSpongeWidth1600.c:171->sha3/KeccakHash.c:27->hash.c:60]   --->   Operation 10 'br' <Predicate = true> <Delay = 0.00>
ST_2 : Operation 11 [1/1] (0.00ns)   --->   "call void (...)* @_ssdm_op_SpecLoopName([30 x i8]* @p_str126) nounwind" [sha3/KeccakP-1600-reference.c:140->sha3/KeccakSpongeWidth1600.c:171->sha3/KeccakHash.c:27->hash.c:60]   --->   Operation 11 'specloopname' <Predicate = (!icmp_ln139)> <Delay = 0.00>
ST_2 : Operation 12 [1/1] (0.00ns)   --->   "%zext_ln140 = zext i8 %loop_0_i_i_i to i64" [sha3/KeccakP-1600-reference.c:140->sha3/KeccakSpongeWidth1600.c:171->sha3/KeccakHash.c:27->hash.c:60]   --->   Operation 12 'zext' 'zext_ln140' <Predicate = (!icmp_ln139)> <Delay = 0.00>
ST_2 : Operation 13 [1/1] (0.00ns)   --->   "%ctx_sponge_state_add = getelementptr [200 x i8]* %ctx_sponge_state, i64 0, i64 %zext_ln140" [sha3/KeccakP-1600-reference.c:140->sha3/KeccakSpongeWidth1600.c:171->sha3/KeccakHash.c:27->hash.c:60]   --->   Operation 13 'getelementptr' 'ctx_sponge_state_add' <Predicate = (!icmp_ln139)> <Delay = 0.00>
ST_2 : Operation 14 [1/1] (2.77ns)   --->   "store i8 0, i8* %ctx_sponge_state_add, align 1" [sha3/KeccakP-1600-reference.c:140->sha3/KeccakSpongeWidth1600.c:171->sha3/KeccakHash.c:27->hash.c:60]   --->   Operation 14 'store' <Predicate = (!icmp_ln139)> <Delay = 2.77> <Core = "RAM">   --->   Core 37 'RAM' <Latency = 1> <II = 1> <Delay = 2.77> <Storage> <Opcode : 'load' 'store'> <Ports = 2> <Width = 64> <Depth = 25> <RAM>
ST_2 : Operation 15 [1/1] (0.00ns)   --->   "br label %.preheader.i" [sha3/KeccakP-1600-reference.c:139->sha3/KeccakSpongeWidth1600.c:171->sha3/KeccakHash.c:27->hash.c:60]   --->   Operation 15 'br' <Predicate = (!icmp_ln139)> <Delay = 0.00>
ST_2 : Operation 16 [1/1] (1.21ns)   --->   "%icmp_ln66 = icmp eq i4 %hashPrefix_read, -1" [hash.c:66]   --->   Operation 16 'icmp' 'icmp_ln66' <Predicate = (icmp_ln139)> <Delay = 1.21> <Core = "Cmp">   --->   Core 25 'Cmp' <Latency = 0> <II = 1> <Delay = 1.21> <FuncUnit> <Opcode : 'icmp'> <InPorts = 2> <OutPorts = 1>
ST_2 : Operation 17 [1/1] (1.35ns)   --->   "br i1 %icmp_ln66, label %._crit_edge, label %2" [hash.c:66]   --->   Operation 17 'br' <Predicate = (icmp_ln139)> <Delay = 1.35>
ST_2 : Operation 18 [2/2] (0.00ns)   --->   "%instance_sponge_byte = call fastcc i32 @KeccakWidth1600_Spon.12([200 x i8]* %ctx_sponge_state, i4 %hashPrefix_read)" [sha3/KeccakHash.c:41->hash.c:24->hash.c:67]   --->   Operation 18 'call' 'instance_sponge_byte' <Predicate = (icmp_ln139 & !icmp_ln66)> <Delay = 0.00> <CoreType = "Generic">   --->   Core 0 '' <Latency = 0> <II = 1> <Delay = 1.00> <Generic> <Opcode : >

State 3 <SV = 2> <Delay = 1.35>
ST_3 : Operation 19 [1/2] (0.00ns)   --->   "%instance_sponge_byte = call fastcc i32 @KeccakWidth1600_Spon.12([200 x i8]* %ctx_sponge_state, i4 %hashPrefix_read)" [sha3/KeccakHash.c:41->hash.c:24->hash.c:67]   --->   Operation 19 'call' 'instance_sponge_byte' <Predicate = (!icmp_ln66)> <Delay = 0.00> <CoreType = "Generic">   --->   Core 0 '' <Latency = 0> <II = 1> <Delay = 1.00> <Generic> <Opcode : >
ST_3 : Operation 20 [1/1] (1.35ns)   --->   "br label %._crit_edge" [hash.c:68]   --->   Operation 20 'br' <Predicate = (!icmp_ln66)> <Delay = 1.35>
ST_3 : Operation 21 [1/1] (0.00ns)   --->   "%ctx_sponge_byteIOInd = phi i32 [ 0, %Keccak_HashInitialize.exit ], [ %instance_sponge_byte, %2 ]" [sha3/KeccakHash.c:41->hash.c:24->hash.c:67]   --->   Operation 21 'phi' 'ctx_sponge_byteIOInd' <Predicate = true> <Delay = 0.00>
ST_3 : Operation 22 [1/1] (0.00ns)   --->   "ret i32 %ctx_sponge_byteIOInd" [sha3/KeccakHash.c:41->hash.c:24->hash.c:67]   --->   Operation 22 'ret' <Predicate = true> <Delay = 0.00>


============================================================
+ Verbose Summary: Binding
============================================================
STG Binding: 
---------------- STG Properties BEGIN ----------------
- Is combinational: 0
- Is one-state seq: 0
- Is datapath-only: 0
- Is pipelined: 0
- Is top level: 0
Port [ Return ] is wired: 1; IO mode=ap_ctrl_hs:ce=0
Port [ ctx_sponge_state]:  wired=1; compound=1; hidden=0; nouse=0; global=0; static=0; extern=0; dir=2; type=1; pingpong=0; private_global=0; MemPort=[23]; IO mode=ap_memory:ce=0
Port [ hashPrefix]:  wired=1; compound=0; hidden=0; nouse=0; global=0; static=0; extern=0; dir=0; type=0; pingpong=0; private_global=0; IO mode=ap_none:ce=0
Port [ KeccakRhoOffsets]:  wired=0; compound=1; hidden=1; nouse=1; global=1; static=1; extern=0; dir=0; type=1; pingpong=0; private_global=0; linkage=7; visibility=0; MemPort=[1]; IO mode=ap_memory:ce=0
Port [ KeccakRoundConstants]:  wired=0; compound=1; hidden=1; nouse=1; global=1; static=1; extern=0; dir=0; type=1; pingpong=0; private_global=0; linkage=7; visibility=0; MemPort=[1]; IO mode=ap_memory:ce=0
---------------- STG Properties END ------------------

---------------- Datapath Model BEGIN ----------------

<LifeTime>
<method=bitvector/>
hashPrefix_read      (read             ) [ 0011]
br_ln0               (br               ) [ 0110]
loop_0_i_i_i         (phi              ) [ 0010]
icmp_ln139           (icmp             ) [ 0010]
empty                (speclooptripcount) [ 0000]
loop                 (add              ) [ 0110]
br_ln139             (br               ) [ 0000]
specloopname_ln140   (specloopname     ) [ 0000]
zext_ln140           (zext             ) [ 0000]
ctx_sponge_state_add (getelementptr    ) [ 0000]
store_ln140          (store            ) [ 0000]
br_ln139             (br               ) [ 0110]
icmp_ln66            (icmp             ) [ 0011]
br_ln66              (br               ) [ 0011]
instance_sponge_byte (call             ) [ 0000]
br_ln68              (br               ) [ 0000]
ctx_sponge_byteIOInd (phi              ) [ 0001]
ret_ln41             (ret              ) [ 0000]
</LifeTime>

<model>

<comp_list>
<comp id="0" class="1000" name="ctx_sponge_state">
<pin_list>
<pin id="1" dir="1" index="0" bw="1" slack="0"/>
</pin_list>
<bind>
<StgValue><ssdm name="ctx_sponge_state"/><MemPortTyVec>2 3 </MemPortTyVec>
</StgValue>
</bind>
</comp>

<comp id="2" class="1000" name="hashPrefix">
<pin_list>
<pin id="3" dir="1" index="0" bw="1" slack="0"/>
</pin_list>
<bind>
<StgValue><ssdm name="hashPrefix"/></StgValue>
</bind>
</comp>

<comp id="4" class="1000" name="KeccakRhoOffsets">
<pin_list>
<pin id="5" dir="1" index="0" bw="1" slack="0"/>
</pin_list>
<bind>
<StgValue><ssdm name="KeccakRhoOffsets"/><MemPortTyVec>1 </MemPortTyVec>
</StgValue>
</bind>
</comp>

<comp id="6" class="1000" name="KeccakRoundConstants">
<pin_list>
<pin id="7" dir="1" index="0" bw="1" slack="0"/>
</pin_list>
<bind>
<StgValue><ssdm name="KeccakRoundConstants"/><MemPortTyVec>1 </MemPortTyVec>
</StgValue>
</bind>
</comp>

<comp id="8" class="1001" name="const_8">
<pin_list>
<pin id="9" dir="1" index="0" bw="1" slack="0"/>
</pin_list>
<bind>
<StgValue><ssdm name="_ssdm_op_Read.ap_auto.i4"/></StgValue>
</bind>
</comp>

<comp id="10" class="1001" name="const_10">
<pin_list>
<pin id="11" dir="1" index="0" bw="1" slack="0"/>
</pin_list>
<bind>
<StgValue><ssdm name=""/></StgValue>
</bind>
</comp>

<comp id="12" class="1001" name="const_12">
<pin_list>
<pin id="13" dir="1" index="0" bw="1" slack="0"/>
</pin_list>
<bind>
<StgValue><ssdm name=""/></StgValue>
</bind>
</comp>

<comp id="14" class="1001" name="const_14">
<pin_list>
<pin id="15" dir="1" index="0" bw="1" slack="2147483647"/>
</pin_list>
<bind>
<StgValue><ssdm name="_ssdm_op_SpecLoopTripCount"/></StgValue>
</bind>
</comp>

<comp id="16" class="1001" name="const_16">
<pin_list>
<pin id="17" dir="1" index="0" bw="1" slack="2147483647"/>
</pin_list>
<bind>
<StgValue><ssdm name=""/></StgValue>
</bind>
</comp>

<comp id="18" class="1001" name="const_18">
<pin_list>
<pin id="19" dir="1" index="0" bw="1" slack="0"/>
</pin_list>
<bind>
<StgValue><ssdm name=""/></StgValue>
</bind>
</comp>

<comp id="20" class="1001" name="const_20">
<pin_list>
<pin id="21" dir="1" index="0" bw="1" slack="2147483647"/>
</pin_list>
<bind>
<StgValue><ssdm name="_ssdm_op_SpecLoopName"/></StgValue>
</bind>
</comp>

<comp id="22" class="1001" name="const_22">
<pin_list>
<pin id="23" dir="1" index="0" bw="1" slack="2147483647"/>
</pin_list>
<bind>
<StgValue><ssdm name="p_str126"/></StgValue>
</bind>
</comp>

<comp id="24" class="1001" name="const_24">
<pin_list>
<pin id="25" dir="1" index="0" bw="1" slack="0"/>
</pin_list>
<bind>
<StgValue><ssdm name=""/></StgValue>
</bind>
</comp>

<comp id="26" class="1001" name="const_26">
<pin_list>
<pin id="27" dir="1" index="0" bw="1" slack="0"/>
</pin_list>
<bind>
<StgValue><ssdm name=""/></StgValue>
</bind>
</comp>

<comp id="28" class="1001" name="const_28">
<pin_list>
<pin id="29" dir="1" index="0" bw="1" slack="0"/>
</pin_list>
<bind>
<StgValue><ssdm name="KeccakWidth1600_Spon.12"/></StgValue>
</bind>
</comp>

<comp id="30" class="1001" name="const_30">
<pin_list>
<pin id="31" dir="1" index="0" bw="1" slack="1"/>
</pin_list>
<bind>
<StgValue><ssdm name=""/></StgValue>
</bind>
</comp>

<comp id="32" class="1004" name="hashPrefix_read_read_fu_32">
<pin_list>
<pin id="33" dir="0" index="0" bw="4" slack="0"/>
<pin id="34" dir="0" index="1" bw="4" slack="0"/>
<pin id="35" dir="1" index="2" bw="4" slack="1"/>
</pin_list>
<bind>
<opcode="read(1150) " fcode="read"/>
<opset="hashPrefix_read/1 "/>
</bind>
</comp>

<comp id="38" class="1004" name="ctx_sponge_state_add_gep_fu_38">
<pin_list>
<pin id="39" dir="0" index="0" bw="8" slack="0"/>
<pin id="40" dir="0" index="1" bw="1" slack="0"/>
<pin id="41" dir="0" index="2" bw="8" slack="0"/>
<pin id="42" dir="1" index="3" bw="8" slack="0"/>
</pin_list>
<bind>
<opcode="getelementptr(29) " fcode="getelementptr"/>
<opset="ctx_sponge_state_add/2 "/>
</bind>
</comp>

<comp id="45" class="1004" name="store_ln140_access_fu_45">
<pin_list>
<pin id="46" dir="0" index="0" bw="8" slack="0"/>
<pin id="47" dir="0" index="1" bw="8" slack="0"/>
<pin id="48" dir="0" index="2" bw="0" slack="2147483647"/>
<pin id="49" dir="1" index="3" bw="8" slack="2147483647"/>
</pin_list>
<bind>
<opcode="store(28) " fcode="store"/>
<opset="store_ln140/2 "/>
</bind>
</comp>

<comp id="52" class="1005" name="loop_0_i_i_i_reg_52">
<pin_list>
<pin id="53" dir="0" index="0" bw="8" slack="1"/>
<pin id="54" dir="1" index="1" bw="8" slack="1"/>
</pin_list>
<bind>
<opset="loop_0_i_i_i (phireg) "/>
</bind>
</comp>

<comp id="56" class="1004" name="loop_0_i_i_i_phi_fu_56">
<pin_list>
<pin id="57" dir="0" index="0" bw="8" slack="0"/>
<pin id="58" dir="0" index="1" bw="0" slack="2147483647"/>
<pin id="59" dir="0" index="2" bw="1" slack="1"/>
<pin id="60" dir="0" index="3" bw="0" slack="2147483647"/>
<pin id="61" dir="1" index="4" bw="8" slack="0"/>
</pin_list>
<bind>
<opcode="phi(47) " fcode="phi"/>
<opset="loop_0_i_i_i/2 "/>
</bind>
</comp>

<comp id="63" class="1005" name="ctx_sponge_byteIOInd_reg_63">
<pin_list>
<pin id="64" dir="0" index="0" bw="32" slack="1"/>
<pin id="65" dir="1" index="1" bw="32" slack="1"/>
</pin_list>
<bind>
<opset="ctx_sponge_byteIOInd (phireg) "/>
</bind>
</comp>

<comp id="67" class="1004" name="ctx_sponge_byteIOInd_phi_fu_67">
<pin_list>
<pin id="68" dir="0" index="0" bw="1" slack="1"/>
<pin id="69" dir="0" index="1" bw="0" slack="2147483647"/>
<pin id="70" dir="0" index="2" bw="32" slack="0"/>
<pin id="71" dir="0" index="3" bw="0" slack="2147483647"/>
<pin id="72" dir="1" index="4" bw="32" slack="2147483647"/>
</pin_list>
<bind>
<opcode="phi(47) " fcode="phi"/>
<opset="ctx_sponge_byteIOInd/3 "/>
</bind>
</comp>

<comp id="74" class="1004" name="grp_KeccakWidth1600_Spon_12_fu_74">
<pin_list>
<pin id="75" dir="0" index="0" bw="32" slack="0"/>
<pin id="76" dir="0" index="1" bw="8" slack="0"/>
<pin id="77" dir="0" index="2" bw="4" slack="1"/>
<pin id="78" dir="0" index="3" bw="6" slack="0"/>
<pin id="79" dir="0" index="4" bw="64" slack="0"/>
<pin id="80" dir="1" index="5" bw="32" slack="0"/>
</pin_list>
<bind>
<opcode="call(48) " fcode="call"/>
<opset="instance_sponge_byte/2 "/>
</bind>
</comp>

<comp id="86" class="1004" name="icmp_ln139_fu_86">
<pin_list>
<pin id="87" dir="0" index="0" bw="8" slack="0"/>
<pin id="88" dir="0" index="1" bw="8" slack="0"/>
<pin id="89" dir="1" index="2" bw="1" slack="2147483647"/>
</pin_list>
<bind>
<opcode="icmp(45) " fcode="icmp"/>
<opset="icmp_ln139/2 "/>
</bind>
</comp>

<comp id="92" class="1004" name="loop_fu_92">
<pin_list>
<pin id="93" dir="0" index="0" bw="8" slack="0"/>
<pin id="94" dir="0" index="1" bw="1" slack="0"/>
<pin id="95" dir="1" index="2" bw="8" slack="0"/>
</pin_list>
<bind>
<opcode="add(8) " fcode="add"/>
<opset="loop/2 "/>
</bind>
</comp>

<comp id="98" class="1004" name="zext_ln140_fu_98">
<pin_list>
<pin id="99" dir="0" index="0" bw="8" slack="0"/>
<pin id="100" dir="1" index="1" bw="64" slack="0"/>
</pin_list>
<bind>
<opcode="zext(34) " fcode="zext"/>
<opset="zext_ln140/2 "/>
</bind>
</comp>

<comp id="103" class="1004" name="icmp_ln66_fu_103">
<pin_list>
<pin id="104" dir="0" index="0" bw="4" slack="1"/>
<pin id="105" dir="0" index="1" bw="4" slack="0"/>
<pin id="106" dir="1" index="2" bw="1" slack="1"/>
</pin_list>
<bind>
<opcode="icmp(45) " fcode="icmp"/>
<opset="icmp_ln66/2 "/>
</bind>
</comp>

<comp id="108" class="1005" name="hashPrefix_read_reg_108">
<pin_list>
<pin id="109" dir="0" index="0" bw="4" slack="1"/>
<pin id="110" dir="1" index="1" bw="4" slack="1"/>
</pin_list>
<bind>
<opset="hashPrefix_read "/>
</bind>
</comp>

<comp id="117" class="1005" name="loop_reg_117">
<pin_list>
<pin id="118" dir="0" index="0" bw="8" slack="0"/>
<pin id="119" dir="1" index="1" bw="8" slack="0"/>
</pin_list>
<bind>
<opset="loop "/>
</bind>
</comp>

<comp id="122" class="1005" name="icmp_ln66_reg_122">
<pin_list>
<pin id="123" dir="0" index="0" bw="1" slack="1"/>
<pin id="124" dir="1" index="1" bw="1" slack="2147483647"/>
</pin_list>
<bind>
<opset="icmp_ln66 "/>
</bind>
</comp>

</comp_list>

<net_list>
<net id="36"><net_src comp="8" pin="0"/><net_sink comp="32" pin=0"/></net>

<net id="37"><net_src comp="2" pin="0"/><net_sink comp="32" pin=1"/></net>

<net id="43"><net_src comp="0" pin="0"/><net_sink comp="38" pin=0"/></net>

<net id="44"><net_src comp="24" pin="0"/><net_sink comp="38" pin=1"/></net>

<net id="50"><net_src comp="10" pin="0"/><net_sink comp="45" pin=1"/></net>

<net id="51"><net_src comp="38" pin="3"/><net_sink comp="45" pin=0"/></net>

<net id="55"><net_src comp="10" pin="0"/><net_sink comp="52" pin=0"/></net>

<net id="62"><net_src comp="52" pin="1"/><net_sink comp="56" pin=2"/></net>

<net id="66"><net_src comp="30" pin="0"/><net_sink comp="63" pin=0"/></net>

<net id="73"><net_src comp="63" pin="1"/><net_sink comp="67" pin=0"/></net>

<net id="81"><net_src comp="74" pin="5"/><net_sink comp="67" pin=2"/></net>

<net id="82"><net_src comp="28" pin="0"/><net_sink comp="74" pin=0"/></net>

<net id="83"><net_src comp="0" pin="0"/><net_sink comp="74" pin=1"/></net>

<net id="84"><net_src comp="4" pin="0"/><net_sink comp="74" pin=3"/></net>

<net id="85"><net_src comp="6" pin="0"/><net_sink comp="74" pin=4"/></net>

<net id="90"><net_src comp="56" pin="4"/><net_sink comp="86" pin=0"/></net>

<net id="91"><net_src comp="12" pin="0"/><net_sink comp="86" pin=1"/></net>

<net id="96"><net_src comp="56" pin="4"/><net_sink comp="92" pin=0"/></net>

<net id="97"><net_src comp="18" pin="0"/><net_sink comp="92" pin=1"/></net>

<net id="101"><net_src comp="56" pin="4"/><net_sink comp="98" pin=0"/></net>

<net id="102"><net_src comp="98" pin="1"/><net_sink comp="38" pin=2"/></net>

<net id="107"><net_src comp="26" pin="0"/><net_sink comp="103" pin=1"/></net>

<net id="111"><net_src comp="32" pin="2"/><net_sink comp="108" pin=0"/></net>

<net id="112"><net_src comp="108" pin="1"/><net_sink comp="103" pin=0"/></net>

<net id="113"><net_src comp="108" pin="1"/><net_sink comp="74" pin=2"/></net>

<net id="120"><net_src comp="92" pin="2"/><net_sink comp="117" pin=0"/></net>

<net id="121"><net_src comp="117" pin="1"/><net_sink comp="56" pin=0"/></net>

<net id="125"><net_src comp="103" pin="2"/><net_sink comp="122" pin=0"/></net>

</net_list>

</model> 
---------------- Datapath Model END ------------------

* FSMD analyzer results:
  - Output states:
	Port: ctx_sponge_state | {2 3 }
	Port: KeccakRhoOffsets | {}
	Port: KeccakRoundConstants | {}
 - Input state : 
	Port: HashInit : ctx_sponge_state | {2 3 }
	Port: HashInit : hashPrefix | {1 }
	Port: HashInit : KeccakRhoOffsets | {2 3 }
	Port: HashInit : KeccakRoundConstants | {2 3 }
  - Chain level:
	State 1
	State 2
		icmp_ln139 : 1
		loop : 1
		br_ln139 : 2
		zext_ln140 : 1
		ctx_sponge_state_add : 2
		store_ln140 : 3
		br_ln66 : 1
	State 3
		ctx_sponge_byteIOInd : 1
		ret_ln41 : 2


============================================================
+ Verbose Summary: Datapath Resource usage 
============================================================

* Functional unit list:
|----------|-----------------------------------|---------|---------|---------|---------|---------|
| Operation|          Functional Unit          |   BRAM  |  Delay  |    FF   |   LUT   |   URAM  |
|----------|-----------------------------------|---------|---------|---------|---------|---------|
|   call   | grp_KeccakWidth1600_Spon_12_fu_74 |    6    |  35.378 |   1245  |   2736  |    0    |
|----------|-----------------------------------|---------|---------|---------|---------|---------|
|   icmp   |          icmp_ln139_fu_86         |    0    |    0    |    0    |    11   |    0    |
|          |          icmp_ln66_fu_103         |    0    |    0    |    0    |    9    |    0    |
|----------|-----------------------------------|---------|---------|---------|---------|---------|
|    add   |             loop_fu_92            |    0    |    0    |    0    |    15   |    0    |
|----------|-----------------------------------|---------|---------|---------|---------|---------|
|   read   |     hashPrefix_read_read_fu_32    |    0    |    0    |    0    |    0    |    0    |
|----------|-----------------------------------|---------|---------|---------|---------|---------|
|   zext   |          zext_ln140_fu_98         |    0    |    0    |    0    |    0    |    0    |
|----------|-----------------------------------|---------|---------|---------|---------|---------|
|   Total  |                                   |    6    |  35.378 |   1245  |   2771  |    0    |
|----------|-----------------------------------|---------|---------|---------|---------|---------|

Memories:
N/A

* Register list:
+---------------------------+--------+
|                           |   FF   |
+---------------------------+--------+
|ctx_sponge_byteIOInd_reg_63|   32   |
|  hashPrefix_read_reg_108  |    4   |
|     icmp_ln66_reg_122     |    1   |
|    loop_0_i_i_i_reg_52    |    8   |
|        loop_reg_117       |    8   |
+---------------------------+--------+
|           Total           |   53   |
+---------------------------+--------+

* Multiplexer (MUX) list: 
|--------|------|------|------|--------|
|  Comp  |  Pin | Size |  BW  | S x BW |
|--------|------|------|------|--------|
|  Total |      |      |      |    0   |
|--------|------|------|------|--------|



* Summary:
+-----------+--------+--------+--------+--------+--------+
|           |  BRAM  |  Delay |   FF   |   LUT  |  URAM  |
+-----------+--------+--------+--------+--------+--------+
|  Function |    6   |   35   |  1245  |  2771  |    0   |
|   Memory  |    -   |    -   |    -   |    -   |    -   |
|Multiplexer|    -   |    -   |    -   |    -   |    -   |
|  Register |    -   |    -   |   53   |    -   |    -   |
+-----------+--------+--------+--------+--------+--------+
|   Total   |    6   |   35   |  1298  |  2771  |    0   |
+-----------+--------+--------+--------+--------+--------+
