

================================================================
== Vivado HLS Report for 'KeccakWidth1600_Spon_2'
================================================================
* Date:           Thu May  7 18:00:32 2020

* Version:        2019.2 (Build 2704478 on Wed Nov 06 22:10:23 MST 2019)
* Project:        picnic1
* Solution:       sing_open
* Product family: artix7
* Target device:  xc7a200t-fbg676-2


================================================================
== Performance Estimates
================================================================
+ Timing: 
    * Summary: 
    +--------+----------+----------+------------+
    |  Clock |  Target  | Estimated| Uncertainty|
    +--------+----------+----------+------------+
    |ap_clk  | 10.00 ns | 8.579 ns |   1.25 ns  |
    +--------+----------+----------+------------+

+ Latency: 
    * Summary: 
    +---------+---------+----------+----------+-----+-----+---------+
    |  Latency (cycles) |  Latency (absolute) |  Interval | Pipeline|
    |   min   |   max   |    min   |    max   | min | max |   Type  |
    +---------+---------+----------+----------+-----+-----+---------+
    |        ?|        ?|         ?|         ?|    ?|    ?|   none  |
    +---------+---------+----------+----------+-----+-----+---------+

    + Detail: 
        * Instance: 
        N/A

        * Loop: 
        +-----------------+---------+---------+----------+-----------+-----------+------+----------+
        |                 |  Latency (cycles) | Iteration|  Initiation Interval  | Trip |          |
        |    Loop Name    |   min   |   max   |  Latency |  achieved |   target  | Count| Pipelined|
        +-----------------+---------+---------+----------+-----------+-----------+------+----------+
        |- Loop 1         |        ?|        ?|         ?|          -|          -|     ?|    no    |
        | + Loop 1.1      |        ?|        ?|     18923|          -|          -|     ?|    no    |
        |  ++ Loop 1.1.1  |      336|      336|         2|          -|          -|   168|    no    |
        | + Loop 1.2      |        ?|        ?|         2|          -|          -|     ?|    no    |
        +-----------------+---------+---------+----------+-----------+-----------+------+----------+

============================================================
+ Verbose Summary: Synthesis Manager
============================================================
InlineROM: 1
ExposeGlobal: 1
============================================================
+ Verbose Summary: CDFG Model
============================================================
IsTopModel: 0
ResetActiveHigh: 1
IsCombinational: 0
IsDatapathOnly: 0
HasWiredReturn: 1
HasMFsm: 0
HasVarLatency: 1
IsPipeline: 0
IsRtlPipelined: 0
IsInstanceOverlapped: 0
IsDontTouch: 0
HasImplIP: 0
IsGatedGlobalClock: 0


============================================================
+ Verbose Summary: Schedule
============================================================
* Number of FSM states : 16
* Pipeline : 0
* Dataflow Pipeline: 0

* FSM state transitions: 
1 --> 2 6 
2 --> 3 
3 --> 4 
4 --> 5 
5 --> 6 
6 --> 7 
7 --> 12 8 
8 --> 9 16 
9 --> 10 
10 --> 11 8 
11 --> 10 
12 --> 13 
13 --> 14 
14 --> 15 16 
15 --> 14 
16 --> 7 

* FSM state operations: 

State 1 <SV = 0> <Delay = 3.46>
ST_1 : Operation 17 [1/1] (0.00ns)   --->   "%instance_squeezing_r = call i32 @_ssdm_op_Read.ap_auto.i32(i32 %instance_squeezing_read)" [sha3/KeccakSpongeWidth1600.c:290]   --->   Operation 17 'read' 'instance_squeezing_r' <Predicate = true> <Delay = 0.00>
ST_1 : Operation 18 [1/1] (0.00ns)   --->   "%instance_byteIOIndex = call i32 @_ssdm_op_Read.ap_auto.i32(i32 %instance_byteIOIndex_read)" [sha3/KeccakSpongeWidth1600.c:290]   --->   Operation 18 'read' 'instance_byteIOIndex' <Predicate = true> <Delay = 0.00>
ST_1 : Operation 19 [1/1] (2.11ns)   --->   "%icmp_ln297 = icmp eq i32 %instance_squeezing_r, 0" [sha3/KeccakSpongeWidth1600.c:297]   --->   Operation 19 'icmp' 'icmp_ln297' <Predicate = true> <Delay = 2.11> <Core = "Cmp">   --->   Core 25 'Cmp' <Latency = 0> <II = 1> <Delay = 2.11> <FuncUnit> <Opcode : 'icmp'> <InPorts = 2> <OutPorts = 1>
ST_1 : Operation 20 [1/1] (1.35ns)   --->   "br i1 %icmp_ln297, label %1, label %.backedge.preheader" [sha3/KeccakSpongeWidth1600.c:297]   --->   Operation 20 'br' <Predicate = true> <Delay = 1.35>
ST_1 : Operation 21 [1/1] (0.00ns)   --->   "%zext_ln149 = zext i32 %instance_byteIOIndex to i64" [sha3/KeccakP-1600-reference.c:149->sha3/KeccakSpongeWidth1600.c:265->sha3/KeccakSpongeWidth1600.c:298]   --->   Operation 21 'zext' 'zext_ln149' <Predicate = (icmp_ln297)> <Delay = 0.00>
ST_1 : Operation 22 [1/1] (0.00ns)   --->   "%instance_state_addr = getelementptr [200 x i8]* %instance_state, i64 0, i64 %zext_ln149" [sha3/KeccakP-1600-reference.c:149->sha3/KeccakSpongeWidth1600.c:265->sha3/KeccakSpongeWidth1600.c:298]   --->   Operation 22 'getelementptr' 'instance_state_addr' <Predicate = (icmp_ln297)> <Delay = 0.00>
ST_1 : Operation 23 [2/2] (2.77ns)   --->   "%instance_state_load = load i8* %instance_state_addr, align 1" [sha3/KeccakP-1600-reference.c:149->sha3/KeccakSpongeWidth1600.c:265->sha3/KeccakSpongeWidth1600.c:298]   --->   Operation 23 'load' 'instance_state_load' <Predicate = (icmp_ln297)> <Delay = 2.77> <Core = "RAM">   --->   Core 37 'RAM' <Latency = 1> <II = 1> <Delay = 1.75> <Storage> <Opcode : 'load' 'store'> <Ports = 2> <Width = 8> <Depth = 32> <RAM>

State 2 <SV = 1> <Delay = 6.34>
ST_2 : Operation 24 [1/2] (2.77ns)   --->   "%instance_state_load = load i8* %instance_state_addr, align 1" [sha3/KeccakP-1600-reference.c:149->sha3/KeccakSpongeWidth1600.c:265->sha3/KeccakSpongeWidth1600.c:298]   --->   Operation 24 'load' 'instance_state_load' <Predicate = true> <Delay = 2.77> <Core = "RAM">   --->   Core 37 'RAM' <Latency = 1> <II = 1> <Delay = 1.75> <Storage> <Opcode : 'load' 'store'> <Ports = 2> <Width = 8> <Depth = 32> <RAM>
ST_2 : Operation 25 [1/1] (0.80ns)   --->   "%xor_ln149 = xor i8 %instance_state_load, 1" [sha3/KeccakP-1600-reference.c:149->sha3/KeccakSpongeWidth1600.c:265->sha3/KeccakSpongeWidth1600.c:298]   --->   Operation 25 'xor' 'xor_ln149' <Predicate = true> <Delay = 0.80> <Core = "LogicGate">   --->   Core 27 'LogicGate' <Latency = 0> <II = 1> <Delay = 0.80> <FuncUnit> <Opcode : 'and' 'or' 'xor'> <InPorts = 2> <OutPorts = 1>
ST_2 : Operation 26 [1/1] (2.77ns)   --->   "store i8 %xor_ln149, i8* %instance_state_addr, align 1" [sha3/KeccakP-1600-reference.c:149->sha3/KeccakSpongeWidth1600.c:265->sha3/KeccakSpongeWidth1600.c:298]   --->   Operation 26 'store' <Predicate = true> <Delay = 2.77> <Core = "RAM">   --->   Core 37 'RAM' <Latency = 1> <II = 1> <Delay = 1.75> <Storage> <Opcode : 'load' 'store'> <Ports = 2> <Width = 8> <Depth = 32> <RAM>

State 3 <SV = 2> <Delay = 2.77>
ST_3 : Operation 27 [1/1] (0.00ns)   --->   "%instance_state_addr_7 = getelementptr [200 x i8]* %instance_state, i64 0, i64 167" [sha3/KeccakP-1600-reference.c:149->sha3/KeccakSpongeWidth1600.c:270->sha3/KeccakSpongeWidth1600.c:298]   --->   Operation 27 'getelementptr' 'instance_state_addr_7' <Predicate = true> <Delay = 0.00>
ST_3 : Operation 28 [2/2] (2.77ns)   --->   "%instance_state_load_7 = load i8* %instance_state_addr_7, align 1" [sha3/KeccakP-1600-reference.c:149->sha3/KeccakSpongeWidth1600.c:270->sha3/KeccakSpongeWidth1600.c:298]   --->   Operation 28 'load' 'instance_state_load_7' <Predicate = true> <Delay = 2.77> <Core = "RAM">   --->   Core 37 'RAM' <Latency = 1> <II = 1> <Delay = 1.75> <Storage> <Opcode : 'load' 'store'> <Ports = 2> <Width = 8> <Depth = 32> <RAM>

State 4 <SV = 3> <Delay = 6.34>
ST_4 : Operation 29 [1/2] (2.77ns)   --->   "%instance_state_load_7 = load i8* %instance_state_addr_7, align 1" [sha3/KeccakP-1600-reference.c:149->sha3/KeccakSpongeWidth1600.c:270->sha3/KeccakSpongeWidth1600.c:298]   --->   Operation 29 'load' 'instance_state_load_7' <Predicate = true> <Delay = 2.77> <Core = "RAM">   --->   Core 37 'RAM' <Latency = 1> <II = 1> <Delay = 1.75> <Storage> <Opcode : 'load' 'store'> <Ports = 2> <Width = 8> <Depth = 32> <RAM>
ST_4 : Operation 30 [1/1] (0.80ns)   --->   "%xor_ln149_3 = xor i8 %instance_state_load_7, -128" [sha3/KeccakP-1600-reference.c:149->sha3/KeccakSpongeWidth1600.c:270->sha3/KeccakSpongeWidth1600.c:298]   --->   Operation 30 'xor' 'xor_ln149_3' <Predicate = true> <Delay = 0.80> <Core = "LogicGate">   --->   Core 27 'LogicGate' <Latency = 0> <II = 1> <Delay = 0.80> <FuncUnit> <Opcode : 'and' 'or' 'xor'> <InPorts = 2> <OutPorts = 1>
ST_4 : Operation 31 [1/1] (2.77ns)   --->   "store i8 %xor_ln149_3, i8* %instance_state_addr_7, align 1" [sha3/KeccakP-1600-reference.c:149->sha3/KeccakSpongeWidth1600.c:270->sha3/KeccakSpongeWidth1600.c:298]   --->   Operation 31 'store' <Predicate = true> <Delay = 2.77> <Core = "RAM">   --->   Core 37 'RAM' <Latency = 1> <II = 1> <Delay = 1.75> <Storage> <Opcode : 'load' 'store'> <Ports = 2> <Width = 8> <Depth = 32> <RAM>

State 5 <SV = 4> <Delay = 1.45>
ST_5 : Operation 32 [2/2] (1.45ns)   --->   "call fastcc void @KeccakP1600_Permute_([200 x i8]* %instance_state)" [sha3/KeccakSpongeWidth1600.c:279->sha3/KeccakSpongeWidth1600.c:298]   --->   Operation 32 'call' <Predicate = true> <Delay = 1.45> <CoreType = "Generic">   --->   Core 0 '' <Latency = 0> <II = 1> <Delay = 1.00> <Generic> <Opcode : >

State 6 <SV = 5> <Delay = 1.45>
ST_6 : Operation 33 [1/2] (0.00ns)   --->   "call fastcc void @KeccakP1600_Permute_([200 x i8]* %instance_state)" [sha3/KeccakSpongeWidth1600.c:279->sha3/KeccakSpongeWidth1600.c:298]   --->   Operation 33 'call' <Predicate = (icmp_ln297)> <Delay = 0.00> <CoreType = "Generic">   --->   Core 0 '' <Latency = 0> <II = 1> <Delay = 1.00> <Generic> <Opcode : >
ST_6 : Operation 34 [1/1] (1.35ns)   --->   "br label %.backedge.preheader" [sha3/KeccakSpongeWidth1600.c:298]   --->   Operation 34 'br' <Predicate = (icmp_ln297)> <Delay = 1.35>
ST_6 : Operation 35 [1/1] (0.00ns)   --->   "%instance_byteIOIndex_38 = phi i32 [ %instance_byteIOIndex, %0 ], [ 0, %1 ]" [sha3/KeccakSpongeWidth1600.c:290]   --->   Operation 35 'phi' 'instance_byteIOIndex_38' <Predicate = true> <Delay = 0.00>
ST_6 : Operation 36 [1/1] (0.00ns)   --->   "%i_19 = alloca i34"   --->   Operation 36 'alloca' 'i_19' <Predicate = true> <Delay = 0.00>
ST_6 : Operation 37 [1/1] (1.45ns)   --->   "store i34 0, i34* %i_19" [sha3/KeccakSpongeWidth1600.c:302]   --->   Operation 37 'store' <Predicate = true> <Delay = 1.45>
ST_6 : Operation 38 [1/1] (1.35ns)   --->   "br label %.backedge" [sha3/KeccakSpongeWidth1600.c:302]   --->   Operation 38 'br' <Predicate = true> <Delay = 1.35>

State 7 <SV = 6> <Delay = 4.23>
ST_7 : Operation 39 [1/1] (0.00ns)   --->   "%instance_byteIOIndex_1 = phi i32 [ %instance_byteIOIndex_3, %.backedge.backedge ], [ %instance_byteIOIndex_38, %.backedge.preheader ]" [sha3/KeccakSpongeWidth1600.c:330]   --->   Operation 39 'phi' 'instance_byteIOIndex_1' <Predicate = true> <Delay = 0.00>
ST_7 : Operation 40 [1/1] (0.00ns)   --->   "%curData_0_idx = phi i64 [ %add_ln329, %.backedge.backedge ], [ 0, %.backedge.preheader ]" [sha3/KeccakSpongeWidth1600.c:329]   --->   Operation 40 'phi' 'curData_0_idx' <Predicate = true> <Delay = 0.00>
ST_7 : Operation 41 [1/1] (0.00ns)   --->   "%i_19_load = load i34* %i_19" [sha3/KeccakSpongeWidth1600.c:320]   --->   Operation 41 'load' 'i_19_load' <Predicate = true> <Delay = 0.00>
ST_7 : Operation 42 [1/1] (0.00ns)   --->   "%tmp = call i29 @_ssdm_op_PartSelect.i29.i34.i32.i32(i34 %i_19_load, i32 5, i32 33)" [sha3/KeccakSpongeWidth1600.c:302]   --->   Operation 42 'partselect' 'tmp' <Predicate = true> <Delay = 0.00>
ST_7 : Operation 43 [1/1] (2.08ns)   --->   "%icmp_ln302 = icmp eq i29 %tmp, 0" [sha3/KeccakSpongeWidth1600.c:302]   --->   Operation 43 'icmp' 'icmp_ln302' <Predicate = true> <Delay = 2.08> <Core = "Cmp">   --->   Core 25 'Cmp' <Latency = 0> <II = 1> <Delay = 2.11> <FuncUnit> <Opcode : 'icmp'> <InPorts = 2> <OutPorts = 1>
ST_7 : Operation 44 [1/1] (0.00ns)   --->   "br i1 %icmp_ln302, label %2, label %10" [sha3/KeccakSpongeWidth1600.c:302]   --->   Operation 44 'br' <Predicate = true> <Delay = 0.00>
ST_7 : Operation 45 [1/1] (2.11ns)   --->   "%icmp_ln303 = icmp eq i32 %instance_byteIOIndex_1, 168" [sha3/KeccakSpongeWidth1600.c:303]   --->   Operation 45 'icmp' 'icmp_ln303' <Predicate = (icmp_ln302)> <Delay = 2.11> <Core = "Cmp">   --->   Core 25 'Cmp' <Latency = 0> <II = 1> <Delay = 2.11> <FuncUnit> <Opcode : 'icmp'> <InPorts = 2> <OutPorts = 1>
ST_7 : Operation 46 [1/1] (1.35ns)   --->   "br i1 %icmp_ln303, label %3, label %._crit_edge3.critedge" [sha3/KeccakSpongeWidth1600.c:303]   --->   Operation 46 'br' <Predicate = (icmp_ln302)> <Delay = 1.35>
ST_7 : Operation 47 [1/1] (0.00ns)   --->   "%trunc_ln303 = trunc i34 %i_19_load to i30" [sha3/KeccakSpongeWidth1600.c:303]   --->   Operation 47 'trunc' 'trunc_ln303' <Predicate = (icmp_ln302 & icmp_ln303)> <Delay = 0.00>
ST_7 : Operation 48 [1/1] (2.13ns)   --->   "%add_ln303 = add i30 168, %trunc_ln303" [sha3/KeccakSpongeWidth1600.c:303]   --->   Operation 48 'add' 'add_ln303' <Predicate = (icmp_ln302 & icmp_ln303)> <Delay = 2.13> <Core = "AddSub">   --->   Core 14 'AddSub' <Latency = 0> <II = 1> <Delay = 2.99> <FuncUnit> <Opcode : 'add' 'sub'> <InPorts = 2> <OutPorts = 1>
ST_7 : Operation 49 [1/1] (2.09ns)   --->   "%icmp_ln303_1 = icmp ugt i30 %add_ln303, 32" [sha3/KeccakSpongeWidth1600.c:303]   --->   Operation 49 'icmp' 'icmp_ln303_1' <Predicate = (icmp_ln302 & icmp_ln303)> <Delay = 2.09> <Core = "Cmp">   --->   Core 25 'Cmp' <Latency = 0> <II = 1> <Delay = 2.11> <FuncUnit> <Opcode : 'icmp'> <InPorts = 2> <OutPorts = 1>
ST_7 : Operation 50 [1/1] (0.00ns)   --->   "br i1 %icmp_ln303_1, label %._crit_edge1, label %4" [sha3/KeccakSpongeWidth1600.c:303]   --->   Operation 50 'br' <Predicate = (icmp_ln302 & icmp_ln303)> <Delay = 0.00>
ST_7 : Operation 51 [1/1] (2.23ns)   --->   "%j = sub i34 32, %i_19_load" [sha3/KeccakSpongeWidth1600.c:304]   --->   Operation 51 'sub' 'j' <Predicate = (icmp_ln302 & icmp_ln303 & !icmp_ln303_1)> <Delay = 2.23> <Core = "AddSub">   --->   Core 14 'AddSub' <Latency = 0> <II = 1> <Delay = 2.99> <FuncUnit> <Opcode : 'add' 'sub'> <InPorts = 2> <OutPorts = 1>
ST_7 : Operation 52 [1/1] (0.00ns)   --->   "%zext_ln304 = zext i34 %j to i64" [sha3/KeccakSpongeWidth1600.c:304]   --->   Operation 52 'zext' 'zext_ln304' <Predicate = (icmp_ln302 & icmp_ln303 & !icmp_ln303_1)> <Delay = 0.00>
ST_7 : Operation 53 [1/1] (1.35ns)   --->   "br label %5" [sha3/KeccakSpongeWidth1600.c:304]   --->   Operation 53 'br' <Predicate = (icmp_ln302 & icmp_ln303 & !icmp_ln303_1)> <Delay = 1.35>
ST_7 : Operation 54 [2/2] (1.45ns)   --->   "call fastcc void @KeccakP1600_Permute_([200 x i8]* %instance_state)" [sha3/KeccakSpongeWidth1600.c:317]   --->   Operation 54 'call' <Predicate = (icmp_ln302 & icmp_ln303 & icmp_ln303_1)> <Delay = 1.45> <CoreType = "Generic">   --->   Core 0 '' <Latency = 0> <II = 1> <Delay = 1.00> <Generic> <Opcode : >
ST_7 : Operation 55 [1/1] (0.00ns)   --->   "ret void"   --->   Operation 55 'ret' <Predicate = (!icmp_ln302)> <Delay = 0.00>

State 8 <SV = 7> <Delay = 3.68>
ST_8 : Operation 56 [1/1] (0.00ns)   --->   "%j_0 = phi i64 [ %zext_ln304, %4 ], [ %j_9, %KeccakP1600_ExtractBytes.3.exit ]"   --->   Operation 56 'phi' 'j_0' <Predicate = true> <Delay = 0.00>
ST_8 : Operation 57 [1/1] (0.00ns)   --->   "%curData_1_rec = phi i64 [ 0, %4 ], [ %add_ln310, %KeccakP1600_ExtractBytes.3.exit ]" [sha3/KeccakSpongeWidth1600.c:310]   --->   Operation 57 'phi' 'curData_1_rec' <Predicate = true> <Delay = 0.00>
ST_8 : Operation 58 [1/1] (2.34ns)   --->   "%icmp_ln304 = icmp ult i64 %j_0, 168" [sha3/KeccakSpongeWidth1600.c:304]   --->   Operation 58 'icmp' 'icmp_ln304' <Predicate = true> <Delay = 2.34> <Core = "Cmp">   --->   Core 25 'Cmp' <Latency = 0> <II = 1> <Delay = 2.11> <FuncUnit> <Opcode : 'icmp'> <InPorts = 2> <OutPorts = 1>
ST_8 : Operation 59 [1/1] (0.00ns)   --->   "br i1 %icmp_ln304, label %8, label %6" [sha3/KeccakSpongeWidth1600.c:304]   --->   Operation 59 'br' <Predicate = true> <Delay = 0.00>
ST_8 : Operation 60 [2/2] (1.45ns)   --->   "call fastcc void @KeccakP1600_Permute_([200 x i8]* %instance_state)" [sha3/KeccakSpongeWidth1600.c:305]   --->   Operation 60 'call' <Predicate = (!icmp_ln304)> <Delay = 1.45> <CoreType = "Generic">   --->   Core 0 '' <Latency = 0> <II = 1> <Delay = 1.00> <Generic> <Opcode : >
ST_8 : Operation 61 [1/1] (0.00ns)   --->   "%trunc_ln312 = trunc i64 %j_0 to i34" [sha3/KeccakSpongeWidth1600.c:312]   --->   Operation 61 'trunc' 'trunc_ln312' <Predicate = (icmp_ln304)> <Delay = 0.00>
ST_8 : Operation 62 [1/1] (2.23ns)   --->   "%sub_ln312 = sub i34 32, %trunc_ln312" [sha3/KeccakSpongeWidth1600.c:312]   --->   Operation 62 'sub' 'sub_ln312' <Predicate = (icmp_ln304)> <Delay = 2.23> <Core = "AddSub">   --->   Core 14 'AddSub' <Latency = 0> <II = 1> <Delay = 2.99> <FuncUnit> <Opcode : 'add' 'sub'> <InPorts = 2> <OutPorts = 1>
ST_8 : Operation 63 [1/1] (1.45ns)   --->   "store i34 %sub_ln312, i34* %i_19" [sha3/KeccakSpongeWidth1600.c:313]   --->   Operation 63 'store' <Predicate = (icmp_ln304)> <Delay = 1.45>
ST_8 : Operation 64 [1/1] (1.35ns)   --->   "br label %.backedge.backedge" [sha3/KeccakSpongeWidth1600.c:313]   --->   Operation 64 'br' <Predicate = (icmp_ln304)> <Delay = 1.35>

State 9 <SV = 8> <Delay = 1.35>
ST_9 : Operation 65 [1/2] (0.00ns)   --->   "call fastcc void @KeccakP1600_Permute_([200 x i8]* %instance_state)" [sha3/KeccakSpongeWidth1600.c:305]   --->   Operation 65 'call' <Predicate = true> <Delay = 0.00> <CoreType = "Generic">   --->   Core 0 '' <Latency = 0> <II = 1> <Delay = 1.00> <Generic> <Opcode : >
ST_9 : Operation 66 [1/1] (1.35ns)   --->   "br label %._crit_edge1.i" [sha3/KeccakP-1600-reference.c:390->sha3/KeccakSpongeWidth1600.c:306]   --->   Operation 66 'br' <Predicate = true> <Delay = 1.35>

State 10 <SV = 9> <Delay = 2.99>
ST_10 : Operation 67 [1/1] (0.00ns)   --->   "%loop_0_i = phi i8 [ %loop_43, %7 ], [ 0, %6 ]"   --->   Operation 67 'phi' 'loop_0_i' <Predicate = true> <Delay = 0.00>
ST_10 : Operation 68 [1/1] (1.24ns)   --->   "%icmp_ln393_2 = icmp eq i8 %loop_0_i, -88" [sha3/KeccakP-1600-reference.c:393->sha3/KeccakSpongeWidth1600.c:306]   --->   Operation 68 'icmp' 'icmp_ln393_2' <Predicate = true> <Delay = 1.24> <Core = "Cmp">   --->   Core 25 'Cmp' <Latency = 0> <II = 1> <Delay = 2.11> <FuncUnit> <Opcode : 'icmp'> <InPorts = 2> <OutPorts = 1>
ST_10 : Operation 69 [1/1] (1.71ns)   --->   "%loop_43 = add i8 %loop_0_i, 1" [sha3/KeccakP-1600-reference.c:393->sha3/KeccakSpongeWidth1600.c:306]   --->   Operation 69 'add' 'loop_43' <Predicate = true> <Delay = 1.71> <Core = "AddSub">   --->   Core 14 'AddSub' <Latency = 0> <II = 1> <Delay = 2.99> <FuncUnit> <Opcode : 'add' 'sub'> <InPorts = 2> <OutPorts = 1>
ST_10 : Operation 70 [1/1] (0.00ns)   --->   "%empty = call i32 (...)* @_ssdm_op_SpecLoopTripCount(i64 168, i64 168, i64 168)"   --->   Operation 70 'speclooptripcount' 'empty' <Predicate = true> <Delay = 0.00>
ST_10 : Operation 71 [1/1] (0.00ns)   --->   "br i1 %icmp_ln393_2, label %KeccakP1600_ExtractBytes.3.exit, label %7" [sha3/KeccakP-1600-reference.c:393->sha3/KeccakSpongeWidth1600.c:306]   --->   Operation 71 'br' <Predicate = true> <Delay = 0.00>
ST_10 : Operation 72 [1/1] (0.00ns)   --->   "%zext_ln394_3 = zext i8 %loop_0_i to i64" [sha3/KeccakP-1600-reference.c:394->sha3/KeccakSpongeWidth1600.c:306]   --->   Operation 72 'zext' 'zext_ln394_3' <Predicate = (!icmp_ln393_2)> <Delay = 0.00>
ST_10 : Operation 73 [1/1] (0.00ns)   --->   "%trunc_ln394_1 = trunc i8 %loop_0_i to i7" [sha3/KeccakP-1600-reference.c:394->sha3/KeccakSpongeWidth1600.c:306]   --->   Operation 73 'trunc' 'trunc_ln394_1' <Predicate = (!icmp_ln393_2)> <Delay = 0.00>
ST_10 : Operation 74 [1/1] (0.00ns)   --->   "%instance_state_addr_9 = getelementptr [200 x i8]* %instance_state, i64 0, i64 %zext_ln394_3" [sha3/KeccakP-1600-reference.c:394->sha3/KeccakSpongeWidth1600.c:306]   --->   Operation 74 'getelementptr' 'instance_state_addr_9' <Predicate = (!icmp_ln393_2)> <Delay = 0.00>
ST_10 : Operation 75 [2/2] (2.77ns)   --->   "%instance_state_load_9 = load i8* %instance_state_addr_9, align 1" [sha3/KeccakP-1600-reference.c:394->sha3/KeccakSpongeWidth1600.c:306]   --->   Operation 75 'load' 'instance_state_load_9' <Predicate = (!icmp_ln393_2)> <Delay = 2.77> <Core = "RAM">   --->   Core 37 'RAM' <Latency = 1> <II = 1> <Delay = 1.75> <Storage> <Opcode : 'load' 'store'> <Ports = 2> <Width = 8> <Depth = 32> <RAM>
ST_10 : Operation 76 [1/1] (2.99ns)   --->   "%add_ln310 = add i64 %curData_1_rec, 168" [sha3/KeccakSpongeWidth1600.c:310]   --->   Operation 76 'add' 'add_ln310' <Predicate = (icmp_ln393_2)> <Delay = 2.99> <Core = "AddSub">   --->   Core 14 'AddSub' <Latency = 0> <II = 1> <Delay = 2.99> <FuncUnit> <Opcode : 'add' 'sub'> <InPorts = 2> <OutPorts = 1>
ST_10 : Operation 77 [1/1] (2.99ns)   --->   "%j_9 = add i64 %j_0, -168" [sha3/KeccakSpongeWidth1600.c:304]   --->   Operation 77 'add' 'j_9' <Predicate = (icmp_ln393_2)> <Delay = 2.99> <Core = "AddSub">   --->   Core 14 'AddSub' <Latency = 0> <II = 1> <Delay = 2.99> <FuncUnit> <Opcode : 'add' 'sub'> <InPorts = 2> <OutPorts = 1>
ST_10 : Operation 78 [1/1] (0.00ns)   --->   "br label %5" [sha3/KeccakSpongeWidth1600.c:304]   --->   Operation 78 'br' <Predicate = (icmp_ln393_2)> <Delay = 0.00>

State 11 <SV = 10> <Delay = 4.66>
ST_11 : Operation 79 [1/2] (2.77ns)   --->   "%instance_state_load_9 = load i8* %instance_state_addr_9, align 1" [sha3/KeccakP-1600-reference.c:394->sha3/KeccakSpongeWidth1600.c:306]   --->   Operation 79 'load' 'instance_state_load_9' <Predicate = true> <Delay = 2.77> <Core = "RAM">   --->   Core 37 'RAM' <Latency = 1> <II = 1> <Delay = 1.75> <Storage> <Opcode : 'load' 'store'> <Ports = 2> <Width = 8> <Depth = 32> <RAM>
ST_11 : Operation 80 [1/1] (0.00ns)   --->   "%trunc_ln304 = trunc i64 %curData_1_rec to i7" [sha3/KeccakSpongeWidth1600.c:304]   --->   Operation 80 'trunc' 'trunc_ln304' <Predicate = true> <Delay = 0.00>
ST_11 : Operation 81 [1/1] (0.00ns) (grouped into TernaryAdder)   --->   "%add_ln394_5 = add i7 %trunc_ln394_1, %trunc_ln304" [sha3/KeccakP-1600-reference.c:394->sha3/KeccakSpongeWidth1600.c:306]   --->   Operation 81 'add' 'add_ln394_5' <Predicate = true> <Delay = 0.00> <Core = "TAddSub">   --->   Core 83 'TAddSub' <Latency = 0> <II = 1> <Delay = 1.45> <IPBlock> <Opcode : 'add' 'sub'> <InPorts = 3> <OutPorts = 1> <Sync> <CReg>
ST_11 : Operation 82 [1/1] (0.00ns)   --->   "%trunc_ln302_2 = trunc i64 %curData_0_idx to i7" [sha3/KeccakSpongeWidth1600.c:302]   --->   Operation 82 'trunc' 'trunc_ln302_2' <Predicate = true> <Delay = 0.00>
ST_11 : Operation 83 [1/1] (2.90ns) (root node of TernaryAdder)   --->   "%add_ln394_6 = add i7 %trunc_ln302_2, %add_ln394_5" [sha3/KeccakP-1600-reference.c:394->sha3/KeccakSpongeWidth1600.c:306]   --->   Operation 83 'add' 'add_ln394_6' <Predicate = true> <Delay = 2.90> <Core = "TAddSub">   --->   Core 83 'TAddSub' <Latency = 0> <II = 1> <Delay = 1.45> <IPBlock> <Opcode : 'add' 'sub'> <InPorts = 3> <OutPorts = 1> <Sync> <CReg>
ST_11 : Operation 84 [1/1] (0.00ns)   --->   "%zext_ln394_5 = zext i7 %add_ln394_6 to i64" [sha3/KeccakP-1600-reference.c:394->sha3/KeccakSpongeWidth1600.c:306]   --->   Operation 84 'zext' 'zext_ln394_5' <Predicate = true> <Delay = 0.00>
ST_11 : Operation 85 [1/1] (0.00ns)   --->   "%data_addr_2 = getelementptr [32 x i8]* %data, i64 0, i64 %zext_ln394_5" [sha3/KeccakP-1600-reference.c:394->sha3/KeccakSpongeWidth1600.c:306]   --->   Operation 85 'getelementptr' 'data_addr_2' <Predicate = true> <Delay = 0.00>
ST_11 : Operation 86 [1/1] (1.75ns)   --->   "store i8 %instance_state_load_9, i8* %data_addr_2, align 1" [sha3/KeccakP-1600-reference.c:394->sha3/KeccakSpongeWidth1600.c:306]   --->   Operation 86 'store' <Predicate = true> <Delay = 1.75> <Core = "RAM">   --->   Core 37 'RAM' <Latency = 1> <II = 1> <Delay = 1.75> <Storage> <Opcode : 'load' 'store'> <Ports = 2> <Width = 8> <Depth = 32> <RAM>
ST_11 : Operation 87 [1/1] (0.00ns)   --->   "br label %._crit_edge1.i" [sha3/KeccakP-1600-reference.c:393->sha3/KeccakSpongeWidth1600.c:306]   --->   Operation 87 'br' <Predicate = true> <Delay = 0.00>

State 12 <SV = 7> <Delay = 1.60>
ST_12 : Operation 88 [1/2] (0.00ns)   --->   "call fastcc void @KeccakP1600_Permute_([200 x i8]* %instance_state)" [sha3/KeccakSpongeWidth1600.c:317]   --->   Operation 88 'call' <Predicate = (icmp_ln303)> <Delay = 0.00> <CoreType = "Generic">   --->   Core 0 '' <Latency = 0> <II = 1> <Delay = 1.00> <Generic> <Opcode : >
ST_12 : Operation 89 [1/1] (1.35ns)   --->   "br label %._crit_edge3.critedge" [sha3/KeccakSpongeWidth1600.c:319]   --->   Operation 89 'br' <Predicate = (icmp_ln303)> <Delay = 1.35>
ST_12 : Operation 90 [1/1] (0.00ns)   --->   "%trunc_ln320 = trunc i34 %i_19_load to i6" [sha3/KeccakSpongeWidth1600.c:320]   --->   Operation 90 'trunc' 'trunc_ln320' <Predicate = true> <Delay = 0.00>
ST_12 : Operation 91 [1/1] (1.60ns)   --->   "%partialBlock = sub i6 -32, %trunc_ln320" [sha3/KeccakSpongeWidth1600.c:320]   --->   Operation 91 'sub' 'partialBlock' <Predicate = true> <Delay = 1.60> <Core = "AddSub">   --->   Core 14 'AddSub' <Latency = 0> <II = 1> <Delay = 2.99> <FuncUnit> <Opcode : 'add' 'sub'> <InPorts = 2> <OutPorts = 1>

State 13 <SV = 8> <Delay = 7.29>
ST_13 : Operation 92 [1/1] (0.00ns)   --->   "%offset_assign_3 = phi i32 [ 0, %._crit_edge1 ], [ %instance_byteIOIndex_1, %2 ]" [sha3/KeccakSpongeWidth1600.c:330]   --->   Operation 92 'phi' 'offset_assign_3' <Predicate = true> <Delay = 0.00>
ST_13 : Operation 93 [1/1] (0.00ns)   --->   "%zext_ln320 = zext i6 %partialBlock to i32" [sha3/KeccakSpongeWidth1600.c:320]   --->   Operation 93 'zext' 'zext_ln320' <Predicate = true> <Delay = 0.00>
ST_13 : Operation 94 [1/1] (2.18ns)   --->   "%add_ln321 = add i32 %zext_ln320, %offset_assign_3" [sha3/KeccakSpongeWidth1600.c:321]   --->   Operation 94 'add' 'add_ln321' <Predicate = true> <Delay = 2.18> <Core = "AddSub">   --->   Core 14 'AddSub' <Latency = 0> <II = 1> <Delay = 2.99> <FuncUnit> <Opcode : 'add' 'sub'> <InPorts = 2> <OutPorts = 1>
ST_13 : Operation 95 [1/1] (2.11ns)   --->   "%icmp_ln321 = icmp ugt i32 %add_ln321, 168" [sha3/KeccakSpongeWidth1600.c:321]   --->   Operation 95 'icmp' 'icmp_ln321' <Predicate = true> <Delay = 2.11> <Core = "Cmp">   --->   Core 25 'Cmp' <Latency = 0> <II = 1> <Delay = 2.11> <FuncUnit> <Opcode : 'icmp'> <InPorts = 2> <OutPorts = 1>
ST_13 : Operation 96 [1/1] (2.18ns)   --->   "%partialBlock_9 = sub i32 168, %offset_assign_3" [sha3/KeccakSpongeWidth1600.c:322]   --->   Operation 96 'sub' 'partialBlock_9' <Predicate = true> <Delay = 2.18> <Core = "AddSub">   --->   Core 14 'AddSub' <Latency = 0> <II = 1> <Delay = 2.99> <FuncUnit> <Opcode : 'add' 'sub'> <InPorts = 2> <OutPorts = 1>
ST_13 : Operation 97 [1/1] (0.77ns)   --->   "%partialBlock_10 = select i1 %icmp_ln321, i32 %partialBlock_9, i32 %zext_ln320" [sha3/KeccakSpongeWidth1600.c:321]   --->   Operation 97 'select' 'partialBlock_10' <Predicate = true> <Delay = 0.77> <Core = "Sel">   --->   Core 26 'Sel' <Latency = 0> <II = 1> <Delay = 0.77> <FuncUnit> <Opcode : 'select'> <InPorts = 3> <OutPorts = 1>
ST_13 : Operation 98 [1/1] (0.00ns)   --->   "%zext_ln323 = zext i32 %partialBlock_10 to i64" [sha3/KeccakSpongeWidth1600.c:323]   --->   Operation 98 'zext' 'zext_ln323' <Predicate = true> <Delay = 0.00>
ST_13 : Operation 99 [1/1] (0.00ns)   --->   "%zext_ln323_2 = zext i32 %partialBlock_10 to i34" [sha3/KeccakSpongeWidth1600.c:323]   --->   Operation 99 'zext' 'zext_ln323_2' <Predicate = true> <Delay = 0.00>
ST_13 : Operation 100 [1/1] (2.23ns)   --->   "%i = add i34 %zext_ln323_2, %i_19_load" [sha3/KeccakSpongeWidth1600.c:323]   --->   Operation 100 'add' 'i' <Predicate = true> <Delay = 2.23> <Core = "AddSub">   --->   Core 14 'AddSub' <Latency = 0> <II = 1> <Delay = 2.99> <FuncUnit> <Opcode : 'add' 'sub'> <InPorts = 2> <OutPorts = 1>
ST_13 : Operation 101 [1/1] (1.35ns)   --->   "br label %._crit_edge1.i3" [sha3/KeccakP-1600-reference.c:390->sha3/KeccakSpongeWidth1600.c:325]   --->   Operation 101 'br' <Predicate = true> <Delay = 1.35>

State 14 <SV = 9> <Delay = 4.95>
ST_14 : Operation 102 [1/1] (0.00ns)   --->   "%loop_0_i1 = phi i32 [ %loop, %9 ], [ 0, %._crit_edge3.critedge ]"   --->   Operation 102 'phi' 'loop_0_i1' <Predicate = true> <Delay = 0.00>
ST_14 : Operation 103 [1/1] (2.11ns)   --->   "%icmp_ln393 = icmp eq i32 %loop_0_i1, %partialBlock_10" [sha3/KeccakP-1600-reference.c:393->sha3/KeccakSpongeWidth1600.c:325]   --->   Operation 103 'icmp' 'icmp_ln393' <Predicate = true> <Delay = 2.11> <Core = "Cmp">   --->   Core 25 'Cmp' <Latency = 0> <II = 1> <Delay = 2.11> <FuncUnit> <Opcode : 'icmp'> <InPorts = 2> <OutPorts = 1>
ST_14 : Operation 104 [1/1] (2.18ns)   --->   "%loop = add nsw i32 %loop_0_i1, 1" [sha3/KeccakP-1600-reference.c:393->sha3/KeccakSpongeWidth1600.c:325]   --->   Operation 104 'add' 'loop' <Predicate = true> <Delay = 2.18> <Core = "AddSub">   --->   Core 14 'AddSub' <Latency = 0> <II = 1> <Delay = 2.99> <FuncUnit> <Opcode : 'add' 'sub'> <InPorts = 2> <OutPorts = 1>
ST_14 : Operation 105 [1/1] (0.00ns)   --->   "br i1 %icmp_ln393, label %KeccakP1600_ExtractBytes.3.exit11, label %9" [sha3/KeccakP-1600-reference.c:393->sha3/KeccakSpongeWidth1600.c:325]   --->   Operation 105 'br' <Predicate = true> <Delay = 0.00>
ST_14 : Operation 106 [1/1] (2.18ns)   --->   "%add_ln394 = add i32 %loop_0_i1, %offset_assign_3" [sha3/KeccakP-1600-reference.c:394->sha3/KeccakSpongeWidth1600.c:325]   --->   Operation 106 'add' 'add_ln394' <Predicate = (!icmp_ln393)> <Delay = 2.18> <Core = "AddSub">   --->   Core 14 'AddSub' <Latency = 0> <II = 1> <Delay = 2.99> <FuncUnit> <Opcode : 'add' 'sub'> <InPorts = 2> <OutPorts = 1>
ST_14 : Operation 107 [1/1] (0.00ns)   --->   "%zext_ln394 = zext i32 %add_ln394 to i64" [sha3/KeccakP-1600-reference.c:394->sha3/KeccakSpongeWidth1600.c:325]   --->   Operation 107 'zext' 'zext_ln394' <Predicate = (!icmp_ln393)> <Delay = 0.00>
ST_14 : Operation 108 [1/1] (0.00ns)   --->   "%instance_state_addr_8 = getelementptr [200 x i8]* %instance_state, i64 0, i64 %zext_ln394" [sha3/KeccakP-1600-reference.c:394->sha3/KeccakSpongeWidth1600.c:325]   --->   Operation 108 'getelementptr' 'instance_state_addr_8' <Predicate = (!icmp_ln393)> <Delay = 0.00>
ST_14 : Operation 109 [2/2] (2.77ns)   --->   "%instance_state_load_8 = load i8* %instance_state_addr_8, align 1" [sha3/KeccakP-1600-reference.c:394->sha3/KeccakSpongeWidth1600.c:325]   --->   Operation 109 'load' 'instance_state_load_8' <Predicate = (!icmp_ln393)> <Delay = 2.77> <Core = "RAM">   --->   Core 37 'RAM' <Latency = 1> <II = 1> <Delay = 1.75> <Storage> <Opcode : 'load' 'store'> <Ports = 2> <Width = 8> <Depth = 32> <RAM>
ST_14 : Operation 110 [1/1] (0.00ns)   --->   "%trunc_ln394 = trunc i32 %loop_0_i1 to i7" [sha3/KeccakP-1600-reference.c:394->sha3/KeccakSpongeWidth1600.c:325]   --->   Operation 110 'trunc' 'trunc_ln394' <Predicate = (!icmp_ln393)> <Delay = 0.00>
ST_14 : Operation 111 [1/1] (2.18ns)   --->   "%add_ln330 = add i32 %offset_assign_3, %partialBlock_10" [sha3/KeccakSpongeWidth1600.c:330]   --->   Operation 111 'add' 'add_ln330' <Predicate = (icmp_ln393)> <Delay = 2.18> <Core = "AddSub">   --->   Core 14 'AddSub' <Latency = 0> <II = 1> <Delay = 2.99> <FuncUnit> <Opcode : 'add' 'sub'> <InPorts = 2> <OutPorts = 1>
ST_14 : Operation 112 [1/1] (1.45ns)   --->   "store i34 %i, i34* %i_19" [sha3/KeccakSpongeWidth1600.c:323]   --->   Operation 112 'store' <Predicate = (icmp_ln393)> <Delay = 1.45>
ST_14 : Operation 113 [1/1] (1.35ns)   --->   "br label %.backedge.backedge"   --->   Operation 113 'br' <Predicate = (icmp_ln393)> <Delay = 1.35>

State 15 <SV = 10> <Delay = 4.52>
ST_15 : Operation 114 [1/2] (2.77ns)   --->   "%instance_state_load_8 = load i8* %instance_state_addr_8, align 1" [sha3/KeccakP-1600-reference.c:394->sha3/KeccakSpongeWidth1600.c:325]   --->   Operation 114 'load' 'instance_state_load_8' <Predicate = true> <Delay = 2.77> <Core = "RAM">   --->   Core 37 'RAM' <Latency = 1> <II = 1> <Delay = 1.75> <Storage> <Opcode : 'load' 'store'> <Ports = 2> <Width = 8> <Depth = 32> <RAM>
ST_15 : Operation 115 [1/1] (0.00ns)   --->   "%trunc_ln302 = trunc i64 %curData_0_idx to i7" [sha3/KeccakSpongeWidth1600.c:302]   --->   Operation 115 'trunc' 'trunc_ln302' <Predicate = true> <Delay = 0.00>
ST_15 : Operation 116 [1/1] (1.66ns)   --->   "%add_ln394_4 = add i7 %trunc_ln302, %trunc_ln394" [sha3/KeccakP-1600-reference.c:394->sha3/KeccakSpongeWidth1600.c:325]   --->   Operation 116 'add' 'add_ln394_4' <Predicate = true> <Delay = 1.66> <Core = "AddSub">   --->   Core 14 'AddSub' <Latency = 0> <II = 1> <Delay = 2.99> <FuncUnit> <Opcode : 'add' 'sub'> <InPorts = 2> <OutPorts = 1>
ST_15 : Operation 117 [1/1] (0.00ns)   --->   "%zext_ln394_4 = zext i7 %add_ln394_4 to i64" [sha3/KeccakP-1600-reference.c:394->sha3/KeccakSpongeWidth1600.c:325]   --->   Operation 117 'zext' 'zext_ln394_4' <Predicate = true> <Delay = 0.00>
ST_15 : Operation 118 [1/1] (0.00ns)   --->   "%data_addr = getelementptr [32 x i8]* %data, i64 0, i64 %zext_ln394_4" [sha3/KeccakP-1600-reference.c:394->sha3/KeccakSpongeWidth1600.c:325]   --->   Operation 118 'getelementptr' 'data_addr' <Predicate = true> <Delay = 0.00>
ST_15 : Operation 119 [1/1] (1.75ns)   --->   "store i8 %instance_state_load_8, i8* %data_addr, align 1" [sha3/KeccakP-1600-reference.c:394->sha3/KeccakSpongeWidth1600.c:325]   --->   Operation 119 'store' <Predicate = true> <Delay = 1.75> <Core = "RAM">   --->   Core 37 'RAM' <Latency = 1> <II = 1> <Delay = 1.75> <Storage> <Opcode : 'load' 'store'> <Ports = 2> <Width = 8> <Depth = 32> <RAM>
ST_15 : Operation 120 [1/1] (0.00ns)   --->   "br label %._crit_edge1.i3" [sha3/KeccakP-1600-reference.c:393->sha3/KeccakSpongeWidth1600.c:325]   --->   Operation 120 'br' <Predicate = true> <Delay = 0.00>

State 16 <SV = 10> <Delay = 2.99>
ST_16 : Operation 121 [1/1] (0.00ns)   --->   "%instance_byteIOIndex_3 = phi i32 [ %add_ln330, %KeccakP1600_ExtractBytes.3.exit11 ], [ 168, %8 ]" [sha3/KeccakSpongeWidth1600.c:330]   --->   Operation 121 'phi' 'instance_byteIOIndex_3' <Predicate = true> <Delay = 0.00>
ST_16 : Operation 122 [1/1] (0.00ns) (grouped into LUT with out node add_ln329)   --->   "%curData_1_rec_pn = phi i64 [ %zext_ln323, %KeccakP1600_ExtractBytes.3.exit11 ], [ %curData_1_rec, %8 ]" [sha3/KeccakSpongeWidth1600.c:323]   --->   Operation 122 'phi' 'curData_1_rec_pn' <Predicate = true> <Delay = 0.00>
ST_16 : Operation 123 [1/1] (2.99ns) (out node of the LUT)   --->   "%add_ln329 = add i64 %curData_1_rec_pn, %curData_0_idx" [sha3/KeccakSpongeWidth1600.c:329]   --->   Operation 123 'add' 'add_ln329' <Predicate = true> <Delay = 2.99> <Core = "AddSub">   --->   Core 14 'AddSub' <Latency = 0> <II = 1> <Delay = 2.99> <FuncUnit> <Opcode : 'add' 'sub'> <InPorts = 2> <OutPorts = 1>
ST_16 : Operation 124 [1/1] (0.00ns)   --->   "br label %.backedge"   --->   Operation 124 'br' <Predicate = true> <Delay = 0.00>


============================================================
+ Verbose Summary: Timing violations
============================================================
Target clock period: 10ns, clock uncertainty: 1.25ns.

 <State 1>: 3.46ns
The critical path consists of the following:
	wire read on port 'instance_squeezing_read' (sha3/KeccakSpongeWidth1600.c:290) [9]  (0 ns)
	'icmp' operation ('icmp_ln297', sha3/KeccakSpongeWidth1600.c:297) [11]  (2.11 ns)
	multiplexor before 'phi' operation ('instance_byteIOIndex_38', sha3/KeccakSpongeWidth1600.c:290) with incoming values : ('instance.byteIOIndex', sha3/KeccakSpongeWidth1600.c:290) [26]  (1.35 ns)

 <State 2>: 6.34ns
The critical path consists of the following:
	'load' operation ('instance_state_load', sha3/KeccakP-1600-reference.c:149->sha3/KeccakSpongeWidth1600.c:265->sha3/KeccakSpongeWidth1600.c:298) on array 'instance_state' [16]  (2.77 ns)
	'xor' operation ('xor_ln149', sha3/KeccakP-1600-reference.c:149->sha3/KeccakSpongeWidth1600.c:265->sha3/KeccakSpongeWidth1600.c:298) [17]  (0.8 ns)
	'store' operation ('store_ln149', sha3/KeccakP-1600-reference.c:149->sha3/KeccakSpongeWidth1600.c:265->sha3/KeccakSpongeWidth1600.c:298) of variable 'xor_ln149', sha3/KeccakP-1600-reference.c:149->sha3/KeccakSpongeWidth1600.c:265->sha3/KeccakSpongeWidth1600.c:298 on array 'instance_state' [18]  (2.77 ns)

 <State 3>: 2.77ns
The critical path consists of the following:
	'getelementptr' operation ('instance_state_addr_7', sha3/KeccakP-1600-reference.c:149->sha3/KeccakSpongeWidth1600.c:270->sha3/KeccakSpongeWidth1600.c:298) [19]  (0 ns)
	'load' operation ('instance_state_load_7', sha3/KeccakP-1600-reference.c:149->sha3/KeccakSpongeWidth1600.c:270->sha3/KeccakSpongeWidth1600.c:298) on array 'instance_state' [20]  (2.77 ns)

 <State 4>: 6.34ns
The critical path consists of the following:
	'load' operation ('instance_state_load_7', sha3/KeccakP-1600-reference.c:149->sha3/KeccakSpongeWidth1600.c:270->sha3/KeccakSpongeWidth1600.c:298) on array 'instance_state' [20]  (2.77 ns)
	'xor' operation ('xor_ln149_3', sha3/KeccakP-1600-reference.c:149->sha3/KeccakSpongeWidth1600.c:270->sha3/KeccakSpongeWidth1600.c:298) [21]  (0.8 ns)
	'store' operation ('store_ln149', sha3/KeccakP-1600-reference.c:149->sha3/KeccakSpongeWidth1600.c:270->sha3/KeccakSpongeWidth1600.c:298) of variable 'xor_ln149_3', sha3/KeccakP-1600-reference.c:149->sha3/KeccakSpongeWidth1600.c:270->sha3/KeccakSpongeWidth1600.c:298 on array 'instance_state' [22]  (2.77 ns)

 <State 5>: 1.45ns
The critical path consists of the following:
	'call' operation ('call_ln279', sha3/KeccakSpongeWidth1600.c:279->sha3/KeccakSpongeWidth1600.c:298) to 'KeccakP1600_Permute_' [23]  (1.45 ns)

 <State 6>: 1.45ns
The critical path consists of the following:
	'alloca' operation ('i') [27]  (0 ns)
	'store' operation ('store_ln302', sha3/KeccakSpongeWidth1600.c:302) of constant 0 on local variable 'i' [28]  (1.45 ns)

 <State 7>: 4.23ns
The critical path consists of the following:
	'load' operation ('i_19_load', sha3/KeccakSpongeWidth1600.c:320) on local variable 'i' [33]  (0 ns)
	'add' operation ('add_ln303', sha3/KeccakSpongeWidth1600.c:303) [42]  (2.14 ns)
	'icmp' operation ('icmp_ln303_1', sha3/KeccakSpongeWidth1600.c:303) [43]  (2.09 ns)

 <State 8>: 3.68ns
The critical path consists of the following:
	'phi' operation ('j') with incoming values : ('zext_ln304', sha3/KeccakSpongeWidth1600.c:304) ('j', sha3/KeccakSpongeWidth1600.c:304) [50]  (0 ns)
	'sub' operation ('sub_ln312', sha3/KeccakSpongeWidth1600.c:312) [82]  (2.23 ns)
	'store' operation ('store_ln313', sha3/KeccakSpongeWidth1600.c:313) of variable 'sub_ln312', sha3/KeccakSpongeWidth1600.c:312 on local variable 'i' [83]  (1.45 ns)

 <State 9>: 1.35ns
The critical path consists of the following:
	multiplexor before 'phi' operation ('loop') with incoming values : ('loop', sha3/KeccakP-1600-reference.c:393->sha3/KeccakSpongeWidth1600.c:306) [58]  (1.35 ns)

 <State 10>: 3ns
The critical path consists of the following:
	'add' operation ('add_ln310', sha3/KeccakSpongeWidth1600.c:310) [77]  (3 ns)

 <State 11>: 4.66ns
The critical path consists of the following:
	'add' operation ('add_ln394_5', sha3/KeccakP-1600-reference.c:394->sha3/KeccakSpongeWidth1600.c:306) [69]  (0 ns)
	'add' operation ('add_ln394_6', sha3/KeccakP-1600-reference.c:394->sha3/KeccakSpongeWidth1600.c:306) [71]  (2.91 ns)
	'getelementptr' operation ('data_addr_2', sha3/KeccakP-1600-reference.c:394->sha3/KeccakSpongeWidth1600.c:306) [73]  (0 ns)
	'store' operation ('store_ln394', sha3/KeccakP-1600-reference.c:394->sha3/KeccakSpongeWidth1600.c:306) of variable 'instance_state_load_9', sha3/KeccakP-1600-reference.c:394->sha3/KeccakSpongeWidth1600.c:306 on array 'data' [74]  (1.75 ns)

 <State 12>: 1.6ns
The critical path consists of the following:
	'sub' operation ('partialBlock', sha3/KeccakSpongeWidth1600.c:320) [91]  (1.6 ns)

 <State 13>: 7.29ns
The critical path consists of the following:
	'phi' operation ('offset', sha3/KeccakSpongeWidth1600.c:330) with incoming values : ('instance.byteIOIndex', sha3/KeccakSpongeWidth1600.c:290) ('add_ln330', sha3/KeccakSpongeWidth1600.c:330) [89]  (0 ns)
	'add' operation ('add_ln321', sha3/KeccakSpongeWidth1600.c:321) [93]  (2.18 ns)
	'icmp' operation ('icmp_ln321', sha3/KeccakSpongeWidth1600.c:321) [94]  (2.11 ns)
	'select' operation ('partialBlock', sha3/KeccakSpongeWidth1600.c:321) [96]  (0.773 ns)
	'add' operation ('i', sha3/KeccakSpongeWidth1600.c:323) [99]  (2.23 ns)

 <State 14>: 4.95ns
The critical path consists of the following:
	'phi' operation ('loop') with incoming values : ('loop', sha3/KeccakP-1600-reference.c:393->sha3/KeccakSpongeWidth1600.c:325) [102]  (0 ns)
	'add' operation ('add_ln394', sha3/KeccakP-1600-reference.c:394->sha3/KeccakSpongeWidth1600.c:325) [107]  (2.18 ns)
	'getelementptr' operation ('instance_state_addr_8', sha3/KeccakP-1600-reference.c:394->sha3/KeccakSpongeWidth1600.c:325) [109]  (0 ns)
	'load' operation ('instance_state_load_8', sha3/KeccakP-1600-reference.c:394->sha3/KeccakSpongeWidth1600.c:325) on array 'instance_state' [110]  (2.77 ns)

 <State 15>: 4.53ns
The critical path consists of the following:
	'load' operation ('instance_state_load_8', sha3/KeccakP-1600-reference.c:394->sha3/KeccakSpongeWidth1600.c:325) on array 'instance_state' [110]  (2.77 ns)
	'store' operation ('store_ln394', sha3/KeccakP-1600-reference.c:394->sha3/KeccakSpongeWidth1600.c:325) of variable 'instance_state_load_8', sha3/KeccakP-1600-reference.c:394->sha3/KeccakSpongeWidth1600.c:325 on array 'data' [116]  (1.75 ns)

 <State 16>: 3ns
The critical path consists of the following:
	'phi' operation ('curData_1_rec_pn', sha3/KeccakSpongeWidth1600.c:323) with incoming values : ('add_ln310', sha3/KeccakSpongeWidth1600.c:310) ('zext_ln323', sha3/KeccakSpongeWidth1600.c:323) [124]  (0 ns)
	'add' operation ('add_ln329', sha3/KeccakSpongeWidth1600.c:329) [125]  (3 ns)


============================================================
+ Verbose Summary: Binding
============================================================
N/A
* FSMD analyzer results:
  - Output states:
 - Input state : 
  - Chain level:
	State 1
	State 2
	State 3
	State 4
	State 5
	State 6
	State 7
	State 8
	State 9
	State 10
	State 11
	State 12
	State 13
	State 14
	State 15
	State 16


============================================================
+ Verbose Summary: Datapath Resource usage 
============================================================
N/A
