

================================================================
== Vivado HLS Report for 'KeccakP1600_Permute_s'
================================================================
* Date:           Thu May  7 17:59:52 2020

* Version:        2019.2 (Build 2704478 on Wed Nov 06 22:10:23 MST 2019)
* Project:        picnic1
* Solution:       sing_open
* Product family: artix7
* Target device:  xc7a200t-fbg676-2


================================================================
== Performance Estimates
================================================================
+ Timing: 
    * Summary: 
    +--------+----------+----------+------------+
    |  Clock |  Target  | Estimated| Uncertainty|
    +--------+----------+----------+------------+
    |ap_clk  | 10.00 ns | 8.579 ns |   1.25 ns  |
    +--------+----------+----------+------------+

+ Latency: 
    * Summary: 
    +---------+---------+----------+----------+-------+-------+---------+
    |  Latency (cycles) |  Latency (absolute) |    Interval   | Pipeline|
    |   min   |   max   |    min   |    max   |  min  |  max  |   Type  |
    +---------+---------+----------+----------+-------+-------+---------+
    |    18584|    18584| 0.186 ms | 0.186 ms |  18584|  18584|   none  |
    +---------+---------+----------+----------+-------+-------+---------+

    + Detail: 
        * Instance: 
        N/A

        * Loop: 
        +-----------------+---------+---------+----------+-----------+-----------+------+----------+
        |                 |  Latency (cycles) | Iteration|  Initiation Interval  | Trip |          |
        |    Loop Name    |   min   |   max   |  Latency |  achieved |   target  | Count| Pipelined|
        +-----------------+---------+---------+----------+-----------+-----------+------+----------+
        |- Loop 1         |      450|      450|        18|          -|          -|    25|    no    |
        | + Loop 1.1      |       16|       16|         2|          -|          -|     8|    no    |
        |- Loop 2         |    17856|    17856|       744|          -|          -|    24|    no    |
        | + Loop 2.1      |       85|       85|        17|          -|          -|     5|    no    |
        |  ++ Loop 2.1.1  |       15|       15|         3|          -|          -|     5|    no    |
        |- Loop 3         |      275|      275|        11|          -|          -|    25|    no    |
        | + Loop 3.1      |        8|        8|         1|          -|          -|     8|    no    |
        +-----------------+---------+---------+----------+-----------+-----------+------+----------+

============================================================
+ Verbose Summary: Synthesis Manager
============================================================
InlineROM: 1
ExposeGlobal: 1
============================================================
+ Verbose Summary: CDFG Model
============================================================
IsTopModel: 0
ResetActiveHigh: 1
IsCombinational: 0
IsDatapathOnly: 0
HasWiredReturn: 1
HasMFsm: 0
HasVarLatency: 1
IsPipeline: 0
IsRtlPipelined: 0
IsInstanceOverlapped: 0
IsDontTouch: 0
HasImplIP: 0
IsGatedGlobalClock: 0


============================================================
+ Verbose Summary: Schedule
============================================================
* Number of FSM states : 18
* Pipeline : 0
* Dataflow Pipeline: 0

* FSM state transitions: 
1 --> 2 
2 --> 3 5 
3 --> 4 2 
4 --> 3 
5 --> 6 16 
6 --> 7 
7 --> 11 8 
8 --> 9 7 
9 --> 10 
10 --> 8 
11 --> 12 
12 --> 13 
13 --> 14 
14 --> 15 
15 --> 5 
16 --> 17 
17 --> 18 
18 --> 18 16 

* FSM state operations: 

State 1 <SV = 0> <Delay = 1.35>
ST_1 : Operation 19 [1/1] (0.00ns)   --->   "%stateAsWords = alloca [25 x i64], align 16" [sha3/KeccakP-1600-reference.c:240]   --->   Operation 19 'alloca' 'stateAsWords' <Predicate = true> <Delay = 0.00> <Core = "RAM">   --->   Core 37 'RAM' <Latency = 1> <II = 1> <Delay = 2.77> <Storage> <Opcode : 'load' 'store'> <Ports = 2> <Width = 8> <Depth = 200> <RAM>
ST_1 : Operation 20 [1/1] (1.35ns)   --->   "br label %.loopexit1" [sha3/KeccakP-1600-reference.c:269->sha3/KeccakP-1600-reference.c:256]   --->   Operation 20 'br' <Predicate = true> <Delay = 1.35>

State 2 <SV = 1> <Delay = 2.77>
ST_2 : Operation 21 [1/1] (0.00ns)   --->   "%i_0_i = phi i5 [ 0, %0 ], [ %i_28, %.loopexit1.loopexit ]"   --->   Operation 21 'phi' 'i_0_i' <Predicate = true> <Delay = 0.00>
ST_2 : Operation 22 [1/1] (1.21ns)   --->   "%icmp_ln269 = icmp eq i5 %i_0_i, -7" [sha3/KeccakP-1600-reference.c:269->sha3/KeccakP-1600-reference.c:256]   --->   Operation 22 'icmp' 'icmp_ln269' <Predicate = true> <Delay = 1.21> <Core = "Cmp">   --->   Core 25 'Cmp' <Latency = 0> <II = 1> <Delay = 1.21> <FuncUnit> <Opcode : 'icmp'> <InPorts = 2> <OutPorts = 1>
ST_2 : Operation 23 [1/1] (0.00ns)   --->   "%empty = call i32 (...)* @_ssdm_op_SpecLoopTripCount(i64 25, i64 25, i64 25)"   --->   Operation 23 'speclooptripcount' 'empty' <Predicate = true> <Delay = 0.00>
ST_2 : Operation 24 [1/1] (1.54ns)   --->   "%i_28 = add i5 %i_0_i, 1" [sha3/KeccakP-1600-reference.c:269->sha3/KeccakP-1600-reference.c:256]   --->   Operation 24 'add' 'i_28' <Predicate = true> <Delay = 1.54> <Core = "AddSub">   --->   Core 14 'AddSub' <Latency = 0> <II = 1> <Delay = 1.71> <FuncUnit> <Opcode : 'add' 'sub'> <InPorts = 2> <OutPorts = 1>
ST_2 : Operation 25 [1/1] (0.00ns)   --->   "br i1 %icmp_ln269, label %fromBytesToWords.exit.preheader, label %1" [sha3/KeccakP-1600-reference.c:269->sha3/KeccakP-1600-reference.c:256]   --->   Operation 25 'br' <Predicate = true> <Delay = 0.00>
ST_2 : Operation 26 [1/1] (0.00ns)   --->   "%zext_ln270 = zext i5 %i_0_i to i64" [sha3/KeccakP-1600-reference.c:270->sha3/KeccakP-1600-reference.c:256]   --->   Operation 26 'zext' 'zext_ln270' <Predicate = (!icmp_ln269)> <Delay = 0.00>
ST_2 : Operation 27 [1/1] (0.00ns)   --->   "%stateAsWords_addr_1 = getelementptr [25 x i64]* %stateAsWords, i64 0, i64 %zext_ln270" [sha3/KeccakP-1600-reference.c:270->sha3/KeccakP-1600-reference.c:256]   --->   Operation 27 'getelementptr' 'stateAsWords_addr_1' <Predicate = (!icmp_ln269)> <Delay = 0.00>
ST_2 : Operation 28 [1/1] (2.77ns)   --->   "store i64 0, i64* %stateAsWords_addr_1, align 8" [sha3/KeccakP-1600-reference.c:270->sha3/KeccakP-1600-reference.c:256]   --->   Operation 28 'store' <Predicate = (!icmp_ln269)> <Delay = 2.77> <Core = "RAM">   --->   Core 37 'RAM' <Latency = 1> <II = 1> <Delay = 2.77> <Storage> <Opcode : 'load' 'store'> <Ports = 2> <Width = 8> <Depth = 200> <RAM>
ST_2 : Operation 29 [1/1] (0.00ns)   --->   "%shl_ln = call i8 @_ssdm_op_BitConcatenate.i8.i5.i3(i5 %i_0_i, i3 0)" [sha3/KeccakP-1600-reference.c:272->sha3/KeccakP-1600-reference.c:256]   --->   Operation 29 'bitconcatenate' 'shl_ln' <Predicate = (!icmp_ln269)> <Delay = 0.00>
ST_2 : Operation 30 [1/1] (1.35ns)   --->   "br label %2" [sha3/KeccakP-1600-reference.c:271->sha3/KeccakP-1600-reference.c:256]   --->   Operation 30 'br' <Predicate = (!icmp_ln269)> <Delay = 1.35>
ST_2 : Operation 31 [1/1] (0.00ns)   --->   "%stateAsWords_addr = getelementptr [25 x i64]* %stateAsWords, i64 0, i64 0" [sha3/KeccakP-1600-reference.c:380->sha3/KeccakP-1600-reference.c:323->sha3/KeccakP-1600-reference.c:294->sha3/KeccakP-1600-reference.c:257]   --->   Operation 31 'getelementptr' 'stateAsWords_addr' <Predicate = (icmp_ln269)> <Delay = 0.00>
ST_2 : Operation 32 [1/1] (1.35ns)   --->   "br label %fromBytesToWords.exit" [sha3/KeccakP-1600-reference.c:293->sha3/KeccakP-1600-reference.c:257]   --->   Operation 32 'br' <Predicate = (icmp_ln269)> <Delay = 1.35>

State 3 <SV = 2> <Delay = 4.49>
ST_3 : Operation 33 [1/1] (0.00ns)   --->   "%j_0_i = phi i4 [ 0, %1 ], [ %j, %3 ]"   --->   Operation 33 'phi' 'j_0_i' <Predicate = true> <Delay = 0.00>
ST_3 : Operation 34 [1/1] (0.00ns)   --->   "%zext_ln271 = zext i4 %j_0_i to i8" [sha3/KeccakP-1600-reference.c:271->sha3/KeccakP-1600-reference.c:256]   --->   Operation 34 'zext' 'zext_ln271' <Predicate = true> <Delay = 0.00>
ST_3 : Operation 35 [1/1] (1.21ns)   --->   "%icmp_ln271 = icmp eq i4 %j_0_i, -8" [sha3/KeccakP-1600-reference.c:271->sha3/KeccakP-1600-reference.c:256]   --->   Operation 35 'icmp' 'icmp_ln271' <Predicate = true> <Delay = 1.21> <Core = "Cmp">   --->   Core 25 'Cmp' <Latency = 0> <II = 1> <Delay = 1.21> <FuncUnit> <Opcode : 'icmp'> <InPorts = 2> <OutPorts = 1>
ST_3 : Operation 36 [1/1] (0.00ns)   --->   "%empty_412 = call i32 (...)* @_ssdm_op_SpecLoopTripCount(i64 8, i64 8, i64 8)"   --->   Operation 36 'speclooptripcount' 'empty_412' <Predicate = true> <Delay = 0.00>
ST_3 : Operation 37 [1/1] (1.49ns)   --->   "%j = add i4 %j_0_i, 1" [sha3/KeccakP-1600-reference.c:271->sha3/KeccakP-1600-reference.c:256]   --->   Operation 37 'add' 'j' <Predicate = true> <Delay = 1.49> <Core = "AddSub">   --->   Core 14 'AddSub' <Latency = 0> <II = 1> <Delay = 1.71> <FuncUnit> <Opcode : 'add' 'sub'> <InPorts = 2> <OutPorts = 1>
ST_3 : Operation 38 [1/1] (0.00ns)   --->   "br i1 %icmp_ln271, label %.loopexit1.loopexit, label %3" [sha3/KeccakP-1600-reference.c:271->sha3/KeccakP-1600-reference.c:256]   --->   Operation 38 'br' <Predicate = true> <Delay = 0.00>
ST_3 : Operation 39 [1/1] (1.71ns)   --->   "%add_ln272 = add i8 %shl_ln, %zext_ln271" [sha3/KeccakP-1600-reference.c:272->sha3/KeccakP-1600-reference.c:256]   --->   Operation 39 'add' 'add_ln272' <Predicate = (!icmp_ln271)> <Delay = 1.71> <Core = "AddSub">   --->   Core 14 'AddSub' <Latency = 0> <II = 1> <Delay = 1.71> <FuncUnit> <Opcode : 'add' 'sub'> <InPorts = 2> <OutPorts = 1>
ST_3 : Operation 40 [1/1] (0.00ns)   --->   "%zext_ln272 = zext i8 %add_ln272 to i64" [sha3/KeccakP-1600-reference.c:272->sha3/KeccakP-1600-reference.c:256]   --->   Operation 40 'zext' 'zext_ln272' <Predicate = (!icmp_ln271)> <Delay = 0.00>
ST_3 : Operation 41 [1/1] (0.00ns)   --->   "%state_addr = getelementptr [200 x i8]* %state, i64 0, i64 %zext_ln272" [sha3/KeccakP-1600-reference.c:272->sha3/KeccakP-1600-reference.c:256]   --->   Operation 41 'getelementptr' 'state_addr' <Predicate = (!icmp_ln271)> <Delay = 0.00>
ST_3 : Operation 42 [2/2] (2.77ns)   --->   "%state_load = load i8* %state_addr, align 1" [sha3/KeccakP-1600-reference.c:272->sha3/KeccakP-1600-reference.c:256]   --->   Operation 42 'load' 'state_load' <Predicate = (!icmp_ln271)> <Delay = 2.77> <Core = "RAM">   --->   Core 37 'RAM' <Latency = 1> <II = 1> <Delay = 2.77> <Storage> <Opcode : 'load' 'store'> <Ports = 2> <Width = 8> <Depth = 200> <RAM>
ST_3 : Operation 43 [2/2] (2.77ns)   --->   "%stateAsWords_load = load i64* %stateAsWords_addr_1, align 8" [sha3/KeccakP-1600-reference.c:272->sha3/KeccakP-1600-reference.c:256]   --->   Operation 43 'load' 'stateAsWords_load' <Predicate = (!icmp_ln271)> <Delay = 2.77> <Core = "RAM">   --->   Core 37 'RAM' <Latency = 1> <II = 1> <Delay = 2.77> <Storage> <Opcode : 'load' 'store'> <Ports = 2> <Width = 8> <Depth = 200> <RAM>
ST_3 : Operation 44 [1/1] (0.00ns)   --->   "br label %.loopexit1"   --->   Operation 44 'br' <Predicate = (icmp_ln271)> <Delay = 0.00>

State 4 <SV = 3> <Delay = 7.96>
ST_4 : Operation 45 [1/2] (2.77ns)   --->   "%state_load = load i8* %state_addr, align 1" [sha3/KeccakP-1600-reference.c:272->sha3/KeccakP-1600-reference.c:256]   --->   Operation 45 'load' 'state_load' <Predicate = true> <Delay = 2.77> <Core = "RAM">   --->   Core 37 'RAM' <Latency = 1> <II = 1> <Delay = 2.77> <Storage> <Opcode : 'load' 'store'> <Ports = 2> <Width = 8> <Depth = 200> <RAM>
ST_4 : Operation 46 [1/1] (0.00ns) (grouped into LUT with out node or_ln272)   --->   "%zext_ln272_1 = zext i8 %state_load to i64" [sha3/KeccakP-1600-reference.c:272->sha3/KeccakP-1600-reference.c:256]   --->   Operation 46 'zext' 'zext_ln272_1' <Predicate = true> <Delay = 0.00>
ST_4 : Operation 47 [1/1] (0.00ns) (grouped into LUT with out node or_ln272)   --->   "%trunc_ln272 = trunc i4 %j_0_i to i3" [sha3/KeccakP-1600-reference.c:272->sha3/KeccakP-1600-reference.c:256]   --->   Operation 47 'trunc' 'trunc_ln272' <Predicate = true> <Delay = 0.00>
ST_4 : Operation 48 [1/1] (0.00ns) (grouped into LUT with out node or_ln272)   --->   "%shl_ln272_1 = call i6 @_ssdm_op_BitConcatenate.i6.i3.i3(i3 %trunc_ln272, i3 0)" [sha3/KeccakP-1600-reference.c:272->sha3/KeccakP-1600-reference.c:256]   --->   Operation 48 'bitconcatenate' 'shl_ln272_1' <Predicate = true> <Delay = 0.00>
ST_4 : Operation 49 [1/1] (0.00ns) (grouped into LUT with out node or_ln272)   --->   "%zext_ln272_2 = zext i6 %shl_ln272_1 to i64" [sha3/KeccakP-1600-reference.c:272->sha3/KeccakP-1600-reference.c:256]   --->   Operation 49 'zext' 'zext_ln272_2' <Predicate = true> <Delay = 0.00>
ST_4 : Operation 50 [1/1] (0.00ns) (grouped into LUT with out node or_ln272)   --->   "%shl_ln272 = shl i64 %zext_ln272_1, %zext_ln272_2" [sha3/KeccakP-1600-reference.c:272->sha3/KeccakP-1600-reference.c:256]   --->   Operation 50 'shl' 'shl_ln272' <Predicate = true> <Delay = 0.00> <Core = "Shift">   --->   Core 28 'Shift' <Latency = 0> <II = 1> <Delay = 3.47> <FuncUnit> <Opcode : 'shl' 'lshr' 'ashr'> <InPorts = 2> <OutPorts = 1>
ST_4 : Operation 51 [1/2] (2.77ns)   --->   "%stateAsWords_load = load i64* %stateAsWords_addr_1, align 8" [sha3/KeccakP-1600-reference.c:272->sha3/KeccakP-1600-reference.c:256]   --->   Operation 51 'load' 'stateAsWords_load' <Predicate = true> <Delay = 2.77> <Core = "RAM">   --->   Core 37 'RAM' <Latency = 1> <II = 1> <Delay = 2.77> <Storage> <Opcode : 'load' 'store'> <Ports = 2> <Width = 8> <Depth = 200> <RAM>
ST_4 : Operation 52 [1/1] (2.42ns) (out node of the LUT)   --->   "%or_ln272 = or i64 %stateAsWords_load, %shl_ln272" [sha3/KeccakP-1600-reference.c:272->sha3/KeccakP-1600-reference.c:256]   --->   Operation 52 'or' 'or_ln272' <Predicate = true> <Delay = 2.42> <Core = "LogicGate">   --->   Core 27 'LogicGate' <Latency = 0> <II = 1> <Delay = 0.80> <FuncUnit> <Opcode : 'and' 'or' 'xor'> <InPorts = 2> <OutPorts = 1>
ST_4 : Operation 53 [1/1] (2.77ns)   --->   "store i64 %or_ln272, i64* %stateAsWords_addr_1, align 8" [sha3/KeccakP-1600-reference.c:272->sha3/KeccakP-1600-reference.c:256]   --->   Operation 53 'store' <Predicate = true> <Delay = 2.77> <Core = "RAM">   --->   Core 37 'RAM' <Latency = 1> <II = 1> <Delay = 2.77> <Storage> <Opcode : 'load' 'store'> <Ports = 2> <Width = 8> <Depth = 200> <RAM>
ST_4 : Operation 54 [1/1] (0.00ns)   --->   "br label %2" [sha3/KeccakP-1600-reference.c:271->sha3/KeccakP-1600-reference.c:256]   --->   Operation 54 'br' <Predicate = true> <Delay = 0.00>

State 5 <SV = 2> <Delay = 1.54>
ST_5 : Operation 55 [1/1] (0.00ns)   --->   "%indexRound_assign = phi i5 [ %i_29, %rho.exit ], [ 0, %fromBytesToWords.exit.preheader ]"   --->   Operation 55 'phi' 'indexRound_assign' <Predicate = true> <Delay = 0.00>
ST_5 : Operation 56 [1/1] (1.21ns)   --->   "%icmp_ln293 = icmp eq i5 %indexRound_assign, -8" [sha3/KeccakP-1600-reference.c:293->sha3/KeccakP-1600-reference.c:257]   --->   Operation 56 'icmp' 'icmp_ln293' <Predicate = true> <Delay = 1.21> <Core = "Cmp">   --->   Core 25 'Cmp' <Latency = 0> <II = 1> <Delay = 1.21> <FuncUnit> <Opcode : 'icmp'> <InPorts = 2> <OutPorts = 1>
ST_5 : Operation 57 [1/1] (0.00ns)   --->   "%empty_413 = call i32 (...)* @_ssdm_op_SpecLoopTripCount(i64 24, i64 24, i64 24)"   --->   Operation 57 'speclooptripcount' 'empty_413' <Predicate = true> <Delay = 0.00>
ST_5 : Operation 58 [1/1] (1.54ns)   --->   "%i_29 = add i5 %indexRound_assign, 1" [sha3/KeccakP-1600-reference.c:293->sha3/KeccakP-1600-reference.c:257]   --->   Operation 58 'add' 'i_29' <Predicate = true> <Delay = 1.54> <Core = "AddSub">   --->   Core 14 'AddSub' <Latency = 0> <II = 1> <Delay = 1.71> <FuncUnit> <Opcode : 'add' 'sub'> <InPorts = 2> <OutPorts = 1>
ST_5 : Operation 59 [1/1] (0.00ns)   --->   "br i1 %icmp_ln293, label %KeccakP1600OnWords.exit.preheader, label %4" [sha3/KeccakP-1600-reference.c:293->sha3/KeccakP-1600-reference.c:257]   --->   Operation 59 'br' <Predicate = true> <Delay = 0.00>
ST_5 : Operation 60 [2/2] (0.00ns)   --->   "call fastcc void @theta([25 x i64]* %stateAsWords)" [sha3/KeccakP-1600-reference.c:303->sha3/KeccakP-1600-reference.c:294->sha3/KeccakP-1600-reference.c:257]   --->   Operation 60 'call' <Predicate = (!icmp_ln293)> <Delay = 0.00> <CoreType = "Generic">   --->   Core 0 '' <Latency = 0> <II = 1> <Delay = 1.00> <Generic> <Opcode : >
ST_5 : Operation 61 [1/1] (1.35ns)   --->   "br label %KeccakP1600OnWords.exit" [sha3/KeccakP-1600-reference.c:280->sha3/KeccakP-1600-reference.c:258]   --->   Operation 61 'br' <Predicate = (icmp_ln293)> <Delay = 1.35>

State 6 <SV = 3> <Delay = 1.35>
ST_6 : Operation 62 [1/2] (0.00ns)   --->   "call fastcc void @theta([25 x i64]* %stateAsWords)" [sha3/KeccakP-1600-reference.c:303->sha3/KeccakP-1600-reference.c:294->sha3/KeccakP-1600-reference.c:257]   --->   Operation 62 'call' <Predicate = true> <Delay = 0.00> <CoreType = "Generic">   --->   Core 0 '' <Latency = 0> <II = 1> <Delay = 1.00> <Generic> <Opcode : >
ST_6 : Operation 63 [1/1] (1.35ns)   --->   "br label %.loopexit" [sha3/KeccakP-1600-reference.c:352->sha3/KeccakP-1600-reference.c:308->sha3/KeccakP-1600-reference.c:294->sha3/KeccakP-1600-reference.c:257]   --->   Operation 63 'br' <Predicate = true> <Delay = 1.35>

State 7 <SV = 4> <Delay = 1.35>
ST_7 : Operation 64 [1/1] (0.00ns)   --->   "%x_0_i = phi i3 [ 0, %4 ], [ %x, %.loopexit.loopexit ]"   --->   Operation 64 'phi' 'x_0_i' <Predicate = true> <Delay = 0.00>
ST_7 : Operation 65 [1/1] (1.00ns)   --->   "%icmp_ln352 = icmp eq i3 %x_0_i, -3" [sha3/KeccakP-1600-reference.c:352->sha3/KeccakP-1600-reference.c:308->sha3/KeccakP-1600-reference.c:294->sha3/KeccakP-1600-reference.c:257]   --->   Operation 65 'icmp' 'icmp_ln352' <Predicate = true> <Delay = 1.00> <Core = "Cmp">   --->   Core 25 'Cmp' <Latency = 0> <II = 1> <Delay = 1.21> <FuncUnit> <Opcode : 'icmp'> <InPorts = 2> <OutPorts = 1>
ST_7 : Operation 66 [1/1] (0.00ns)   --->   "%empty_414 = call i32 (...)* @_ssdm_op_SpecLoopTripCount(i64 5, i64 5, i64 5)"   --->   Operation 66 'speclooptripcount' 'empty_414' <Predicate = true> <Delay = 0.00>
ST_7 : Operation 67 [1/1] (1.34ns)   --->   "%x = add i3 %x_0_i, 1" [sha3/KeccakP-1600-reference.c:352->sha3/KeccakP-1600-reference.c:308->sha3/KeccakP-1600-reference.c:294->sha3/KeccakP-1600-reference.c:257]   --->   Operation 67 'add' 'x' <Predicate = true> <Delay = 1.34> <Core = "AddSub">   --->   Core 14 'AddSub' <Latency = 0> <II = 1> <Delay = 1.71> <FuncUnit> <Opcode : 'add' 'sub'> <InPorts = 2> <OutPorts = 1>
ST_7 : Operation 68 [1/1] (0.00ns)   --->   "br i1 %icmp_ln352, label %rho.exit, label %.preheader.preheader.i1" [sha3/KeccakP-1600-reference.c:352->sha3/KeccakP-1600-reference.c:308->sha3/KeccakP-1600-reference.c:294->sha3/KeccakP-1600-reference.c:257]   --->   Operation 68 'br' <Predicate = true> <Delay = 0.00>
ST_7 : Operation 69 [1/1] (0.00ns)   --->   "%zext_ln353 = zext i3 %x_0_i to i4" [sha3/KeccakP-1600-reference.c:353->sha3/KeccakP-1600-reference.c:308->sha3/KeccakP-1600-reference.c:294->sha3/KeccakP-1600-reference.c:257]   --->   Operation 69 'zext' 'zext_ln353' <Predicate = (!icmp_ln352)> <Delay = 0.00>
ST_7 : Operation 70 [1/1] (1.35ns)   --->   "br label %.preheader.i2" [sha3/KeccakP-1600-reference.c:352->sha3/KeccakP-1600-reference.c:308->sha3/KeccakP-1600-reference.c:294->sha3/KeccakP-1600-reference.c:257]   --->   Operation 70 'br' <Predicate = (!icmp_ln352)> <Delay = 1.35>
ST_7 : Operation 71 [2/2] (0.00ns)   --->   "call fastcc void @pi([25 x i64]* %stateAsWords)" [sha3/KeccakP-1600-reference.c:313->sha3/KeccakP-1600-reference.c:294->sha3/KeccakP-1600-reference.c:257]   --->   Operation 71 'call' <Predicate = (icmp_ln352)> <Delay = 0.00> <CoreType = "Generic">   --->   Core 0 '' <Latency = 0> <II = 1> <Delay = 1.00> <Generic> <Opcode : >

State 8 <SV = 5> <Delay = 5.66>
ST_8 : Operation 72 [1/1] (0.00ns)   --->   "%y_0_i = phi i3 [ %y, %_ifconv.i ], [ 0, %.preheader.preheader.i1 ]"   --->   Operation 72 'phi' 'y_0_i' <Predicate = true> <Delay = 0.00>
ST_8 : Operation 73 [1/1] (1.00ns)   --->   "%icmp_ln352_1 = icmp eq i3 %y_0_i, -3" [sha3/KeccakP-1600-reference.c:352->sha3/KeccakP-1600-reference.c:308->sha3/KeccakP-1600-reference.c:294->sha3/KeccakP-1600-reference.c:257]   --->   Operation 73 'icmp' 'icmp_ln352_1' <Predicate = true> <Delay = 1.00> <Core = "Cmp">   --->   Core 25 'Cmp' <Latency = 0> <II = 1> <Delay = 1.21> <FuncUnit> <Opcode : 'icmp'> <InPorts = 2> <OutPorts = 1>
ST_8 : Operation 74 [1/1] (0.00ns)   --->   "%empty_415 = call i32 (...)* @_ssdm_op_SpecLoopTripCount(i64 5, i64 5, i64 5)"   --->   Operation 74 'speclooptripcount' 'empty_415' <Predicate = true> <Delay = 0.00>
ST_8 : Operation 75 [1/1] (1.34ns)   --->   "%y = add i3 %y_0_i, 1" [sha3/KeccakP-1600-reference.c:352->sha3/KeccakP-1600-reference.c:308->sha3/KeccakP-1600-reference.c:294->sha3/KeccakP-1600-reference.c:257]   --->   Operation 75 'add' 'y' <Predicate = true> <Delay = 1.34> <Core = "AddSub">   --->   Core 14 'AddSub' <Latency = 0> <II = 1> <Delay = 1.71> <FuncUnit> <Opcode : 'add' 'sub'> <InPorts = 2> <OutPorts = 1>
ST_8 : Operation 76 [1/1] (0.00ns)   --->   "br i1 %icmp_ln352_1, label %.loopexit.loopexit, label %_ifconv.i" [sha3/KeccakP-1600-reference.c:352->sha3/KeccakP-1600-reference.c:308->sha3/KeccakP-1600-reference.c:294->sha3/KeccakP-1600-reference.c:257]   --->   Operation 76 'br' <Predicate = true> <Delay = 0.00>
ST_8 : Operation 77 [1/1] (0.00ns)   --->   "%zext_ln353_1 = zext i3 %y_0_i to i4" [sha3/KeccakP-1600-reference.c:353->sha3/KeccakP-1600-reference.c:308->sha3/KeccakP-1600-reference.c:294->sha3/KeccakP-1600-reference.c:257]   --->   Operation 77 'zext' 'zext_ln353_1' <Predicate = (!icmp_ln352_1)> <Delay = 0.00>
ST_8 : Operation 78 [1/1] (0.00ns)   --->   "%shl_ln6 = call i5 @_ssdm_op_BitConcatenate.i5.i3.i2(i3 %y_0_i, i2 0)" [sha3/KeccakP-1600-reference.c:353->sha3/KeccakP-1600-reference.c:308->sha3/KeccakP-1600-reference.c:294->sha3/KeccakP-1600-reference.c:257]   --->   Operation 78 'bitconcatenate' 'shl_ln6' <Predicate = (!icmp_ln352_1)> <Delay = 0.00>
ST_8 : Operation 79 [1/1] (1.34ns)   --->   "%add_ln353 = add i4 %zext_ln353, %zext_ln353_1" [sha3/KeccakP-1600-reference.c:353->sha3/KeccakP-1600-reference.c:308->sha3/KeccakP-1600-reference.c:294->sha3/KeccakP-1600-reference.c:257]   --->   Operation 79 'add' 'add_ln353' <Predicate = (!icmp_ln352_1)> <Delay = 1.34> <Core = "AddSub">   --->   Core 14 'AddSub' <Latency = 0> <II = 1> <Delay = 1.71> <FuncUnit> <Opcode : 'add' 'sub'> <InPorts = 2> <OutPorts = 1>
ST_8 : Operation 80 [1/1] (0.00ns)   --->   "%zext_ln353_2 = zext i4 %add_ln353 to i5" [sha3/KeccakP-1600-reference.c:353->sha3/KeccakP-1600-reference.c:308->sha3/KeccakP-1600-reference.c:294->sha3/KeccakP-1600-reference.c:257]   --->   Operation 80 'zext' 'zext_ln353_2' <Predicate = (!icmp_ln352_1)> <Delay = 0.00>
ST_8 : Operation 81 [1/1] (1.54ns)   --->   "%add_ln353_1 = add i5 %shl_ln6, %zext_ln353_2" [sha3/KeccakP-1600-reference.c:353->sha3/KeccakP-1600-reference.c:308->sha3/KeccakP-1600-reference.c:294->sha3/KeccakP-1600-reference.c:257]   --->   Operation 81 'add' 'add_ln353_1' <Predicate = (!icmp_ln352_1)> <Delay = 1.54> <Core = "AddSub">   --->   Core 14 'AddSub' <Latency = 0> <II = 1> <Delay = 1.71> <FuncUnit> <Opcode : 'add' 'sub'> <InPorts = 2> <OutPorts = 1>
ST_8 : Operation 82 [1/1] (0.00ns)   --->   "%zext_ln353_3 = zext i5 %add_ln353_1 to i64" [sha3/KeccakP-1600-reference.c:353->sha3/KeccakP-1600-reference.c:308->sha3/KeccakP-1600-reference.c:294->sha3/KeccakP-1600-reference.c:257]   --->   Operation 82 'zext' 'zext_ln353_3' <Predicate = (!icmp_ln352_1)> <Delay = 0.00>
ST_8 : Operation 83 [1/1] (0.00ns)   --->   "%KeccakRhoOffsets_add = getelementptr [25 x i6]* @KeccakRhoOffsets, i64 0, i64 %zext_ln353_3" [sha3/KeccakP-1600-reference.c:353->sha3/KeccakP-1600-reference.c:308->sha3/KeccakP-1600-reference.c:294->sha3/KeccakP-1600-reference.c:257]   --->   Operation 83 'getelementptr' 'KeccakRhoOffsets_add' <Predicate = (!icmp_ln352_1)> <Delay = 0.00>
ST_8 : Operation 84 [2/2] (2.77ns)   --->   "%KeccakRhoOffsets_loa = load i6* %KeccakRhoOffsets_add, align 1" [sha3/KeccakP-1600-reference.c:353->sha3/KeccakP-1600-reference.c:308->sha3/KeccakP-1600-reference.c:294->sha3/KeccakP-1600-reference.c:257]   --->   Operation 84 'load' 'KeccakRhoOffsets_loa' <Predicate = (!icmp_ln352_1)> <Delay = 2.77> <Core = "ROM_nP">   --->   Core 52 'ROM_nP' <Latency = 1> <II = 1> <Delay = 2.77> <Storage> <Opcode : 'load'> <Ports = 0> <Width = 64> <Depth = 24> <ROM>
ST_8 : Operation 85 [1/1] (1.21ns)   --->   "%icmp_ln353 = icmp eq i5 %add_ln353_1, 0" [sha3/KeccakP-1600-reference.c:353->sha3/KeccakP-1600-reference.c:308->sha3/KeccakP-1600-reference.c:294->sha3/KeccakP-1600-reference.c:257]   --->   Operation 85 'icmp' 'icmp_ln353' <Predicate = (!icmp_ln352_1)> <Delay = 1.21> <Core = "Cmp">   --->   Core 25 'Cmp' <Latency = 0> <II = 1> <Delay = 1.21> <FuncUnit> <Opcode : 'icmp'> <InPorts = 2> <OutPorts = 1>
ST_8 : Operation 86 [2/2] (2.77ns)   --->   "%stateAsWords_load_3 = load i64* %stateAsWords_addr, align 16" [sha3/KeccakP-1600-reference.c:353->sha3/KeccakP-1600-reference.c:308->sha3/KeccakP-1600-reference.c:294->sha3/KeccakP-1600-reference.c:257]   --->   Operation 86 'load' 'stateAsWords_load_3' <Predicate = (!icmp_ln352_1)> <Delay = 2.77> <Core = "RAM">   --->   Core 37 'RAM' <Latency = 1> <II = 1> <Delay = 2.77> <Storage> <Opcode : 'load' 'store'> <Ports = 2> <Width = 8> <Depth = 200> <RAM>
ST_8 : Operation 87 [1/1] (0.00ns)   --->   "%stateAsWords_addr_3 = getelementptr [25 x i64]* %stateAsWords, i64 0, i64 %zext_ln353_3" [sha3/KeccakP-1600-reference.c:353->sha3/KeccakP-1600-reference.c:308->sha3/KeccakP-1600-reference.c:294->sha3/KeccakP-1600-reference.c:257]   --->   Operation 87 'getelementptr' 'stateAsWords_addr_3' <Predicate = (!icmp_ln352_1)> <Delay = 0.00>
ST_8 : Operation 88 [2/2] (2.77ns)   --->   "%stateAsWords_load_4 = load i64* %stateAsWords_addr_3, align 8" [sha3/KeccakP-1600-reference.c:353->sha3/KeccakP-1600-reference.c:308->sha3/KeccakP-1600-reference.c:294->sha3/KeccakP-1600-reference.c:257]   --->   Operation 88 'load' 'stateAsWords_load_4' <Predicate = (!icmp_ln352_1)> <Delay = 2.77> <Core = "RAM">   --->   Core 37 'RAM' <Latency = 1> <II = 1> <Delay = 2.77> <Storage> <Opcode : 'load' 'store'> <Ports = 2> <Width = 8> <Depth = 200> <RAM>
ST_8 : Operation 89 [1/1] (0.00ns)   --->   "br label %.loopexit"   --->   Operation 89 'br' <Predicate = (icmp_ln352_1)> <Delay = 0.00>

State 9 <SV = 6> <Delay = 7.90>
ST_9 : Operation 90 [1/2] (2.77ns)   --->   "%KeccakRhoOffsets_loa = load i6* %KeccakRhoOffsets_add, align 1" [sha3/KeccakP-1600-reference.c:353->sha3/KeccakP-1600-reference.c:308->sha3/KeccakP-1600-reference.c:294->sha3/KeccakP-1600-reference.c:257]   --->   Operation 90 'load' 'KeccakRhoOffsets_loa' <Predicate = true> <Delay = 2.77> <Core = "ROM_nP">   --->   Core 52 'ROM_nP' <Latency = 1> <II = 1> <Delay = 2.77> <Storage> <Opcode : 'load'> <Ports = 0> <Width = 64> <Depth = 24> <ROM>
ST_9 : Operation 91 [1/1] (0.00ns)   --->   "%zext_ln353_4 = zext i6 %KeccakRhoOffsets_loa to i7" [sha3/KeccakP-1600-reference.c:353->sha3/KeccakP-1600-reference.c:308->sha3/KeccakP-1600-reference.c:294->sha3/KeccakP-1600-reference.c:257]   --->   Operation 91 'zext' 'zext_ln353_4' <Predicate = (!icmp_ln353)> <Delay = 0.00>
ST_9 : Operation 92 [1/2] (2.77ns)   --->   "%stateAsWords_load_3 = load i64* %stateAsWords_addr, align 16" [sha3/KeccakP-1600-reference.c:353->sha3/KeccakP-1600-reference.c:308->sha3/KeccakP-1600-reference.c:294->sha3/KeccakP-1600-reference.c:257]   --->   Operation 92 'load' 'stateAsWords_load_3' <Predicate = true> <Delay = 2.77> <Core = "RAM">   --->   Core 37 'RAM' <Latency = 1> <II = 1> <Delay = 2.77> <Storage> <Opcode : 'load' 'store'> <Ports = 2> <Width = 8> <Depth = 200> <RAM>
ST_9 : Operation 93 [1/2] (2.77ns)   --->   "%stateAsWords_load_4 = load i64* %stateAsWords_addr_3, align 8" [sha3/KeccakP-1600-reference.c:353->sha3/KeccakP-1600-reference.c:308->sha3/KeccakP-1600-reference.c:294->sha3/KeccakP-1600-reference.c:257]   --->   Operation 93 'load' 'stateAsWords_load_4' <Predicate = true> <Delay = 2.77> <Core = "RAM">   --->   Core 37 'RAM' <Latency = 1> <II = 1> <Delay = 2.77> <Storage> <Opcode : 'load' 'store'> <Ports = 2> <Width = 8> <Depth = 200> <RAM>
ST_9 : Operation 94 [1/1] (0.00ns) (grouped into LUT with out node select_ln353)   --->   "%zext_ln353_5 = zext i6 %KeccakRhoOffsets_loa to i64" [sha3/KeccakP-1600-reference.c:353->sha3/KeccakP-1600-reference.c:308->sha3/KeccakP-1600-reference.c:294->sha3/KeccakP-1600-reference.c:257]   --->   Operation 94 'zext' 'zext_ln353_5' <Predicate = (!icmp_ln353)> <Delay = 0.00>
ST_9 : Operation 95 [1/1] (0.00ns) (grouped into LUT with out node select_ln353)   --->   "%shl_ln353 = shl i64 %stateAsWords_load_4, %zext_ln353_5" [sha3/KeccakP-1600-reference.c:353->sha3/KeccakP-1600-reference.c:308->sha3/KeccakP-1600-reference.c:294->sha3/KeccakP-1600-reference.c:257]   --->   Operation 95 'shl' 'shl_ln353' <Predicate = (!icmp_ln353)> <Delay = 0.00> <Core = "Shift">   --->   Core 28 'Shift' <Latency = 0> <II = 1> <Delay = 3.47> <FuncUnit> <Opcode : 'shl' 'lshr' 'ashr'> <InPorts = 2> <OutPorts = 1>
ST_9 : Operation 96 [1/1] (1.66ns)   --->   "%sub_ln353 = sub i7 -64, %zext_ln353_4" [sha3/KeccakP-1600-reference.c:353->sha3/KeccakP-1600-reference.c:308->sha3/KeccakP-1600-reference.c:294->sha3/KeccakP-1600-reference.c:257]   --->   Operation 96 'sub' 'sub_ln353' <Predicate = (!icmp_ln353)> <Delay = 1.66> <Core = "AddSub">   --->   Core 14 'AddSub' <Latency = 0> <II = 1> <Delay = 1.71> <FuncUnit> <Opcode : 'add' 'sub'> <InPorts = 2> <OutPorts = 1>
ST_9 : Operation 97 [1/1] (0.00ns) (grouped into LUT with out node select_ln353)   --->   "%zext_ln353_6 = zext i7 %sub_ln353 to i64" [sha3/KeccakP-1600-reference.c:353->sha3/KeccakP-1600-reference.c:308->sha3/KeccakP-1600-reference.c:294->sha3/KeccakP-1600-reference.c:257]   --->   Operation 97 'zext' 'zext_ln353_6' <Predicate = (!icmp_ln353)> <Delay = 0.00>
ST_9 : Operation 98 [1/1] (0.00ns) (grouped into LUT with out node select_ln353)   --->   "%lshr_ln353 = lshr i64 %stateAsWords_load_4, %zext_ln353_6" [sha3/KeccakP-1600-reference.c:353->sha3/KeccakP-1600-reference.c:308->sha3/KeccakP-1600-reference.c:294->sha3/KeccakP-1600-reference.c:257]   --->   Operation 98 'lshr' 'lshr_ln353' <Predicate = (!icmp_ln353)> <Delay = 0.00> <Core = "Shift">   --->   Core 28 'Shift' <Latency = 0> <II = 1> <Delay = 3.47> <FuncUnit> <Opcode : 'shl' 'lshr' 'ashr'> <InPorts = 2> <OutPorts = 1>
ST_9 : Operation 99 [1/1] (0.00ns) (grouped into LUT with out node select_ln353)   --->   "%xor_ln353 = xor i64 %lshr_ln353, %shl_ln353" [sha3/KeccakP-1600-reference.c:353->sha3/KeccakP-1600-reference.c:308->sha3/KeccakP-1600-reference.c:294->sha3/KeccakP-1600-reference.c:257]   --->   Operation 99 'xor' 'xor_ln353' <Predicate = (!icmp_ln353)> <Delay = 0.00> <Core = "LogicGate">   --->   Core 27 'LogicGate' <Latency = 0> <II = 1> <Delay = 0.80> <FuncUnit> <Opcode : 'and' 'or' 'xor'> <InPorts = 2> <OutPorts = 1>
ST_9 : Operation 100 [1/1] (3.47ns) (out node of the LUT)   --->   "%select_ln353 = select i1 %icmp_ln353, i64 %stateAsWords_load_3, i64 %xor_ln353" [sha3/KeccakP-1600-reference.c:353->sha3/KeccakP-1600-reference.c:308->sha3/KeccakP-1600-reference.c:294->sha3/KeccakP-1600-reference.c:257]   --->   Operation 100 'select' 'select_ln353' <Predicate = true> <Delay = 3.47> <Core = "Sel">   --->   Core 26 'Sel' <Latency = 0> <II = 1> <Delay = 0.83> <FuncUnit> <Opcode : 'select'> <InPorts = 3> <OutPorts = 1>

State 10 <SV = 7> <Delay = 2.77>
ST_10 : Operation 101 [1/1] (2.77ns)   --->   "store i64 %select_ln353, i64* %stateAsWords_addr_3, align 8" [sha3/KeccakP-1600-reference.c:353->sha3/KeccakP-1600-reference.c:308->sha3/KeccakP-1600-reference.c:294->sha3/KeccakP-1600-reference.c:257]   --->   Operation 101 'store' <Predicate = true> <Delay = 2.77> <Core = "RAM">   --->   Core 37 'RAM' <Latency = 1> <II = 1> <Delay = 2.77> <Storage> <Opcode : 'load' 'store'> <Ports = 2> <Width = 8> <Depth = 200> <RAM>
ST_10 : Operation 102 [1/1] (0.00ns)   --->   "br label %.preheader.i2" [sha3/KeccakP-1600-reference.c:352->sha3/KeccakP-1600-reference.c:308->sha3/KeccakP-1600-reference.c:294->sha3/KeccakP-1600-reference.c:257]   --->   Operation 102 'br' <Predicate = true> <Delay = 0.00>

State 11 <SV = 5> <Delay = 0.00>
ST_11 : Operation 103 [1/2] (0.00ns)   --->   "call fastcc void @pi([25 x i64]* %stateAsWords)" [sha3/KeccakP-1600-reference.c:313->sha3/KeccakP-1600-reference.c:294->sha3/KeccakP-1600-reference.c:257]   --->   Operation 103 'call' <Predicate = true> <Delay = 0.00> <CoreType = "Generic">   --->   Core 0 '' <Latency = 0> <II = 1> <Delay = 1.00> <Generic> <Opcode : >

State 12 <SV = 6> <Delay = 0.00>
ST_12 : Operation 104 [2/2] (0.00ns)   --->   "call fastcc void @chi([25 x i64]* %stateAsWords)" [sha3/KeccakP-1600-reference.c:318->sha3/KeccakP-1600-reference.c:294->sha3/KeccakP-1600-reference.c:257]   --->   Operation 104 'call' <Predicate = true> <Delay = 0.00> <CoreType = "Generic">   --->   Core 0 '' <Latency = 0> <II = 1> <Delay = 1.00> <Generic> <Opcode : >

State 13 <SV = 7> <Delay = 0.00>
ST_13 : Operation 105 [1/2] (0.00ns)   --->   "call fastcc void @chi([25 x i64]* %stateAsWords)" [sha3/KeccakP-1600-reference.c:318->sha3/KeccakP-1600-reference.c:294->sha3/KeccakP-1600-reference.c:257]   --->   Operation 105 'call' <Predicate = true> <Delay = 0.00> <CoreType = "Generic">   --->   Core 0 '' <Latency = 0> <II = 1> <Delay = 1.00> <Generic> <Opcode : >

State 14 <SV = 8> <Delay = 2.77>
ST_14 : Operation 106 [1/1] (0.00ns)   --->   "%zext_ln382 = zext i5 %indexRound_assign to i64" [sha3/KeccakP-1600-reference.c:382->sha3/KeccakP-1600-reference.c:323->sha3/KeccakP-1600-reference.c:294->sha3/KeccakP-1600-reference.c:257]   --->   Operation 106 'zext' 'zext_ln382' <Predicate = true> <Delay = 0.00>
ST_14 : Operation 107 [1/1] (0.00ns)   --->   "%KeccakRoundConstants_1 = getelementptr inbounds [24 x i64]* @KeccakRoundConstants, i64 0, i64 %zext_ln382" [sha3/KeccakP-1600-reference.c:382->sha3/KeccakP-1600-reference.c:323->sha3/KeccakP-1600-reference.c:294->sha3/KeccakP-1600-reference.c:257]   --->   Operation 107 'getelementptr' 'KeccakRoundConstants_1' <Predicate = true> <Delay = 0.00>
ST_14 : Operation 108 [2/2] (2.77ns)   --->   "%KeccakRoundConstants_2 = load i64* %KeccakRoundConstants_1, align 8" [sha3/KeccakP-1600-reference.c:382->sha3/KeccakP-1600-reference.c:323->sha3/KeccakP-1600-reference.c:294->sha3/KeccakP-1600-reference.c:257]   --->   Operation 108 'load' 'KeccakRoundConstants_2' <Predicate = true> <Delay = 2.77> <Core = "ROM_nP">   --->   Core 52 'ROM_nP' <Latency = 1> <II = 1> <Delay = 2.77> <Storage> <Opcode : 'load'> <Ports = 0> <Width = 64> <Depth = 24> <ROM>
ST_14 : Operation 109 [2/2] (2.77ns)   --->   "%stateAsWords_load_2 = load i64* %stateAsWords_addr, align 16" [sha3/KeccakP-1600-reference.c:382->sha3/KeccakP-1600-reference.c:323->sha3/KeccakP-1600-reference.c:294->sha3/KeccakP-1600-reference.c:257]   --->   Operation 109 'load' 'stateAsWords_load_2' <Predicate = true> <Delay = 2.77> <Core = "RAM">   --->   Core 37 'RAM' <Latency = 1> <II = 1> <Delay = 2.77> <Storage> <Opcode : 'load' 'store'> <Ports = 2> <Width = 8> <Depth = 200> <RAM>

State 15 <SV = 9> <Delay = 6.35>
ST_15 : Operation 110 [1/2] (2.77ns)   --->   "%KeccakRoundConstants_2 = load i64* %KeccakRoundConstants_1, align 8" [sha3/KeccakP-1600-reference.c:382->sha3/KeccakP-1600-reference.c:323->sha3/KeccakP-1600-reference.c:294->sha3/KeccakP-1600-reference.c:257]   --->   Operation 110 'load' 'KeccakRoundConstants_2' <Predicate = true> <Delay = 2.77> <Core = "ROM_nP">   --->   Core 52 'ROM_nP' <Latency = 1> <II = 1> <Delay = 2.77> <Storage> <Opcode : 'load'> <Ports = 0> <Width = 64> <Depth = 24> <ROM>
ST_15 : Operation 111 [1/2] (2.77ns)   --->   "%stateAsWords_load_2 = load i64* %stateAsWords_addr, align 16" [sha3/KeccakP-1600-reference.c:382->sha3/KeccakP-1600-reference.c:323->sha3/KeccakP-1600-reference.c:294->sha3/KeccakP-1600-reference.c:257]   --->   Operation 111 'load' 'stateAsWords_load_2' <Predicate = true> <Delay = 2.77> <Core = "RAM">   --->   Core 37 'RAM' <Latency = 1> <II = 1> <Delay = 2.77> <Storage> <Opcode : 'load' 'store'> <Ports = 2> <Width = 8> <Depth = 200> <RAM>
ST_15 : Operation 112 [1/1] (0.80ns)   --->   "%xor_ln382 = xor i64 %stateAsWords_load_2, %KeccakRoundConstants_2" [sha3/KeccakP-1600-reference.c:382->sha3/KeccakP-1600-reference.c:323->sha3/KeccakP-1600-reference.c:294->sha3/KeccakP-1600-reference.c:257]   --->   Operation 112 'xor' 'xor_ln382' <Predicate = true> <Delay = 0.80> <Core = "LogicGate">   --->   Core 27 'LogicGate' <Latency = 0> <II = 1> <Delay = 0.80> <FuncUnit> <Opcode : 'and' 'or' 'xor'> <InPorts = 2> <OutPorts = 1>
ST_15 : Operation 113 [1/1] (2.77ns)   --->   "store i64 %xor_ln382, i64* %stateAsWords_addr, align 16" [sha3/KeccakP-1600-reference.c:382->sha3/KeccakP-1600-reference.c:323->sha3/KeccakP-1600-reference.c:294->sha3/KeccakP-1600-reference.c:257]   --->   Operation 113 'store' <Predicate = true> <Delay = 2.77> <Core = "RAM">   --->   Core 37 'RAM' <Latency = 1> <II = 1> <Delay = 2.77> <Storage> <Opcode : 'load' 'store'> <Ports = 2> <Width = 8> <Depth = 200> <RAM>
ST_15 : Operation 114 [1/1] (0.00ns)   --->   "br label %fromBytesToWords.exit" [sha3/KeccakP-1600-reference.c:293->sha3/KeccakP-1600-reference.c:257]   --->   Operation 114 'br' <Predicate = true> <Delay = 0.00>

State 16 <SV = 3> <Delay = 2.77>
ST_16 : Operation 115 [1/1] (0.00ns)   --->   "%i_0_i3 = phi i5 [ %i, %KeccakP1600OnWords.exit.loopexit ], [ 0, %KeccakP1600OnWords.exit.preheader ]"   --->   Operation 115 'phi' 'i_0_i3' <Predicate = true> <Delay = 0.00>
ST_16 : Operation 116 [1/1] (1.21ns)   --->   "%icmp_ln280 = icmp eq i5 %i_0_i3, -7" [sha3/KeccakP-1600-reference.c:280->sha3/KeccakP-1600-reference.c:258]   --->   Operation 116 'icmp' 'icmp_ln280' <Predicate = true> <Delay = 1.21> <Core = "Cmp">   --->   Core 25 'Cmp' <Latency = 0> <II = 1> <Delay = 1.21> <FuncUnit> <Opcode : 'icmp'> <InPorts = 2> <OutPorts = 1>
ST_16 : Operation 117 [1/1] (0.00ns)   --->   "%empty_416 = call i32 (...)* @_ssdm_op_SpecLoopTripCount(i64 25, i64 25, i64 25)"   --->   Operation 117 'speclooptripcount' 'empty_416' <Predicate = true> <Delay = 0.00>
ST_16 : Operation 118 [1/1] (1.54ns)   --->   "%i = add i5 %i_0_i3, 1" [sha3/KeccakP-1600-reference.c:280->sha3/KeccakP-1600-reference.c:258]   --->   Operation 118 'add' 'i' <Predicate = true> <Delay = 1.54> <Core = "AddSub">   --->   Core 14 'AddSub' <Latency = 0> <II = 1> <Delay = 1.71> <FuncUnit> <Opcode : 'add' 'sub'> <InPorts = 2> <OutPorts = 1>
ST_16 : Operation 119 [1/1] (0.00ns)   --->   "br i1 %icmp_ln280, label %fromWordsToBytes.exit, label %.preheader.preheader.i" [sha3/KeccakP-1600-reference.c:280->sha3/KeccakP-1600-reference.c:258]   --->   Operation 119 'br' <Predicate = true> <Delay = 0.00>
ST_16 : Operation 120 [1/1] (0.00ns)   --->   "%zext_ln282 = zext i5 %i_0_i3 to i64" [sha3/KeccakP-1600-reference.c:282->sha3/KeccakP-1600-reference.c:258]   --->   Operation 120 'zext' 'zext_ln282' <Predicate = (!icmp_ln280)> <Delay = 0.00>
ST_16 : Operation 121 [1/1] (0.00ns)   --->   "%stateAsWords_addr_2 = getelementptr [25 x i64]* %stateAsWords, i64 0, i64 %zext_ln282" [sha3/KeccakP-1600-reference.c:282->sha3/KeccakP-1600-reference.c:258]   --->   Operation 121 'getelementptr' 'stateAsWords_addr_2' <Predicate = (!icmp_ln280)> <Delay = 0.00>
ST_16 : Operation 122 [2/2] (2.77ns)   --->   "%stateAsWords_load_1 = load i64* %stateAsWords_addr_2, align 8" [sha3/KeccakP-1600-reference.c:282->sha3/KeccakP-1600-reference.c:258]   --->   Operation 122 'load' 'stateAsWords_load_1' <Predicate = (!icmp_ln280)> <Delay = 2.77> <Core = "RAM">   --->   Core 37 'RAM' <Latency = 1> <II = 1> <Delay = 2.77> <Storage> <Opcode : 'load' 'store'> <Ports = 2> <Width = 8> <Depth = 200> <RAM>
ST_16 : Operation 123 [1/1] (0.00ns)   --->   "ret void" [sha3/KeccakP-1600-reference.c:263]   --->   Operation 123 'ret' <Predicate = (icmp_ln280)> <Delay = 0.00>

State 17 <SV = 4> <Delay = 2.77>
ST_17 : Operation 124 [1/1] (0.00ns)   --->   "%shl_ln5 = call i8 @_ssdm_op_BitConcatenate.i8.i5.i3(i5 %i_0_i3, i3 0)" [sha3/KeccakP-1600-reference.c:282->sha3/KeccakP-1600-reference.c:258]   --->   Operation 124 'bitconcatenate' 'shl_ln5' <Predicate = true> <Delay = 0.00>
ST_17 : Operation 125 [1/2] (2.77ns)   --->   "%stateAsWords_load_1 = load i64* %stateAsWords_addr_2, align 8" [sha3/KeccakP-1600-reference.c:282->sha3/KeccakP-1600-reference.c:258]   --->   Operation 125 'load' 'stateAsWords_load_1' <Predicate = true> <Delay = 2.77> <Core = "RAM">   --->   Core 37 'RAM' <Latency = 1> <II = 1> <Delay = 2.77> <Storage> <Opcode : 'load' 'store'> <Ports = 2> <Width = 8> <Depth = 200> <RAM>
ST_17 : Operation 126 [1/1] (1.35ns)   --->   "br label %.preheader.i" [sha3/KeccakP-1600-reference.c:281->sha3/KeccakP-1600-reference.c:258]   --->   Operation 126 'br' <Predicate = true> <Delay = 1.35>

State 18 <SV = 5> <Delay = 6.24>
ST_18 : Operation 127 [1/1] (0.00ns)   --->   "%j_0_i5 = phi i4 [ %j_16, %5 ], [ 0, %.preheader.preheader.i ]"   --->   Operation 127 'phi' 'j_0_i5' <Predicate = true> <Delay = 0.00>
ST_18 : Operation 128 [1/1] (0.00ns)   --->   "%zext_ln281 = zext i4 %j_0_i5 to i8" [sha3/KeccakP-1600-reference.c:281->sha3/KeccakP-1600-reference.c:258]   --->   Operation 128 'zext' 'zext_ln281' <Predicate = true> <Delay = 0.00>
ST_18 : Operation 129 [1/1] (1.21ns)   --->   "%icmp_ln281 = icmp eq i4 %j_0_i5, -8" [sha3/KeccakP-1600-reference.c:281->sha3/KeccakP-1600-reference.c:258]   --->   Operation 129 'icmp' 'icmp_ln281' <Predicate = true> <Delay = 1.21> <Core = "Cmp">   --->   Core 25 'Cmp' <Latency = 0> <II = 1> <Delay = 1.21> <FuncUnit> <Opcode : 'icmp'> <InPorts = 2> <OutPorts = 1>
ST_18 : Operation 130 [1/1] (0.00ns)   --->   "%empty_417 = call i32 (...)* @_ssdm_op_SpecLoopTripCount(i64 8, i64 8, i64 8)"   --->   Operation 130 'speclooptripcount' 'empty_417' <Predicate = true> <Delay = 0.00>
ST_18 : Operation 131 [1/1] (1.49ns)   --->   "%j_16 = add i4 %j_0_i5, 1" [sha3/KeccakP-1600-reference.c:281->sha3/KeccakP-1600-reference.c:258]   --->   Operation 131 'add' 'j_16' <Predicate = true> <Delay = 1.49> <Core = "AddSub">   --->   Core 14 'AddSub' <Latency = 0> <II = 1> <Delay = 1.71> <FuncUnit> <Opcode : 'add' 'sub'> <InPorts = 2> <OutPorts = 1>
ST_18 : Operation 132 [1/1] (0.00ns)   --->   "br i1 %icmp_ln281, label %KeccakP1600OnWords.exit.loopexit, label %5" [sha3/KeccakP-1600-reference.c:281->sha3/KeccakP-1600-reference.c:258]   --->   Operation 132 'br' <Predicate = true> <Delay = 0.00>
ST_18 : Operation 133 [1/1] (0.00ns)   --->   "%trunc_ln282 = trunc i4 %j_0_i5 to i3" [sha3/KeccakP-1600-reference.c:282->sha3/KeccakP-1600-reference.c:258]   --->   Operation 133 'trunc' 'trunc_ln282' <Predicate = (!icmp_ln281)> <Delay = 0.00>
ST_18 : Operation 134 [1/1] (0.00ns)   --->   "%shl_ln282_1 = call i6 @_ssdm_op_BitConcatenate.i6.i3.i3(i3 %trunc_ln282, i3 0)" [sha3/KeccakP-1600-reference.c:282->sha3/KeccakP-1600-reference.c:258]   --->   Operation 134 'bitconcatenate' 'shl_ln282_1' <Predicate = (!icmp_ln281)> <Delay = 0.00>
ST_18 : Operation 135 [1/1] (0.00ns)   --->   "%zext_ln282_1 = zext i6 %shl_ln282_1 to i64" [sha3/KeccakP-1600-reference.c:282->sha3/KeccakP-1600-reference.c:258]   --->   Operation 135 'zext' 'zext_ln282_1' <Predicate = (!icmp_ln281)> <Delay = 0.00>
ST_18 : Operation 136 [1/1] (3.47ns)   --->   "%lshr_ln282 = lshr i64 %stateAsWords_load_1, %zext_ln282_1" [sha3/KeccakP-1600-reference.c:282->sha3/KeccakP-1600-reference.c:258]   --->   Operation 136 'lshr' 'lshr_ln282' <Predicate = (!icmp_ln281)> <Delay = 3.47> <Core = "Shift">   --->   Core 28 'Shift' <Latency = 0> <II = 1> <Delay = 3.47> <FuncUnit> <Opcode : 'shl' 'lshr' 'ashr'> <InPorts = 2> <OutPorts = 1>
ST_18 : Operation 137 [1/1] (0.00ns)   --->   "%trunc_ln282_1 = trunc i64 %lshr_ln282 to i8" [sha3/KeccakP-1600-reference.c:282->sha3/KeccakP-1600-reference.c:258]   --->   Operation 137 'trunc' 'trunc_ln282_1' <Predicate = (!icmp_ln281)> <Delay = 0.00>
ST_18 : Operation 138 [1/1] (1.71ns)   --->   "%add_ln282 = add i8 %shl_ln5, %zext_ln281" [sha3/KeccakP-1600-reference.c:282->sha3/KeccakP-1600-reference.c:258]   --->   Operation 138 'add' 'add_ln282' <Predicate = (!icmp_ln281)> <Delay = 1.71> <Core = "AddSub">   --->   Core 14 'AddSub' <Latency = 0> <II = 1> <Delay = 1.71> <FuncUnit> <Opcode : 'add' 'sub'> <InPorts = 2> <OutPorts = 1>
ST_18 : Operation 139 [1/1] (0.00ns)   --->   "%zext_ln282_2 = zext i8 %add_ln282 to i64" [sha3/KeccakP-1600-reference.c:282->sha3/KeccakP-1600-reference.c:258]   --->   Operation 139 'zext' 'zext_ln282_2' <Predicate = (!icmp_ln281)> <Delay = 0.00>
ST_18 : Operation 140 [1/1] (0.00ns)   --->   "%state_addr_2 = getelementptr [200 x i8]* %state, i64 0, i64 %zext_ln282_2" [sha3/KeccakP-1600-reference.c:282->sha3/KeccakP-1600-reference.c:258]   --->   Operation 140 'getelementptr' 'state_addr_2' <Predicate = (!icmp_ln281)> <Delay = 0.00>
ST_18 : Operation 141 [1/1] (2.77ns)   --->   "store i8 %trunc_ln282_1, i8* %state_addr_2, align 1" [sha3/KeccakP-1600-reference.c:282->sha3/KeccakP-1600-reference.c:258]   --->   Operation 141 'store' <Predicate = (!icmp_ln281)> <Delay = 2.77> <Core = "RAM">   --->   Core 37 'RAM' <Latency = 1> <II = 1> <Delay = 2.77> <Storage> <Opcode : 'load' 'store'> <Ports = 2> <Width = 8> <Depth = 200> <RAM>
ST_18 : Operation 142 [1/1] (0.00ns)   --->   "br label %.preheader.i" [sha3/KeccakP-1600-reference.c:281->sha3/KeccakP-1600-reference.c:258]   --->   Operation 142 'br' <Predicate = (!icmp_ln281)> <Delay = 0.00>
ST_18 : Operation 143 [1/1] (0.00ns)   --->   "br label %KeccakP1600OnWords.exit"   --->   Operation 143 'br' <Predicate = (icmp_ln281)> <Delay = 0.00>


============================================================
+ Verbose Summary: Timing violations
============================================================
Target clock period: 10ns, clock uncertainty: 1.25ns.

 <State 1>: 1.35ns
The critical path consists of the following:
	multiplexor before 'phi' operation ('i') with incoming values : ('i', sha3/KeccakP-1600-reference.c:269->sha3/KeccakP-1600-reference.c:256) [9]  (1.35 ns)

 <State 2>: 2.77ns
The critical path consists of the following:
	'phi' operation ('i') with incoming values : ('i', sha3/KeccakP-1600-reference.c:269->sha3/KeccakP-1600-reference.c:256) [9]  (0 ns)
	'getelementptr' operation ('stateAsWords_addr_1', sha3/KeccakP-1600-reference.c:270->sha3/KeccakP-1600-reference.c:256) [16]  (0 ns)
	'store' operation ('store_ln270', sha3/KeccakP-1600-reference.c:270->sha3/KeccakP-1600-reference.c:256) of constant 0 on array 'stateAsWords', sha3/KeccakP-1600-reference.c:240 [17]  (2.77 ns)

 <State 3>: 4.49ns
The critical path consists of the following:
	'phi' operation ('j') with incoming values : ('j', sha3/KeccakP-1600-reference.c:271->sha3/KeccakP-1600-reference.c:256) [21]  (0 ns)
	'add' operation ('add_ln272', sha3/KeccakP-1600-reference.c:272->sha3/KeccakP-1600-reference.c:256) [28]  (1.72 ns)
	'getelementptr' operation ('state_addr', sha3/KeccakP-1600-reference.c:272->sha3/KeccakP-1600-reference.c:256) [30]  (0 ns)
	'load' operation ('state_load', sha3/KeccakP-1600-reference.c:272->sha3/KeccakP-1600-reference.c:256) on array 'state' [31]  (2.77 ns)

 <State 4>: 7.97ns
The critical path consists of the following:
	'load' operation ('state_load', sha3/KeccakP-1600-reference.c:272->sha3/KeccakP-1600-reference.c:256) on array 'state' [31]  (2.77 ns)
	'shl' operation ('shl_ln272', sha3/KeccakP-1600-reference.c:272->sha3/KeccakP-1600-reference.c:256) [36]  (0 ns)
	'or' operation ('or_ln272', sha3/KeccakP-1600-reference.c:272->sha3/KeccakP-1600-reference.c:256) [38]  (2.42 ns)
	'store' operation ('store_ln272', sha3/KeccakP-1600-reference.c:272->sha3/KeccakP-1600-reference.c:256) of variable 'or_ln272', sha3/KeccakP-1600-reference.c:272->sha3/KeccakP-1600-reference.c:256 on array 'stateAsWords', sha3/KeccakP-1600-reference.c:240 [39]  (2.77 ns)

 <State 5>: 1.55ns
The critical path consists of the following:
	'phi' operation ('i') with incoming values : ('i', sha3/KeccakP-1600-reference.c:293->sha3/KeccakP-1600-reference.c:257) [47]  (0 ns)
	'add' operation ('i', sha3/KeccakP-1600-reference.c:293->sha3/KeccakP-1600-reference.c:257) [50]  (1.55 ns)

 <State 6>: 1.35ns
The critical path consists of the following:
	multiplexor before 'phi' operation ('x') with incoming values : ('x', sha3/KeccakP-1600-reference.c:352->sha3/KeccakP-1600-reference.c:308->sha3/KeccakP-1600-reference.c:294->sha3/KeccakP-1600-reference.c:257) [56]  (1.35 ns)

 <State 7>: 1.35ns
The critical path consists of the following:
	multiplexor before 'phi' operation ('y') with incoming values : ('y', sha3/KeccakP-1600-reference.c:352->sha3/KeccakP-1600-reference.c:308->sha3/KeccakP-1600-reference.c:294->sha3/KeccakP-1600-reference.c:257) [65]  (1.35 ns)

 <State 8>: 5.67ns
The critical path consists of the following:
	'phi' operation ('y') with incoming values : ('y', sha3/KeccakP-1600-reference.c:352->sha3/KeccakP-1600-reference.c:308->sha3/KeccakP-1600-reference.c:294->sha3/KeccakP-1600-reference.c:257) [65]  (0 ns)
	'add' operation ('add_ln353', sha3/KeccakP-1600-reference.c:353->sha3/KeccakP-1600-reference.c:308->sha3/KeccakP-1600-reference.c:294->sha3/KeccakP-1600-reference.c:257) [73]  (1.35 ns)
	'add' operation ('add_ln353_1', sha3/KeccakP-1600-reference.c:353->sha3/KeccakP-1600-reference.c:308->sha3/KeccakP-1600-reference.c:294->sha3/KeccakP-1600-reference.c:257) [75]  (1.55 ns)
	'getelementptr' operation ('KeccakRhoOffsets_add', sha3/KeccakP-1600-reference.c:353->sha3/KeccakP-1600-reference.c:308->sha3/KeccakP-1600-reference.c:294->sha3/KeccakP-1600-reference.c:257) [77]  (0 ns)
	'load' operation ('KeccakRhoOffsets_loa', sha3/KeccakP-1600-reference.c:353->sha3/KeccakP-1600-reference.c:308->sha3/KeccakP-1600-reference.c:294->sha3/KeccakP-1600-reference.c:257) on array 'KeccakRhoOffsets' [78]  (2.77 ns)

 <State 9>: 7.91ns
The critical path consists of the following:
	'load' operation ('KeccakRhoOffsets_loa', sha3/KeccakP-1600-reference.c:353->sha3/KeccakP-1600-reference.c:308->sha3/KeccakP-1600-reference.c:294->sha3/KeccakP-1600-reference.c:257) on array 'KeccakRhoOffsets' [78]  (2.77 ns)
	'sub' operation ('sub_ln353', sha3/KeccakP-1600-reference.c:353->sha3/KeccakP-1600-reference.c:308->sha3/KeccakP-1600-reference.c:294->sha3/KeccakP-1600-reference.c:257) [86]  (1.66 ns)
	'lshr' operation ('lshr_ln353', sha3/KeccakP-1600-reference.c:353->sha3/KeccakP-1600-reference.c:308->sha3/KeccakP-1600-reference.c:294->sha3/KeccakP-1600-reference.c:257) [88]  (0 ns)
	'xor' operation ('xor_ln353', sha3/KeccakP-1600-reference.c:353->sha3/KeccakP-1600-reference.c:308->sha3/KeccakP-1600-reference.c:294->sha3/KeccakP-1600-reference.c:257) [89]  (0 ns)
	'select' operation ('select_ln353', sha3/KeccakP-1600-reference.c:353->sha3/KeccakP-1600-reference.c:308->sha3/KeccakP-1600-reference.c:294->sha3/KeccakP-1600-reference.c:257) [90]  (3.48 ns)

 <State 10>: 2.77ns
The critical path consists of the following:
	'store' operation ('store_ln353', sha3/KeccakP-1600-reference.c:353->sha3/KeccakP-1600-reference.c:308->sha3/KeccakP-1600-reference.c:294->sha3/KeccakP-1600-reference.c:257) of variable 'select_ln353', sha3/KeccakP-1600-reference.c:353->sha3/KeccakP-1600-reference.c:308->sha3/KeccakP-1600-reference.c:294->sha3/KeccakP-1600-reference.c:257 on array 'stateAsWords', sha3/KeccakP-1600-reference.c:240 [91]  (2.77 ns)

 <State 11>: 0ns
The critical path consists of the following:

 <State 12>: 0ns
The critical path consists of the following:

 <State 13>: 0ns
The critical path consists of the following:

 <State 14>: 2.77ns
The critical path consists of the following:
	'getelementptr' operation ('KeccakRoundConstants_1', sha3/KeccakP-1600-reference.c:382->sha3/KeccakP-1600-reference.c:323->sha3/KeccakP-1600-reference.c:294->sha3/KeccakP-1600-reference.c:257) [99]  (0 ns)
	'load' operation ('KeccakRoundConstants_2', sha3/KeccakP-1600-reference.c:382->sha3/KeccakP-1600-reference.c:323->sha3/KeccakP-1600-reference.c:294->sha3/KeccakP-1600-reference.c:257) on array 'KeccakRoundConstants' [100]  (2.77 ns)

 <State 15>: 6.35ns
The critical path consists of the following:
	'load' operation ('KeccakRoundConstants_2', sha3/KeccakP-1600-reference.c:382->sha3/KeccakP-1600-reference.c:323->sha3/KeccakP-1600-reference.c:294->sha3/KeccakP-1600-reference.c:257) on array 'KeccakRoundConstants' [100]  (2.77 ns)
	'xor' operation ('xor_ln382', sha3/KeccakP-1600-reference.c:382->sha3/KeccakP-1600-reference.c:323->sha3/KeccakP-1600-reference.c:294->sha3/KeccakP-1600-reference.c:257) [102]  (0.808 ns)
	'store' operation ('store_ln382', sha3/KeccakP-1600-reference.c:382->sha3/KeccakP-1600-reference.c:323->sha3/KeccakP-1600-reference.c:294->sha3/KeccakP-1600-reference.c:257) of variable 'xor_ln382', sha3/KeccakP-1600-reference.c:382->sha3/KeccakP-1600-reference.c:323->sha3/KeccakP-1600-reference.c:294->sha3/KeccakP-1600-reference.c:257 on array 'stateAsWords', sha3/KeccakP-1600-reference.c:240 [103]  (2.77 ns)

 <State 16>: 2.77ns
The critical path consists of the following:
	'phi' operation ('i') with incoming values : ('i', sha3/KeccakP-1600-reference.c:280->sha3/KeccakP-1600-reference.c:258) [108]  (0 ns)
	'getelementptr' operation ('stateAsWords_addr_2', sha3/KeccakP-1600-reference.c:282->sha3/KeccakP-1600-reference.c:258) [115]  (0 ns)
	'load' operation ('stateAsWords_load_1', sha3/KeccakP-1600-reference.c:282->sha3/KeccakP-1600-reference.c:258) on array 'stateAsWords', sha3/KeccakP-1600-reference.c:240 [117]  (2.77 ns)

 <State 17>: 2.77ns
The critical path consists of the following:
	'load' operation ('stateAsWords_load_1', sha3/KeccakP-1600-reference.c:282->sha3/KeccakP-1600-reference.c:258) on array 'stateAsWords', sha3/KeccakP-1600-reference.c:240 [117]  (2.77 ns)

 <State 18>: 6.25ns
The critical path consists of the following:
	'phi' operation ('j') with incoming values : ('j', sha3/KeccakP-1600-reference.c:281->sha3/KeccakP-1600-reference.c:258) [120]  (0 ns)
	'lshr' operation ('lshr_ln282', sha3/KeccakP-1600-reference.c:282->sha3/KeccakP-1600-reference.c:258) [130]  (3.48 ns)
	'store' operation ('store_ln282', sha3/KeccakP-1600-reference.c:282->sha3/KeccakP-1600-reference.c:258) of variable 'trunc_ln282_1', sha3/KeccakP-1600-reference.c:282->sha3/KeccakP-1600-reference.c:258 on array 'state' [135]  (2.77 ns)


============================================================
+ Verbose Summary: Binding
============================================================
N/A
* FSMD analyzer results:
  - Output states:
 - Input state : 
  - Chain level:
	State 1
	State 2
	State 3
	State 4
	State 5
	State 6
	State 7
	State 8
	State 9
	State 10
	State 11
	State 12
	State 13
	State 14
	State 15
	State 16
	State 17
	State 18


============================================================
+ Verbose Summary: Datapath Resource usage 
============================================================
N/A
