

================================================================
== Vivado HLS Report for 'KeccakWidth1600_Spon_4'
================================================================
* Date:           Thu May  7 17:59:54 2020

* Version:        2019.2 (Build 2704478 on Wed Nov 06 22:10:23 MST 2019)
* Project:        picnic1
* Solution:       sing_open
* Product family: artix7
* Target device:  xc7a200t-fbg676-2


================================================================
== Performance Estimates
================================================================
+ Timing: 
    * Summary: 
    +--------+----------+----------+------------+
    |  Clock |  Target  | Estimated| Uncertainty|
    +--------+----------+----------+------------+
    |ap_clk  | 10.00 ns | 8.579 ns |   1.25 ns  |
    +--------+----------+----------+------------+

+ Latency: 
    * Summary: 
    +---------+---------+----------+----------+-----+-----+---------+
    |  Latency (cycles) |  Latency (absolute) |  Interval | Pipeline|
    |   min   |   max   |    min   |    max   | min | max |   Type  |
    +---------+---------+----------+----------+-----+-----+---------+
    |        ?|        ?|         ?|         ?|    ?|    ?|   none  |
    +---------+---------+----------+----------+-----+-----+---------+

    + Detail: 
        * Instance: 
        N/A

        * Loop: 
        +-----------------+---------+---------+----------+-----------+-----------+------+----------+
        |                 |  Latency (cycles) | Iteration|  Initiation Interval  | Trip |          |
        |    Loop Name    |   min   |   max   |  Latency |  achieved |   target  | Count| Pipelined|
        +-----------------+---------+---------+----------+-----------+-----------+------+----------+
        |- Loop 1         |        ?|        ?|         ?|          -|          -|     ?|    no    |
        | + Loop 1.1      |        ?|        ?|     18923|          -|          -|     ?|    no    |
        |  ++ Loop 1.1.1  |      336|      336|         2|          -|          -|   168|    no    |
        | + Loop 1.2      |        ?|        ?|         2|          -|          -|     ?|    no    |
        +-----------------+---------+---------+----------+-----------+-----------+------+----------+

============================================================
+ Verbose Summary: Synthesis Manager
============================================================
InlineROM: 1
ExposeGlobal: 1
============================================================
+ Verbose Summary: CDFG Model
============================================================
IsTopModel: 0
ResetActiveHigh: 1
IsCombinational: 0
IsDatapathOnly: 0
HasWiredReturn: 1
HasMFsm: 0
HasVarLatency: 1
IsPipeline: 0
IsRtlPipelined: 0
IsInstanceOverlapped: 0
IsDontTouch: 0
HasImplIP: 0
IsGatedGlobalClock: 0


============================================================
+ Verbose Summary: Schedule
============================================================
* Number of FSM states : 10
* Pipeline : 0
* Dataflow Pipeline: 0

* FSM state transitions: 
1 --> 2 
2 --> 7 3 
3 --> 4 10 
4 --> 5 6 
5 --> 4 
6 --> 3 
7 --> 8 
8 --> 9 10 
9 --> 8 
10 --> 2 

* FSM state operations: 

State 1 <SV = 0> <Delay = 1.45>
ST_1 : Operation 11 [1/1] (0.00ns)   --->   "%i_17 = alloca i34"   --->   Operation 11 'alloca' 'i_17' <Predicate = true> <Delay = 0.00>
ST_1 : Operation 12 [1/1] (0.00ns)   --->   "%instance_byteIOIndex = alloca i32"   --->   Operation 12 'alloca' 'instance_byteIOIndex' <Predicate = true> <Delay = 0.00>
ST_1 : Operation 13 [1/1] (0.00ns)   --->   "%data_offset1_read = call i8 @_ssdm_op_Read.ap_auto.i8(i8 %data_offset1)" [sha3/KeccakSpongeWidth1600.c:212]   --->   Operation 13 'read' 'data_offset1_read' <Predicate = true> <Delay = 0.00>
ST_1 : Operation 14 [1/1] (0.00ns)   --->   "%instance_byteIOIndex_31 = call i32 @_ssdm_op_Read.ap_auto.i32(i32 %instance_byteIOIndex_read)" [sha3/KeccakSpongeWidth1600.c:212]   --->   Operation 14 'read' 'instance_byteIOIndex_31' <Predicate = true> <Delay = 0.00>
ST_1 : Operation 15 [1/1] (0.00ns)   --->   "%tmp = call i12 @_ssdm_op_BitConcatenate.i12.i8.i4(i8 %data_offset1_read, i4 0)" [sha3/KeccakSpongeWidth1600.c:212]   --->   Operation 15 'bitconcatenate' 'tmp' <Predicate = true> <Delay = 0.00>
ST_1 : Operation 16 [1/1] (0.00ns)   --->   "%zext_ln212_6_cast = zext i12 %tmp to i13" [sha3/KeccakSpongeWidth1600.c:212]   --->   Operation 16 'zext' 'zext_ln212_6_cast' <Predicate = true> <Delay = 0.00>
ST_1 : Operation 17 [1/1] (1.45ns)   --->   "store i32 %instance_byteIOIndex_31, i32* %instance_byteIOIndex" [sha3/KeccakSpongeWidth1600.c:194]   --->   Operation 17 'store' <Predicate = true> <Delay = 1.45>
ST_1 : Operation 18 [1/1] (1.45ns)   --->   "store i34 0, i34* %i_17" [sha3/KeccakSpongeWidth1600.c:194]   --->   Operation 18 'store' <Predicate = true> <Delay = 1.45>
ST_1 : Operation 19 [1/1] (1.35ns)   --->   "br label %.preheader2" [sha3/KeccakSpongeWidth1600.c:194]   --->   Operation 19 'br' <Predicate = true> <Delay = 1.35>

State 2 <SV = 1> <Delay = 4.23>
ST_2 : Operation 20 [1/1] (0.00ns)   --->   "%p_01_rec = phi i64 [ 0, %.preheader2.preheader ], [ %p_2_rec, %._crit_edge6 ]" [sha3/KeccakSpongeWidth1600.c:214]   --->   Operation 20 'phi' 'p_01_rec' <Predicate = true> <Delay = 0.00>
ST_2 : Operation 21 [1/1] (0.00ns)   --->   "%i_17_load = load i34* %i_17" [sha3/KeccakSpongeWidth1600.c:223]   --->   Operation 21 'load' 'i_17_load' <Predicate = true> <Delay = 0.00>
ST_2 : Operation 22 [1/1] (0.00ns)   --->   "%tmp_50 = call i30 @_ssdm_op_PartSelect.i30.i34.i32.i32(i34 %i_17_load, i32 4, i32 33)" [sha3/KeccakSpongeWidth1600.c:194]   --->   Operation 22 'partselect' 'tmp_50' <Predicate = true> <Delay = 0.00>
ST_2 : Operation 23 [1/1] (2.09ns)   --->   "%icmp_ln194 = icmp eq i30 %tmp_50, 0" [sha3/KeccakSpongeWidth1600.c:194]   --->   Operation 23 'icmp' 'icmp_ln194' <Predicate = true> <Delay = 2.09> <Core = "Cmp">   --->   Core 25 'Cmp' <Latency = 0> <II = 1> <Delay = 2.11> <FuncUnit> <Opcode : 'icmp'> <InPorts = 2> <OutPorts = 1>
ST_2 : Operation 24 [1/1] (0.00ns)   --->   "br i1 %icmp_ln194, label %0, label %.loopexit" [sha3/KeccakSpongeWidth1600.c:194]   --->   Operation 24 'br' <Predicate = true> <Delay = 0.00>
ST_2 : Operation 25 [1/1] (0.00ns)   --->   "%instance_byteIOIndex_32 = load i32* %instance_byteIOIndex" [sha3/KeccakSpongeWidth1600.c:195]   --->   Operation 25 'load' 'instance_byteIOIndex_32' <Predicate = (icmp_ln194)> <Delay = 0.00>
ST_2 : Operation 26 [1/1] (2.11ns)   --->   "%icmp_ln195 = icmp eq i32 %instance_byteIOIndex_32, 0" [sha3/KeccakSpongeWidth1600.c:195]   --->   Operation 26 'icmp' 'icmp_ln195' <Predicate = (icmp_ln194)> <Delay = 2.11> <Core = "Cmp">   --->   Core 25 'Cmp' <Latency = 0> <II = 1> <Delay = 2.11> <FuncUnit> <Opcode : 'icmp'> <InPorts = 2> <OutPorts = 1>
ST_2 : Operation 27 [1/1] (0.00ns)   --->   "br i1 %icmp_ln195, label %1, label %._crit_edge" [sha3/KeccakSpongeWidth1600.c:195]   --->   Operation 27 'br' <Predicate = (icmp_ln194)> <Delay = 0.00>
ST_2 : Operation 28 [1/1] (0.00ns)   --->   "%trunc_ln195 = trunc i34 %i_17_load to i30" [sha3/KeccakSpongeWidth1600.c:195]   --->   Operation 28 'trunc' 'trunc_ln195' <Predicate = (icmp_ln194 & icmp_ln195)> <Delay = 0.00>
ST_2 : Operation 29 [1/1] (2.13ns)   --->   "%add_ln195 = add i30 168, %trunc_ln195" [sha3/KeccakSpongeWidth1600.c:195]   --->   Operation 29 'add' 'add_ln195' <Predicate = (icmp_ln194 & icmp_ln195)> <Delay = 2.13> <Core = "AddSub">   --->   Core 14 'AddSub' <Latency = 0> <II = 1> <Delay = 2.99> <FuncUnit> <Opcode : 'add' 'sub'> <InPorts = 2> <OutPorts = 1>
ST_2 : Operation 30 [1/1] (2.09ns)   --->   "%icmp_ln195_1 = icmp ugt i30 %add_ln195, 16" [sha3/KeccakSpongeWidth1600.c:195]   --->   Operation 30 'icmp' 'icmp_ln195_1' <Predicate = (icmp_ln194 & icmp_ln195)> <Delay = 2.09> <Core = "Cmp">   --->   Core 25 'Cmp' <Latency = 0> <II = 1> <Delay = 2.11> <FuncUnit> <Opcode : 'icmp'> <InPorts = 2> <OutPorts = 1>
ST_2 : Operation 31 [1/1] (0.00ns)   --->   "br i1 %icmp_ln195_1, label %._crit_edge, label %2" [sha3/KeccakSpongeWidth1600.c:195]   --->   Operation 31 'br' <Predicate = (icmp_ln194 & icmp_ln195)> <Delay = 0.00>
ST_2 : Operation 32 [1/1] (2.23ns)   --->   "%j = sub i34 16, %i_17_load" [sha3/KeccakSpongeWidth1600.c:206]   --->   Operation 32 'sub' 'j' <Predicate = (icmp_ln194 & icmp_ln195 & !icmp_ln195_1)> <Delay = 2.23> <Core = "AddSub">   --->   Core 14 'AddSub' <Latency = 0> <II = 1> <Delay = 2.99> <FuncUnit> <Opcode : 'add' 'sub'> <InPorts = 2> <OutPorts = 1>
ST_2 : Operation 33 [1/1] (0.00ns)   --->   "%zext_ln206 = zext i34 %j to i64" [sha3/KeccakSpongeWidth1600.c:206]   --->   Operation 33 'zext' 'zext_ln206' <Predicate = (icmp_ln194 & icmp_ln195 & !icmp_ln195_1)> <Delay = 0.00>
ST_2 : Operation 34 [1/1] (1.35ns)   --->   "br label %3" [sha3/KeccakSpongeWidth1600.c:206]   --->   Operation 34 'br' <Predicate = (icmp_ln194 & icmp_ln195 & !icmp_ln195_1)> <Delay = 1.35>
ST_2 : Operation 35 [1/1] (0.00ns)   --->   "%trunc_ln223 = trunc i34 %i_17_load to i5" [sha3/KeccakSpongeWidth1600.c:223]   --->   Operation 35 'trunc' 'trunc_ln223' <Predicate = (icmp_ln194 & icmp_ln195_1) | (icmp_ln194 & !icmp_ln195)> <Delay = 0.00>
ST_2 : Operation 36 [1/1] (1.54ns)   --->   "%partialBlock = sub i5 -16, %trunc_ln223" [sha3/KeccakSpongeWidth1600.c:223]   --->   Operation 36 'sub' 'partialBlock' <Predicate = (icmp_ln194 & icmp_ln195_1) | (icmp_ln194 & !icmp_ln195)> <Delay = 1.54> <Core = "AddSub">   --->   Core 14 'AddSub' <Latency = 0> <II = 1> <Delay = 2.99> <FuncUnit> <Opcode : 'add' 'sub'> <InPorts = 2> <OutPorts = 1>
ST_2 : Operation 37 [1/1] (0.00ns)   --->   "%instance_byteIOIndex_36 = load i32* %instance_byteIOIndex"   --->   Operation 37 'load' 'instance_byteIOIndex_36' <Predicate = (!icmp_ln194)> <Delay = 0.00>
ST_2 : Operation 38 [1/1] (0.00ns)   --->   "ret i32 %instance_byteIOIndex_36"   --->   Operation 38 'ret' <Predicate = (!icmp_ln194)> <Delay = 0.00>

State 3 <SV = 2> <Delay = 3.68>
ST_3 : Operation 39 [1/1] (0.00ns)   --->   "%j_0 = phi i64 [ %zext_ln206, %2 ], [ %j_7, %5 ]"   --->   Operation 39 'phi' 'j_0' <Predicate = true> <Delay = 0.00>
ST_3 : Operation 40 [1/1] (0.00ns)   --->   "%p_1_rec = phi i64 [ 0, %2 ], [ %add_ln214, %5 ]" [sha3/KeccakSpongeWidth1600.c:214]   --->   Operation 40 'phi' 'p_1_rec' <Predicate = true> <Delay = 0.00>
ST_3 : Operation 41 [1/1] (2.34ns)   --->   "%icmp_ln206 = icmp ult i64 %j_0, 168" [sha3/KeccakSpongeWidth1600.c:206]   --->   Operation 41 'icmp' 'icmp_ln206' <Predicate = true> <Delay = 2.34> <Core = "Cmp">   --->   Core 25 'Cmp' <Latency = 0> <II = 1> <Delay = 2.11> <FuncUnit> <Opcode : 'icmp'> <InPorts = 2> <OutPorts = 1>
ST_3 : Operation 42 [1/1] (0.00ns)   --->   "br i1 %icmp_ln206, label %6, label %.preheader.preheader" [sha3/KeccakSpongeWidth1600.c:206]   --->   Operation 42 'br' <Predicate = true> <Delay = 0.00>
ST_3 : Operation 43 [1/1] (1.35ns)   --->   "br label %.preheader" [sha3/KeccakSpongeWidth1600.c:211]   --->   Operation 43 'br' <Predicate = (!icmp_ln206)> <Delay = 1.35>
ST_3 : Operation 44 [1/1] (0.00ns)   --->   "%trunc_ln216 = trunc i64 %j_0 to i34" [sha3/KeccakSpongeWidth1600.c:216]   --->   Operation 44 'trunc' 'trunc_ln216' <Predicate = (icmp_ln206)> <Delay = 0.00>
ST_3 : Operation 45 [1/1] (2.23ns)   --->   "%sub_ln216 = sub i34 16, %trunc_ln216" [sha3/KeccakSpongeWidth1600.c:216]   --->   Operation 45 'sub' 'sub_ln216' <Predicate = (icmp_ln206)> <Delay = 2.23> <Core = "AddSub">   --->   Core 14 'AddSub' <Latency = 0> <II = 1> <Delay = 2.99> <FuncUnit> <Opcode : 'add' 'sub'> <InPorts = 2> <OutPorts = 1>
ST_3 : Operation 46 [1/1] (1.45ns)   --->   "store i32 0, i32* %instance_byteIOIndex" [sha3/KeccakSpongeWidth1600.c:220]   --->   Operation 46 'store' <Predicate = (icmp_ln206)> <Delay = 1.45>
ST_3 : Operation 47 [1/1] (1.45ns)   --->   "store i34 %sub_ln216, i34* %i_17" [sha3/KeccakSpongeWidth1600.c:220]   --->   Operation 47 'store' <Predicate = (icmp_ln206)> <Delay = 1.45>
ST_3 : Operation 48 [1/1] (1.35ns)   --->   "br label %._crit_edge6" [sha3/KeccakSpongeWidth1600.c:220]   --->   Operation 48 'br' <Predicate = (icmp_ln206)> <Delay = 1.35>

State 4 <SV = 3> <Delay = 7.34>
ST_4 : Operation 49 [1/1] (0.00ns)   --->   "%offset_assign_16 = phi i8 [ %loop_41, %4 ], [ 0, %.preheader.preheader ]"   --->   Operation 49 'phi' 'offset_assign_16' <Predicate = true> <Delay = 0.00>
ST_4 : Operation 50 [1/1] (1.24ns)   --->   "%icmp_ln211 = icmp eq i8 %offset_assign_16, -88" [sha3/KeccakSpongeWidth1600.c:211]   --->   Operation 50 'icmp' 'icmp_ln211' <Predicate = true> <Delay = 1.24> <Core = "Cmp">   --->   Core 25 'Cmp' <Latency = 0> <II = 1> <Delay = 2.11> <FuncUnit> <Opcode : 'icmp'> <InPorts = 2> <OutPorts = 1>
ST_4 : Operation 51 [1/1] (1.71ns)   --->   "%loop_41 = add i8 %offset_assign_16, 1" [sha3/KeccakSpongeWidth1600.c:211]   --->   Operation 51 'add' 'loop_41' <Predicate = true> <Delay = 1.71> <Core = "AddSub">   --->   Core 14 'AddSub' <Latency = 0> <II = 1> <Delay = 2.99> <FuncUnit> <Opcode : 'add' 'sub'> <InPorts = 2> <OutPorts = 1>
ST_4 : Operation 52 [1/1] (0.00ns)   --->   "%empty = call i32 (...)* @_ssdm_op_SpecLoopTripCount(i64 168, i64 168, i64 168)"   --->   Operation 52 'speclooptripcount' 'empty' <Predicate = true> <Delay = 0.00>
ST_4 : Operation 53 [1/1] (0.00ns)   --->   "br i1 %icmp_ln211, label %5, label %4" [sha3/KeccakSpongeWidth1600.c:211]   --->   Operation 53 'br' <Predicate = true> <Delay = 0.00>
ST_4 : Operation 54 [1/1] (0.00ns)   --->   "%zext_ln212 = zext i8 %offset_assign_16 to i64" [sha3/KeccakSpongeWidth1600.c:212]   --->   Operation 54 'zext' 'zext_ln212' <Predicate = (!icmp_ln211)> <Delay = 0.00>
ST_4 : Operation 55 [1/1] (0.00ns)   --->   "%trunc_ln212 = trunc i8 %offset_assign_16 to i6" [sha3/KeccakSpongeWidth1600.c:212]   --->   Operation 55 'trunc' 'trunc_ln212' <Predicate = (!icmp_ln211)> <Delay = 0.00>
ST_4 : Operation 56 [1/1] (0.00ns)   --->   "%trunc_ln206 = trunc i64 %p_1_rec to i6" [sha3/KeccakSpongeWidth1600.c:206]   --->   Operation 56 'trunc' 'trunc_ln206' <Predicate = (!icmp_ln211)> <Delay = 0.00>
ST_4 : Operation 57 [1/1] (0.00ns) (grouped into TernaryAdder)   --->   "%add_ln212 = add i6 %trunc_ln212, %trunc_ln206" [sha3/KeccakSpongeWidth1600.c:212]   --->   Operation 57 'add' 'add_ln212' <Predicate = (!icmp_ln211)> <Delay = 0.00> <Core = "TAddSub">   --->   Core 83 'TAddSub' <Latency = 0> <II = 1> <Delay = 1.39> <IPBlock> <Opcode : 'add' 'sub'> <InPorts = 3> <OutPorts = 1> <Sync> <CReg>
ST_4 : Operation 58 [1/1] (0.00ns)   --->   "%trunc_ln194_6 = trunc i64 %p_01_rec to i6" [sha3/KeccakSpongeWidth1600.c:194]   --->   Operation 58 'trunc' 'trunc_ln194_6' <Predicate = (!icmp_ln211)> <Delay = 0.00>
ST_4 : Operation 59 [1/1] (2.79ns) (root node of TernaryAdder)   --->   "%add_ln212_6 = add i6 %trunc_ln194_6, %add_ln212" [sha3/KeccakSpongeWidth1600.c:212]   --->   Operation 59 'add' 'add_ln212_6' <Predicate = (!icmp_ln211)> <Delay = 2.79> <Core = "TAddSub">   --->   Core 83 'TAddSub' <Latency = 0> <II = 1> <Delay = 1.39> <IPBlock> <Opcode : 'add' 'sub'> <InPorts = 3> <OutPorts = 1> <Sync> <CReg>
ST_4 : Operation 60 [1/1] (0.00ns)   --->   "%zext_ln212_12 = zext i6 %add_ln212_6 to i13" [sha3/KeccakSpongeWidth1600.c:212]   --->   Operation 60 'zext' 'zext_ln212_12' <Predicate = (!icmp_ln211)> <Delay = 0.00>
ST_4 : Operation 61 [1/1] (1.77ns)   --->   "%add_ln212_7 = add i13 %zext_ln212_6_cast, %zext_ln212_12" [sha3/KeccakSpongeWidth1600.c:212]   --->   Operation 61 'add' 'add_ln212_7' <Predicate = (!icmp_ln211)> <Delay = 1.77> <Core = "AddSub">   --->   Core 14 'AddSub' <Latency = 0> <II = 1> <Delay = 2.99> <FuncUnit> <Opcode : 'add' 'sub'> <InPorts = 2> <OutPorts = 1>
ST_4 : Operation 62 [1/1] (0.00ns)   --->   "%zext_ln212_13 = zext i13 %add_ln212_7 to i64" [sha3/KeccakSpongeWidth1600.c:212]   --->   Operation 62 'zext' 'zext_ln212_13' <Predicate = (!icmp_ln211)> <Delay = 0.00>
ST_4 : Operation 63 [1/1] (0.00ns)   --->   "%data_0_addr_3 = getelementptr [3504 x i8]* %data_0, i64 0, i64 %zext_ln212_13" [sha3/KeccakSpongeWidth1600.c:212]   --->   Operation 63 'getelementptr' 'data_0_addr_3' <Predicate = (!icmp_ln211)> <Delay = 0.00>
ST_4 : Operation 64 [2/2] (2.77ns)   --->   "%data_0_load_4 = load i8* %data_0_addr_3, align 1" [sha3/KeccakSpongeWidth1600.c:212]   --->   Operation 64 'load' 'data_0_load_4' <Predicate = (!icmp_ln211)> <Delay = 2.77> <Core = "RAM">   --->   Core 37 'RAM' <Latency = 1> <II = 1> <Delay = 2.77> <Storage> <Opcode : 'load' 'store'> <Ports = 2> <Width = 8> <Depth = 200> <RAM>
ST_4 : Operation 65 [1/1] (0.00ns)   --->   "%instance_state_addr_6 = getelementptr [200 x i8]* %instance_state, i64 0, i64 %zext_ln212" [sha3/KeccakP-1600-reference.c:149->sha3/KeccakSpongeWidth1600.c:212]   --->   Operation 65 'getelementptr' 'instance_state_addr_6' <Predicate = (!icmp_ln211)> <Delay = 0.00>
ST_4 : Operation 66 [2/2] (2.77ns)   --->   "%instance_state_load_6 = load i8* %instance_state_addr_6, align 1" [sha3/KeccakP-1600-reference.c:149->sha3/KeccakSpongeWidth1600.c:212]   --->   Operation 66 'load' 'instance_state_load_6' <Predicate = (!icmp_ln211)> <Delay = 2.77> <Core = "RAM">   --->   Core 37 'RAM' <Latency = 1> <II = 1> <Delay = 2.77> <Storage> <Opcode : 'load' 'store'> <Ports = 2> <Width = 8> <Depth = 200> <RAM>
ST_4 : Operation 67 [2/2] (1.35ns)   --->   "call fastcc void @KeccakP1600_Permute_([200 x i8]* %instance_state)" [sha3/KeccakSpongeWidth1600.c:213]   --->   Operation 67 'call' <Predicate = (icmp_ln211)> <Delay = 1.35> <CoreType = "Generic">   --->   Core 0 '' <Latency = 0> <II = 1> <Delay = 1.00> <Generic> <Opcode : >
ST_4 : Operation 68 [1/1] (2.99ns)   --->   "%j_7 = add i64 %j_0, -168" [sha3/KeccakSpongeWidth1600.c:206]   --->   Operation 68 'add' 'j_7' <Predicate = (icmp_ln211)> <Delay = 2.99> <Core = "AddSub">   --->   Core 14 'AddSub' <Latency = 0> <II = 1> <Delay = 2.99> <FuncUnit> <Opcode : 'add' 'sub'> <InPorts = 2> <OutPorts = 1>

State 5 <SV = 4> <Delay = 6.34>
ST_5 : Operation 69 [1/2] (2.77ns)   --->   "%data_0_load_4 = load i8* %data_0_addr_3, align 1" [sha3/KeccakSpongeWidth1600.c:212]   --->   Operation 69 'load' 'data_0_load_4' <Predicate = true> <Delay = 2.77> <Core = "RAM">   --->   Core 37 'RAM' <Latency = 1> <II = 1> <Delay = 2.77> <Storage> <Opcode : 'load' 'store'> <Ports = 2> <Width = 8> <Depth = 200> <RAM>
ST_5 : Operation 70 [1/2] (2.77ns)   --->   "%instance_state_load_6 = load i8* %instance_state_addr_6, align 1" [sha3/KeccakP-1600-reference.c:149->sha3/KeccakSpongeWidth1600.c:212]   --->   Operation 70 'load' 'instance_state_load_6' <Predicate = true> <Delay = 2.77> <Core = "RAM">   --->   Core 37 'RAM' <Latency = 1> <II = 1> <Delay = 2.77> <Storage> <Opcode : 'load' 'store'> <Ports = 2> <Width = 8> <Depth = 200> <RAM>
ST_5 : Operation 71 [1/1] (0.80ns)   --->   "%xor_ln149_6 = xor i8 %instance_state_load_6, %data_0_load_4" [sha3/KeccakP-1600-reference.c:149->sha3/KeccakSpongeWidth1600.c:212]   --->   Operation 71 'xor' 'xor_ln149_6' <Predicate = true> <Delay = 0.80> <Core = "LogicGate">   --->   Core 27 'LogicGate' <Latency = 0> <II = 1> <Delay = 0.80> <FuncUnit> <Opcode : 'and' 'or' 'xor'> <InPorts = 2> <OutPorts = 1>
ST_5 : Operation 72 [1/1] (2.77ns)   --->   "store i8 %xor_ln149_6, i8* %instance_state_addr_6, align 1" [sha3/KeccakP-1600-reference.c:149->sha3/KeccakSpongeWidth1600.c:212]   --->   Operation 72 'store' <Predicate = true> <Delay = 2.77> <Core = "RAM">   --->   Core 37 'RAM' <Latency = 1> <II = 1> <Delay = 2.77> <Storage> <Opcode : 'load' 'store'> <Ports = 2> <Width = 8> <Depth = 200> <RAM>
ST_5 : Operation 73 [1/1] (0.00ns)   --->   "br label %.preheader" [sha3/KeccakSpongeWidth1600.c:211]   --->   Operation 73 'br' <Predicate = true> <Delay = 0.00>

State 6 <SV = 4> <Delay = 2.99>
ST_6 : Operation 74 [1/2] (0.00ns)   --->   "call fastcc void @KeccakP1600_Permute_([200 x i8]* %instance_state)" [sha3/KeccakSpongeWidth1600.c:213]   --->   Operation 74 'call' <Predicate = true> <Delay = 0.00> <CoreType = "Generic">   --->   Core 0 '' <Latency = 0> <II = 1> <Delay = 1.00> <Generic> <Opcode : >
ST_6 : Operation 75 [1/1] (2.99ns)   --->   "%add_ln214 = add i64 %p_1_rec, 168" [sha3/KeccakSpongeWidth1600.c:214]   --->   Operation 75 'add' 'add_ln214' <Predicate = true> <Delay = 2.99> <Core = "AddSub">   --->   Core 14 'AddSub' <Latency = 0> <II = 1> <Delay = 2.99> <FuncUnit> <Opcode : 'add' 'sub'> <InPorts = 2> <OutPorts = 1>
ST_6 : Operation 76 [1/1] (0.00ns)   --->   "br label %3" [sha3/KeccakSpongeWidth1600.c:206]   --->   Operation 76 'br' <Predicate = true> <Delay = 0.00>

State 7 <SV = 2> <Delay = 7.29>
ST_7 : Operation 77 [1/1] (0.00ns)   --->   "%instance_byteIOIndex_33 = load i32* %instance_byteIOIndex" [sha3/KeccakSpongeWidth1600.c:224]   --->   Operation 77 'load' 'instance_byteIOIndex_33' <Predicate = true> <Delay = 0.00>
ST_7 : Operation 78 [1/1] (0.00ns)   --->   "%zext_ln223 = zext i5 %partialBlock to i32" [sha3/KeccakSpongeWidth1600.c:223]   --->   Operation 78 'zext' 'zext_ln223' <Predicate = true> <Delay = 0.00>
ST_7 : Operation 79 [1/1] (2.18ns)   --->   "%add_ln224 = add i32 %zext_ln223, %instance_byteIOIndex_33" [sha3/KeccakSpongeWidth1600.c:224]   --->   Operation 79 'add' 'add_ln224' <Predicate = true> <Delay = 2.18> <Core = "AddSub">   --->   Core 14 'AddSub' <Latency = 0> <II = 1> <Delay = 2.99> <FuncUnit> <Opcode : 'add' 'sub'> <InPorts = 2> <OutPorts = 1>
ST_7 : Operation 80 [1/1] (2.11ns)   --->   "%icmp_ln224 = icmp ugt i32 %add_ln224, 168" [sha3/KeccakSpongeWidth1600.c:224]   --->   Operation 80 'icmp' 'icmp_ln224' <Predicate = true> <Delay = 2.11> <Core = "Cmp">   --->   Core 25 'Cmp' <Latency = 0> <II = 1> <Delay = 2.11> <FuncUnit> <Opcode : 'icmp'> <InPorts = 2> <OutPorts = 1>
ST_7 : Operation 81 [1/1] (2.18ns)   --->   "%partialBlock_6 = sub i32 168, %instance_byteIOIndex_33" [sha3/KeccakSpongeWidth1600.c:225]   --->   Operation 81 'sub' 'partialBlock_6' <Predicate = true> <Delay = 2.18> <Core = "AddSub">   --->   Core 14 'AddSub' <Latency = 0> <II = 1> <Delay = 2.99> <FuncUnit> <Opcode : 'add' 'sub'> <InPorts = 2> <OutPorts = 1>
ST_7 : Operation 82 [1/1] (0.77ns)   --->   "%select_ln224 = select i1 %icmp_ln224, i32 %partialBlock_6, i32 %zext_ln223" [sha3/KeccakSpongeWidth1600.c:224]   --->   Operation 82 'select' 'select_ln224' <Predicate = true> <Delay = 0.77> <Core = "Sel">   --->   Core 26 'Sel' <Latency = 0> <II = 1> <Delay = 0.77> <FuncUnit> <Opcode : 'select'> <InPorts = 3> <OutPorts = 1>
ST_7 : Operation 83 [1/1] (0.00ns)   --->   "%zext_ln229 = zext i32 %select_ln224 to i64" [sha3/KeccakSpongeWidth1600.c:229]   --->   Operation 83 'zext' 'zext_ln229' <Predicate = true> <Delay = 0.00>
ST_7 : Operation 84 [1/1] (0.00ns)   --->   "%zext_ln229_6 = zext i32 %select_ln224 to i34" [sha3/KeccakSpongeWidth1600.c:229]   --->   Operation 84 'zext' 'zext_ln229_6' <Predicate = true> <Delay = 0.00>
ST_7 : Operation 85 [1/1] (2.23ns)   --->   "%i = add i34 %zext_ln229_6, %i_17_load" [sha3/KeccakSpongeWidth1600.c:229]   --->   Operation 85 'add' 'i' <Predicate = true> <Delay = 2.23> <Core = "AddSub">   --->   Core 14 'AddSub' <Latency = 0> <II = 1> <Delay = 2.99> <FuncUnit> <Opcode : 'add' 'sub'> <InPorts = 2> <OutPorts = 1>
ST_7 : Operation 86 [1/1] (1.35ns)   --->   "br label %7" [sha3/KeccakSpongeWidth1600.c:231]   --->   Operation 86 'br' <Predicate = true> <Delay = 1.35>

State 8 <SV = 3> <Delay = 6.15>
ST_8 : Operation 87 [1/1] (0.00ns)   --->   "%loop_1 = phi i32 [ 0, %._crit_edge ], [ %loop, %8 ]"   --->   Operation 87 'phi' 'loop_1' <Predicate = true> <Delay = 0.00>
ST_8 : Operation 88 [1/1] (2.11ns)   --->   "%icmp_ln231 = icmp eq i32 %loop_1, %select_ln224" [sha3/KeccakSpongeWidth1600.c:231]   --->   Operation 88 'icmp' 'icmp_ln231' <Predicate = true> <Delay = 2.11> <Core = "Cmp">   --->   Core 25 'Cmp' <Latency = 0> <II = 1> <Delay = 2.11> <FuncUnit> <Opcode : 'icmp'> <InPorts = 2> <OutPorts = 1>
ST_8 : Operation 89 [1/1] (2.18ns)   --->   "%loop = add nsw i32 %loop_1, 1" [sha3/KeccakSpongeWidth1600.c:231]   --->   Operation 89 'add' 'loop' <Predicate = true> <Delay = 2.18> <Core = "AddSub">   --->   Core 14 'AddSub' <Latency = 0> <II = 1> <Delay = 2.99> <FuncUnit> <Opcode : 'add' 'sub'> <InPorts = 2> <OutPorts = 1>
ST_8 : Operation 90 [1/1] (0.00ns)   --->   "br i1 %icmp_ln231, label %9, label %8" [sha3/KeccakSpongeWidth1600.c:231]   --->   Operation 90 'br' <Predicate = true> <Delay = 0.00>
ST_8 : Operation 91 [1/1] (0.00ns)   --->   "%instance_byteIOIndex_34 = load i32* %instance_byteIOIndex" [sha3/KeccakSpongeWidth1600.c:232]   --->   Operation 91 'load' 'instance_byteIOIndex_34' <Predicate = (!icmp_ln231)> <Delay = 0.00>
ST_8 : Operation 92 [1/1] (0.00ns)   --->   "%trunc_ln232 = trunc i32 %loop_1 to i6" [sha3/KeccakSpongeWidth1600.c:232]   --->   Operation 92 'trunc' 'trunc_ln232' <Predicate = (!icmp_ln231)> <Delay = 0.00>
ST_8 : Operation 93 [1/1] (0.00ns)   --->   "%trunc_ln194 = trunc i64 %p_01_rec to i6" [sha3/KeccakSpongeWidth1600.c:194]   --->   Operation 93 'trunc' 'trunc_ln194' <Predicate = (!icmp_ln231)> <Delay = 0.00>
ST_8 : Operation 94 [1/1] (1.60ns)   --->   "%add_ln232 = add i6 %trunc_ln232, %trunc_ln194" [sha3/KeccakSpongeWidth1600.c:232]   --->   Operation 94 'add' 'add_ln232' <Predicate = (!icmp_ln231)> <Delay = 1.60> <Core = "AddSub">   --->   Core 14 'AddSub' <Latency = 0> <II = 1> <Delay = 2.99> <FuncUnit> <Opcode : 'add' 'sub'> <InPorts = 2> <OutPorts = 1>
ST_8 : Operation 95 [1/1] (0.00ns)   --->   "%zext_ln232 = zext i6 %add_ln232 to i13" [sha3/KeccakSpongeWidth1600.c:232]   --->   Operation 95 'zext' 'zext_ln232' <Predicate = (!icmp_ln231)> <Delay = 0.00>
ST_8 : Operation 96 [1/1] (1.77ns)   --->   "%add_ln232_9 = add i13 %zext_ln212_6_cast, %zext_ln232" [sha3/KeccakSpongeWidth1600.c:232]   --->   Operation 96 'add' 'add_ln232_9' <Predicate = (!icmp_ln231)> <Delay = 1.77> <Core = "AddSub">   --->   Core 14 'AddSub' <Latency = 0> <II = 1> <Delay = 2.99> <FuncUnit> <Opcode : 'add' 'sub'> <InPorts = 2> <OutPorts = 1>
ST_8 : Operation 97 [1/1] (0.00ns)   --->   "%zext_ln232_3 = zext i13 %add_ln232_9 to i64" [sha3/KeccakSpongeWidth1600.c:232]   --->   Operation 97 'zext' 'zext_ln232_3' <Predicate = (!icmp_ln231)> <Delay = 0.00>
ST_8 : Operation 98 [1/1] (0.00ns)   --->   "%data_0_addr = getelementptr [3504 x i8]* %data_0, i64 0, i64 %zext_ln232_3" [sha3/KeccakSpongeWidth1600.c:232]   --->   Operation 98 'getelementptr' 'data_0_addr' <Predicate = (!icmp_ln231)> <Delay = 0.00>
ST_8 : Operation 99 [2/2] (2.77ns)   --->   "%data_0_load = load i8* %data_0_addr, align 1" [sha3/KeccakSpongeWidth1600.c:232]   --->   Operation 99 'load' 'data_0_load' <Predicate = (!icmp_ln231)> <Delay = 2.77> <Core = "RAM">   --->   Core 37 'RAM' <Latency = 1> <II = 1> <Delay = 2.77> <Storage> <Opcode : 'load' 'store'> <Ports = 2> <Width = 8> <Depth = 200> <RAM>
ST_8 : Operation 100 [1/1] (2.18ns)   --->   "%add_ln232_10 = add i32 %loop_1, %instance_byteIOIndex_34" [sha3/KeccakSpongeWidth1600.c:232]   --->   Operation 100 'add' 'add_ln232_10' <Predicate = (!icmp_ln231)> <Delay = 2.18> <Core = "AddSub">   --->   Core 14 'AddSub' <Latency = 0> <II = 1> <Delay = 2.99> <FuncUnit> <Opcode : 'add' 'sub'> <InPorts = 2> <OutPorts = 1>
ST_8 : Operation 101 [1/1] (0.00ns)   --->   "%zext_ln149 = zext i32 %add_ln232_10 to i64" [sha3/KeccakP-1600-reference.c:149->sha3/KeccakSpongeWidth1600.c:232]   --->   Operation 101 'zext' 'zext_ln149' <Predicate = (!icmp_ln231)> <Delay = 0.00>
ST_8 : Operation 102 [1/1] (0.00ns)   --->   "%instance_state_addr = getelementptr [200 x i8]* %instance_state, i64 0, i64 %zext_ln149" [sha3/KeccakP-1600-reference.c:149->sha3/KeccakSpongeWidth1600.c:232]   --->   Operation 102 'getelementptr' 'instance_state_addr' <Predicate = (!icmp_ln231)> <Delay = 0.00>
ST_8 : Operation 103 [2/2] (2.77ns)   --->   "%instance_state_load = load i8* %instance_state_addr, align 1" [sha3/KeccakP-1600-reference.c:149->sha3/KeccakSpongeWidth1600.c:232]   --->   Operation 103 'load' 'instance_state_load' <Predicate = (!icmp_ln231)> <Delay = 2.77> <Core = "RAM">   --->   Core 37 'RAM' <Latency = 1> <II = 1> <Delay = 2.77> <Storage> <Opcode : 'load' 'store'> <Ports = 2> <Width = 8> <Depth = 200> <RAM>
ST_8 : Operation 104 [1/1] (0.00ns)   --->   "%instance_byteIOIndex_35 = load i32* %instance_byteIOIndex" [sha3/KeccakSpongeWidth1600.c:236]   --->   Operation 104 'load' 'instance_byteIOIndex_35' <Predicate = (icmp_ln231)> <Delay = 0.00>
ST_8 : Operation 105 [1/1] (2.18ns)   --->   "%add_ln236 = add i32 %instance_byteIOIndex_35, %select_ln224" [sha3/KeccakSpongeWidth1600.c:236]   --->   Operation 105 'add' 'add_ln236' <Predicate = (icmp_ln231)> <Delay = 2.18> <Core = "AddSub">   --->   Core 14 'AddSub' <Latency = 0> <II = 1> <Delay = 2.99> <FuncUnit> <Opcode : 'add' 'sub'> <InPorts = 2> <OutPorts = 1>
ST_8 : Operation 106 [1/1] (2.11ns)   --->   "%icmp_ln237 = icmp eq i32 %add_ln236, 168" [sha3/KeccakSpongeWidth1600.c:237]   --->   Operation 106 'icmp' 'icmp_ln237' <Predicate = (icmp_ln231)> <Delay = 2.11> <Core = "Cmp">   --->   Core 25 'Cmp' <Latency = 0> <II = 1> <Delay = 2.11> <FuncUnit> <Opcode : 'icmp'> <InPorts = 2> <OutPorts = 1>
ST_8 : Operation 107 [1/1] (1.45ns)   --->   "store i34 %i, i34* %i_17" [sha3/KeccakSpongeWidth1600.c:237]   --->   Operation 107 'store' <Predicate = (icmp_ln231)> <Delay = 1.45>
ST_8 : Operation 108 [1/1] (0.00ns)   --->   "br i1 %icmp_ln237, label %10, label %.._crit_edge6_crit_edge" [sha3/KeccakSpongeWidth1600.c:237]   --->   Operation 108 'br' <Predicate = (icmp_ln231)> <Delay = 0.00>
ST_8 : Operation 109 [1/1] (1.45ns)   --->   "store i32 %add_ln236, i32* %instance_byteIOIndex" [sha3/KeccakSpongeWidth1600.c:237]   --->   Operation 109 'store' <Predicate = (icmp_ln231 & !icmp_ln237)> <Delay = 1.45>
ST_8 : Operation 110 [1/1] (1.35ns)   --->   "br label %._crit_edge6" [sha3/KeccakSpongeWidth1600.c:237]   --->   Operation 110 'br' <Predicate = (icmp_ln231 & !icmp_ln237)> <Delay = 1.35>
ST_8 : Operation 111 [2/2] (1.35ns)   --->   "call fastcc void @KeccakP1600_Permute_([200 x i8]* %instance_state)" [sha3/KeccakSpongeWidth1600.c:238]   --->   Operation 111 'call' <Predicate = (icmp_ln231 & icmp_ln237)> <Delay = 1.35> <CoreType = "Generic">   --->   Core 0 '' <Latency = 0> <II = 1> <Delay = 1.00> <Generic> <Opcode : >
ST_8 : Operation 112 [1/1] (1.45ns)   --->   "store i32 0, i32* %instance_byteIOIndex" [sha3/KeccakSpongeWidth1600.c:240]   --->   Operation 112 'store' <Predicate = (icmp_ln231 & icmp_ln237)> <Delay = 1.45>

State 9 <SV = 4> <Delay = 6.34>
ST_9 : Operation 113 [1/2] (2.77ns)   --->   "%data_0_load = load i8* %data_0_addr, align 1" [sha3/KeccakSpongeWidth1600.c:232]   --->   Operation 113 'load' 'data_0_load' <Predicate = true> <Delay = 2.77> <Core = "RAM">   --->   Core 37 'RAM' <Latency = 1> <II = 1> <Delay = 2.77> <Storage> <Opcode : 'load' 'store'> <Ports = 2> <Width = 8> <Depth = 200> <RAM>
ST_9 : Operation 114 [1/2] (2.77ns)   --->   "%instance_state_load = load i8* %instance_state_addr, align 1" [sha3/KeccakP-1600-reference.c:149->sha3/KeccakSpongeWidth1600.c:232]   --->   Operation 114 'load' 'instance_state_load' <Predicate = true> <Delay = 2.77> <Core = "RAM">   --->   Core 37 'RAM' <Latency = 1> <II = 1> <Delay = 2.77> <Storage> <Opcode : 'load' 'store'> <Ports = 2> <Width = 8> <Depth = 200> <RAM>
ST_9 : Operation 115 [1/1] (0.80ns)   --->   "%xor_ln149 = xor i8 %instance_state_load, %data_0_load" [sha3/KeccakP-1600-reference.c:149->sha3/KeccakSpongeWidth1600.c:232]   --->   Operation 115 'xor' 'xor_ln149' <Predicate = true> <Delay = 0.80> <Core = "LogicGate">   --->   Core 27 'LogicGate' <Latency = 0> <II = 1> <Delay = 0.80> <FuncUnit> <Opcode : 'and' 'or' 'xor'> <InPorts = 2> <OutPorts = 1>
ST_9 : Operation 116 [1/1] (2.77ns)   --->   "store i8 %xor_ln149, i8* %instance_state_addr, align 1" [sha3/KeccakP-1600-reference.c:149->sha3/KeccakSpongeWidth1600.c:232]   --->   Operation 116 'store' <Predicate = true> <Delay = 2.77> <Core = "RAM">   --->   Core 37 'RAM' <Latency = 1> <II = 1> <Delay = 2.77> <Storage> <Opcode : 'load' 'store'> <Ports = 2> <Width = 8> <Depth = 200> <RAM>
ST_9 : Operation 117 [1/1] (0.00ns)   --->   "br label %7" [sha3/KeccakSpongeWidth1600.c:231]   --->   Operation 117 'br' <Predicate = true> <Delay = 0.00>

State 10 <SV = 4> <Delay = 4.34>
ST_10 : Operation 118 [1/2] (0.00ns)   --->   "call fastcc void @KeccakP1600_Permute_([200 x i8]* %instance_state)" [sha3/KeccakSpongeWidth1600.c:238]   --->   Operation 118 'call' <Predicate = (icmp_ln195_1 & icmp_ln237) | (!icmp_ln195 & icmp_ln237)> <Delay = 0.00> <CoreType = "Generic">   --->   Core 0 '' <Latency = 0> <II = 1> <Delay = 1.00> <Generic> <Opcode : >
ST_10 : Operation 119 [1/1] (1.35ns)   --->   "br label %._crit_edge6" [sha3/KeccakSpongeWidth1600.c:240]   --->   Operation 119 'br' <Predicate = (icmp_ln195_1 & icmp_ln237) | (!icmp_ln195 & icmp_ln237)> <Delay = 1.35>
ST_10 : Operation 120 [1/1] (0.00ns)   --->   "%p_1_rec_pn = phi i64 [ %p_1_rec, %6 ], [ %zext_ln229, %10 ], [ %zext_ln229, %.._crit_edge6_crit_edge ]" [sha3/KeccakSpongeWidth1600.c:214]   --->   Operation 120 'phi' 'p_1_rec_pn' <Predicate = true> <Delay = 0.00>
ST_10 : Operation 121 [1/1] (2.99ns)   --->   "%p_2_rec = add i64 %p_1_rec_pn, %p_01_rec" [sha3/KeccakSpongeWidth1600.c:214]   --->   Operation 121 'add' 'p_2_rec' <Predicate = true> <Delay = 2.99> <Core = "AddSub">   --->   Core 14 'AddSub' <Latency = 0> <II = 1> <Delay = 2.99> <FuncUnit> <Opcode : 'add' 'sub'> <InPorts = 2> <OutPorts = 1>
ST_10 : Operation 122 [1/1] (0.00ns)   --->   "br label %.preheader2" [sha3/KeccakSpongeWidth1600.c:242]   --->   Operation 122 'br' <Predicate = true> <Delay = 0.00>


============================================================
+ Verbose Summary: Timing violations
============================================================
Target clock period: 10ns, clock uncertainty: 1.25ns.

 <State 1>: 1.45ns
The critical path consists of the following:
	'alloca' operation ('i') [9]  (0 ns)
	'store' operation ('store_ln194', sha3/KeccakSpongeWidth1600.c:194) of constant 0 on local variable 'i' [16]  (1.45 ns)

 <State 2>: 4.23ns
The critical path consists of the following:
	'load' operation ('i_17_load', sha3/KeccakSpongeWidth1600.c:223) on local variable 'i' [20]  (0 ns)
	'add' operation ('add_ln195', sha3/KeccakSpongeWidth1600.c:195) [30]  (2.14 ns)
	'icmp' operation ('icmp_ln195_1', sha3/KeccakSpongeWidth1600.c:195) [31]  (2.09 ns)

 <State 3>: 3.68ns
The critical path consists of the following:
	'phi' operation ('j') with incoming values : ('zext_ln206', sha3/KeccakSpongeWidth1600.c:206) ('j', sha3/KeccakSpongeWidth1600.c:206) [38]  (0 ns)
	'sub' operation ('sub_ln216', sha3/KeccakSpongeWidth1600.c:216) [74]  (2.23 ns)
	'store' operation ('store_ln220', sha3/KeccakSpongeWidth1600.c:220) of variable 'sub_ln216', sha3/KeccakSpongeWidth1600.c:216 on local variable 'i' [76]  (1.45 ns)

 <State 4>: 7.35ns
The critical path consists of the following:
	'phi' operation ('loop') with incoming values : ('loop', sha3/KeccakSpongeWidth1600.c:211) [45]  (0 ns)
	'add' operation ('add_ln212', sha3/KeccakSpongeWidth1600.c:212) [54]  (0 ns)
	'add' operation ('add_ln212_6', sha3/KeccakSpongeWidth1600.c:212) [56]  (2.8 ns)
	'add' operation ('add_ln212_7', sha3/KeccakSpongeWidth1600.c:212) [58]  (1.78 ns)
	'getelementptr' operation ('data_0_addr_3', sha3/KeccakSpongeWidth1600.c:212) [60]  (0 ns)
	'load' operation ('byte', sha3/KeccakSpongeWidth1600.c:212) on array 'data_0' [61]  (2.77 ns)

 <State 5>: 6.34ns
The critical path consists of the following:
	'load' operation ('byte', sha3/KeccakSpongeWidth1600.c:212) on array 'data_0' [61]  (2.77 ns)
	'xor' operation ('xor_ln149_6', sha3/KeccakP-1600-reference.c:149->sha3/KeccakSpongeWidth1600.c:212) [64]  (0.8 ns)
	'store' operation ('store_ln149', sha3/KeccakP-1600-reference.c:149->sha3/KeccakSpongeWidth1600.c:212) of variable 'xor_ln149_6', sha3/KeccakP-1600-reference.c:149->sha3/KeccakSpongeWidth1600.c:212 on array 'instance_state' [65]  (2.77 ns)

 <State 6>: 3ns
The critical path consists of the following:
	'add' operation ('add_ln214', sha3/KeccakSpongeWidth1600.c:214) [69]  (3 ns)

 <State 7>: 7.29ns
The critical path consists of the following:
	'load' operation ('instance_byteIOIndex_33', sha3/KeccakSpongeWidth1600.c:224) on local variable 'instance.byteIOIndex' [79]  (0 ns)
	'add' operation ('add_ln224', sha3/KeccakSpongeWidth1600.c:224) [83]  (2.18 ns)
	'icmp' operation ('icmp_ln224', sha3/KeccakSpongeWidth1600.c:224) [84]  (2.11 ns)
	'select' operation ('select_ln224', sha3/KeccakSpongeWidth1600.c:224) [86]  (0.773 ns)
	'add' operation ('i', sha3/KeccakSpongeWidth1600.c:229) [89]  (2.23 ns)

 <State 8>: 6.16ns
The critical path consists of the following:
	'phi' operation ('loop') with incoming values : ('loop', sha3/KeccakSpongeWidth1600.c:231) [92]  (0 ns)
	'add' operation ('add_ln232', sha3/KeccakSpongeWidth1600.c:232) [100]  (1.6 ns)
	'add' operation ('add_ln232_9', sha3/KeccakSpongeWidth1600.c:232) [102]  (1.78 ns)
	'getelementptr' operation ('data_0_addr', sha3/KeccakSpongeWidth1600.c:232) [104]  (0 ns)
	'load' operation ('byte', sha3/KeccakSpongeWidth1600.c:232) on array 'data_0' [105]  (2.77 ns)

 <State 9>: 6.34ns
The critical path consists of the following:
	'load' operation ('byte', sha3/KeccakSpongeWidth1600.c:232) on array 'data_0' [105]  (2.77 ns)
	'xor' operation ('xor_ln149', sha3/KeccakP-1600-reference.c:149->sha3/KeccakSpongeWidth1600.c:232) [110]  (0.8 ns)
	'store' operation ('store_ln149', sha3/KeccakP-1600-reference.c:149->sha3/KeccakSpongeWidth1600.c:232) of variable 'xor_ln149', sha3/KeccakP-1600-reference.c:149->sha3/KeccakSpongeWidth1600.c:232 on array 'instance_state' [111]  (2.77 ns)

 <State 10>: 4.35ns
The critical path consists of the following:
	multiplexor before 'phi' operation ('p_1_rec_pn', sha3/KeccakSpongeWidth1600.c:214) with incoming values : ('add_ln214', sha3/KeccakSpongeWidth1600.c:214) ('zext_ln229', sha3/KeccakSpongeWidth1600.c:229) [127]  (1.35 ns)
	'phi' operation ('p_1_rec_pn', sha3/KeccakSpongeWidth1600.c:214) with incoming values : ('add_ln214', sha3/KeccakSpongeWidth1600.c:214) ('zext_ln229', sha3/KeccakSpongeWidth1600.c:229) [127]  (0 ns)
	'add' operation ('p_2_rec', sha3/KeccakSpongeWidth1600.c:214) [128]  (3 ns)


============================================================
+ Verbose Summary: Binding
============================================================
N/A
* FSMD analyzer results:
  - Output states:
 - Input state : 
  - Chain level:
	State 1
	State 2
	State 3
	State 4
	State 5
	State 6
	State 7
	State 8
	State 9
	State 10


============================================================
+ Verbose Summary: Datapath Resource usage 
============================================================
N/A
