

================================================================
== Vivado HLS Report for 'H3_2'
================================================================
* Date:           Thu May  7 18:44:30 2020

* Version:        2019.2 (Build 2704478 on Wed Nov 06 22:10:23 MST 2019)
* Project:        picnic1
* Solution:       sing_open
* Product family: artix7
* Target device:  xc7a200t-fbg676-2


================================================================
== Performance Estimates
================================================================
+ Timing: 
    * Summary: 
    +--------+----------+----------+------------+
    |  Clock |  Target  | Estimated| Uncertainty|
    +--------+----------+----------+------------+
    |ap_clk  | 10.00 ns | 8.579 ns |   1.25 ns  |
    +--------+----------+----------+------------+

+ Latency: 
    * Summary: 
    +---------+---------+----------+----------+-----+-----+---------+
    |  Latency (cycles) |  Latency (absolute) |  Interval | Pipeline|
    |   min   |   max   |    min   |    max   | min | max |   Type  |
    +---------+---------+----------+----------+-----+-----+---------+
    |        ?|        ?|         ?|         ?|    ?|    ?|   none  |
    +---------+---------+----------+----------+-----+-----+---------+

    + Detail: 
        * Instance: 
        +------------------------------------+-------------------------+---------+---------+----------+----------+-------+-------+---------+
        |                                    |                         |  Latency (cycles) |  Latency (absolute) |    Interval   | Pipeline|
        |              Instance              |          Module         |   min   |   max   |    min   |    max   |  min  |  max  |   Type  |
        +------------------------------------+-------------------------+---------+---------+----------+----------+-------+-------+---------+
        |grp_HashUpdate_2_fu_359             |HashUpdate_2             |        ?|        ?|         ?|         ?|      ?|      ?|   none  |
        |grp_KeccakWidth1600_Spon_2_fu_372   |KeccakWidth1600_Spon_2   |        ?|        ?|         ?|         ?|      ?|      ?|   none  |
        |grp_KeccakWidth1600_Spon_14_fu_384  |KeccakWidth1600_Spon_14  |        ?|        ?|         ?|         ?|      ?|      ?|   none  |
        |grp_KeccakWidth1600_Spon_6_fu_397   |KeccakWidth1600_Spon_6   |        ?|        ?|         ?|         ?|      ?|      ?|   none  |
        |grp_KeccakWidth1600_Spon_9_fu_413   |KeccakWidth1600_Spon_9   |        ?|        ?|         ?|         ?|      ?|      ?|   none  |
        |grp_KeccakWidth1600_Spon_8_fu_424   |KeccakWidth1600_Spon_8   |        ?|        ?|         ?|         ?|      ?|      ?|   none  |
        |grp_KeccakWidth1600_Spon_13_fu_436  |KeccakWidth1600_Spon_13  |        ?|        ?|         ?|         ?|      ?|      ?|   none  |
        |grp_HashInit_fu_447                 |HashInit                 |        ?|        ?|         ?|         ?|      ?|      ?|   none  |
        |grp_HashFinal_fu_459                |HashFinal                |    18589|    18589| 0.186 ms | 0.186 ms |  18589|  18589|   none  |
        +------------------------------------+-------------------------+---------+---------+----------+----------+-------+-------+---------+

        * Loop: 
        +--------------------------+---------+---------+----------+-----------+-----------+-------+----------+
        |                          |  Latency (cycles) | Iteration|  Initiation Interval  |  Trip |          |
        |         Loop Name        |   min   |   max   |  Latency |  achieved |   target  | Count | Pipelined|
        +--------------------------+---------+---------+----------+-----------+-----------+-------+----------+
        |- Loop 1                  |        ?|        ?|         ?|          -|          -|    219|    no    |
        | + Loop 1.1               |        ?|        ?|         ?|          -|          -|      3|    no    |
        |  ++ memset_temp          |       74|       74|         1|          -|          -|     75|    no    |
        |  ++ HashUpdate_2_label2  |       12|       12|         3|          -|          -|      4|    no    |
        |- Loop 2                  |        ?|        ?|         ?|          -|          -|    219|    no    |
        | + Loop 2.1               |        ?|        ?|         ?|          -|          -|      3|    no    |
        |- Loop 3                  |        ?|        ?|         ?|          -|          -|      ?|    no    |
        | + Loop 3.1               |        2|        9|         2|          -|          -| 1 ~ 4 |    no    |
        +--------------------------+---------+---------+----------+-----------+-----------+-------+----------+



================================================================
== Utilization Estimates
================================================================
* Summary: 
+-----------------+---------+-------+--------+--------+-----+
|       Name      | BRAM_18K| DSP48E|   FF   |   LUT  | URAM|
+-----------------+---------+-------+--------+--------+-----+
|DSP              |        -|      -|       -|       -|    -|
|Expression       |        -|      -|       0|     477|    -|
|FIFO             |        -|      -|       -|       -|    -|
|Instance         |       73|      -|   13935|   36356|    0|
|Memory           |        2|      -|      16|       4|    0|
|Multiplexer      |        -|      -|       -|     687|    -|
|Register         |        -|      -|     667|       -|    -|
+-----------------+---------+-------+--------+--------+-----+
|Total            |       75|      0|   14618|   37524|    0|
+-----------------+---------+-------+--------+--------+-----+
|Available        |      730|    740|  269200|  134600|    0|
+-----------------+---------+-------+--------+--------+-----+
|Utilization (%)  |       10|      0|       5|      27|    0|
+-----------------+---------+-------+--------+--------+-----+

+ Detail: 
    * Instance: 
    +------------------------------------+-------------------------+---------+-------+------+------+-----+
    |              Instance              |          Module         | BRAM_18K| DSP48E|  FF  |  LUT | URAM|
    +------------------------------------+-------------------------+---------+-------+------+------+-----+
    |grp_HashFinal_fu_459                |HashFinal                |        8|      0|  1018|  3224|    0|
    |grp_HashInit_fu_447                 |HashInit                 |        8|      0|  1227|  3665|    0|
    |grp_HashUpdate_2_fu_359             |HashUpdate_2             |        9|      0|  1717|  4353|    0|
    |grp_KeccakWidth1600_Spon_13_fu_436  |KeccakWidth1600_Spon_13  |        8|      0|  1637|  4142|    0|
    |grp_KeccakWidth1600_Spon_14_fu_384  |KeccakWidth1600_Spon_14  |        8|      0|  1735|  4263|    0|
    |grp_KeccakWidth1600_Spon_2_fu_372   |KeccakWidth1600_Spon_2   |        8|      0|  1680|  4221|    0|
    |grp_KeccakWidth1600_Spon_6_fu_397   |KeccakWidth1600_Spon_6   |        8|      0|  1648|  4204|    0|
    |grp_KeccakWidth1600_Spon_8_fu_424   |KeccakWidth1600_Spon_8   |        8|      0|  1637|  4142|    0|
    |grp_KeccakWidth1600_Spon_9_fu_413   |KeccakWidth1600_Spon_9   |        8|      0|  1636|  4142|    0|
    +------------------------------------+-------------------------+---------+-------+------+------+-----+
    |Total                               |                         |       73|      0| 13935| 36356|    0|
    +------------------------------------+-------------------------+---------+-------+------+------+-----+

    * DSP48E: 
    N/A

    * Memory: 
    +--------------------+----------------------+---------+----+----+-----+------+-----+------+-------------+
    |       Memory       |        Module        | BRAM_18K| FF | LUT| URAM| Words| Bits| Banks| W*Bits*Banks|
    +--------------------+----------------------+---------+----+----+-----+------+-----+------+-------------+
    |ctx_sponge_state_U  |H3_2_ctx_sponge_smb6  |        1|   0|   0|    0|   200|    8|     1|         1600|
    |hash_U              |H3_2_hash             |        0|  16|   4|    0|    32|    8|     1|          256|
    |temp_U              |HashUpdate_2_1_temp   |        1|   0|   0|    0|    75|    8|     1|          600|
    +--------------------+----------------------+---------+----+----+-----+------+-----+------+-------------+
    |Total               |                      |        2|  16|   4|    0|   307|   24|     3|         2456|
    +--------------------+----------------------+---------+----+----+-----+------+-----+------+-------------+

    * FIFO: 
    N/A

    * Expression: 
    +----------------------------------+----------+-------+---+----+------------+------------+
    |           Variable Name          | Operation| DSP48E| FF| LUT| Bitwidth P0| Bitwidth P1|
    +----------------------------------+----------+-------+---+----+------------+------------+
    |add_ln34_fu_578_p2                |     +    |      0|  0|  15|           7|           1|
    |add_ln589_fu_573_p2               |     +    |      0|  0|  18|          11|          11|
    |i_30_fu_722_p2                    |     +    |      0|  0|  15|           8|           1|
    |i_33_fu_828_p2                    |     +    |      0|  0|  15|           6|           1|
    |i_fu_528_p2                       |     +    |      0|  0|  15|           8|           1|
    |j_17_fu_567_p2                    |     +    |      0|  0|  10|           2|           1|
    |j_18_fu_956_p2                    |     +    |      0|  0|  13|           4|           2|
    |j_fu_742_p2                       |     +    |      0|  0|  10|           2|           1|
    |loop_fu_639_p2                    |     +    |      0|  0|  15|           3|           5|
    |round_fu_940_p2                   |     +    |      0|  0|  71|           1|          64|
    |sub_ln589_fu_546_p2               |     -    |      0|  0|  18|          11|          11|
    |sub_ln630_fu_777_p2               |     -    |      0|  0|  13|           3|           4|
    |and_ln66_3_fu_927_p2              |    and   |      0|  0|   8|           8|           8|
    |and_ln66_fu_876_p2                |    and   |      0|  0|   8|           8|           8|
    |ap_block_state34_on_subcall_done  |    and   |      0|  0|   2|           1|           1|
    |icmp_ln34_fu_589_p2               |   icmp   |      0|  0|  11|           7|           7|
    |icmp_ln576_fu_522_p2              |   icmp   |      0|  0|  11|           8|           7|
    |icmp_ln577_fu_561_p2              |   icmp   |      0|  0|   8|           2|           2|
    |icmp_ln594_fu_716_p2              |   icmp   |      0|  0|  11|           8|           7|
    |icmp_ln595_fu_736_p2              |   icmp   |      0|  0|   8|           2|           2|
    |icmp_ln631_fu_800_p2              |   icmp   |      0|  0|   8|           2|           2|
    |icmp_ln634_fu_945_p2              |   icmp   |      0|  0|  29|          64|           8|
    |lshr_ln630_fu_787_p2              |   lshr   |      0|  0|  19|           8|           8|
    |or_ln41_fu_661_p2                 |    or    |      0|  0|   4|           4|           1|
    |or_ln43_fu_691_p2                 |    or    |      0|  0|   4|           4|           2|
    |or_ln45_fu_701_p2                 |    or    |      0|  0|   4|           4|           2|
    |or_ln66_3_fu_933_p2               |    or    |      0|  0|   8|           8|           8|
    |or_ln66_fu_882_p2                 |    or    |      0|  0|   8|           8|           8|
    |shl_ln66_10_fu_909_p2             |    shl   |      0|  0|  19|           1|           8|
    |shl_ln66_11_fu_921_p2             |    shl   |      0|  0|  19|           8|           8|
    |shl_ln66_9_fu_870_p2              |    shl   |      0|  0|  19|           8|           8|
    |shl_ln66_fu_858_p2                |    shl   |      0|  0|  19|           1|           8|
    |xor_ln66_5_fu_864_p2              |    xor   |      0|  0|   8|           8|           2|
    |xor_ln66_6_fu_899_p2              |    xor   |      0|  0|   3|           3|           3|
    |xor_ln66_7_fu_915_p2              |    xor   |      0|  0|   8|           8|           2|
    |xor_ln66_fu_848_p2                |    xor   |      0|  0|   3|           3|           2|
    +----------------------------------+----------+-------+---+----+------------+------------+
    |Total                             |          |      0|  0| 477|         252|         225|
    +----------------------------------+----------+-------+---+----+------------+------------+

    * Multiplexer: 
    +----------------------------------------------+-----+-----------+-----+-----------+
    |                     Name                     | LUT | Input Size| Bits| Total Bits|
    +----------------------------------------------+-----+-----------+-----+-----------+
    |ap_NS_fsm                                     |  157|         35|    1|         35|
    |challengeBits_address0                        |   21|          4|    6|         24|
    |challengeBits_d0                              |   15|          3|    8|         24|
    |circuitOutput_ce0                             |    9|          2|    1|          2|
    |ctx_sponge_byteIOInd_49_fu_168                |    9|          2|   32|         64|
    |ctx_sponge_byteIOInd_fu_152                   |    9|          2|   32|         64|
    |ctx_sponge_state_address0                     |   47|         10|    8|         80|
    |ctx_sponge_state_ce0                          |   47|         10|    1|         10|
    |ctx_sponge_state_d0                           |   47|         10|    8|         80|
    |ctx_sponge_state_we0                          |   47|         10|    1|         10|
    |grp_HashFinal_fu_459_ctx_sponge_byteIOInd     |   15|          3|   32|         96|
    |grp_HashUpdate_2_fu_359_ctx_sponge_byteIOInd  |   15|          3|   32|         96|
    |grp_HashUpdate_2_fu_359_data_q0               |   15|          3|   32|         96|
    |hash_address0                                 |   21|          4|    5|         20|
    |hash_ce0                                      |   21|          4|    1|          4|
    |hash_we0                                      |    9|          2|    1|          2|
    |i_0_reg_279                                   |    9|          2|    8|         16|
    |i_1_reg_323                                   |    9|          2|    8|         16|
    |i_32_fu_172                                   |    9|          2|    6|         12|
    |j2_0_reg_347                                  |    9|          2|    4|          8|
    |j_0_reg_290                                   |    9|          2|    2|          4|
    |j_1_reg_335                                   |    9|          2|    2|          4|
    |loop_0_i_reg_312                              |    9|          2|    5|         10|
    |phi_ln34_reg_301                              |    9|          2|    7|         14|
    |plaintext_ce0                                 |    9|          2|    1|          2|
    |round_1_fu_176                                |    9|          2|   64|        128|
    |temp_address0                                 |   27|          5|    7|         35|
    |temp_address1                                 |   15|          3|    7|         21|
    |temp_ce0                                      |   15|          3|    1|          3|
    |temp_d0                                       |   21|          4|    8|         32|
    |temp_d1                                       |   15|          3|    8|         24|
    +----------------------------------------------+-----+-----------+-----+-----------+
    |Total                                         |  687|        145|  339|       1036|
    +----------------------------------------------+-----+-----------+-----+-----------+

    * Register: 
    +-------------------------------------------------+----+----+-----+-----------+
    |                       Name                      | FF | LUT| Bits| Const Bits|
    +-------------------------------------------------+----+----+-----+-----------+
    |add_ln589_reg_1002                               |  11|   0|   11|          0|
    |ap_CS_fsm                                        |  34|   0|   34|          0|
    |byte_reg_1114                                    |   8|   0|    8|          0|
    |challengeBits_addr_1_reg_1146                    |   6|   0|    6|          0|
    |ctx_sponge_byteIOInd_49_fu_168                   |  32|   0|   32|          0|
    |ctx_sponge_byteIOInd_52_reg_1040                 |  32|   0|   32|          0|
    |ctx_sponge_byteIOInd_59_reg_1090                 |  32|   0|   32|          0|
    |ctx_sponge_byteIOInd_60_reg_1095                 |  32|   0|   32|          0|
    |ctx_sponge_byteIOInd_62_reg_1159                 |  32|   0|   32|          0|
    |ctx_sponge_byteIOInd_63_reg_1164                 |  32|   0|   32|          0|
    |ctx_sponge_byteIOInd_fu_152                      |  32|   0|   32|          0|
    |grp_HashFinal_fu_459_ap_start_reg                |   1|   0|    1|          0|
    |grp_HashInit_fu_447_ap_start_reg                 |   1|   0|    1|          0|
    |grp_HashUpdate_2_fu_359_ap_start_reg             |   1|   0|    1|          0|
    |grp_KeccakWidth1600_Spon_13_fu_436_ap_start_reg  |   1|   0|    1|          0|
    |grp_KeccakWidth1600_Spon_14_fu_384_ap_start_reg  |   1|   0|    1|          0|
    |grp_KeccakWidth1600_Spon_2_fu_372_ap_start_reg   |   1|   0|    1|          0|
    |grp_KeccakWidth1600_Spon_6_fu_397_ap_start_reg   |   1|   0|    1|          0|
    |grp_KeccakWidth1600_Spon_8_fu_424_ap_start_reg   |   1|   0|    1|          0|
    |grp_KeccakWidth1600_Spon_9_fu_413_ap_start_reg   |   1|   0|    1|          0|
    |i_0_reg_279                                      |   8|   0|    8|          0|
    |i_1_reg_323                                      |   8|   0|    8|          0|
    |i_30_reg_1058                                    |   8|   0|    8|          0|
    |i_32_fu_172                                      |   6|   0|    6|          0|
    |i_32_load_reg_1100                               |   6|   0|    6|          0|
    |i_reg_977                                        |   8|   0|    8|          0|
    |icmp_ln631_reg_1132                              |   1|   0|    1|          0|
    |j2_0_reg_347                                     |   4|   0|    4|          0|
    |j_0_reg_290                                      |   2|   0|    2|          0|
    |j_17_reg_997                                     |   2|   0|    2|          0|
    |j_1_reg_335                                      |   2|   0|    2|          0|
    |j_reg_1085                                       |   2|   0|    2|          0|
    |loop_0_i_reg_312                                 |   5|   0|    5|          0|
    |loop_reg_1035                                    |   5|   0|    5|          0|
    |lshr_ln630_reg_1122                              |   8|   0|    8|          0|
    |phi_ln34_reg_301                                 |   7|   0|    7|          0|
    |reg_491                                          |  32|   0|   32|          0|
    |reg_497                                          |  32|   0|   32|          0|
    |reg_503                                          |  32|   0|   32|          0|
    |reg_508                                          |  32|   0|   32|          0|
    |round_1_fu_176                                   |  64|   0|   64|          0|
    |sub_ln589_reg_982                                |  11|   0|   11|          0|
    |tmp_53_reg_1105                                  |   1|   0|    1|          0|
    |trunc_ln378_reg_1141                             |   2|   0|    2|          0|
    |trunc_ln37_reg_1028                              |   4|   0|    4|          0|
    |trunc_ln41_1_reg_1077                            |  61|   0|   61|          0|
    |trunc_ln630_reg_1127                             |   1|   0|    1|          0|
    |trunc_ln8_reg_1045                               |   8|   0|    8|          0|
    |trunc_ln9_reg_1050                               |   8|   0|    8|          0|
    |zext_ln37_reg_1015                               |   5|   0|   64|         59|
    +-------------------------------------------------+----+----+-----+-----------+
    |Total                                            | 667|   0|  726|         59|
    +-------------------------------------------------+----+----+-----+-----------+



================================================================
== Interface
================================================================
* Summary: 
+------------------------+-----+-----+------------+-------------------+--------------+
|        RTL Ports       | Dir | Bits|  Protocol  |   Source Object   |    C Type    |
+------------------------+-----+-----+------------+-------------------+--------------+
|ap_clk                  |  in |    1| ap_ctrl_hs |        H3_2       | return value |
|ap_rst                  |  in |    1| ap_ctrl_hs |        H3_2       | return value |
|ap_start                |  in |    1| ap_ctrl_hs |        H3_2       | return value |
|ap_done                 | out |    1| ap_ctrl_hs |        H3_2       | return value |
|ap_idle                 | out |    1| ap_ctrl_hs |        H3_2       | return value |
|ap_ready                | out |    1| ap_ctrl_hs |        H3_2       | return value |
|circuitOutput_address0  | out |    3|  ap_memory |   circuitOutput   |     array    |
|circuitOutput_ce0       | out |    1|  ap_memory |   circuitOutput   |     array    |
|circuitOutput_q0        |  in |   32|  ap_memory |   circuitOutput   |     array    |
|plaintext_address0      | out |    3|  ap_memory |     plaintext     |     array    |
|plaintext_ce0           | out |    1|  ap_memory |     plaintext     |     array    |
|plaintext_q0            |  in |   32|  ap_memory |     plaintext     |     array    |
|as_hashes_address0      | out |   15|  ap_memory |     as_hashes     |     array    |
|as_hashes_ce0           | out |    1|  ap_memory |     as_hashes     |     array    |
|as_hashes_q0            |  in |    8|  ap_memory |     as_hashes     |     array    |
|challengeBits_address0  | out |    6|  ap_memory |   challengeBits   |     array    |
|challengeBits_ce0       | out |    1|  ap_memory |   challengeBits   |     array    |
|challengeBits_we0       | out |    1|  ap_memory |   challengeBits   |     array    |
|challengeBits_d0        | out |    8|  ap_memory |   challengeBits   |     array    |
|challengeBits_q0        |  in |    8|  ap_memory |   challengeBits   |     array    |
|salt_0_address0         | out |    5|  ap_memory |       salt_0      |     array    |
|salt_0_ce0              | out |    1|  ap_memory |       salt_0      |     array    |
|salt_0_q0               |  in |    8|  ap_memory |       salt_0      |     array    |
|message_address0        | out |   16|  ap_memory |      message      |     array    |
|message_ce0             | out |    1|  ap_memory |      message      |     array    |
|message_q0              |  in |    8|  ap_memory |      message      |     array    |
|messageByteLength       |  in |   64|   ap_none  | messageByteLength |    scalar    |
|viewOutputs_address0    | out |   14|  ap_memory |    viewOutputs    |     array    |
|viewOutputs_ce0         | out |    1|  ap_memory |    viewOutputs    |     array    |
|viewOutputs_q0          |  in |   32|  ap_memory |    viewOutputs    |     array    |
+------------------------+-----+-----+------------+-------------------+--------------+

