

================================================================
== Vivado HLS Report for 'HashUpdate_2_1'
================================================================
* Date:           Thu May  7 18:44:23 2020

* Version:        2019.2 (Build 2704478 on Wed Nov 06 22:10:23 MST 2019)
* Project:        picnic1
* Solution:       sing_open
* Product family: artix7
* Target device:  xc7a200t-fbg676-2


================================================================
== Performance Estimates
================================================================
+ Timing: 
    * Summary: 
    +--------+----------+----------+------------+
    |  Clock |  Target  | Estimated| Uncertainty|
    +--------+----------+----------+------------+
    |ap_clk  | 10.00 ns | 8.579 ns |   1.25 ns  |
    +--------+----------+----------+------------+

+ Latency: 
    * Summary: 
    +---------+---------+----------+----------+-----+-----+---------+
    |  Latency (cycles) |  Latency (absolute) |  Interval | Pipeline|
    |   min   |   max   |    min   |    max   | min | max |   Type  |
    +---------+---------+----------+----------+-----+-----+---------+
    |        ?|        ?|         ?|         ?|    ?|    ?|   none  |
    +---------+---------+----------+----------+-----+-----+---------+

    + Detail: 
        * Instance: 
        +-----------------------------------+------------------------+---------+---------+----------+----------+-----+-----+---------+
        |                                   |                        |  Latency (cycles) |  Latency (absolute) |  Interval | Pipeline|
        |              Instance             |         Module         |   min   |   max   |    min   |    max   | min | max |   Type  |
        +-----------------------------------+------------------------+---------+---------+----------+----------+-----+-----+---------+
        |grp_KeccakWidth1600_Spon_9_fu_174  |KeccakWidth1600_Spon_9  |        ?|        ?|         ?|         ?|    ?|    ?|   none  |
        +-----------------------------------+------------------------+---------+---------+----------+----------+-----+-----+---------+

        * Loop: 
        +-----------------------+---------+---------+----------+-----------+-----------+------+----------+
        |                       |  Latency (cycles) | Iteration|  Initiation Interval  | Trip |          |
        |       Loop Name       |   min   |   max   |  Latency |  achieved |   target  | Count| Pipelined|
        +-----------------------+---------+---------+----------+-----------+-----------+------+----------+
        |- memset_temp          |       74|       74|         1|          -|          -|    75|    no    |
        |- HashUpdate_2_label2  |       12|       12|         3|          -|          -|     4|    no    |
        +-----------------------+---------+---------+----------+-----------+-----------+------+----------+



================================================================
== Utilization Estimates
================================================================
* Summary: 
+-----------------+---------+-------+--------+--------+-----+
|       Name      | BRAM_18K| DSP48E|   FF   |   LUT  | URAM|
+-----------------+---------+-------+--------+--------+-----+
|DSP              |        -|      -|       -|       -|    -|
|Expression       |        -|      -|       0|      53|    -|
|FIFO             |        -|      -|       -|       -|    -|
|Instance         |        8|      -|    1636|    4142|    0|
|Memory           |        1|      -|       0|       0|    0|
|Multiplexer      |        -|      -|       -|     158|    -|
|Register         |        -|      -|      81|       -|    -|
+-----------------+---------+-------+--------+--------+-----+
|Total            |        9|      0|    1717|    4353|    0|
+-----------------+---------+-------+--------+--------+-----+
|Available        |      730|    740|  269200|  134600|    0|
+-----------------+---------+-------+--------+--------+-----+
|Utilization (%)  |        1|      0|   ~0   |       3|    0|
+-----------------+---------+-------+--------+--------+-----+

+ Detail: 
    * Instance: 
    +-----------------------------------+------------------------+---------+-------+------+------+-----+
    |              Instance             |         Module         | BRAM_18K| DSP48E|  FF  |  LUT | URAM|
    +-----------------------------------+------------------------+---------+-------+------+------+-----+
    |grp_KeccakWidth1600_Spon_9_fu_174  |KeccakWidth1600_Spon_9  |        8|      0|  1636|  4142|    0|
    +-----------------------------------+------------------------+---------+-------+------+------+-----+
    |Total                              |                        |        8|      0|  1636|  4142|    0|
    +-----------------------------------+------------------------+---------+-------+------+------+-----+

    * DSP48E: 
    N/A

    * Memory: 
    +--------+---------------------+---------+---+----+-----+------+-----+------+-------------+
    | Memory |        Module       | BRAM_18K| FF| LUT| URAM| Words| Bits| Banks| W*Bits*Banks|
    +--------+---------------------+---------+---+----+-----+------+-----+------+-------------+
    |temp_U  |HashUpdate_2_1_temp  |        1|  0|   0|    0|    75|    8|     1|          600|
    +--------+---------------------+---------+---+----+-----+------+-----+------+-------------+
    |Total   |                     |        1|  0|   0|    0|    75|    8|     1|          600|
    +--------+---------------------+---------+---+----+-----+------+-----+------+-------------+

    * FIFO: 
    N/A

    * Expression: 
    +---------------------+----------+-------+---+----+------------+------------+
    |    Variable Name    | Operation| DSP48E| FF| LUT| Bitwidth P0| Bitwidth P1|
    +---------------------+----------+-------+---+----+------------+------------+
    |add_ln34_fu_186_p2   |     +    |      0|  0|  15|           7|           1|
    |loop_fu_241_p2       |     +    |      0|  0|  15|           3|           5|
    |icmp_ln34_fu_197_p2  |   icmp   |      0|  0|  11|           7|           7|
    |or_ln41_fu_263_p2    |    or    |      0|  0|   4|           4|           1|
    |or_ln43_fu_293_p2    |    or    |      0|  0|   4|           4|           2|
    |or_ln45_fu_303_p2    |    or    |      0|  0|   4|           4|           2|
    +---------------------+----------+-------+---+----+------------+------------+
    |Total                |          |      0|  0|  53|          29|          18|
    +---------------------+----------+-------+---+----+------------+------------+

    * Multiplexer: 
    +------------------+----+-----------+-----+-----------+
    |       Name       | LUT| Input Size| Bits| Total Bits|
    +------------------+----+-----------+-----+-----------+
    |ap_NS_fsm         |  38|          7|    1|          7|
    |ap_return         |   9|          2|   32|         64|
    |loop_0_reg_163    |   9|          2|    5|         10|
    |phi_ln34_reg_152  |   9|          2|    7|         14|
    |temp_address0     |  27|          5|    7|         35|
    |temp_address1     |  15|          3|    7|         21|
    |temp_ce0          |  15|          3|    1|          3|
    |temp_d0           |  21|          4|    8|         32|
    |temp_d1           |  15|          3|    8|         24|
    +------------------+----+-----------+-----+-----------+
    |Total             | 158|         31|   76|        210|
    +------------------+----+-----------+-----+-----------+

    * Register: 
    +------------------------------------------------+----+----+-----+-----------+
    |                      Name                      | FF | LUT| Bits| Const Bits|
    +------------------------------------------------+----+----+-----+-----------+
    |ap_CS_fsm                                       |   6|   0|    6|          0|
    |ap_return_preg                                  |  32|   0|   32|          0|
    |grp_KeccakWidth1600_Spon_9_fu_174_ap_start_reg  |   1|   0|    1|          0|
    |loop_0_reg_163                                  |   5|   0|    5|          0|
    |loop_reg_351                                    |   5|   0|    5|          0|
    |phi_ln34_reg_152                                |   7|   0|    7|          0|
    |trunc_ln2_reg_356                               |   8|   0|    8|          0|
    |trunc_ln37_reg_344                              |   4|   0|    4|          0|
    |trunc_ln3_reg_361                               |   8|   0|    8|          0|
    |zext_ln37_reg_331                               |   5|   0|   64|         59|
    +------------------------------------------------+----+----+-----+-----------+
    |Total                                           |  81|   0|  140|         59|
    +------------------------------------------------+----+----+-----+-----------+



================================================================
== Interface
================================================================
* Summary: 
+---------------------------+-----+-----+------------+----------------------+--------------+
|         RTL Ports         | Dir | Bits|  Protocol  |     Source Object    |    C Type    |
+---------------------------+-----+-----+------------+----------------------+--------------+
|ap_clk                     |  in |    1| ap_ctrl_hs |    HashUpdate_2.1    | return value |
|ap_rst                     |  in |    1| ap_ctrl_hs |    HashUpdate_2.1    | return value |
|ap_start                   |  in |    1| ap_ctrl_hs |    HashUpdate_2.1    | return value |
|ap_done                    | out |    1| ap_ctrl_hs |    HashUpdate_2.1    | return value |
|ap_idle                    | out |    1| ap_ctrl_hs |    HashUpdate_2.1    | return value |
|ap_ready                   | out |    1| ap_ctrl_hs |    HashUpdate_2.1    | return value |
|ap_return                  | out |   32| ap_ctrl_hs |    HashUpdate_2.1    | return value |
|ctx_sponge_state_address0  | out |    8|  ap_memory |   ctx_sponge_state   |     array    |
|ctx_sponge_state_ce0       | out |    1|  ap_memory |   ctx_sponge_state   |     array    |
|ctx_sponge_state_we0       | out |    1|  ap_memory |   ctx_sponge_state   |     array    |
|ctx_sponge_state_d0        | out |    8|  ap_memory |   ctx_sponge_state   |     array    |
|ctx_sponge_state_q0        |  in |    8|  ap_memory |   ctx_sponge_state   |     array    |
|ctx_sponge_byteIOInd       |  in |   32|   ap_none  | ctx_sponge_byteIOInd |    scalar    |
|data_address0              | out |   10|  ap_memory |         data         |     array    |
|data_ce0                   | out |    1|  ap_memory |         data         |     array    |
|data_q0                    |  in |   32|  ap_memory |         data         |     array    |
|data_offset                |  in |    8|   ap_none  |      data_offset     |    scalar    |
+---------------------------+-----+-----+------------+----------------------+--------------+

