

================================================================
== Vivado HLS Report for 'HashInit'
================================================================
* Date:           Thu May  7 18:43:56 2020

* Version:        2019.2 (Build 2704478 on Wed Nov 06 22:10:23 MST 2019)
* Project:        picnic1
* Solution:       sing_open
* Product family: artix7
* Target device:  xc7a200t-fbg676-2


================================================================
== Performance Estimates
================================================================
+ Timing: 
    * Summary: 
    +--------+----------+----------+------------+
    |  Clock |  Target  | Estimated| Uncertainty|
    +--------+----------+----------+------------+
    |ap_clk  | 10.00 ns | 8.579 ns |   1.25 ns  |
    +--------+----------+----------+------------+

+ Latency: 
    * Summary: 
    +---------+---------+----------+----------+-----+-----+---------+
    |  Latency (cycles) |  Latency (absolute) |  Interval | Pipeline|
    |   min   |   max   |    min   |    max   | min | max |   Type  |
    +---------+---------+----------+----------+-----+-----+---------+
    |        ?|        ?|         ?|         ?|    ?|    ?|   none  |
    +---------+---------+----------+----------+-----+-----+---------+

    + Detail: 
        * Instance: 
        +-----------------------------------+-------------------------+---------+---------+----------+----------+-----+-----+---------+
        |                                   |                         |  Latency (cycles) |  Latency (absolute) |  Interval | Pipeline|
        |              Instance             |          Module         |   min   |   max   |    min   |    max   | min | max |   Type  |
        +-----------------------------------+-------------------------+---------+---------+----------+----------+-----+-----+---------+
        |grp_KeccakWidth1600_Spon_12_fu_74  |KeccakWidth1600_Spon_12  |        ?|        ?|         ?|         ?|    ?|    ?|   none  |
        +-----------------------------------+-------------------------+---------+---------+----------+----------+-----+-----+---------+

        * Loop: 
        +---------------------------------+---------+---------+----------+-----------+-----------+------+----------+
        |                                 |  Latency (cycles) | Iteration|  Initiation Interval  | Trip |          |
        |            Loop Name            |   min   |   max   |  Latency |  achieved |   target  | Count| Pipelined|
        +---------------------------------+---------+---------+----------+-----------+-----------+------+----------+
        |- KeccakP1600_Initialize_label0  |      200|      200|         1|          -|          -|   200|    no    |
        +---------------------------------+---------+---------+----------+-----------+-----------+------+----------+



================================================================
== Utilization Estimates
================================================================
* Summary: 
+-----------------+---------+-------+--------+--------+-----+
|       Name      | BRAM_18K| DSP48E|   FF   |   LUT  | URAM|
+-----------------+---------+-------+--------+--------+-----+
|DSP              |        -|      -|       -|       -|    -|
|Expression       |        -|      -|       0|      37|    -|
|FIFO             |        -|      -|       -|       -|    -|
|Instance         |        8|      -|    1150|    3511|    0|
|Memory           |        -|      -|       -|       -|    -|
|Multiplexer      |        -|      -|       -|     117|    -|
|Register         |        -|      -|      77|       -|    -|
+-----------------+---------+-------+--------+--------+-----+
|Total            |        8|      0|    1227|    3665|    0|
+-----------------+---------+-------+--------+--------+-----+
|Available        |      730|    740|  269200|  134600|    0|
+-----------------+---------+-------+--------+--------+-----+
|Utilization (%)  |        1|      0|   ~0   |       2|    0|
+-----------------+---------+-------+--------+--------+-----+

+ Detail: 
    * Instance: 
    +-----------------------------------+-------------------------+---------+-------+------+------+-----+
    |              Instance             |          Module         | BRAM_18K| DSP48E|  FF  |  LUT | URAM|
    +-----------------------------------+-------------------------+---------+-------+------+------+-----+
    |grp_KeccakWidth1600_Spon_12_fu_74  |KeccakWidth1600_Spon_12  |        8|      0|  1150|  3511|    0|
    +-----------------------------------+-------------------------+---------+-------+------+------+-----+
    |Total                              |                         |        8|      0|  1150|  3511|    0|
    +-----------------------------------+-------------------------+---------+-------+------+------+-----+

    * DSP48E: 
    N/A

    * Memory: 
    N/A

    * FIFO: 
    N/A

    * Expression: 
    +---------------------------------+----------+-------+---+----+------------+------------+
    |          Variable Name          | Operation| DSP48E| FF| LUT| Bitwidth P0| Bitwidth P1|
    +---------------------------------+----------+-------+---+----+------------+------------+
    |loop_fu_92_p2                    |     +    |      0|  0|  15|           8|           1|
    |ap_block_state3_on_subcall_done  |    and   |      0|  0|   2|           1|           1|
    |icmp_ln139_fu_86_p2              |   icmp   |      0|  0|  11|           8|           7|
    |icmp_ln66_fu_103_p2              |   icmp   |      0|  0|   9|           4|           2|
    +---------------------------------+----------+-------+---+----+------------+------------+
    |Total                            |          |      0|  0|  37|          21|          11|
    +---------------------------------+----------+-------+---+----+------------+------------+

    * Multiplexer: 
    +----------------------------------------------+----+-----------+-----+-----------+
    |                     Name                     | LUT| Input Size| Bits| Total Bits|
    +----------------------------------------------+----+-----------+-----+-----------+
    |ap_NS_fsm                                     |  21|          4|    1|          4|
    |ap_phi_mux_ctx_sponge_byteIOInd_phi_fu_67_p4  |   9|          2|   32|         64|
    |ap_return                                     |   9|          2|   32|         64|
    |ctx_sponge_byteIOInd_reg_63                   |   9|          2|   32|         64|
    |ctx_sponge_state_address0                     |  15|          3|    8|         24|
    |ctx_sponge_state_ce0                          |  15|          3|    1|          3|
    |ctx_sponge_state_d0                           |  15|          3|    8|         24|
    |ctx_sponge_state_we0                          |  15|          3|    1|          3|
    |loop_0_i_i_i_reg_52                           |   9|          2|    8|         16|
    +----------------------------------------------+----+-----------+-----+-----------+
    |Total                                         | 117|         24|  123|        266|
    +----------------------------------------------+----+-----------+-----+-----------+

    * Register: 
    +------------------------------------------------+----+----+-----+-----------+
    |                      Name                      | FF | LUT| Bits| Const Bits|
    +------------------------------------------------+----+----+-----+-----------+
    |ap_CS_fsm                                       |   3|   0|    3|          0|
    |ap_return_preg                                  |  32|   0|   32|          0|
    |ctx_sponge_byteIOInd_reg_63                     |  32|   0|   32|          0|
    |grp_KeccakWidth1600_Spon_12_fu_74_ap_start_reg  |   1|   0|    1|          0|
    |icmp_ln66_reg_122                               |   1|   0|    1|          0|
    |loop_0_i_i_i_reg_52                             |   8|   0|    8|          0|
    +------------------------------------------------+----+----+-----+-----------+
    |Total                                           |  77|   0|   77|          0|
    +------------------------------------------------+----+----+-----+-----------+



================================================================
== Interface
================================================================
* Summary: 
+---------------------------+-----+-----+------------+------------------+--------------+
|         RTL Ports         | Dir | Bits|  Protocol  |   Source Object  |    C Type    |
+---------------------------+-----+-----+------------+------------------+--------------+
|ap_clk                     |  in |    1| ap_ctrl_hs |     HashInit     | return value |
|ap_rst                     |  in |    1| ap_ctrl_hs |     HashInit     | return value |
|ap_start                   |  in |    1| ap_ctrl_hs |     HashInit     | return value |
|ap_done                    | out |    1| ap_ctrl_hs |     HashInit     | return value |
|ap_idle                    | out |    1| ap_ctrl_hs |     HashInit     | return value |
|ap_ready                   | out |    1| ap_ctrl_hs |     HashInit     | return value |
|ap_return                  | out |   32| ap_ctrl_hs |     HashInit     | return value |
|ctx_sponge_state_address0  | out |    8|  ap_memory | ctx_sponge_state |     array    |
|ctx_sponge_state_ce0       | out |    1|  ap_memory | ctx_sponge_state |     array    |
|ctx_sponge_state_we0       | out |    1|  ap_memory | ctx_sponge_state |     array    |
|ctx_sponge_state_d0        | out |    8|  ap_memory | ctx_sponge_state |     array    |
|ctx_sponge_state_q0        |  in |    8|  ap_memory | ctx_sponge_state |     array    |
|hashPrefix                 |  in |    4|   ap_none  |    hashPrefix    |    scalar    |
+---------------------------+-----+-----+------------+------------------+--------------+

