

================================================================
== Vivado HLS Report for 'KeccakWidth1600_Spon_14'
================================================================
* Date:           Thu May  7 18:44:26 2020

* Version:        2019.2 (Build 2704478 on Wed Nov 06 22:10:23 MST 2019)
* Project:        picnic1
* Solution:       sing_open
* Product family: artix7
* Target device:  xc7a200t-fbg676-2


================================================================
== Performance Estimates
================================================================
+ Timing: 
    * Summary: 
    +--------+----------+----------+------------+
    |  Clock |  Target  | Estimated| Uncertainty|
    +--------+----------+----------+------------+
    |ap_clk  | 10.00 ns | 8.579 ns |   1.25 ns  |
    +--------+----------+----------+------------+

+ Latency: 
    * Summary: 
    +---------+---------+----------+----------+-----+-----+---------+
    |  Latency (cycles) |  Latency (absolute) |  Interval | Pipeline|
    |   min   |   max   |    min   |    max   | min | max |   Type  |
    +---------+---------+----------+----------+-----+-----+---------+
    |        ?|        ?|         ?|         ?|    ?|    ?|   none  |
    +---------+---------+----------+----------+-----+-----+---------+

    + Detail: 
        * Instance: 
        +----------------------------------+-----------------------+---------+---------+----------+----------+-------+-------+---------+
        |                                  |                       |  Latency (cycles) |  Latency (absolute) |    Interval   | Pipeline|
        |             Instance             |         Module        |   min   |   max   |    min   |    max   |  min  |  max  |   Type  |
        +----------------------------------+-----------------------+---------+---------+----------+----------+-------+-------+---------+
        |grp_KeccakP1600_Permute_s_fu_160  |KeccakP1600_Permute_s  |    18584|    18584| 0.186 ms | 0.186 ms |  18584|  18584|   none  |
        +----------------------------------+-----------------------+---------+---------+----------+----------+-------+-------+---------+

        * Loop: 
        +-----------------+---------+---------+----------+-----------+-----------+------+----------+
        |                 |  Latency (cycles) | Iteration|  Initiation Interval  | Trip |          |
        |    Loop Name    |   min   |   max   |  Latency |  achieved |   target  | Count| Pipelined|
        +-----------------+---------+---------+----------+-----------+-----------+------+----------+
        |- Loop 1         |        ?|        ?|         ?|          -|          -|     ?|    no    |
        | + Loop 1.1      |        ?|        ?|     18923|          -|          -|     ?|    no    |
        |  ++ Loop 1.1.1  |      336|      336|         2|          -|          -|   168|    no    |
        | + Loop 1.2      |        ?|        ?|         2|          -|          -|     ?|    no    |
        +-----------------+---------+---------+----------+-----------+-----------+------+----------+



================================================================
== Utilization Estimates
================================================================
* Summary: 
+-----------------+---------+-------+--------+--------+-----+
|       Name      | BRAM_18K| DSP48E|   FF   |   LUT  | URAM|
+-----------------+---------+-------+--------+--------+-----+
|DSP              |        -|      -|       -|       -|    -|
|Expression       |        -|      -|       0|     945|    -|
|FIFO             |        -|      -|       -|       -|    -|
|Instance         |        8|      -|    1003|    3085|    0|
|Memory           |        -|      -|       -|       -|    -|
|Multiplexer      |        -|      -|       -|     233|    -|
|Register         |        -|      -|     732|       -|    -|
+-----------------+---------+-------+--------+--------+-----+
|Total            |        8|      0|    1735|    4263|    0|
+-----------------+---------+-------+--------+--------+-----+
|Available        |      730|    740|  269200|  134600|    0|
+-----------------+---------+-------+--------+--------+-----+
|Utilization (%)  |        1|      0|   ~0   |       3|    0|
+-----------------+---------+-------+--------+--------+-----+

+ Detail: 
    * Instance: 
    +----------------------------------+-----------------------+---------+-------+------+------+-----+
    |             Instance             |         Module        | BRAM_18K| DSP48E|  FF  |  LUT | URAM|
    +----------------------------------+-----------------------+---------+-------+------+------+-----+
    |grp_KeccakP1600_Permute_s_fu_160  |KeccakP1600_Permute_s  |        8|      0|  1003|  3085|    0|
    +----------------------------------+-----------------------+---------+-------+------+------+-----+
    |Total                             |                       |        8|      0|  1003|  3085|    0|
    +----------------------------------+-----------------------+---------+-------+------+------+-----+

    * DSP48E: 
    N/A

    * Memory: 
    N/A

    * FIFO: 
    N/A

    * Expression: 
    +----------------------------------+----------+-------+---+----+------------+------------+
    |           Variable Name          | Operation| DSP48E| FF| LUT| Bitwidth P0| Bitwidth P1|
    +----------------------------------+----------+-------+---+----+------------+------------+
    |add_ln195_fu_231_p2               |     +    |      0|  0|  71|          64|           8|
    |add_ln212_5_fu_298_p2             |     +    |      0|  0|   8|          17|          17|
    |add_ln212_6_fu_292_p2             |     +    |      0|  0|   8|          17|           3|
    |add_ln212_fu_265_p2               |     +    |      0|  0|  24|          17|          17|
    |add_ln214_fu_319_p2               |     +    |      0|  0|  71|          64|           8|
    |add_ln224_fu_325_p2               |     +    |      0|  0|  39|          32|          32|
    |add_ln232_12_fu_395_p2            |     +    |      0|  0|  39|          32|          32|
    |add_ln232_2_fu_384_p2             |     +    |      0|  0|   8|          17|          17|
    |add_ln232_fu_374_p2               |     +    |      0|  0|   8|           3|          17|
    |add_ln236_fu_406_p2               |     +    |      0|  0|  39|          32|          32|
    |i_fu_353_p2                       |     +    |      0|  0|  71|          64|          64|
    |j_11_fu_308_p2                    |     +    |      0|  0|  71|          64|           9|
    |loop_45_fu_277_p2                 |     +    |      0|  0|  15|           8|           1|
    |loop_fu_364_p2                    |     +    |      0|  0|  39|          32|           1|
    |p_2_rec_fu_426_p2                 |     +    |      0|  0|  71|          64|          64|
    |grp_fu_176_p2                     |     -    |      0|  0|  71|          64|          64|
    |partialBlock_12_fu_336_p2         |     -    |      0|  0|  39|           8|          32|
    |partialBlock_fu_246_p2            |     -    |      0|  0|  39|          32|          32|
    |ap_block_state10_on_subcall_done  |    and   |      0|  0|   2|           1|           1|
    |icmp_ln194_fu_220_p2              |   icmp   |      0|  0|  29|          64|          64|
    |icmp_ln195_1_fu_237_p2            |   icmp   |      0|  0|  29|          64|          64|
    |icmp_ln195_fu_225_p2              |   icmp   |      0|  0|  18|          32|           1|
    |icmp_ln206_fu_251_p2              |   icmp   |      0|  0|  29|          64|           8|
    |icmp_ln211_fu_271_p2              |   icmp   |      0|  0|  11|           8|           8|
    |icmp_ln224_fu_330_p2              |   icmp   |      0|  0|  18|          32|           8|
    |icmp_ln231_fu_359_p2              |   icmp   |      0|  0|  18|          32|          32|
    |icmp_ln237_fu_411_p2              |   icmp   |      0|  0|  18|          32|           8|
    |ap_predicate_op112_call_state10   |    or    |      0|  0|   2|           1|           1|
    |select_ln224_fu_342_p3            |  select  |      0|  0|  32|           1|          32|
    |grp_fu_191_p2                     |    xor   |      0|  0|   8|           8|           8|
    +----------------------------------+----------+-------+---+----+------------+------------+
    |Total                             |          |      0|  0| 945|         970|         685|
    +----------------------------------+----------+-------+---+----+------------+------------+

    * Multiplexer: 
    +-------------------------------------+----+-----------+-----+-----------+
    |                 Name                | LUT| Input Size| Bits| Total Bits|
    +-------------------------------------+----+-----------+-----+-----------+
    |ap_NS_fsm                            |  50|         11|    1|         11|
    |ap_phi_mux_p_1_rec_pn_phi_fu_151_p6  |   9|          2|   64|        128|
    |data_address0                        |  15|          3|   16|         48|
    |i_21_fu_40                           |  21|          4|   64|        256|
    |instance_byteIOIndex_fu_44           |  15|          3|   32|         96|
    |instance_state_address0              |  33|          6|    8|         48|
    |instance_state_ce0                   |  15|          3|    1|          3|
    |instance_state_d0                    |  15|          3|    8|         24|
    |instance_state_we0                   |  15|          3|    1|          3|
    |loop_1_reg_137                       |   9|          2|   32|         64|
    |offset_assign_14_reg_126             |   9|          2|    8|         16|
    |p_01_rec_reg_102                     |   9|          2|   64|        128|
    |p_1_rec_pn_reg_148                   |   9|          2|   64|        128|
    |p_1_rec_reg_114                      |   9|          2|   64|        128|
    +-------------------------------------+----+-----------+-----+-----------+
    |Total                                | 233|         48|  427|       1081|
    +-------------------------------------+----+-----------+-----+-----------+

    * Register: 
    +-----------------------------------------------+----+----+-----+-----------+
    |                      Name                     | FF | LUT| Bits| Const Bits|
    +-----------------------------------------------+----+----+-----+-----------+
    |add_ln212_reg_481                              |  17|   0|   17|          0|
    |ap_CS_fsm                                      |  10|   0|   10|          0|
    |dataByteLen_cast_reg_449                       |  61|   0|   64|          3|
    |grp_KeccakP1600_Permute_s_fu_160_ap_start_reg  |   1|   0|    1|          0|
    |i_21_fu_40                                     |  64|   0|   64|          0|
    |i_reg_521                                      |  64|   0|   64|          0|
    |icmp_ln195_1_reg_468                           |   1|   0|    1|          0|
    |icmp_ln195_reg_464                             |   1|   0|    1|          0|
    |icmp_ln237_reg_544                             |   1|   0|    1|          0|
    |instance_byteIOIndex_fu_44                     |  32|   0|   32|          0|
    |instance_state_addr_11_reg_499                 |   8|   0|    8|          0|
    |instance_state_addr_reg_539                    |   8|   0|    8|          0|
    |loop_1_reg_137                                 |  32|   0|   32|          0|
    |loop_45_reg_489                                |   8|   0|    8|          0|
    |loop_reg_529                                   |  32|   0|   32|          0|
    |offset_assign_14_reg_126                       |   8|   0|    8|          0|
    |p_01_rec_reg_102                               |  64|   0|   64|          0|
    |p_1_rec_pn_reg_148                             |  64|   0|   64|          0|
    |p_1_rec_reg_114                                |  64|   0|   64|          0|
    |partialBlock_reg_472                           |  32|   0|   32|          0|
    |reg_198                                        |  64|   0|   64|          0|
    |select_ln224_reg_509                           |  32|   0|   32|          0|
    |trunc_ln223_reg_456                            |  32|   0|   32|          0|
    |zext_ln229_reg_515                             |  32|   0|   64|         32|
    +-----------------------------------------------+----+----+-----+-----------+
    |Total                                          | 732|   0|  767|         35|
    +-----------------------------------------------+----+----+-----+-----------+



================================================================
== Interface
================================================================
* Summary: 
+---------------------------+-----+-----+------------+---------------------------+--------------+
|         RTL Ports         | Dir | Bits|  Protocol  |       Source Object       |    C Type    |
+---------------------------+-----+-----+------------+---------------------------+--------------+
|ap_clk                     |  in |    1| ap_ctrl_hs |  KeccakWidth1600_Spon.14  | return value |
|ap_rst                     |  in |    1| ap_ctrl_hs |  KeccakWidth1600_Spon.14  | return value |
|ap_start                   |  in |    1| ap_ctrl_hs |  KeccakWidth1600_Spon.14  | return value |
|ap_done                    | out |    1| ap_ctrl_hs |  KeccakWidth1600_Spon.14  | return value |
|ap_idle                    | out |    1| ap_ctrl_hs |  KeccakWidth1600_Spon.14  | return value |
|ap_ready                   | out |    1| ap_ctrl_hs |  KeccakWidth1600_Spon.14  | return value |
|ap_return                  | out |   32| ap_ctrl_hs |  KeccakWidth1600_Spon.14  | return value |
|instance_state_address0    | out |    8|  ap_memory |       instance_state      |     array    |
|instance_state_ce0         | out |    1|  ap_memory |       instance_state      |     array    |
|instance_state_we0         | out |    1|  ap_memory |       instance_state      |     array    |
|instance_state_d0          | out |    8|  ap_memory |       instance_state      |     array    |
|instance_state_q0          |  in |    8|  ap_memory |       instance_state      |     array    |
|instance_byteIOIndex_read  |  in |   32|   ap_none  | instance_byteIOIndex_read |    scalar    |
|data_address0              | out |   16|  ap_memory |            data           |     array    |
|data_ce0                   | out |    1|  ap_memory |            data           |     array    |
|data_q0                    |  in |    8|  ap_memory |            data           |     array    |
|dataByteLen                |  in |   61|   ap_none  |        dataByteLen        |    scalar    |
+---------------------------+-----+-----+------------+---------------------------+--------------+

