

================================================================
== Vivado HLS Report for 'KeccakWidth1600_Spon_11'
================================================================
* Date:           Thu May  7 18:44:24 2020

* Version:        2019.2 (Build 2704478 on Wed Nov 06 22:10:23 MST 2019)
* Project:        picnic1
* Solution:       sing_open
* Product family: artix7
* Target device:  xc7a200t-fbg676-2


================================================================
== Performance Estimates
================================================================
+ Timing: 
    * Summary: 
    +--------+----------+----------+------------+
    |  Clock |  Target  | Estimated| Uncertainty|
    +--------+----------+----------+------------+
    |ap_clk  | 10.00 ns | 8.579 ns |   1.25 ns  |
    +--------+----------+----------+------------+

+ Latency: 
    * Summary: 
    +---------+---------+----------+----------+-----+-----+---------+
    |  Latency (cycles) |  Latency (absolute) |  Interval | Pipeline|
    |   min   |   max   |    min   |    max   | min | max |   Type  |
    +---------+---------+----------+----------+-----+-----+---------+
    |        ?|        ?|         ?|         ?|    ?|    ?|   none  |
    +---------+---------+----------+----------+-----+-----+---------+

    + Detail: 
        * Instance: 
        +----------------------------------+-----------------------+---------+---------+----------+----------+-------+-------+---------+
        |                                  |                       |  Latency (cycles) |  Latency (absolute) |    Interval   | Pipeline|
        |             Instance             |         Module        |   min   |   max   |    min   |    max   |  min  |  max  |   Type  |
        +----------------------------------+-----------------------+---------+---------+----------+----------+-------+-------+---------+
        |grp_KeccakP1600_Permute_s_fu_103  |KeccakP1600_Permute_s  |    18584|    18584| 0.186 ms | 0.186 ms |  18584|  18584|   none  |
        +----------------------------------+-----------------------+---------+---------+----------+----------+-------+-------+---------+

        * Loop: 
        +-------------+---------+---------+----------+-----------+-----------+------+----------+
        |             |  Latency (cycles) | Iteration|  Initiation Interval  | Trip |          |
        |  Loop Name  |   min   |   max   |  Latency |  achieved |   target  | Count| Pipelined|
        +-------------+---------+---------+----------+-----------+-----------+------+----------+
        |- Loop 1     |        ?|        ?|         ?|          -|          -|     ?|    no    |
        | + Loop 1.1  |        ?|        ?|         2|          -|          -|     ?|    no    |
        +-------------+---------+---------+----------+-----------+-----------+------+----------+



================================================================
== Utilization Estimates
================================================================
* Summary: 
+-----------------+---------+-------+--------+--------+-----+
|       Name      | BRAM_18K| DSP48E|   FF   |   LUT  | URAM|
+-----------------+---------+-------+--------+--------+-----+
|DSP              |        -|      -|       -|       -|    -|
|Expression       |        -|      0|       0|     517|    -|
|FIFO             |        -|      -|       -|       -|    -|
|Instance         |        8|      -|    1003|    3085|    0|
|Memory           |        -|      -|       -|       -|    -|
|Multiplexer      |        -|      -|       -|     146|    -|
|Register         |        -|      -|     364|       -|    -|
+-----------------+---------+-------+--------+--------+-----+
|Total            |        8|      0|    1367|    3748|    0|
+-----------------+---------+-------+--------+--------+-----+
|Available        |      730|    740|  269200|  134600|    0|
+-----------------+---------+-------+--------+--------+-----+
|Utilization (%)  |        1|      0|   ~0   |       2|    0|
+-----------------+---------+-------+--------+--------+-----+

+ Detail: 
    * Instance: 
    +----------------------------------+-----------------------+---------+-------+------+------+-----+
    |             Instance             |         Module        | BRAM_18K| DSP48E|  FF  |  LUT | URAM|
    +----------------------------------+-----------------------+---------+-------+------+------+-----+
    |grp_KeccakP1600_Permute_s_fu_103  |KeccakP1600_Permute_s  |        8|      0|  1003|  3085|    0|
    +----------------------------------+-----------------------+---------+-------+------+------+-----+
    |Total                             |                       |        8|      0|  1003|  3085|    0|
    +----------------------------------+-----------------------+---------+-------+------+------+-----+

    * DSP48E: 
    N/A

    * Memory: 
    N/A

    * FIFO: 
    N/A

    * Expression: 
    +---------------------------------+----------+-------+---+----+------------+------------+
    |          Variable Name          | Operation| DSP48E| FF| LUT| Bitwidth P0| Bitwidth P1|
    +---------------------------------+----------+-------+---+----+------------+------------+
    |mul_ln212_fu_120_p2              |     *    |      0|  0|  41|           8|           7|
    |add_ln224_fu_158_p2              |     +    |      0|  0|  39|          32|          32|
    |add_ln232_14_fu_226_p2           |     +    |      0|  0|  22|          15|          15|
    |add_ln232_15_fu_236_p2           |     +    |      0|  0|  39|          32|          32|
    |add_ln232_fu_216_p2              |     +    |      0|  0|  15|           8|           8|
    |add_ln236_fu_247_p2              |     +    |      0|  0|  39|          32|          32|
    |i_fu_192_p2                      |     +    |      0|  0|  41|          34|          34|
    |loop_fu_202_p2                   |     +    |      0|  0|  39|          32|           1|
    |p_2_rec_fu_279_p2                |     +    |      0|  0|  71|          64|          64|
    |partialBlock_14_fu_170_p2        |     -    |      0|  0|  39|           8|          32|
    |partialBlock_fu_149_p2           |     -    |      0|  0|  15|           7|           7|
    |ap_block_state6_on_subcall_done  |    and   |      0|  0|   2|           1|           1|
    |icmp_ln194_fu_139_p2             |   icmp   |      0|  0|  21|          34|           7|
    |icmp_ln224_fu_164_p2             |   icmp   |      0|  0|  18|          32|           8|
    |icmp_ln231_fu_197_p2             |   icmp   |      0|  0|  18|          32|          32|
    |icmp_ln237_fu_252_p2             |   icmp   |      0|  0|  18|          32|           8|
    |select_ln224_fu_176_p3           |  select  |      0|  0|  32|           1|          32|
    |xor_ln149_fu_272_p2              |    xor   |      0|  0|   8|           8|           8|
    +---------------------------------+----------+-------+---+----+------------+------------+
    |Total                            |          |      0|  0| 517|         412|         360|
    +---------------------------------+----------+-------+---+----+------------+------------+

    * Multiplexer: 
    +----------------------------+----+-----------+-----+-----------+
    |            Name            | LUT| Input Size| Bits| Total Bits|
    +----------------------------+----+-----------+-----+-----------+
    |ap_NS_fsm                   |  38|          7|    1|          7|
    |i_24_fu_34                  |   9|          2|   34|         68|
    |instance_byteIOIndex_fu_38  |  15|          3|   32|         96|
    |instance_state_address0     |  21|          4|    8|         32|
    |instance_state_ce0          |  15|          3|    1|          3|
    |instance_state_d0           |  15|          3|    8|         24|
    |instance_state_we0          |  15|          3|    1|          3|
    |loop_1_reg_92               |   9|          2|   32|         64|
    |p_01_rec_reg_80             |   9|          2|   64|        128|
    +----------------------------+----+-----------+-----+-----------+
    |Total                       | 146|         29|  181|        425|
    +----------------------------+----+-----------+-----+-----------+

    * Register: 
    +-----------------------------------------------+----+----+-----+-----------+
    |                      Name                     | FF | LUT| Bits| Const Bits|
    +-----------------------------------------------+----+----+-----+-----------+
    |ap_CS_fsm                                      |   6|   0|    6|          0|
    |grp_KeccakP1600_Permute_s_fu_103_ap_start_reg  |   1|   0|    1|          0|
    |i_24_fu_34                                     |  34|   0|   34|          0|
    |i_24_load_reg_304                              |  34|   0|   34|          0|
    |i_reg_328                                      |  34|   0|   34|          0|
    |icmp_ln237_reg_351                             |   1|   0|    1|          0|
    |instance_byteIOIndex_fu_38                     |  32|   0|   32|          0|
    |instance_state_addr_reg_346                    |   8|   0|    8|          0|
    |loop_1_reg_92                                  |  32|   0|   32|          0|
    |loop_reg_336                                   |  32|   0|   32|          0|
    |mul_ln212_reg_299                              |  15|   0|   15|          0|
    |p_01_rec_reg_80                                |  64|   0|   64|          0|
    |partialBlock_reg_312                           |   7|   0|    7|          0|
    |select_ln224_reg_317                           |  32|   0|   32|          0|
    |zext_ln229_reg_323                             |  32|   0|   64|         32|
    +-----------------------------------------------+----+----+-----+-----------+
    |Total                                          | 364|   0|  396|         32|
    +-----------------------------------------------+----+----+-----+-----------+



================================================================
== Interface
================================================================
* Summary: 
+---------------------------+-----+-----+------------+---------------------------+--------------+
|         RTL Ports         | Dir | Bits|  Protocol  |       Source Object       |    C Type    |
+---------------------------+-----+-----+------------+---------------------------+--------------+
|ap_clk                     |  in |    1| ap_ctrl_hs |  KeccakWidth1600_Spon.11  | return value |
|ap_rst                     |  in |    1| ap_ctrl_hs |  KeccakWidth1600_Spon.11  | return value |
|ap_start                   |  in |    1| ap_ctrl_hs |  KeccakWidth1600_Spon.11  | return value |
|ap_done                    | out |    1| ap_ctrl_hs |  KeccakWidth1600_Spon.11  | return value |
|ap_idle                    | out |    1| ap_ctrl_hs |  KeccakWidth1600_Spon.11  | return value |
|ap_ready                   | out |    1| ap_ctrl_hs |  KeccakWidth1600_Spon.11  | return value |
|ap_return                  | out |   32| ap_ctrl_hs |  KeccakWidth1600_Spon.11  | return value |
|instance_state_address0    | out |    8|  ap_memory |       instance_state      |     array    |
|instance_state_ce0         | out |    1|  ap_memory |       instance_state      |     array    |
|instance_state_we0         | out |    1|  ap_memory |       instance_state      |     array    |
|instance_state_d0          | out |    8|  ap_memory |       instance_state      |     array    |
|instance_state_q0          |  in |    8|  ap_memory |       instance_state      |     array    |
|instance_byteIOIndex_read  |  in |   32|   ap_none  | instance_byteIOIndex_read |    scalar    |
|data_address0              | out |   15|  ap_memory |            data           |     array    |
|data_ce0                   | out |    1|  ap_memory |            data           |     array    |
|data_q0                    |  in |    8|  ap_memory |            data           |     array    |
|data_offset                |  in |    8|   ap_none  |        data_offset        |    scalar    |
+---------------------------+-----+-----+------------+---------------------------+--------------+

