

================================================================
== Vivado HLS Report for 'matrix_mul_1'
================================================================
* Date:           Thu May  7 18:44:09 2020

* Version:        2019.2 (Build 2704478 on Wed Nov 06 22:10:23 MST 2019)
* Project:        picnic1
* Solution:       sing_open
* Product family: artix7
* Target device:  xc7a200t-fbg676-2


================================================================
== Performance Estimates
================================================================
+ Timing: 
    * Summary: 
    +--------+----------+----------+------------+
    |  Clock |  Target  | Estimated| Uncertainty|
    +--------+----------+----------+------------+
    |ap_clk  | 10.00 ns | 8.360 ns |   1.25 ns  |
    +--------+----------+----------+------------+

+ Latency: 
    * Summary: 
    +---------+---------+-----------+-----------+------+------+---------+
    |  Latency (cycles) |   Latency (absolute)  |   Interval  | Pipeline|
    |   min   |   max   |    min    |    max    |  min |  max |   Type  |
    +---------+---------+-----------+-----------+------+------+---------+
    |     2570|     2570| 25.700 us | 25.700 us |  2570|  2570|   none  |
    +---------+---------+-----------+-----------+------+------+---------+

    + Detail: 
        * Instance: 
        N/A

        * Loop: 
        +------------------------+---------+---------+----------+-----------+-----------+------+----------+
        |                        |  Latency (cycles) | Iteration|  Initiation Interval  | Trip |          |
        |        Loop Name       |   min   |   max   |  Latency |  achieved |   target  | Count| Pipelined|
        +------------------------+---------+---------+----------+-----------+-----------+------+----------+
        |- matrix_mul_label6     |     2560|     2560|        20|          -|          -|   128|    no    |
        | + matrix_mul_label5    |        8|        8|         2|          -|          -|     4|    no    |
        | + matrix_mul_label6.2  |        6|        6|         2|          -|          -|     3|    no    |
        |- matrix_mul_label7     |        8|        8|         2|          -|          -|     4|    no    |
        +------------------------+---------+---------+----------+-----------+-----------+------+----------+



================================================================
== Utilization Estimates
================================================================
* Summary: 
+-----------------+---------+-------+--------+--------+-----+
|       Name      | BRAM_18K| DSP48E|   FF   |   LUT  | URAM|
+-----------------+---------+-------+--------+--------+-----+
|DSP              |        -|      -|       -|       -|    -|
|Expression       |        -|      -|       0|    1270|    -|
|FIFO             |        -|      -|       -|       -|    -|
|Instance         |        -|      -|       -|       -|    -|
|Memory           |       34|      -|       0|       0|    0|
|Multiplexer      |        -|      -|       -|     203|    -|
|Register         |        -|      -|     112|       -|    -|
+-----------------+---------+-------+--------+--------+-----+
|Total            |       34|      0|     112|    1473|    0|
+-----------------+---------+-------+--------+--------+-----+
|Available        |      730|    740|  269200|  134600|    0|
+-----------------+---------+-------+--------+--------+-----+
|Utilization (%)  |        4|      0|   ~0   |       1|    0|
+-----------------+---------+-------+--------+--------+-----+

+ Detail: 
    * Instance: 
    N/A

    * DSP48E: 
    N/A

    * Memory: 
    +----------------+----------------------+---------+---+----+-----+-------+-----+------+-------------+
    |     Memory     |        Module        | BRAM_18K| FF| LUT| URAM| Words | Bits| Banks| W*Bits*Banks|
    +----------------+----------------------+---------+---+----+-----+-------+-----+------+-------------+
    |temp_matrix2_U  |matrix_mul_1_tempibs  |       32|  0|   0|    0|  10240|   32|     1|       327680|
    |prod_U          |matrix_mul_prod       |        1|  0|   0|    0|     64|   32|     1|         2048|
    |temp_U          |matrix_mul_temp       |        1|  0|   0|    0|     64|   32|     1|         2048|
    +----------------+----------------------+---------+---+----+-----+-------+-----+------+-------------+
    |Total           |                      |       34|  0|   0|    0|  10368|   96|     3|       331776|
    +----------------+----------------------+---------+---+----+-----+-------+-----+------+-------------+

    * FIFO: 
    N/A

    * Expression: 
    +--------------------------+----------+-------+---+-----+------------+------------+
    |       Variable Name      | Operation| DSP48E| FF| LUT | Bitwidth P0| Bitwidth P1|
    +--------------------------+----------+-------+---+-----+------------+------------+
    |add_ln126_fu_323_p2       |     +    |      0|  0|   16|           9|           9|
    |add_ln127_1_fu_346_p2     |     +    |      0|  0|   21|          14|          14|
    |add_ln127_fu_336_p2       |     +    |      0|  0|   13|           4|           4|
    |add_ln134_fu_909_p2       |     +    |      0|  0|   13|           4|           4|
    |i_8_fu_379_p2             |     +    |      0|  0|   12|           3|           1|
    |i_fu_289_p2               |     +    |      0|  0|   15|           1|           8|
    |j_fu_317_p2               |     +    |      0|  0|   12|           3|           1|
    |loop_fu_894_p2            |     +    |      0|  0|   12|           3|           1|
    |sub_ln66_10_fu_697_p2     |     -    |      0|  0|   15|           5|           6|
    |sub_ln66_9_fu_667_p2      |     -    |      0|  0|   15|           6|           6|
    |sub_ln66_fu_655_p2        |     -    |      0|  0|   15|           6|           6|
    |and_ln66_17_fu_723_p2     |    and   |      0|  0|   32|          32|          32|
    |and_ln66_18_fu_865_p2     |    and   |      0|  0|   32|          32|          32|
    |and_ln66_fu_760_p2        |    and   |      0|  0|    8|           8|           8|
    |prod_d0                   |    and   |      0|  0|   32|          32|          32|
    |temp_d0                   |    and   |      0|  0|   32|          32|          32|
    |grp_fu_271_p2             |   icmp   |      0|  0|   11|           5|           5|
    |icmp_ln124_fu_283_p2      |   icmp   |      0|  0|   13|           8|           9|
    |icmp_ln125_fu_311_p2      |   icmp   |      0|  0|    9|           3|           4|
    |icmp_ln133_fu_888_p2      |   icmp   |      0|  0|    9|           3|           4|
    |icmp_ln85_fu_373_p2       |   icmp   |      0|  0|    9|           3|           4|
    |lshr_ln66_10_fu_717_p2    |   lshr   |      0|  0|  101|           2|          32|
    |lshr_ln66_11_fu_859_p2    |   lshr   |      0|  0|  101|           2|          32|
    |lshr_ln66_fu_711_p2       |   lshr   |      0|  0|  101|          32|          32|
    |or_ln66_9_fu_630_p2       |    or    |      0|  0|    5|           5|           3|
    |or_ln66_fu_766_p2         |    or    |      0|  0|    8|           8|           8|
    |select_ln66_26_fu_681_p3  |  select  |      0|  0|   32|           1|          32|
    |select_ln66_27_fu_689_p3  |  select  |      0|  0|    6|           1|           6|
    |select_ln66_28_fu_787_p3  |  select  |      0|  0|    6|           1|           6|
    |select_ln66_29_fu_795_p3  |  select  |      0|  0|    6|           1|           6|
    |select_ln66_30_fu_803_p3  |  select  |      0|  0|    6|           1|           6|
    |select_ln66_31_fu_845_p3  |  select  |      0|  0|   32|           1|          32|
    |select_ln66_fu_673_p3     |  select  |      0|  0|    6|           1|           6|
    |shl_ln66_15_fu_829_p2     |    shl   |      0|  0|  101|          32|          32|
    |shl_ln66_16_fu_853_p2     |    shl   |      0|  0|  101|           2|          32|
    |shl_ln66_17_fu_881_p2     |    shl   |      0|  0|   11|           1|           4|
    |shl_ln66_7_fu_754_p2      |    shl   |      0|  0|   19|           8|           8|
    |shl_ln66_fu_742_p2        |    shl   |      0|  0|   19|           1|           8|
    |x_6_fu_410_p2             |    xor   |      0|  0|   32|          32|          32|
    |xor_ln66_17_fu_661_p2     |    xor   |      0|  0|    6|           6|           5|
    |xor_ln66_18_fu_781_p2     |    xor   |      0|  0|    6|           6|           5|
    |xor_ln66_19_fu_811_p2     |    xor   |      0|  0|    6|           6|           5|
    |xor_ln66_3_fu_748_p2      |    xor   |      0|  0|    8|           8|           2|
    |xor_ln66_fu_733_p2        |    xor   |      0|  0|    3|           3|           2|
    |xor_ln94_fu_484_p2        |    xor   |      0|  0|   24|          24|          24|
    |xor_ln95_2_fu_550_p2      |    xor   |      0|  0|   24|          24|          24|
    |xor_ln95_fu_528_p2        |    xor   |      0|  0|   24|          24|          24|
    |xor_ln98_1_fu_594_p2      |    xor   |      0|  0|    2|           1|           1|
    |xor_ln98_2_fu_600_p2      |    xor   |      0|  0|    2|           1|           1|
    |xor_ln98_3_fu_606_p2      |    xor   |      0|  0|    2|           1|           1|
    |xor_ln98_4_fu_612_p2      |    xor   |      0|  0|    2|           1|           1|
    |xor_ln98_fu_588_p2        |    xor   |      0|  0|    2|           1|           1|
    |y_4_fu_500_p2             |    xor   |      0|  0|   32|          32|          32|
    |y_5_fu_544_p2             |    xor   |      0|  0|   32|          32|          32|
    |y_6_fu_574_p2             |    xor   |      0|  0|   24|          24|          24|
    |y_fu_456_p2               |    xor   |      0|  0|   32|          32|          32|
    +--------------------------+----------+-------+---+-----+------------+------------+
    |Total                     |          |      0|  0| 1270|         574|         755|
    +--------------------------+----------+-------+---+-----+------------+------------+

    * Multiplexer: 
    +--------------------------+----+-----------+-----+-----------+
    |           Name           | LUT| Input Size| Bits| Total Bits|
    +--------------------------+----+-----------+-----+-----------+
    |ap_NS_fsm                 |  53|         12|    1|         12|
    |bitNumber_assign_reg_215  |   9|          2|    8|         16|
    |grp_fu_271_p0             |  15|          3|    5|         15|
    |grp_fu_271_p1             |  15|          3|    5|         15|
    |i_0_i_reg_249             |   9|          2|    3|          6|
    |j_0_reg_227               |   9|          2|    3|          6|
    |loop_0_reg_260            |   9|          2|    3|          6|
    |output_r_address0         |  15|          3|    5|         15|
    |output_r_we0              |   9|          2|    4|          8|
    |prod_address0             |  21|          4|    6|         24|
    |temp_address0             |  21|          4|    6|         24|
    |temp_we0                  |   9|          2|    4|          8|
    |x_0_i_reg_239             |   9|          2|   32|         64|
    +--------------------------+----+-----------+-----+-----------+
    |Total                     | 203|         43|   85|        219|
    +--------------------------+----+-----------+-----+-----------+

    * Register: 
    +--------------------------+----+----+-----+-----------+
    |           Name           | FF | LUT| Bits| Const Bits|
    +--------------------------+----+----+-----+-----------+
    |add_ln134_reg_1034        |   4|   0|    4|          0|
    |ap_CS_fsm                 |  11|   0|   11|          0|
    |bitNumber_assign_reg_215  |   8|   0|    8|          0|
    |i_0_i_reg_249             |   3|   0|    3|          0|
    |i_8_reg_983               |   3|   0|    3|          0|
    |i_reg_942                 |   8|   0|    8|          0|
    |j_0_reg_227               |   3|   0|    3|          0|
    |j_reg_955                 |   3|   0|    3|          0|
    |loop_0_reg_260            |   3|   0|    3|          0|
    |loop_reg_1024             |   3|   0|    3|          0|
    |or_ln66_9_reg_1010        |   2|   0|    5|          3|
    |or_ln66_reg_1016          |   8|   0|    8|          0|
    |shl_ln_reg_947            |   7|   0|    9|          2|
    |start_pos_reg_1004        |   2|   0|    5|          3|
    |temp_addr_4_reg_994       |   3|   0|    6|          3|
    |tmp_36_reg_988            |   2|   0|    2|          0|
    |trunc_ln124_reg_934       |   3|   0|    3|          0|
    |trunc_ln127_reg_928       |   4|   0|    4|          0|
    |x_0_i_reg_239             |  32|   0|   32|          0|
    +--------------------------+----+----+-----+-----------+
    |Total                     | 112|   0|  123|         11|
    +--------------------------+----+----+-----+-----------+



================================================================
== Interface
================================================================
* Summary: 
+-------------------+-----+-----+------------+---------------+--------------+
|     RTL Ports     | Dir | Bits|  Protocol  | Source Object |    C Type    |
+-------------------+-----+-----+------------+---------------+--------------+
|ap_clk             |  in |    1| ap_ctrl_hs |  matrix_mul.1 | return value |
|ap_rst             |  in |    1| ap_ctrl_hs |  matrix_mul.1 | return value |
|ap_start           |  in |    1| ap_ctrl_hs |  matrix_mul.1 | return value |
|ap_done            | out |    1| ap_ctrl_hs |  matrix_mul.1 | return value |
|ap_idle            | out |    1| ap_ctrl_hs |  matrix_mul.1 | return value |
|ap_ready           | out |    1| ap_ctrl_hs |  matrix_mul.1 | return value |
|output_r_address0  | out |    5|  ap_memory |    output_r   |     array    |
|output_r_ce0       | out |    1|  ap_memory |    output_r   |     array    |
|output_r_we0       | out |    4|  ap_memory |    output_r   |     array    |
|output_r_d0        | out |   32|  ap_memory |    output_r   |     array    |
|output_r_q0        |  in |   32|  ap_memory |    output_r   |     array    |
|state_offset       |  in |    5|   ap_none  |  state_offset |    scalar    |
|matrix_offset      |  in |   14|   ap_none  | matrix_offset |    scalar    |
+-------------------+-----+-----+------------+---------------+--------------+

