

================================================================
== Vivado HLS Report for 'mpc_AND_verify_2'
================================================================
* Date:           Thu May  7 18:44:08 2020

* Version:        2019.2 (Build 2704478 on Wed Nov 06 22:10:23 MST 2019)
* Project:        picnic1
* Solution:       sing_open
* Product family: artix7
* Target device:  xc7a200t-fbg676-2


================================================================
== Performance Estimates
================================================================
+ Timing: 
    * Summary: 
    +--------+----------+----------+------------+
    |  Clock |  Target  | Estimated| Uncertainty|
    +--------+----------+----------+------------+
    |ap_clk  | 10.00 ns | 9.122 ns |   1.25 ns  |
    +--------+----------+----------+------------+

+ Latency: 
    * Summary: 
    +---------+---------+-----------+-----------+-----+-----+---------+
    |  Latency (cycles) |   Latency (absolute)  |  Interval | Pipeline|
    |   min   |   max   |    min    |    max    | min | max |   Type  |
    +---------+---------+-----------+-----------+-----+-----+---------+
    |        2|        2| 20.000 ns | 20.000 ns |    2|    2|   none  |
    +---------+---------+-----------+-----------+-----+-----+---------+

    + Detail: 
        * Instance: 
        N/A

        * Loop: 
        N/A



================================================================
== Utilization Estimates
================================================================
* Summary: 
+-----------------+---------+-------+--------+--------+-----+
|       Name      | BRAM_18K| DSP48E|   FF   |   LUT  | URAM|
+-----------------+---------+-------+--------+--------+-----+
|DSP              |        -|      2|       -|       -|    -|
|Expression       |        -|      -|       0|     228|    -|
|FIFO             |        -|      -|       -|       -|    -|
|Instance         |        -|      -|       -|       -|    -|
|Memory           |        -|      -|       -|       -|    -|
|Multiplexer      |        -|      -|       -|      63|    -|
|Register         |        -|      -|      89|       -|    -|
+-----------------+---------+-------+--------+--------+-----+
|Total            |        0|      2|      89|     291|    0|
+-----------------+---------+-------+--------+--------+-----+
|Available        |      730|    740|  269200|  134600|    0|
+-----------------+---------+-------+--------+--------+-----+
|Utilization (%)  |        0|   ~0  |   ~0   |   ~0   |    0|
+-----------------+---------+-------+--------+--------+-----+

+ Detail: 
    * Instance: 
    N/A

    * DSP48E: 
    +--------------------------+----------------------+--------------+
    |         Instance         |        Module        |  Expression  |
    +--------------------------+----------------------+--------------+
    |crypto_sign_open_hbi_U74  |crypto_sign_open_hbi  | i0 * i1 + i2 |
    |crypto_sign_open_hbi_U75  |crypto_sign_open_hbi  | i0 * i1 + i2 |
    +--------------------------+----------------------+--------------+

    * Memory: 
    N/A

    * FIFO: 
    N/A

    * Expression: 
    +-------------------------+----------+-------+---+----+------------+------------+
    |      Variable Name      | Operation| DSP48E| FF| LUT| Bitwidth P0| Bitwidth P1|
    +-------------------------+----------+-------+---+----+------------+------------+
    |add_ln54_fu_182_p2       |     +    |      0|  0|  17|           8|          10|
    |add_ln756_fu_329_p2      |     +    |      0|  0|  39|           1|          32|
    |and_ln66_fu_303_p2       |    and   |      0|  0|   8|           8|           8|
    |and_ln752_1_fu_248_p2    |    and   |      0|  0|   8|           8|           8|
    |and_ln752_2_fu_254_p2    |    and   |      0|  0|   8|           8|           8|
    |and_ln752_fu_242_p2      |    and   |      0|  0|   8|           8|           8|
    |lshr_ln54_6_fu_232_p2    |   lshr   |      0|  0|  19|           8|           8|
    |lshr_ln54_7_fu_316_p2    |   lshr   |      0|  0|  19|           8|           8|
    |lshr_ln54_fu_222_p2      |   lshr   |      0|  0|  19|           8|           8|
    |view1_communicatedBi_d0  |    or    |      0|  0|   8|           8|           8|
    |shl_ln66_6_fu_299_p2     |    shl   |      0|  0|  19|           8|           8|
    |shl_ln66_fu_288_p2       |    shl   |      0|  0|  19|           1|           8|
    |xor_ln54_fu_213_p2       |    xor   |      0|  0|   3|           3|           2|
    |xor_ln66_fu_293_p2       |    xor   |      0|  0|   8|           8|           2|
    |xor_ln752_1_fu_270_p2    |    xor   |      0|  0|   8|           8|           8|
    |xor_ln752_2_fu_276_p2    |    xor   |      0|  0|   8|           8|           8|
    |xor_ln752_3_fu_282_p2    |    xor   |      0|  0|   8|           8|           8|
    |xor_ln752_fu_260_p2      |    xor   |      0|  0|   2|           1|           1|
    +-------------------------+----------+-------+---+----+------------+------------+
    |Total                    |          |      0|  0| 228|         118|         151|
    +-------------------------+----------+-------+---+----+------------+------------+

    * Multiplexer: 
    +-------------------------------+----+-----------+-----+-----------+
    |              Name             | LUT| Input Size| Bits| Total Bits|
    +-------------------------------+----+-----------+-----+-----------+
    |ap_NS_fsm                      |  21|          4|    1|          4|
    |ap_return_0                    |   9|          2|   32|         64|
    |ap_return_1                    |   9|          2|    8|         16|
    |ap_return_2                    |   9|          2|    1|          2|
    |view1_communicatedBi_address0  |  15|          3|   15|         45|
    +-------------------------------+----+-----------+-----+-----------+
    |Total                          |  63|         13|   57|        131|
    +-------------------------------+----+-----------+-----+-----------+

    * Register: 
    +--------------------------------+----+----+-----+-----------+
    |              Name              | FF | LUT| Bits| Const Bits|
    +--------------------------------+----+----+-----+-----------+
    |ap_CS_fsm                       |   3|   0|    3|          0|
    |ap_return_0_preg                |  32|   0|   32|          0|
    |ap_return_1_preg                |   8|   0|    8|          0|
    |ap_return_2_preg                |   1|   0|    8|          7|
    |trunc_ln54_reg_388              |   3|   0|    3|          0|
    |view1_communicatedBi_2_reg_393  |  15|   0|   15|          0|
    |xor_ln752_3_reg_410             |   8|   0|    8|          0|
    |zext_ln54_11_reg_403            |   3|   0|    8|          5|
    |zext_ln54_cast1_reg_372         |  16|   0|   16|          0|
    +--------------------------------+----+----+-----+-----------+
    |Total                           |  89|   0|  101|         12|
    +--------------------------------+----+----+-----+-----------+



================================================================
== Interface
================================================================
* Summary: 
+-------------------------------+-----+-----+------------+-------------------------------+--------------+
|           RTL Ports           | Dir | Bits|  Protocol  |         Source Object         |    C Type    |
+-------------------------------+-----+-----+------------+-------------------------------+--------------+
|ap_clk                         |  in |    1| ap_ctrl_hs |        mpc_AND_verify_2       | return value |
|ap_rst                         |  in |    1| ap_ctrl_hs |        mpc_AND_verify_2       | return value |
|ap_start                       |  in |    1| ap_ctrl_hs |        mpc_AND_verify_2       | return value |
|ap_done                        | out |    1| ap_ctrl_hs |        mpc_AND_verify_2       | return value |
|ap_idle                        | out |    1| ap_ctrl_hs |        mpc_AND_verify_2       | return value |
|ap_ready                       | out |    1| ap_ctrl_hs |        mpc_AND_verify_2       | return value |
|ap_return_0                    | out |   32| ap_ctrl_hs |        mpc_AND_verify_2       | return value |
|ap_return_1                    | out |    8| ap_ctrl_hs |        mpc_AND_verify_2       | return value |
|ap_return_2                    | out |    8| ap_ctrl_hs |        mpc_AND_verify_2       | return value |
|in1_0_read                     |  in |    8|   ap_none  |           in1_0_read          |    scalar    |
|in1_1_read                     |  in |    8|   ap_none  |           in1_1_read          |    scalar    |
|in2_0_read                     |  in |    8|   ap_none  |           in2_0_read          |    scalar    |
|in2_1_read                     |  in |    8|   ap_none  |           in2_1_read          |    scalar    |
|rand_0_tape_address0           | out |    9|  ap_memory |          rand_0_tape          |     array    |
|rand_0_tape_ce0                | out |    1|  ap_memory |          rand_0_tape          |     array    |
|rand_0_tape_q0                 |  in |    8|  ap_memory |          rand_0_tape          |     array    |
|rand_0_tape_address1           | out |    9|  ap_memory |          rand_0_tape          |     array    |
|rand_0_tape_ce1                | out |    1|  ap_memory |          rand_0_tape          |     array    |
|rand_0_tape_q1                 |  in |    8|  ap_memory |          rand_0_tape          |     array    |
|rand_0_pos_read                |  in |   32|   ap_none  |        rand_0_pos_read        |    scalar    |
|view1_communicatedBi_address0  | out |   15|  ap_memory |      view1_communicatedBi     |     array    |
|view1_communicatedBi_ce0       | out |    1|  ap_memory |      view1_communicatedBi     |     array    |
|view1_communicatedBi_we0       | out |    1|  ap_memory |      view1_communicatedBi     |     array    |
|view1_communicatedBi_d0        | out |    8|  ap_memory |      view1_communicatedBi     |     array    |
|view1_communicatedBi_q0        |  in |    8|  ap_memory |      view1_communicatedBi     |     array    |
|view1_communicatedBits_offset  |  in |    8|   ap_none  | view1_communicatedBits_offset |    scalar    |
|view2_communicatedBi_address0  | out |   15|  ap_memory |      view2_communicatedBi     |     array    |
|view2_communicatedBi_ce0       | out |    1|  ap_memory |      view2_communicatedBi     |     array    |
|view2_communicatedBi_q0        |  in |    8|  ap_memory |      view2_communicatedBi     |     array    |
|view2_communicatedBits_offset  |  in |    8|   ap_none  | view2_communicatedBits_offset |    scalar    |
+-------------------------------+-----+-----+------------+-------------------------------+--------------+

