

================================================================
== Vivado HLS Report for 'KeccakWidth1600_Spon_13'
================================================================
* Date:           Thu May  7 18:31:03 2020

* Version:        2019.2 (Build 2704478 on Wed Nov 06 22:10:23 MST 2019)
* Project:        picnic1
* Solution:       sing_open
* Product family: artix7
* Target device:  xc7a200t-fbg676-2


================================================================
== Performance Estimates
================================================================
+ Timing: 
    * Summary: 
    +--------+----------+----------+------------+
    |  Clock |  Target  | Estimated| Uncertainty|
    +--------+----------+----------+------------+
    |ap_clk  | 10.00 ns | 8.579 ns |   1.25 ns  |
    +--------+----------+----------+------------+

+ Latency: 
    * Summary: 
    +---------+---------+----------+----------+-----+-----+---------+
    |  Latency (cycles) |  Latency (absolute) |  Interval | Pipeline|
    |   min   |   max   |    min   |    max   | min | max |   Type  |
    +---------+---------+----------+----------+-----+-----+---------+
    |        ?|        ?|         ?|         ?|    ?|    ?|   none  |
    +---------+---------+----------+----------+-----+-----+---------+

    + Detail: 
        * Instance: 
        +----------------------------------+-----------------------+---------+---------+----------+----------+-------+-------+---------+
        |                                  |                       |  Latency (cycles) |  Latency (absolute) |    Interval   | Pipeline|
        |             Instance             |         Module        |   min   |   max   |    min   |    max   |  min  |  max  |   Type  |
        +----------------------------------+-----------------------+---------+---------+----------+----------+-------+-------+---------+
        |grp_KeccakP1600_Permute_s_fu_172  |KeccakP1600_Permute_s  |    18584|    18584| 0.186 ms | 0.186 ms |  18584|  18584|   none  |
        +----------------------------------+-----------------------+---------+---------+----------+----------+-------+-------+---------+

        * Loop: 
        +-----------------+---------+---------+----------+-----------+-----------+------+----------+
        |                 |  Latency (cycles) | Iteration|  Initiation Interval  | Trip |          |
        |    Loop Name    |   min   |   max   |  Latency |  achieved |   target  | Count| Pipelined|
        +-----------------+---------+---------+----------+-----------+-----------+------+----------+
        |- Loop 1         |        ?|        ?|         ?|          -|          -|     ?|    no    |
        | + Loop 1.1      |        ?|        ?|     18923|          -|          -|     ?|    no    |
        |  ++ Loop 1.1.1  |      336|      336|         2|          -|          -|   168|    no    |
        | + Loop 1.2      |        ?|        ?|         2|          -|          -|     ?|    no    |
        +-----------------+---------+---------+----------+-----------+-----------+------+----------+

============================================================
+ Verbose Summary: Synthesis Manager
============================================================
InlineROM: 1
ExposeGlobal: 1
============================================================
+ Verbose Summary: CDFG Model
============================================================
IsTopModel: 0
ResetActiveHigh: 1
IsCombinational: 0
IsDatapathOnly: 0
HasWiredReturn: 1
HasMFsm: 0
HasVarLatency: 1
IsPipeline: 0
IsRtlPipelined: 0
IsInstanceOverlapped: 0
IsDontTouch: 0
HasImplIP: 0
IsGatedGlobalClock: 0


============================================================
+ Verbose Summary: Schedule
============================================================
* Number of FSM states : 10
* Pipeline : 0
* Dataflow Pipeline: 0

* FSM state transitions: 
1 --> 2 
2 --> 7 3 
3 --> 4 10 
4 --> 5 6 
5 --> 4 
6 --> 3 
7 --> 8 
8 --> 9 10 
9 --> 8 
10 --> 2 

* FSM state operations: 

State 1 <SV = 0> <Delay = 1.45>
ST_1 : Operation 11 [1/1] (0.00ns)   --->   "%i_31 = alloca i34"   --->   Operation 11 'alloca' 'i_31' <Predicate = true> <Delay = 0.00>
ST_1 : Operation 12 [1/1] (0.00ns)   --->   "%instance_byteIOIndex = alloca i32"   --->   Operation 12 'alloca' 'instance_byteIOIndex' <Predicate = true> <Delay = 0.00>
ST_1 : Operation 13 [1/1] (0.00ns)   --->   "%dataByteLen_read = call i8 @_ssdm_op_Read.ap_auto.i8(i8 %dataByteLen)"   --->   Operation 13 'read' 'dataByteLen_read' <Predicate = true> <Delay = 0.00>
ST_1 : Operation 14 [1/1] (0.00ns)   --->   "%instance_byteIOIndex_43 = call i32 @_ssdm_op_Read.ap_auto.i32(i32 %instance_byteIOIndex_read)"   --->   Operation 14 'read' 'instance_byteIOIndex_43' <Predicate = true> <Delay = 0.00>
ST_1 : Operation 15 [1/1] (0.00ns)   --->   "%dataByteLen_cast1_ca = zext i8 %dataByteLen_read to i34"   --->   Operation 15 'zext' 'dataByteLen_cast1_ca' <Predicate = true> <Delay = 0.00>
ST_1 : Operation 16 [1/1] (0.00ns)   --->   "%zext_ln195 = zext i8 %dataByteLen_read to i30" [sha3/KeccakSpongeWidth1600.c:195]   --->   Operation 16 'zext' 'zext_ln195' <Predicate = true> <Delay = 0.00>
ST_1 : Operation 17 [1/1] (0.00ns)   --->   "%zext_ln223 = zext i8 %dataByteLen_read to i32" [sha3/KeccakSpongeWidth1600.c:223]   --->   Operation 17 'zext' 'zext_ln223' <Predicate = true> <Delay = 0.00>
ST_1 : Operation 18 [1/1] (1.45ns)   --->   "store i32 %instance_byteIOIndex_43, i32* %instance_byteIOIndex" [sha3/KeccakSpongeWidth1600.c:194]   --->   Operation 18 'store' <Predicate = true> <Delay = 1.45>
ST_1 : Operation 19 [1/1] (1.45ns)   --->   "store i34 0, i34* %i_31" [sha3/KeccakSpongeWidth1600.c:194]   --->   Operation 19 'store' <Predicate = true> <Delay = 1.45>
ST_1 : Operation 20 [1/1] (1.35ns)   --->   "br label %.preheader2" [sha3/KeccakSpongeWidth1600.c:194]   --->   Operation 20 'br' <Predicate = true> <Delay = 1.35>

State 2 <SV = 1> <Delay = 4.23>
ST_2 : Operation 21 [1/1] (0.00ns)   --->   "%p_01_rec = phi i64 [ 0, %.preheader2.preheader ], [ %p_2_rec, %._crit_edge6 ]" [sha3/KeccakSpongeWidth1600.c:214]   --->   Operation 21 'phi' 'p_01_rec' <Predicate = true> <Delay = 0.00>
ST_2 : Operation 22 [1/1] (0.00ns)   --->   "%i_31_load = load i34* %i_31" [sha3/KeccakSpongeWidth1600.c:223]   --->   Operation 22 'load' 'i_31_load' <Predicate = true> <Delay = 0.00>
ST_2 : Operation 23 [1/1] (2.12ns)   --->   "%icmp_ln194 = icmp ult i34 %i_31_load, %dataByteLen_cast1_ca" [sha3/KeccakSpongeWidth1600.c:194]   --->   Operation 23 'icmp' 'icmp_ln194' <Predicate = true> <Delay = 2.12> <Core = "Cmp">   --->   Core 25 'Cmp' <Latency = 0> <II = 1> <Delay = 2.11> <FuncUnit> <Opcode : 'icmp'> <InPorts = 2> <OutPorts = 1>
ST_2 : Operation 24 [1/1] (0.00ns)   --->   "br i1 %icmp_ln194, label %0, label %.loopexit" [sha3/KeccakSpongeWidth1600.c:194]   --->   Operation 24 'br' <Predicate = true> <Delay = 0.00>
ST_2 : Operation 25 [1/1] (0.00ns)   --->   "%instance_byteIOIndex_44 = load i32* %instance_byteIOIndex" [sha3/KeccakSpongeWidth1600.c:195]   --->   Operation 25 'load' 'instance_byteIOIndex_44' <Predicate = (icmp_ln194)> <Delay = 0.00>
ST_2 : Operation 26 [1/1] (2.11ns)   --->   "%icmp_ln195 = icmp eq i32 %instance_byteIOIndex_44, 0" [sha3/KeccakSpongeWidth1600.c:195]   --->   Operation 26 'icmp' 'icmp_ln195' <Predicate = (icmp_ln194)> <Delay = 2.11> <Core = "Cmp">   --->   Core 25 'Cmp' <Latency = 0> <II = 1> <Delay = 2.11> <FuncUnit> <Opcode : 'icmp'> <InPorts = 2> <OutPorts = 1>
ST_2 : Operation 27 [1/1] (0.00ns)   --->   "br i1 %icmp_ln195, label %1, label %._crit_edge" [sha3/KeccakSpongeWidth1600.c:195]   --->   Operation 27 'br' <Predicate = (icmp_ln194)> <Delay = 0.00>
ST_2 : Operation 28 [1/1] (0.00ns)   --->   "%trunc_ln195 = trunc i34 %i_31_load to i30" [sha3/KeccakSpongeWidth1600.c:195]   --->   Operation 28 'trunc' 'trunc_ln195' <Predicate = (icmp_ln194 & icmp_ln195)> <Delay = 0.00>
ST_2 : Operation 29 [1/1] (2.13ns)   --->   "%add_ln195 = add i30 168, %trunc_ln195" [sha3/KeccakSpongeWidth1600.c:195]   --->   Operation 29 'add' 'add_ln195' <Predicate = (icmp_ln194 & icmp_ln195)> <Delay = 2.13> <Core = "AddSub">   --->   Core 14 'AddSub' <Latency = 0> <II = 1> <Delay = 2.99> <FuncUnit> <Opcode : 'add' 'sub'> <InPorts = 2> <OutPorts = 1>
ST_2 : Operation 30 [1/1] (2.09ns)   --->   "%icmp_ln195_1 = icmp ugt i30 %add_ln195, %zext_ln195" [sha3/KeccakSpongeWidth1600.c:195]   --->   Operation 30 'icmp' 'icmp_ln195_1' <Predicate = (icmp_ln194 & icmp_ln195)> <Delay = 2.09> <Core = "Cmp">   --->   Core 25 'Cmp' <Latency = 0> <II = 1> <Delay = 2.11> <FuncUnit> <Opcode : 'icmp'> <InPorts = 2> <OutPorts = 1>
ST_2 : Operation 31 [1/1] (0.00ns)   --->   "br i1 %icmp_ln195_1, label %._crit_edge, label %2" [sha3/KeccakSpongeWidth1600.c:195]   --->   Operation 31 'br' <Predicate = (icmp_ln194 & icmp_ln195)> <Delay = 0.00>
ST_2 : Operation 32 [1/1] (2.23ns)   --->   "%j = sub i34 %dataByteLen_cast1_ca, %i_31_load" [sha3/KeccakSpongeWidth1600.c:206]   --->   Operation 32 'sub' 'j' <Predicate = (icmp_ln194 & icmp_ln195 & !icmp_ln195_1)> <Delay = 2.23> <Core = "AddSub">   --->   Core 14 'AddSub' <Latency = 0> <II = 1> <Delay = 2.99> <FuncUnit> <Opcode : 'add' 'sub'> <InPorts = 2> <OutPorts = 1>
ST_2 : Operation 33 [1/1] (0.00ns)   --->   "%sext_ln206 = sext i34 %j to i64" [sha3/KeccakSpongeWidth1600.c:206]   --->   Operation 33 'sext' 'sext_ln206' <Predicate = (icmp_ln194 & icmp_ln195 & !icmp_ln195_1)> <Delay = 0.00>
ST_2 : Operation 34 [1/1] (1.35ns)   --->   "br label %3" [sha3/KeccakSpongeWidth1600.c:206]   --->   Operation 34 'br' <Predicate = (icmp_ln194 & icmp_ln195 & !icmp_ln195_1)> <Delay = 1.35>
ST_2 : Operation 35 [1/1] (0.00ns)   --->   "%trunc_ln223 = trunc i34 %i_31_load to i32" [sha3/KeccakSpongeWidth1600.c:223]   --->   Operation 35 'trunc' 'trunc_ln223' <Predicate = (icmp_ln194 & icmp_ln195_1) | (icmp_ln194 & !icmp_ln195)> <Delay = 0.00>
ST_2 : Operation 36 [1/1] (2.18ns)   --->   "%partialBlock = sub i32 %zext_ln223, %trunc_ln223" [sha3/KeccakSpongeWidth1600.c:223]   --->   Operation 36 'sub' 'partialBlock' <Predicate = (icmp_ln194 & icmp_ln195_1) | (icmp_ln194 & !icmp_ln195)> <Delay = 2.18> <Core = "AddSub">   --->   Core 14 'AddSub' <Latency = 0> <II = 1> <Delay = 2.99> <FuncUnit> <Opcode : 'add' 'sub'> <InPorts = 2> <OutPorts = 1>
ST_2 : Operation 37 [1/1] (0.00ns)   --->   "%instance_byteIOIndex_48 = load i32* %instance_byteIOIndex"   --->   Operation 37 'load' 'instance_byteIOIndex_48' <Predicate = (!icmp_ln194)> <Delay = 0.00>
ST_2 : Operation 38 [1/1] (0.00ns)   --->   "ret i32 %instance_byteIOIndex_48"   --->   Operation 38 'ret' <Predicate = (!icmp_ln194)> <Delay = 0.00>

State 3 <SV = 2> <Delay = 3.68>
ST_3 : Operation 39 [1/1] (0.00ns)   --->   "%j_0 = phi i64 [ %sext_ln206, %2 ], [ %j_13, %5 ]"   --->   Operation 39 'phi' 'j_0' <Predicate = true> <Delay = 0.00>
ST_3 : Operation 40 [1/1] (0.00ns)   --->   "%p_1_rec = phi i64 [ 0, %2 ], [ %add_ln214, %5 ]" [sha3/KeccakSpongeWidth1600.c:214]   --->   Operation 40 'phi' 'p_1_rec' <Predicate = true> <Delay = 0.00>
ST_3 : Operation 41 [1/1] (2.34ns)   --->   "%icmp_ln206 = icmp ult i64 %j_0, 168" [sha3/KeccakSpongeWidth1600.c:206]   --->   Operation 41 'icmp' 'icmp_ln206' <Predicate = true> <Delay = 2.34> <Core = "Cmp">   --->   Core 25 'Cmp' <Latency = 0> <II = 1> <Delay = 2.11> <FuncUnit> <Opcode : 'icmp'> <InPorts = 2> <OutPorts = 1>
ST_3 : Operation 42 [1/1] (0.00ns)   --->   "br i1 %icmp_ln206, label %6, label %.preheader.preheader" [sha3/KeccakSpongeWidth1600.c:206]   --->   Operation 42 'br' <Predicate = true> <Delay = 0.00>
ST_3 : Operation 43 [1/1] (1.35ns)   --->   "br label %.preheader" [sha3/KeccakSpongeWidth1600.c:211]   --->   Operation 43 'br' <Predicate = (!icmp_ln206)> <Delay = 1.35>
ST_3 : Operation 44 [1/1] (0.00ns)   --->   "%zext_ln216 = zext i8 %dataByteLen_read to i34" [sha3/KeccakSpongeWidth1600.c:216]   --->   Operation 44 'zext' 'zext_ln216' <Predicate = (icmp_ln206)> <Delay = 0.00>
ST_3 : Operation 45 [1/1] (0.00ns)   --->   "%trunc_ln216 = trunc i64 %j_0 to i34" [sha3/KeccakSpongeWidth1600.c:216]   --->   Operation 45 'trunc' 'trunc_ln216' <Predicate = (icmp_ln206)> <Delay = 0.00>
ST_3 : Operation 46 [1/1] (2.23ns)   --->   "%sub_ln216 = sub i34 %zext_ln216, %trunc_ln216" [sha3/KeccakSpongeWidth1600.c:216]   --->   Operation 46 'sub' 'sub_ln216' <Predicate = (icmp_ln206)> <Delay = 2.23> <Core = "AddSub">   --->   Core 14 'AddSub' <Latency = 0> <II = 1> <Delay = 2.99> <FuncUnit> <Opcode : 'add' 'sub'> <InPorts = 2> <OutPorts = 1>
ST_3 : Operation 47 [1/1] (1.45ns)   --->   "store i32 0, i32* %instance_byteIOIndex" [sha3/KeccakSpongeWidth1600.c:220]   --->   Operation 47 'store' <Predicate = (icmp_ln206)> <Delay = 1.45>
ST_3 : Operation 48 [1/1] (1.45ns)   --->   "store i34 %sub_ln216, i34* %i_31" [sha3/KeccakSpongeWidth1600.c:220]   --->   Operation 48 'store' <Predicate = (icmp_ln206)> <Delay = 1.45>
ST_3 : Operation 49 [1/1] (1.35ns)   --->   "br label %._crit_edge6" [sha3/KeccakSpongeWidth1600.c:220]   --->   Operation 49 'br' <Predicate = (icmp_ln206)> <Delay = 1.35>

State 4 <SV = 3> <Delay = 4.79>
ST_4 : Operation 50 [1/1] (0.00ns)   --->   "%offset_assign_14 = phi i8 [ %loop_48, %4 ], [ 0, %.preheader.preheader ]"   --->   Operation 50 'phi' 'offset_assign_14' <Predicate = true> <Delay = 0.00>
ST_4 : Operation 51 [1/1] (1.24ns)   --->   "%icmp_ln211 = icmp eq i8 %offset_assign_14, -88" [sha3/KeccakSpongeWidth1600.c:211]   --->   Operation 51 'icmp' 'icmp_ln211' <Predicate = true> <Delay = 1.24> <Core = "Cmp">   --->   Core 25 'Cmp' <Latency = 0> <II = 1> <Delay = 2.11> <FuncUnit> <Opcode : 'icmp'> <InPorts = 2> <OutPorts = 1>
ST_4 : Operation 52 [1/1] (1.71ns)   --->   "%loop_48 = add i8 %offset_assign_14, 1" [sha3/KeccakSpongeWidth1600.c:211]   --->   Operation 52 'add' 'loop_48' <Predicate = true> <Delay = 1.71> <Core = "AddSub">   --->   Core 14 'AddSub' <Latency = 0> <II = 1> <Delay = 2.99> <FuncUnit> <Opcode : 'add' 'sub'> <InPorts = 2> <OutPorts = 1>
ST_4 : Operation 53 [1/1] (0.00ns)   --->   "%empty = call i32 (...)* @_ssdm_op_SpecLoopTripCount(i64 168, i64 168, i64 168)"   --->   Operation 53 'speclooptripcount' 'empty' <Predicate = true> <Delay = 0.00>
ST_4 : Operation 54 [1/1] (0.00ns)   --->   "br i1 %icmp_ln211, label %5, label %4" [sha3/KeccakSpongeWidth1600.c:211]   --->   Operation 54 'br' <Predicate = true> <Delay = 0.00>
ST_4 : Operation 55 [1/1] (0.00ns)   --->   "%zext_ln212 = zext i8 %offset_assign_14 to i64" [sha3/KeccakSpongeWidth1600.c:212]   --->   Operation 55 'zext' 'zext_ln212' <Predicate = (!icmp_ln211)> <Delay = 0.00>
ST_4 : Operation 56 [1/1] (0.00ns)   --->   "%trunc_ln206 = trunc i64 %p_1_rec to i8" [sha3/KeccakSpongeWidth1600.c:206]   --->   Operation 56 'trunc' 'trunc_ln206' <Predicate = (!icmp_ln211)> <Delay = 0.00>
ST_4 : Operation 57 [1/1] (0.00ns) (grouped into TernaryAdder)   --->   "%add_ln212 = add i8 %trunc_ln206, %offset_assign_14" [sha3/KeccakSpongeWidth1600.c:212]   --->   Operation 57 'add' 'add_ln212' <Predicate = (!icmp_ln211)> <Delay = 0.00> <Core = "TAddSub">   --->   Core 83 'TAddSub' <Latency = 0> <II = 1> <Delay = 1.51> <IPBlock> <Opcode : 'add' 'sub'> <InPorts = 3> <OutPorts = 1> <Sync> <CReg>
ST_4 : Operation 58 [1/1] (0.00ns)   --->   "%trunc_ln194_6 = trunc i64 %p_01_rec to i8" [sha3/KeccakSpongeWidth1600.c:194]   --->   Operation 58 'trunc' 'trunc_ln194_6' <Predicate = (!icmp_ln211)> <Delay = 0.00>
ST_4 : Operation 59 [1/1] (3.02ns) (root node of TernaryAdder)   --->   "%add_ln212_5 = add i8 %add_ln212, %trunc_ln194_6" [sha3/KeccakSpongeWidth1600.c:212]   --->   Operation 59 'add' 'add_ln212_5' <Predicate = (!icmp_ln211)> <Delay = 3.02> <Core = "TAddSub">   --->   Core 83 'TAddSub' <Latency = 0> <II = 1> <Delay = 1.51> <IPBlock> <Opcode : 'add' 'sub'> <InPorts = 3> <OutPorts = 1> <Sync> <CReg>
ST_4 : Operation 60 [1/1] (0.00ns)   --->   "%zext_ln212_6 = zext i8 %add_ln212_5 to i64" [sha3/KeccakSpongeWidth1600.c:212]   --->   Operation 60 'zext' 'zext_ln212_6' <Predicate = (!icmp_ln211)> <Delay = 0.00>
ST_4 : Operation 61 [1/1] (0.00ns)   --->   "%data_addr_5 = getelementptr [75 x i8]* %data, i64 0, i64 %zext_ln212_6" [sha3/KeccakSpongeWidth1600.c:212]   --->   Operation 61 'getelementptr' 'data_addr_5' <Predicate = (!icmp_ln211)> <Delay = 0.00>
ST_4 : Operation 62 [2/2] (1.77ns)   --->   "%data_load_4 = load i8* %data_addr_5, align 1" [sha3/KeccakSpongeWidth1600.c:212]   --->   Operation 62 'load' 'data_load_4' <Predicate = (!icmp_ln211)> <Delay = 1.77> <Core = "RAM">   --->   Core 37 'RAM' <Latency = 1> <II = 1> <Delay = 2.77> <Storage> <Opcode : 'load' 'store'> <Ports = 2> <Width = 64> <Depth = 25> <RAM>
ST_4 : Operation 63 [1/1] (0.00ns)   --->   "%instance_state_addr_11 = getelementptr [200 x i8]* %instance_state, i64 0, i64 %zext_ln212" [sha3/KeccakP-1600-reference.c:149->sha3/KeccakSpongeWidth1600.c:212]   --->   Operation 63 'getelementptr' 'instance_state_addr_11' <Predicate = (!icmp_ln211)> <Delay = 0.00>
ST_4 : Operation 64 [2/2] (2.77ns)   --->   "%instance_state_load_11 = load i8* %instance_state_addr_11, align 1" [sha3/KeccakP-1600-reference.c:149->sha3/KeccakSpongeWidth1600.c:212]   --->   Operation 64 'load' 'instance_state_load_11' <Predicate = (!icmp_ln211)> <Delay = 2.77> <Core = "RAM">   --->   Core 37 'RAM' <Latency = 1> <II = 1> <Delay = 2.77> <Storage> <Opcode : 'load' 'store'> <Ports = 2> <Width = 64> <Depth = 25> <RAM>
ST_4 : Operation 65 [2/2] (1.35ns)   --->   "call fastcc void @KeccakP1600_Permute_([200 x i8]* %instance_state)" [sha3/KeccakSpongeWidth1600.c:213]   --->   Operation 65 'call' <Predicate = (icmp_ln211)> <Delay = 1.35> <CoreType = "Generic">   --->   Core 0 '' <Latency = 0> <II = 1> <Delay = 1.00> <Generic> <Opcode : >
ST_4 : Operation 66 [1/1] (2.99ns)   --->   "%j_13 = add i64 %j_0, -168" [sha3/KeccakSpongeWidth1600.c:206]   --->   Operation 66 'add' 'j_13' <Predicate = (icmp_ln211)> <Delay = 2.99> <Core = "AddSub">   --->   Core 14 'AddSub' <Latency = 0> <II = 1> <Delay = 2.99> <FuncUnit> <Opcode : 'add' 'sub'> <InPorts = 2> <OutPorts = 1>

State 5 <SV = 4> <Delay = 6.34>
ST_5 : Operation 67 [1/2] (1.77ns)   --->   "%data_load_4 = load i8* %data_addr_5, align 1" [sha3/KeccakSpongeWidth1600.c:212]   --->   Operation 67 'load' 'data_load_4' <Predicate = true> <Delay = 1.77> <Core = "RAM">   --->   Core 37 'RAM' <Latency = 1> <II = 1> <Delay = 2.77> <Storage> <Opcode : 'load' 'store'> <Ports = 2> <Width = 64> <Depth = 25> <RAM>
ST_5 : Operation 68 [1/2] (2.77ns)   --->   "%instance_state_load_11 = load i8* %instance_state_addr_11, align 1" [sha3/KeccakP-1600-reference.c:149->sha3/KeccakSpongeWidth1600.c:212]   --->   Operation 68 'load' 'instance_state_load_11' <Predicate = true> <Delay = 2.77> <Core = "RAM">   --->   Core 37 'RAM' <Latency = 1> <II = 1> <Delay = 2.77> <Storage> <Opcode : 'load' 'store'> <Ports = 2> <Width = 64> <Depth = 25> <RAM>
ST_5 : Operation 69 [1/1] (0.80ns)   --->   "%xor_ln149_7 = xor i8 %instance_state_load_11, %data_load_4" [sha3/KeccakP-1600-reference.c:149->sha3/KeccakSpongeWidth1600.c:212]   --->   Operation 69 'xor' 'xor_ln149_7' <Predicate = true> <Delay = 0.80> <Core = "LogicGate">   --->   Core 27 'LogicGate' <Latency = 0> <II = 1> <Delay = 0.80> <FuncUnit> <Opcode : 'and' 'or' 'xor'> <InPorts = 2> <OutPorts = 1>
ST_5 : Operation 70 [1/1] (2.77ns)   --->   "store i8 %xor_ln149_7, i8* %instance_state_addr_11, align 1" [sha3/KeccakP-1600-reference.c:149->sha3/KeccakSpongeWidth1600.c:212]   --->   Operation 70 'store' <Predicate = true> <Delay = 2.77> <Core = "RAM">   --->   Core 37 'RAM' <Latency = 1> <II = 1> <Delay = 2.77> <Storage> <Opcode : 'load' 'store'> <Ports = 2> <Width = 64> <Depth = 25> <RAM>
ST_5 : Operation 71 [1/1] (0.00ns)   --->   "br label %.preheader" [sha3/KeccakSpongeWidth1600.c:211]   --->   Operation 71 'br' <Predicate = true> <Delay = 0.00>

State 6 <SV = 4> <Delay = 2.99>
ST_6 : Operation 72 [1/2] (0.00ns)   --->   "call fastcc void @KeccakP1600_Permute_([200 x i8]* %instance_state)" [sha3/KeccakSpongeWidth1600.c:213]   --->   Operation 72 'call' <Predicate = true> <Delay = 0.00> <CoreType = "Generic">   --->   Core 0 '' <Latency = 0> <II = 1> <Delay = 1.00> <Generic> <Opcode : >
ST_6 : Operation 73 [1/1] (2.99ns)   --->   "%add_ln214 = add i64 %p_1_rec, 168" [sha3/KeccakSpongeWidth1600.c:214]   --->   Operation 73 'add' 'add_ln214' <Predicate = true> <Delay = 2.99> <Core = "AddSub">   --->   Core 14 'AddSub' <Latency = 0> <II = 1> <Delay = 2.99> <FuncUnit> <Opcode : 'add' 'sub'> <InPorts = 2> <OutPorts = 1>
ST_6 : Operation 74 [1/1] (0.00ns)   --->   "br label %3" [sha3/KeccakSpongeWidth1600.c:206]   --->   Operation 74 'br' <Predicate = true> <Delay = 0.00>

State 7 <SV = 2> <Delay = 7.29>
ST_7 : Operation 75 [1/1] (0.00ns)   --->   "%instance_byteIOIndex_45 = load i32* %instance_byteIOIndex" [sha3/KeccakSpongeWidth1600.c:224]   --->   Operation 75 'load' 'instance_byteIOIndex_45' <Predicate = true> <Delay = 0.00>
ST_7 : Operation 76 [1/1] (2.18ns)   --->   "%add_ln224 = add i32 %instance_byteIOIndex_45, %partialBlock" [sha3/KeccakSpongeWidth1600.c:224]   --->   Operation 76 'add' 'add_ln224' <Predicate = true> <Delay = 2.18> <Core = "AddSub">   --->   Core 14 'AddSub' <Latency = 0> <II = 1> <Delay = 2.99> <FuncUnit> <Opcode : 'add' 'sub'> <InPorts = 2> <OutPorts = 1>
ST_7 : Operation 77 [1/1] (2.11ns)   --->   "%icmp_ln224 = icmp ugt i32 %add_ln224, 168" [sha3/KeccakSpongeWidth1600.c:224]   --->   Operation 77 'icmp' 'icmp_ln224' <Predicate = true> <Delay = 2.11> <Core = "Cmp">   --->   Core 25 'Cmp' <Latency = 0> <II = 1> <Delay = 2.11> <FuncUnit> <Opcode : 'icmp'> <InPorts = 2> <OutPorts = 1>
ST_7 : Operation 78 [1/1] (2.18ns)   --->   "%partialBlock_11 = sub i32 168, %instance_byteIOIndex_45" [sha3/KeccakSpongeWidth1600.c:225]   --->   Operation 78 'sub' 'partialBlock_11' <Predicate = true> <Delay = 2.18> <Core = "AddSub">   --->   Core 14 'AddSub' <Latency = 0> <II = 1> <Delay = 2.99> <FuncUnit> <Opcode : 'add' 'sub'> <InPorts = 2> <OutPorts = 1>
ST_7 : Operation 79 [1/1] (0.77ns)   --->   "%select_ln224 = select i1 %icmp_ln224, i32 %partialBlock_11, i32 %partialBlock" [sha3/KeccakSpongeWidth1600.c:224]   --->   Operation 79 'select' 'select_ln224' <Predicate = true> <Delay = 0.77> <Core = "Sel">   --->   Core 26 'Sel' <Latency = 0> <II = 1> <Delay = 0.77> <FuncUnit> <Opcode : 'select'> <InPorts = 3> <OutPorts = 1>
ST_7 : Operation 80 [1/1] (0.00ns)   --->   "%zext_ln229 = zext i32 %select_ln224 to i64" [sha3/KeccakSpongeWidth1600.c:229]   --->   Operation 80 'zext' 'zext_ln229' <Predicate = true> <Delay = 0.00>
ST_7 : Operation 81 [1/1] (0.00ns)   --->   "%zext_ln229_6 = zext i32 %select_ln224 to i34" [sha3/KeccakSpongeWidth1600.c:229]   --->   Operation 81 'zext' 'zext_ln229_6' <Predicate = true> <Delay = 0.00>
ST_7 : Operation 82 [1/1] (2.23ns)   --->   "%i = add i34 %i_31_load, %zext_ln229_6" [sha3/KeccakSpongeWidth1600.c:229]   --->   Operation 82 'add' 'i' <Predicate = true> <Delay = 2.23> <Core = "AddSub">   --->   Core 14 'AddSub' <Latency = 0> <II = 1> <Delay = 2.99> <FuncUnit> <Opcode : 'add' 'sub'> <InPorts = 2> <OutPorts = 1>
ST_7 : Operation 83 [1/1] (1.35ns)   --->   "br label %7" [sha3/KeccakSpongeWidth1600.c:231]   --->   Operation 83 'br' <Predicate = true> <Delay = 1.35>

State 8 <SV = 3> <Delay = 4.95>
ST_8 : Operation 84 [1/1] (0.00ns)   --->   "%loop_1 = phi i32 [ 0, %._crit_edge ], [ %loop, %8 ]"   --->   Operation 84 'phi' 'loop_1' <Predicate = true> <Delay = 0.00>
ST_8 : Operation 85 [1/1] (2.11ns)   --->   "%icmp_ln231 = icmp eq i32 %loop_1, %select_ln224" [sha3/KeccakSpongeWidth1600.c:231]   --->   Operation 85 'icmp' 'icmp_ln231' <Predicate = true> <Delay = 2.11> <Core = "Cmp">   --->   Core 25 'Cmp' <Latency = 0> <II = 1> <Delay = 2.11> <FuncUnit> <Opcode : 'icmp'> <InPorts = 2> <OutPorts = 1>
ST_8 : Operation 86 [1/1] (2.18ns)   --->   "%loop = add nsw i32 %loop_1, 1" [sha3/KeccakSpongeWidth1600.c:231]   --->   Operation 86 'add' 'loop' <Predicate = true> <Delay = 2.18> <Core = "AddSub">   --->   Core 14 'AddSub' <Latency = 0> <II = 1> <Delay = 2.99> <FuncUnit> <Opcode : 'add' 'sub'> <InPorts = 2> <OutPorts = 1>
ST_8 : Operation 87 [1/1] (0.00ns)   --->   "br i1 %icmp_ln231, label %9, label %8" [sha3/KeccakSpongeWidth1600.c:231]   --->   Operation 87 'br' <Predicate = true> <Delay = 0.00>
ST_8 : Operation 88 [1/1] (0.00ns)   --->   "%instance_byteIOIndex_46 = load i32* %instance_byteIOIndex" [sha3/KeccakSpongeWidth1600.c:232]   --->   Operation 88 'load' 'instance_byteIOIndex_46' <Predicate = (!icmp_ln231)> <Delay = 0.00>
ST_8 : Operation 89 [1/1] (0.00ns)   --->   "%trunc_ln232 = trunc i32 %loop_1 to i8" [sha3/KeccakSpongeWidth1600.c:232]   --->   Operation 89 'trunc' 'trunc_ln232' <Predicate = (!icmp_ln231)> <Delay = 0.00>
ST_8 : Operation 90 [1/1] (0.00ns)   --->   "%trunc_ln194 = trunc i64 %p_01_rec to i8" [sha3/KeccakSpongeWidth1600.c:194]   --->   Operation 90 'trunc' 'trunc_ln194' <Predicate = (!icmp_ln231)> <Delay = 0.00>
ST_8 : Operation 91 [1/1] (1.71ns)   --->   "%add_ln232 = add i8 %trunc_ln194, %trunc_ln232" [sha3/KeccakSpongeWidth1600.c:232]   --->   Operation 91 'add' 'add_ln232' <Predicate = (!icmp_ln231)> <Delay = 1.71> <Core = "AddSub">   --->   Core 14 'AddSub' <Latency = 0> <II = 1> <Delay = 2.99> <FuncUnit> <Opcode : 'add' 'sub'> <InPorts = 2> <OutPorts = 1>
ST_8 : Operation 92 [1/1] (0.00ns)   --->   "%zext_ln232 = zext i8 %add_ln232 to i64" [sha3/KeccakSpongeWidth1600.c:232]   --->   Operation 92 'zext' 'zext_ln232' <Predicate = (!icmp_ln231)> <Delay = 0.00>
ST_8 : Operation 93 [1/1] (0.00ns)   --->   "%data_addr = getelementptr [75 x i8]* %data, i64 0, i64 %zext_ln232" [sha3/KeccakSpongeWidth1600.c:232]   --->   Operation 93 'getelementptr' 'data_addr' <Predicate = (!icmp_ln231)> <Delay = 0.00>
ST_8 : Operation 94 [2/2] (1.77ns)   --->   "%data_load = load i8* %data_addr, align 1" [sha3/KeccakSpongeWidth1600.c:232]   --->   Operation 94 'load' 'data_load' <Predicate = (!icmp_ln231)> <Delay = 1.77> <Core = "RAM">   --->   Core 37 'RAM' <Latency = 1> <II = 1> <Delay = 2.77> <Storage> <Opcode : 'load' 'store'> <Ports = 2> <Width = 64> <Depth = 25> <RAM>
ST_8 : Operation 95 [1/1] (2.18ns)   --->   "%add_ln232_9 = add i32 %instance_byteIOIndex_46, %loop_1" [sha3/KeccakSpongeWidth1600.c:232]   --->   Operation 95 'add' 'add_ln232_9' <Predicate = (!icmp_ln231)> <Delay = 2.18> <Core = "AddSub">   --->   Core 14 'AddSub' <Latency = 0> <II = 1> <Delay = 2.99> <FuncUnit> <Opcode : 'add' 'sub'> <InPorts = 2> <OutPorts = 1>
ST_8 : Operation 96 [1/1] (0.00ns)   --->   "%zext_ln149 = zext i32 %add_ln232_9 to i64" [sha3/KeccakP-1600-reference.c:149->sha3/KeccakSpongeWidth1600.c:232]   --->   Operation 96 'zext' 'zext_ln149' <Predicate = (!icmp_ln231)> <Delay = 0.00>
ST_8 : Operation 97 [1/1] (0.00ns)   --->   "%instance_state_addr = getelementptr [200 x i8]* %instance_state, i64 0, i64 %zext_ln149" [sha3/KeccakP-1600-reference.c:149->sha3/KeccakSpongeWidth1600.c:232]   --->   Operation 97 'getelementptr' 'instance_state_addr' <Predicate = (!icmp_ln231)> <Delay = 0.00>
ST_8 : Operation 98 [2/2] (2.77ns)   --->   "%instance_state_load = load i8* %instance_state_addr, align 1" [sha3/KeccakP-1600-reference.c:149->sha3/KeccakSpongeWidth1600.c:232]   --->   Operation 98 'load' 'instance_state_load' <Predicate = (!icmp_ln231)> <Delay = 2.77> <Core = "RAM">   --->   Core 37 'RAM' <Latency = 1> <II = 1> <Delay = 2.77> <Storage> <Opcode : 'load' 'store'> <Ports = 2> <Width = 64> <Depth = 25> <RAM>
ST_8 : Operation 99 [1/1] (0.00ns)   --->   "%instance_byteIOIndex_47 = load i32* %instance_byteIOIndex" [sha3/KeccakSpongeWidth1600.c:236]   --->   Operation 99 'load' 'instance_byteIOIndex_47' <Predicate = (icmp_ln231)> <Delay = 0.00>
ST_8 : Operation 100 [1/1] (2.18ns)   --->   "%add_ln236 = add i32 %instance_byteIOIndex_47, %select_ln224" [sha3/KeccakSpongeWidth1600.c:236]   --->   Operation 100 'add' 'add_ln236' <Predicate = (icmp_ln231)> <Delay = 2.18> <Core = "AddSub">   --->   Core 14 'AddSub' <Latency = 0> <II = 1> <Delay = 2.99> <FuncUnit> <Opcode : 'add' 'sub'> <InPorts = 2> <OutPorts = 1>
ST_8 : Operation 101 [1/1] (2.11ns)   --->   "%icmp_ln237 = icmp eq i32 %add_ln236, 168" [sha3/KeccakSpongeWidth1600.c:237]   --->   Operation 101 'icmp' 'icmp_ln237' <Predicate = (icmp_ln231)> <Delay = 2.11> <Core = "Cmp">   --->   Core 25 'Cmp' <Latency = 0> <II = 1> <Delay = 2.11> <FuncUnit> <Opcode : 'icmp'> <InPorts = 2> <OutPorts = 1>
ST_8 : Operation 102 [1/1] (1.45ns)   --->   "store i34 %i, i34* %i_31" [sha3/KeccakSpongeWidth1600.c:237]   --->   Operation 102 'store' <Predicate = (icmp_ln231)> <Delay = 1.45>
ST_8 : Operation 103 [1/1] (0.00ns)   --->   "br i1 %icmp_ln237, label %10, label %.._crit_edge6_crit_edge" [sha3/KeccakSpongeWidth1600.c:237]   --->   Operation 103 'br' <Predicate = (icmp_ln231)> <Delay = 0.00>
ST_8 : Operation 104 [1/1] (1.45ns)   --->   "store i32 %add_ln236, i32* %instance_byteIOIndex" [sha3/KeccakSpongeWidth1600.c:237]   --->   Operation 104 'store' <Predicate = (icmp_ln231 & !icmp_ln237)> <Delay = 1.45>
ST_8 : Operation 105 [1/1] (1.35ns)   --->   "br label %._crit_edge6" [sha3/KeccakSpongeWidth1600.c:237]   --->   Operation 105 'br' <Predicate = (icmp_ln231 & !icmp_ln237)> <Delay = 1.35>
ST_8 : Operation 106 [2/2] (1.35ns)   --->   "call fastcc void @KeccakP1600_Permute_([200 x i8]* %instance_state)" [sha3/KeccakSpongeWidth1600.c:238]   --->   Operation 106 'call' <Predicate = (icmp_ln231 & icmp_ln237)> <Delay = 1.35> <CoreType = "Generic">   --->   Core 0 '' <Latency = 0> <II = 1> <Delay = 1.00> <Generic> <Opcode : >
ST_8 : Operation 107 [1/1] (1.45ns)   --->   "store i32 0, i32* %instance_byteIOIndex" [sha3/KeccakSpongeWidth1600.c:240]   --->   Operation 107 'store' <Predicate = (icmp_ln231 & icmp_ln237)> <Delay = 1.45>

State 9 <SV = 4> <Delay = 6.34>
ST_9 : Operation 108 [1/2] (1.77ns)   --->   "%data_load = load i8* %data_addr, align 1" [sha3/KeccakSpongeWidth1600.c:232]   --->   Operation 108 'load' 'data_load' <Predicate = true> <Delay = 1.77> <Core = "RAM">   --->   Core 37 'RAM' <Latency = 1> <II = 1> <Delay = 2.77> <Storage> <Opcode : 'load' 'store'> <Ports = 2> <Width = 64> <Depth = 25> <RAM>
ST_9 : Operation 109 [1/2] (2.77ns)   --->   "%instance_state_load = load i8* %instance_state_addr, align 1" [sha3/KeccakP-1600-reference.c:149->sha3/KeccakSpongeWidth1600.c:232]   --->   Operation 109 'load' 'instance_state_load' <Predicate = true> <Delay = 2.77> <Core = "RAM">   --->   Core 37 'RAM' <Latency = 1> <II = 1> <Delay = 2.77> <Storage> <Opcode : 'load' 'store'> <Ports = 2> <Width = 64> <Depth = 25> <RAM>
ST_9 : Operation 110 [1/1] (0.80ns)   --->   "%xor_ln149 = xor i8 %instance_state_load, %data_load" [sha3/KeccakP-1600-reference.c:149->sha3/KeccakSpongeWidth1600.c:232]   --->   Operation 110 'xor' 'xor_ln149' <Predicate = true> <Delay = 0.80> <Core = "LogicGate">   --->   Core 27 'LogicGate' <Latency = 0> <II = 1> <Delay = 0.80> <FuncUnit> <Opcode : 'and' 'or' 'xor'> <InPorts = 2> <OutPorts = 1>
ST_9 : Operation 111 [1/1] (2.77ns)   --->   "store i8 %xor_ln149, i8* %instance_state_addr, align 1" [sha3/KeccakP-1600-reference.c:149->sha3/KeccakSpongeWidth1600.c:232]   --->   Operation 111 'store' <Predicate = true> <Delay = 2.77> <Core = "RAM">   --->   Core 37 'RAM' <Latency = 1> <II = 1> <Delay = 2.77> <Storage> <Opcode : 'load' 'store'> <Ports = 2> <Width = 64> <Depth = 25> <RAM>
ST_9 : Operation 112 [1/1] (0.00ns)   --->   "br label %7" [sha3/KeccakSpongeWidth1600.c:231]   --->   Operation 112 'br' <Predicate = true> <Delay = 0.00>

State 10 <SV = 4> <Delay = 4.34>
ST_10 : Operation 113 [1/2] (0.00ns)   --->   "call fastcc void @KeccakP1600_Permute_([200 x i8]* %instance_state)" [sha3/KeccakSpongeWidth1600.c:238]   --->   Operation 113 'call' <Predicate = (icmp_ln195_1 & icmp_ln237) | (!icmp_ln195 & icmp_ln237)> <Delay = 0.00> <CoreType = "Generic">   --->   Core 0 '' <Latency = 0> <II = 1> <Delay = 1.00> <Generic> <Opcode : >
ST_10 : Operation 114 [1/1] (1.35ns)   --->   "br label %._crit_edge6" [sha3/KeccakSpongeWidth1600.c:240]   --->   Operation 114 'br' <Predicate = (icmp_ln195_1 & icmp_ln237) | (!icmp_ln195 & icmp_ln237)> <Delay = 1.35>
ST_10 : Operation 115 [1/1] (0.00ns)   --->   "%p_1_rec_pn = phi i64 [ %p_1_rec, %6 ], [ %zext_ln229, %10 ], [ %zext_ln229, %.._crit_edge6_crit_edge ]" [sha3/KeccakSpongeWidth1600.c:214]   --->   Operation 115 'phi' 'p_1_rec_pn' <Predicate = true> <Delay = 0.00>
ST_10 : Operation 116 [1/1] (2.99ns)   --->   "%p_2_rec = add i64 %p_1_rec_pn, %p_01_rec" [sha3/KeccakSpongeWidth1600.c:214]   --->   Operation 116 'add' 'p_2_rec' <Predicate = true> <Delay = 2.99> <Core = "AddSub">   --->   Core 14 'AddSub' <Latency = 0> <II = 1> <Delay = 2.99> <FuncUnit> <Opcode : 'add' 'sub'> <InPorts = 2> <OutPorts = 1>
ST_10 : Operation 117 [1/1] (0.00ns)   --->   "br label %.preheader2" [sha3/KeccakSpongeWidth1600.c:242]   --->   Operation 117 'br' <Predicate = true> <Delay = 0.00>


============================================================
+ Verbose Summary: Binding
============================================================
STG Binding: 
---------------- STG Properties BEGIN ----------------
- Is combinational: 0
- Is one-state seq: 0
- Is datapath-only: 0
- Is pipelined: 0
- Is top level: 0
Port [ Return ] is wired: 1; IO mode=ap_ctrl_hs:ce=0
Port [ instance_state]:  wired=1; compound=1; hidden=0; nouse=0; global=0; static=0; extern=0; dir=2; type=1; pingpong=0; private_global=0; MemPort=[23]; IO mode=ap_memory:ce=0
Port [ instance_byteIOIndex_read]:  wired=1; compound=0; hidden=0; nouse=0; global=0; static=0; extern=0; dir=0; type=0; pingpong=0; private_global=0; IO mode=ap_none:ce=0
Port [ data]:  wired=1; compound=1; hidden=0; nouse=0; global=0; static=0; extern=0; dir=0; type=1; pingpong=0; private_global=0; MemPort=[13]; IO mode=ap_memory:ce=0
Port [ dataByteLen]:  wired=1; compound=0; hidden=0; nouse=0; global=0; static=0; extern=0; dir=0; type=0; pingpong=0; private_global=0; IO mode=ap_none:ce=0
Port [ KeccakRhoOffsets]:  wired=0; compound=1; hidden=1; nouse=1; global=1; static=1; extern=0; dir=0; type=1; pingpong=0; private_global=0; linkage=7; visibility=0; MemPort=[1]; IO mode=ap_memory:ce=0
Port [ KeccakRoundConstants]:  wired=0; compound=1; hidden=1; nouse=1; global=1; static=1; extern=0; dir=0; type=1; pingpong=0; private_global=0; linkage=7; visibility=0; MemPort=[1]; IO mode=ap_memory:ce=0
---------------- STG Properties END ------------------

---------------- Datapath Model BEGIN ----------------

<LifeTime>
<method=bitvector/>
i_31                    (alloca           ) [ 01111111111]
instance_byteIOIndex    (alloca           ) [ 01111111111]
dataByteLen_read        (read             ) [ 00111111111]
instance_byteIOIndex_43 (read             ) [ 00000000000]
dataByteLen_cast1_ca    (zext             ) [ 00111111111]
zext_ln195              (zext             ) [ 00111111111]
zext_ln223              (zext             ) [ 00111111111]
store_ln194             (store            ) [ 00000000000]
store_ln194             (store            ) [ 00000000000]
br_ln194                (br               ) [ 01111111111]
p_01_rec                (phi              ) [ 00111111111]
i_31_load               (load             ) [ 00000001000]
icmp_ln194              (icmp             ) [ 00111111111]
br_ln194                (br               ) [ 00000000000]
instance_byteIOIndex_44 (load             ) [ 00000000000]
icmp_ln195              (icmp             ) [ 00111111111]
br_ln195                (br               ) [ 00000000000]
trunc_ln195             (trunc            ) [ 00000000000]
add_ln195               (add              ) [ 00000000000]
icmp_ln195_1            (icmp             ) [ 00111111111]
br_ln195                (br               ) [ 00000000000]
j                       (sub              ) [ 00000000000]
sext_ln206              (sext             ) [ 00111111111]
br_ln206                (br               ) [ 00111111111]
trunc_ln223             (trunc            ) [ 00000000000]
partialBlock            (sub              ) [ 00000001000]
instance_byteIOIndex_48 (load             ) [ 00000000000]
ret_ln0                 (ret              ) [ 00000000000]
j_0                     (phi              ) [ 00011100000]
p_1_rec                 (phi              ) [ 00011111111]
icmp_ln206              (icmp             ) [ 00111111111]
br_ln206                (br               ) [ 00000000000]
br_ln211                (br               ) [ 00111111111]
zext_ln216              (zext             ) [ 00000000000]
trunc_ln216             (trunc            ) [ 00000000000]
sub_ln216               (sub              ) [ 00000000000]
store_ln220             (store            ) [ 00000000000]
store_ln220             (store            ) [ 00000000000]
br_ln220                (br               ) [ 00111111111]
offset_assign_14        (phi              ) [ 00001000000]
icmp_ln211              (icmp             ) [ 00111111111]
loop_48                 (add              ) [ 00111111111]
empty                   (speclooptripcount) [ 00000000000]
br_ln211                (br               ) [ 00000000000]
zext_ln212              (zext             ) [ 00000000000]
trunc_ln206             (trunc            ) [ 00000000000]
add_ln212               (add              ) [ 00000000000]
trunc_ln194_6           (trunc            ) [ 00000000000]
add_ln212_5             (add              ) [ 00000000000]
zext_ln212_6            (zext             ) [ 00000000000]
data_addr_5             (getelementptr    ) [ 00000100000]
instance_state_addr_11  (getelementptr    ) [ 00000100000]
j_13                    (add              ) [ 00110011111]
data_load_4             (load             ) [ 00000000000]
instance_state_load_11  (load             ) [ 00000000000]
xor_ln149_7             (xor              ) [ 00000000000]
store_ln149             (store            ) [ 00000000000]
br_ln211                (br               ) [ 00111111111]
call_ln213              (call             ) [ 00000000000]
add_ln214               (add              ) [ 00111111111]
br_ln206                (br               ) [ 00111111111]
instance_byteIOIndex_45 (load             ) [ 00000000000]
add_ln224               (add              ) [ 00000000000]
icmp_ln224              (icmp             ) [ 00000000000]
partialBlock_11         (sub              ) [ 00000000000]
select_ln224            (select           ) [ 00000000110]
zext_ln229              (zext             ) [ 00111110111]
zext_ln229_6            (zext             ) [ 00000000000]
i                       (add              ) [ 00000000110]
br_ln231                (br               ) [ 00111111111]
loop_1                  (phi              ) [ 00000000100]
icmp_ln231              (icmp             ) [ 00111111111]
loop                    (add              ) [ 00111111111]
br_ln231                (br               ) [ 00000000000]
instance_byteIOIndex_46 (load             ) [ 00000000000]
trunc_ln232             (trunc            ) [ 00000000000]
trunc_ln194             (trunc            ) [ 00000000000]
add_ln232               (add              ) [ 00000000000]
zext_ln232              (zext             ) [ 00000000000]
data_addr               (getelementptr    ) [ 00000000010]
add_ln232_9             (add              ) [ 00000000000]
zext_ln149              (zext             ) [ 00000000000]
instance_state_addr     (getelementptr    ) [ 00000000010]
instance_byteIOIndex_47 (load             ) [ 00000000000]
add_ln236               (add              ) [ 00000000000]
icmp_ln237              (icmp             ) [ 00111111111]
store_ln237             (store            ) [ 00000000000]
br_ln237                (br               ) [ 00000000000]
store_ln237             (store            ) [ 00000000000]
br_ln237                (br               ) [ 00111111111]
store_ln240             (store            ) [ 00000000000]
data_load               (load             ) [ 00000000000]
instance_state_load     (load             ) [ 00000000000]
xor_ln149               (xor              ) [ 00000000000]
store_ln149             (store            ) [ 00000000000]
br_ln231                (br               ) [ 00111111111]
call_ln238              (call             ) [ 00000000000]
br_ln240                (br               ) [ 00000000000]
p_1_rec_pn              (phi              ) [ 00000000001]
p_2_rec                 (add              ) [ 01111111111]
br_ln242                (br               ) [ 01111111111]
</LifeTime>

<model>

<comp_list>
<comp id="0" class="1000" name="instance_state">
<pin_list>
<pin id="1" dir="1" index="0" bw="1" slack="0"/>
</pin_list>
<bind>
<StgValue><ssdm name="instance_state"/><MemPortTyVec>2 3 </MemPortTyVec>
</StgValue>
</bind>
</comp>

<comp id="2" class="1000" name="instance_byteIOIndex_read">
<pin_list>
<pin id="3" dir="1" index="0" bw="1" slack="0"/>
</pin_list>
<bind>
<StgValue><ssdm name="instance_byteIOIndex_read"/></StgValue>
</bind>
</comp>

<comp id="4" class="1000" name="data">
<pin_list>
<pin id="5" dir="1" index="0" bw="1" slack="0"/>
</pin_list>
<bind>
<StgValue><ssdm name="data"/><MemPortTyVec>1 3 </MemPortTyVec>
</StgValue>
</bind>
</comp>

<comp id="6" class="1000" name="dataByteLen">
<pin_list>
<pin id="7" dir="1" index="0" bw="1" slack="0"/>
</pin_list>
<bind>
<StgValue><ssdm name="dataByteLen"/></StgValue>
</bind>
</comp>

<comp id="8" class="1000" name="KeccakRhoOffsets">
<pin_list>
<pin id="9" dir="1" index="0" bw="1" slack="0"/>
</pin_list>
<bind>
<StgValue><ssdm name="KeccakRhoOffsets"/><MemPortTyVec>1 </MemPortTyVec>
</StgValue>
</bind>
</comp>

<comp id="10" class="1000" name="KeccakRoundConstants">
<pin_list>
<pin id="11" dir="1" index="0" bw="1" slack="0"/>
</pin_list>
<bind>
<StgValue><ssdm name="KeccakRoundConstants"/><MemPortTyVec>1 </MemPortTyVec>
</StgValue>
</bind>
</comp>

<comp id="12" class="1001" name="const_12">
<pin_list>
<pin id="13" dir="1" index="0" bw="1" slack="0"/>
</pin_list>
<bind>
<StgValue><ssdm name=""/></StgValue>
</bind>
</comp>

<comp id="14" class="1001" name="const_14">
<pin_list>
<pin id="15" dir="1" index="0" bw="1" slack="0"/>
</pin_list>
<bind>
<StgValue><ssdm name="_ssdm_op_Read.ap_auto.i8"/></StgValue>
</bind>
</comp>

<comp id="16" class="1001" name="const_16">
<pin_list>
<pin id="17" dir="1" index="0" bw="1" slack="0"/>
</pin_list>
<bind>
<StgValue><ssdm name="_ssdm_op_Read.ap_auto.i32"/></StgValue>
</bind>
</comp>

<comp id="18" class="1001" name="const_18">
<pin_list>
<pin id="19" dir="1" index="0" bw="1" slack="0"/>
</pin_list>
<bind>
<StgValue><ssdm name=""/></StgValue>
</bind>
</comp>

<comp id="20" class="1001" name="const_20">
<pin_list>
<pin id="21" dir="1" index="0" bw="1" slack="0"/>
</pin_list>
<bind>
<StgValue><ssdm name=""/></StgValue>
</bind>
</comp>

<comp id="22" class="1001" name="const_22">
<pin_list>
<pin id="23" dir="1" index="0" bw="1" slack="0"/>
</pin_list>
<bind>
<StgValue><ssdm name=""/></StgValue>
</bind>
</comp>

<comp id="24" class="1001" name="const_24">
<pin_list>
<pin id="25" dir="1" index="0" bw="1" slack="0"/>
</pin_list>
<bind>
<StgValue><ssdm name=""/></StgValue>
</bind>
</comp>

<comp id="26" class="1001" name="const_26">
<pin_list>
<pin id="27" dir="1" index="0" bw="1" slack="0"/>
</pin_list>
<bind>
<StgValue><ssdm name=""/></StgValue>
</bind>
</comp>

<comp id="28" class="1001" name="const_28">
<pin_list>
<pin id="29" dir="1" index="0" bw="1" slack="1"/>
</pin_list>
<bind>
<StgValue><ssdm name=""/></StgValue>
</bind>
</comp>

<comp id="30" class="1001" name="const_30">
<pin_list>
<pin id="31" dir="1" index="0" bw="1" slack="0"/>
</pin_list>
<bind>
<StgValue><ssdm name=""/></StgValue>
</bind>
</comp>

<comp id="32" class="1001" name="const_32">
<pin_list>
<pin id="33" dir="1" index="0" bw="1" slack="0"/>
</pin_list>
<bind>
<StgValue><ssdm name=""/></StgValue>
</bind>
</comp>

<comp id="34" class="1001" name="const_34">
<pin_list>
<pin id="35" dir="1" index="0" bw="1" slack="2147483647"/>
</pin_list>
<bind>
<StgValue><ssdm name="_ssdm_op_SpecLoopTripCount"/></StgValue>
</bind>
</comp>

<comp id="36" class="1001" name="const_36">
<pin_list>
<pin id="37" dir="1" index="0" bw="1" slack="0"/>
</pin_list>
<bind>
<StgValue><ssdm name="KeccakP1600_Permute_"/></StgValue>
</bind>
</comp>

<comp id="38" class="1001" name="const_38">
<pin_list>
<pin id="39" dir="1" index="0" bw="1" slack="0"/>
</pin_list>
<bind>
<StgValue><ssdm name=""/></StgValue>
</bind>
</comp>

<comp id="40" class="1001" name="const_40">
<pin_list>
<pin id="41" dir="1" index="0" bw="1" slack="0"/>
</pin_list>
<bind>
<StgValue><ssdm name=""/></StgValue>
</bind>
</comp>

<comp id="42" class="1004" name="i_31_fu_42">
<pin_list>
<pin id="43" dir="0" index="0" bw="1" slack="0"/>
<pin id="44" dir="1" index="1" bw="34" slack="0"/>
</pin_list>
<bind>
<opcode="alloca(26) " fcode="alloca"/>
<opset="i_31/1 "/>
</bind>
</comp>

<comp id="46" class="1004" name="instance_byteIOIndex_fu_46">
<pin_list>
<pin id="47" dir="0" index="0" bw="1" slack="0"/>
<pin id="48" dir="1" index="1" bw="32" slack="0"/>
</pin_list>
<bind>
<opcode="alloca(26) " fcode="alloca"/>
<opset="instance_byteIOIndex/1 "/>
</bind>
</comp>

<comp id="50" class="1004" name="dataByteLen_read_read_fu_50">
<pin_list>
<pin id="51" dir="0" index="0" bw="8" slack="0"/>
<pin id="52" dir="0" index="1" bw="8" slack="0"/>
<pin id="53" dir="1" index="2" bw="8" slack="0"/>
</pin_list>
<bind>
<opcode="read(1150) " fcode="read"/>
<opset="dataByteLen_read/1 "/>
</bind>
</comp>

<comp id="56" class="1004" name="instance_byteIOIndex_43_read_fu_56">
<pin_list>
<pin id="57" dir="0" index="0" bw="32" slack="0"/>
<pin id="58" dir="0" index="1" bw="32" slack="0"/>
<pin id="59" dir="1" index="2" bw="32" slack="0"/>
</pin_list>
<bind>
<opcode="read(1150) " fcode="read"/>
<opset="instance_byteIOIndex_43/1 "/>
</bind>
</comp>

<comp id="62" class="1004" name="data_addr_5_gep_fu_62">
<pin_list>
<pin id="63" dir="0" index="0" bw="8" slack="0"/>
<pin id="64" dir="0" index="1" bw="1" slack="0"/>
<pin id="65" dir="0" index="2" bw="8" slack="0"/>
<pin id="66" dir="1" index="3" bw="7" slack="0"/>
</pin_list>
<bind>
<opcode="getelementptr(29) " fcode="getelementptr"/>
<opset="data_addr_5/4 "/>
</bind>
</comp>

<comp id="69" class="1004" name="grp_access_fu_69">
<pin_list>
<pin id="70" dir="0" index="0" bw="7" slack="0"/>
<pin id="71" dir="0" index="1" bw="8" slack="2147483647"/>
<pin id="72" dir="0" index="2" bw="0" slack="2147483647"/>
<pin id="73" dir="1" index="3" bw="8" slack="0"/>
</pin_list>
<bind>
<opcode="load(27) " fcode="load"/>
<opset="data_load_4/4 data_load/8 "/>
</bind>
</comp>

<comp id="75" class="1004" name="instance_state_addr_11_gep_fu_75">
<pin_list>
<pin id="76" dir="0" index="0" bw="8" slack="0"/>
<pin id="77" dir="0" index="1" bw="1" slack="0"/>
<pin id="78" dir="0" index="2" bw="8" slack="0"/>
<pin id="79" dir="1" index="3" bw="8" slack="0"/>
</pin_list>
<bind>
<opcode="getelementptr(29) " fcode="getelementptr"/>
<opset="instance_state_addr_11/4 "/>
</bind>
</comp>

<comp id="82" class="1004" name="grp_access_fu_82">
<pin_list>
<pin id="83" dir="0" index="0" bw="8" slack="0"/>
<pin id="84" dir="0" index="1" bw="8" slack="0"/>
<pin id="85" dir="0" index="2" bw="0" slack="2147483647"/>
<pin id="86" dir="1" index="3" bw="8" slack="0"/>
</pin_list>
<bind>
<opcode="load(27) store(28) " fcode="store"/>
<opset="instance_state_load_11/4 store_ln149/5 instance_state_load/8 store_ln149/9 "/>
</bind>
</comp>

<comp id="88" class="1004" name="data_addr_gep_fu_88">
<pin_list>
<pin id="89" dir="0" index="0" bw="8" slack="0"/>
<pin id="90" dir="0" index="1" bw="1" slack="0"/>
<pin id="91" dir="0" index="2" bw="8" slack="0"/>
<pin id="92" dir="1" index="3" bw="7" slack="0"/>
</pin_list>
<bind>
<opcode="getelementptr(29) " fcode="getelementptr"/>
<opset="data_addr/8 "/>
</bind>
</comp>

<comp id="96" class="1004" name="instance_state_addr_gep_fu_96">
<pin_list>
<pin id="97" dir="0" index="0" bw="8" slack="0"/>
<pin id="98" dir="0" index="1" bw="1" slack="0"/>
<pin id="99" dir="0" index="2" bw="32" slack="0"/>
<pin id="100" dir="1" index="3" bw="8" slack="0"/>
</pin_list>
<bind>
<opcode="getelementptr(29) " fcode="getelementptr"/>
<opset="instance_state_addr/8 "/>
</bind>
</comp>

<comp id="104" class="1005" name="p_01_rec_reg_104">
<pin_list>
<pin id="105" dir="0" index="0" bw="64" slack="1"/>
<pin id="106" dir="1" index="1" bw="64" slack="1"/>
</pin_list>
<bind>
<opset="p_01_rec (phireg) "/>
</bind>
</comp>

<comp id="108" class="1004" name="p_01_rec_phi_fu_108">
<pin_list>
<pin id="109" dir="0" index="0" bw="1" slack="1"/>
<pin id="110" dir="0" index="1" bw="0" slack="2147483647"/>
<pin id="111" dir="0" index="2" bw="64" slack="1"/>
<pin id="112" dir="0" index="3" bw="0" slack="2147483647"/>
<pin id="113" dir="1" index="4" bw="64" slack="2"/>
</pin_list>
<bind>
<opcode="phi(47) " fcode="phi"/>
<opset="p_01_rec/2 "/>
</bind>
</comp>

<comp id="116" class="1005" name="j_0_reg_116">
<pin_list>
<pin id="117" dir="0" index="0" bw="64" slack="1"/>
<pin id="118" dir="1" index="1" bw="64" slack="1"/>
</pin_list>
<bind>
<opset="j_0 (phireg) "/>
</bind>
</comp>

<comp id="119" class="1004" name="j_0_phi_fu_119">
<pin_list>
<pin id="120" dir="0" index="0" bw="34" slack="1"/>
<pin id="121" dir="0" index="1" bw="0" slack="2147483647"/>
<pin id="122" dir="0" index="2" bw="64" slack="1"/>
<pin id="123" dir="0" index="3" bw="0" slack="2147483647"/>
<pin id="124" dir="1" index="4" bw="64" slack="0"/>
</pin_list>
<bind>
<opcode="phi(47) " fcode="phi"/>
<opset="j_0/3 "/>
</bind>
</comp>

<comp id="126" class="1005" name="p_1_rec_reg_126">
<pin_list>
<pin id="127" dir="0" index="0" bw="64" slack="1"/>
<pin id="128" dir="1" index="1" bw="64" slack="1"/>
</pin_list>
<bind>
<opset="p_1_rec (phireg) "/>
</bind>
</comp>

<comp id="130" class="1004" name="p_1_rec_phi_fu_130">
<pin_list>
<pin id="131" dir="0" index="0" bw="1" slack="1"/>
<pin id="132" dir="0" index="1" bw="0" slack="2147483647"/>
<pin id="133" dir="0" index="2" bw="64" slack="1"/>
<pin id="134" dir="0" index="3" bw="0" slack="2147483647"/>
<pin id="135" dir="1" index="4" bw="64" slack="1"/>
</pin_list>
<bind>
<opcode="phi(47) " fcode="phi"/>
<opset="p_1_rec/3 "/>
</bind>
</comp>

<comp id="138" class="1005" name="offset_assign_14_reg_138">
<pin_list>
<pin id="139" dir="0" index="0" bw="8" slack="1"/>
<pin id="140" dir="1" index="1" bw="8" slack="1"/>
</pin_list>
<bind>
<opset="offset_assign_14 (phireg) "/>
</bind>
</comp>

<comp id="142" class="1004" name="offset_assign_14_phi_fu_142">
<pin_list>
<pin id="143" dir="0" index="0" bw="8" slack="0"/>
<pin id="144" dir="0" index="1" bw="0" slack="2147483647"/>
<pin id="145" dir="0" index="2" bw="1" slack="1"/>
<pin id="146" dir="0" index="3" bw="0" slack="2147483647"/>
<pin id="147" dir="1" index="4" bw="8" slack="0"/>
</pin_list>
<bind>
<opcode="phi(47) " fcode="phi"/>
<opset="offset_assign_14/4 "/>
</bind>
</comp>

<comp id="149" class="1005" name="loop_1_reg_149">
<pin_list>
<pin id="150" dir="0" index="0" bw="32" slack="1"/>
<pin id="151" dir="1" index="1" bw="32" slack="1"/>
</pin_list>
<bind>
<opset="loop_1 (phireg) "/>
</bind>
</comp>

<comp id="153" class="1004" name="loop_1_phi_fu_153">
<pin_list>
<pin id="154" dir="0" index="0" bw="1" slack="1"/>
<pin id="155" dir="0" index="1" bw="0" slack="2147483647"/>
<pin id="156" dir="0" index="2" bw="32" slack="0"/>
<pin id="157" dir="0" index="3" bw="0" slack="2147483647"/>
<pin id="158" dir="1" index="4" bw="32" slack="0"/>
</pin_list>
<bind>
<opcode="phi(47) " fcode="phi"/>
<opset="loop_1/8 "/>
</bind>
</comp>

<comp id="160" class="1005" name="p_1_rec_pn_reg_160">
<pin_list>
<pin id="161" dir="0" index="0" bw="64" slack="2147483647"/>
<pin id="162" dir="1" index="1" bw="64" slack="2147483647"/>
</pin_list>
<bind>
<opset="p_1_rec_pn (phireg) "/>
</bind>
</comp>

<comp id="163" class="1004" name="p_1_rec_pn_phi_fu_163">
<pin_list>
<pin id="164" dir="0" index="0" bw="64" slack="2"/>
<pin id="165" dir="0" index="1" bw="0" slack="2147483647"/>
<pin id="166" dir="0" index="2" bw="32" slack="2"/>
<pin id="167" dir="0" index="3" bw="0" slack="2147483647"/>
<pin id="168" dir="0" index="4" bw="32" slack="2"/>
<pin id="169" dir="0" index="5" bw="0" slack="2147483647"/>
<pin id="170" dir="1" index="6" bw="64" slack="0"/>
</pin_list>
<bind>
<opcode="phi(47) " fcode="phi"/>
<opset="p_1_rec_pn/10 "/>
</bind>
</comp>

<comp id="172" class="1004" name="grp_KeccakP1600_Permute_s_fu_172">
<pin_list>
<pin id="173" dir="0" index="0" bw="0" slack="0"/>
<pin id="174" dir="0" index="1" bw="8" slack="0"/>
<pin id="175" dir="0" index="2" bw="6" slack="0"/>
<pin id="176" dir="0" index="3" bw="64" slack="0"/>
<pin id="177" dir="1" index="4" bw="0" slack="2147483647"/>
</pin_list>
<bind>
<opcode="call(48) " fcode="call"/>
<opset="call_ln213/4 call_ln238/8 "/>
</bind>
</comp>

<comp id="182" class="1004" name="grp_load_fu_182">
<pin_list>
<pin id="183" dir="0" index="0" bw="32" slack="1"/>
<pin id="184" dir="1" index="1" bw="32" slack="0"/>
</pin_list>
<bind>
<opcode="load(27) " fcode="load"/>
<opset="instance_byteIOIndex_44/2 instance_byteIOIndex_48/2 instance_byteIOIndex_45/7 instance_byteIOIndex_46/8 instance_byteIOIndex_47/8 "/>
</bind>
</comp>

<comp id="185" class="1004" name="grp_store_fu_185">
<pin_list>
<pin id="186" dir="0" index="0" bw="1" slack="0"/>
<pin id="187" dir="0" index="1" bw="32" slack="2"/>
<pin id="188" dir="1" index="2" bw="0" slack="2147483647"/>
</pin_list>
<bind>
<opcode="store(28) " fcode="store"/>
<opset="store_ln220/3 store_ln240/8 "/>
</bind>
</comp>

<comp id="190" class="1004" name="grp_fu_190">
<pin_list>
<pin id="191" dir="0" index="0" bw="8" slack="0"/>
<pin id="192" dir="0" index="1" bw="8" slack="0"/>
<pin id="193" dir="1" index="2" bw="8" slack="0"/>
</pin_list>
<bind>
<opcode="xor(25) " fcode="xor"/>
<opset="xor_ln149_7/5 xor_ln149/9 "/>
</bind>
</comp>

<comp id="197" class="1004" name="dataByteLen_cast1_ca_fu_197">
<pin_list>
<pin id="198" dir="0" index="0" bw="8" slack="0"/>
<pin id="199" dir="1" index="1" bw="34" slack="1"/>
</pin_list>
<bind>
<opcode="zext(34) " fcode="zext"/>
<opset="dataByteLen_cast1_ca/1 "/>
</bind>
</comp>

<comp id="201" class="1004" name="zext_ln195_fu_201">
<pin_list>
<pin id="202" dir="0" index="0" bw="8" slack="0"/>
<pin id="203" dir="1" index="1" bw="30" slack="1"/>
</pin_list>
<bind>
<opcode="zext(34) " fcode="zext"/>
<opset="zext_ln195/1 "/>
</bind>
</comp>

<comp id="205" class="1004" name="zext_ln223_fu_205">
<pin_list>
<pin id="206" dir="0" index="0" bw="8" slack="0"/>
<pin id="207" dir="1" index="1" bw="32" slack="1"/>
</pin_list>
<bind>
<opcode="zext(34) " fcode="zext"/>
<opset="zext_ln223/1 "/>
</bind>
</comp>

<comp id="209" class="1004" name="store_ln194_store_fu_209">
<pin_list>
<pin id="210" dir="0" index="0" bw="32" slack="0"/>
<pin id="211" dir="0" index="1" bw="32" slack="0"/>
<pin id="212" dir="1" index="2" bw="0" slack="2147483647"/>
</pin_list>
<bind>
<opcode="store(28) " fcode="store"/>
<opset="store_ln194/1 "/>
</bind>
</comp>

<comp id="214" class="1004" name="store_ln194_store_fu_214">
<pin_list>
<pin id="215" dir="0" index="0" bw="1" slack="0"/>
<pin id="216" dir="0" index="1" bw="34" slack="0"/>
<pin id="217" dir="1" index="2" bw="0" slack="2147483647"/>
</pin_list>
<bind>
<opcode="store(28) " fcode="store"/>
<opset="store_ln194/1 "/>
</bind>
</comp>

<comp id="219" class="1004" name="i_31_load_load_fu_219">
<pin_list>
<pin id="220" dir="0" index="0" bw="34" slack="1"/>
<pin id="221" dir="1" index="1" bw="34" slack="0"/>
</pin_list>
<bind>
<opcode="load(27) " fcode="load"/>
<opset="i_31_load/2 "/>
</bind>
</comp>

<comp id="222" class="1004" name="icmp_ln194_fu_222">
<pin_list>
<pin id="223" dir="0" index="0" bw="34" slack="0"/>
<pin id="224" dir="0" index="1" bw="8" slack="1"/>
<pin id="225" dir="1" index="2" bw="1" slack="2147483647"/>
</pin_list>
<bind>
<opcode="icmp(45) " fcode="icmp"/>
<opset="icmp_ln194/2 "/>
</bind>
</comp>

<comp id="227" class="1004" name="icmp_ln195_fu_227">
<pin_list>
<pin id="228" dir="0" index="0" bw="32" slack="0"/>
<pin id="229" dir="0" index="1" bw="1" slack="0"/>
<pin id="230" dir="1" index="2" bw="1" slack="3"/>
</pin_list>
<bind>
<opcode="icmp(45) " fcode="icmp"/>
<opset="icmp_ln195/2 "/>
</bind>
</comp>

<comp id="233" class="1004" name="trunc_ln195_fu_233">
<pin_list>
<pin id="234" dir="0" index="0" bw="34" slack="0"/>
<pin id="235" dir="1" index="1" bw="30" slack="0"/>
</pin_list>
<bind>
<opcode="trunc(33) " fcode="trunc"/>
<opset="trunc_ln195/2 "/>
</bind>
</comp>

<comp id="237" class="1004" name="add_ln195_fu_237">
<pin_list>
<pin id="238" dir="0" index="0" bw="9" slack="0"/>
<pin id="239" dir="0" index="1" bw="30" slack="0"/>
<pin id="240" dir="1" index="2" bw="30" slack="0"/>
</pin_list>
<bind>
<opcode="add(8) " fcode="add"/>
<opset="add_ln195/2 "/>
</bind>
</comp>

<comp id="243" class="1004" name="icmp_ln195_1_fu_243">
<pin_list>
<pin id="244" dir="0" index="0" bw="30" slack="0"/>
<pin id="245" dir="0" index="1" bw="8" slack="1"/>
<pin id="246" dir="1" index="2" bw="1" slack="3"/>
</pin_list>
<bind>
<opcode="icmp(45) " fcode="icmp"/>
<opset="icmp_ln195_1/2 "/>
</bind>
</comp>

<comp id="248" class="1004" name="j_fu_248">
<pin_list>
<pin id="249" dir="0" index="0" bw="8" slack="1"/>
<pin id="250" dir="0" index="1" bw="34" slack="0"/>
<pin id="251" dir="1" index="2" bw="34" slack="0"/>
</pin_list>
<bind>
<opcode="sub(10) " fcode="sub"/>
<opset="j/2 "/>
</bind>
</comp>

<comp id="253" class="1004" name="sext_ln206_fu_253">
<pin_list>
<pin id="254" dir="0" index="0" bw="34" slack="0"/>
<pin id="255" dir="1" index="1" bw="64" slack="1"/>
</pin_list>
<bind>
<opcode="sext(35) " fcode="sext"/>
<opset="sext_ln206/2 "/>
</bind>
</comp>

<comp id="257" class="1004" name="trunc_ln223_fu_257">
<pin_list>
<pin id="258" dir="0" index="0" bw="34" slack="0"/>
<pin id="259" dir="1" index="1" bw="32" slack="0"/>
</pin_list>
<bind>
<opcode="trunc(33) " fcode="trunc"/>
<opset="trunc_ln223/2 "/>
</bind>
</comp>

<comp id="261" class="1004" name="partialBlock_fu_261">
<pin_list>
<pin id="262" dir="0" index="0" bw="8" slack="1"/>
<pin id="263" dir="0" index="1" bw="32" slack="0"/>
<pin id="264" dir="1" index="2" bw="32" slack="1"/>
</pin_list>
<bind>
<opcode="sub(10) " fcode="sub"/>
<opset="partialBlock/2 "/>
</bind>
</comp>

<comp id="266" class="1004" name="icmp_ln206_fu_266">
<pin_list>
<pin id="267" dir="0" index="0" bw="64" slack="0"/>
<pin id="268" dir="0" index="1" bw="9" slack="0"/>
<pin id="269" dir="1" index="2" bw="1" slack="2147483647"/>
</pin_list>
<bind>
<opcode="icmp(45) " fcode="icmp"/>
<opset="icmp_ln206/3 "/>
</bind>
</comp>

<comp id="272" class="1004" name="zext_ln216_fu_272">
<pin_list>
<pin id="273" dir="0" index="0" bw="8" slack="2"/>
<pin id="274" dir="1" index="1" bw="34" slack="0"/>
</pin_list>
<bind>
<opcode="zext(34) " fcode="zext"/>
<opset="zext_ln216/3 "/>
</bind>
</comp>

<comp id="275" class="1004" name="trunc_ln216_fu_275">
<pin_list>
<pin id="276" dir="0" index="0" bw="64" slack="0"/>
<pin id="277" dir="1" index="1" bw="34" slack="0"/>
</pin_list>
<bind>
<opcode="trunc(33) " fcode="trunc"/>
<opset="trunc_ln216/3 "/>
</bind>
</comp>

<comp id="279" class="1004" name="sub_ln216_fu_279">
<pin_list>
<pin id="280" dir="0" index="0" bw="8" slack="0"/>
<pin id="281" dir="0" index="1" bw="34" slack="0"/>
<pin id="282" dir="1" index="2" bw="34" slack="0"/>
</pin_list>
<bind>
<opcode="sub(10) " fcode="sub"/>
<opset="sub_ln216/3 "/>
</bind>
</comp>

<comp id="285" class="1004" name="store_ln220_store_fu_285">
<pin_list>
<pin id="286" dir="0" index="0" bw="34" slack="0"/>
<pin id="287" dir="0" index="1" bw="34" slack="2"/>
<pin id="288" dir="1" index="2" bw="0" slack="2147483647"/>
</pin_list>
<bind>
<opcode="store(28) " fcode="store"/>
<opset="store_ln220/3 "/>
</bind>
</comp>

<comp id="290" class="1004" name="icmp_ln211_fu_290">
<pin_list>
<pin id="291" dir="0" index="0" bw="8" slack="0"/>
<pin id="292" dir="0" index="1" bw="8" slack="0"/>
<pin id="293" dir="1" index="2" bw="1" slack="2147483647"/>
</pin_list>
<bind>
<opcode="icmp(45) " fcode="icmp"/>
<opset="icmp_ln211/4 "/>
</bind>
</comp>

<comp id="296" class="1004" name="loop_48_fu_296">
<pin_list>
<pin id="297" dir="0" index="0" bw="8" slack="0"/>
<pin id="298" dir="0" index="1" bw="1" slack="0"/>
<pin id="299" dir="1" index="2" bw="8" slack="0"/>
</pin_list>
<bind>
<opcode="add(8) " fcode="add"/>
<opset="loop_48/4 "/>
</bind>
</comp>

<comp id="302" class="1004" name="zext_ln212_fu_302">
<pin_list>
<pin id="303" dir="0" index="0" bw="8" slack="0"/>
<pin id="304" dir="1" index="1" bw="64" slack="0"/>
</pin_list>
<bind>
<opcode="zext(34) " fcode="zext"/>
<opset="zext_ln212/4 "/>
</bind>
</comp>

<comp id="307" class="1004" name="trunc_ln206_fu_307">
<pin_list>
<pin id="308" dir="0" index="0" bw="64" slack="1"/>
<pin id="309" dir="1" index="1" bw="8" slack="0"/>
</pin_list>
<bind>
<opcode="trunc(33) " fcode="trunc"/>
<opset="trunc_ln206/4 "/>
</bind>
</comp>

<comp id="311" class="1004" name="add_ln212_fu_311">
<pin_list>
<pin id="312" dir="0" index="0" bw="8" slack="0"/>
<pin id="313" dir="0" index="1" bw="8" slack="0"/>
<pin id="314" dir="1" index="2" bw="8" slack="0"/>
</pin_list>
<bind>
<opcode="add(8) " fcode="add"/>
<opset="add_ln212/4 "/>
</bind>
</comp>

<comp id="317" class="1004" name="trunc_ln194_6_fu_317">
<pin_list>
<pin id="318" dir="0" index="0" bw="64" slack="2"/>
<pin id="319" dir="1" index="1" bw="8" slack="0"/>
</pin_list>
<bind>
<opcode="trunc(33) " fcode="trunc"/>
<opset="trunc_ln194_6/4 "/>
</bind>
</comp>

<comp id="321" class="1004" name="add_ln212_5_fu_321">
<pin_list>
<pin id="322" dir="0" index="0" bw="8" slack="0"/>
<pin id="323" dir="0" index="1" bw="8" slack="0"/>
<pin id="324" dir="1" index="2" bw="8" slack="0"/>
</pin_list>
<bind>
<opcode="add(8) " fcode="add"/>
<opset="add_ln212_5/4 "/>
</bind>
</comp>

<comp id="327" class="1004" name="zext_ln212_6_fu_327">
<pin_list>
<pin id="328" dir="0" index="0" bw="8" slack="0"/>
<pin id="329" dir="1" index="1" bw="64" slack="0"/>
</pin_list>
<bind>
<opcode="zext(34) " fcode="zext"/>
<opset="zext_ln212_6/4 "/>
</bind>
</comp>

<comp id="332" class="1004" name="j_13_fu_332">
<pin_list>
<pin id="333" dir="0" index="0" bw="64" slack="1"/>
<pin id="334" dir="0" index="1" bw="9" slack="0"/>
<pin id="335" dir="1" index="2" bw="64" slack="1"/>
</pin_list>
<bind>
<opcode="add(8) " fcode="add"/>
<opset="j_13/4 "/>
</bind>
</comp>

<comp id="338" class="1004" name="add_ln214_fu_338">
<pin_list>
<pin id="339" dir="0" index="0" bw="64" slack="2"/>
<pin id="340" dir="0" index="1" bw="9" slack="0"/>
<pin id="341" dir="1" index="2" bw="64" slack="1"/>
</pin_list>
<bind>
<opcode="add(8) " fcode="add"/>
<opset="add_ln214/6 "/>
</bind>
</comp>

<comp id="344" class="1004" name="add_ln224_fu_344">
<pin_list>
<pin id="345" dir="0" index="0" bw="32" slack="0"/>
<pin id="346" dir="0" index="1" bw="32" slack="1"/>
<pin id="347" dir="1" index="2" bw="32" slack="0"/>
</pin_list>
<bind>
<opcode="add(8) " fcode="add"/>
<opset="add_ln224/7 "/>
</bind>
</comp>

<comp id="349" class="1004" name="icmp_ln224_fu_349">
<pin_list>
<pin id="350" dir="0" index="0" bw="32" slack="0"/>
<pin id="351" dir="0" index="1" bw="9" slack="0"/>
<pin id="352" dir="1" index="2" bw="1" slack="0"/>
</pin_list>
<bind>
<opcode="icmp(45) " fcode="icmp"/>
<opset="icmp_ln224/7 "/>
</bind>
</comp>

<comp id="355" class="1004" name="partialBlock_11_fu_355">
<pin_list>
<pin id="356" dir="0" index="0" bw="9" slack="0"/>
<pin id="357" dir="0" index="1" bw="32" slack="0"/>
<pin id="358" dir="1" index="2" bw="32" slack="0"/>
</pin_list>
<bind>
<opcode="sub(10) " fcode="sub"/>
<opset="partialBlock_11/7 "/>
</bind>
</comp>

<comp id="361" class="1004" name="select_ln224_fu_361">
<pin_list>
<pin id="362" dir="0" index="0" bw="1" slack="0"/>
<pin id="363" dir="0" index="1" bw="32" slack="0"/>
<pin id="364" dir="0" index="2" bw="32" slack="1"/>
<pin id="365" dir="1" index="3" bw="32" slack="0"/>
</pin_list>
<bind>
<opcode="select(49) " fcode="select"/>
<opset="select_ln224/7 "/>
</bind>
</comp>

<comp id="368" class="1004" name="zext_ln229_fu_368">
<pin_list>
<pin id="369" dir="0" index="0" bw="32" slack="0"/>
<pin id="370" dir="1" index="1" bw="64" slack="2"/>
</pin_list>
<bind>
<opcode="zext(34) " fcode="zext"/>
<opset="zext_ln229/7 "/>
</bind>
</comp>

<comp id="372" class="1004" name="zext_ln229_6_fu_372">
<pin_list>
<pin id="373" dir="0" index="0" bw="32" slack="0"/>
<pin id="374" dir="1" index="1" bw="34" slack="0"/>
</pin_list>
<bind>
<opcode="zext(34) " fcode="zext"/>
<opset="zext_ln229_6/7 "/>
</bind>
</comp>

<comp id="376" class="1004" name="i_fu_376">
<pin_list>
<pin id="377" dir="0" index="0" bw="34" slack="1"/>
<pin id="378" dir="0" index="1" bw="32" slack="0"/>
<pin id="379" dir="1" index="2" bw="34" slack="1"/>
</pin_list>
<bind>
<opcode="add(8) " fcode="add"/>
<opset="i/7 "/>
</bind>
</comp>

<comp id="381" class="1004" name="icmp_ln231_fu_381">
<pin_list>
<pin id="382" dir="0" index="0" bw="32" slack="0"/>
<pin id="383" dir="0" index="1" bw="32" slack="1"/>
<pin id="384" dir="1" index="2" bw="1" slack="2147483647"/>
</pin_list>
<bind>
<opcode="icmp(45) " fcode="icmp"/>
<opset="icmp_ln231/8 "/>
</bind>
</comp>

<comp id="386" class="1004" name="loop_fu_386">
<pin_list>
<pin id="387" dir="0" index="0" bw="32" slack="0"/>
<pin id="388" dir="0" index="1" bw="1" slack="0"/>
<pin id="389" dir="1" index="2" bw="32" slack="0"/>
</pin_list>
<bind>
<opcode="add(8) " fcode="add"/>
<opset="loop/8 "/>
</bind>
</comp>

<comp id="392" class="1004" name="trunc_ln232_fu_392">
<pin_list>
<pin id="393" dir="0" index="0" bw="32" slack="0"/>
<pin id="394" dir="1" index="1" bw="8" slack="0"/>
</pin_list>
<bind>
<opcode="trunc(33) " fcode="trunc"/>
<opset="trunc_ln232/8 "/>
</bind>
</comp>

<comp id="396" class="1004" name="trunc_ln194_fu_396">
<pin_list>
<pin id="397" dir="0" index="0" bw="64" slack="2"/>
<pin id="398" dir="1" index="1" bw="8" slack="0"/>
</pin_list>
<bind>
<opcode="trunc(33) " fcode="trunc"/>
<opset="trunc_ln194/8 "/>
</bind>
</comp>

<comp id="400" class="1004" name="add_ln232_fu_400">
<pin_list>
<pin id="401" dir="0" index="0" bw="8" slack="0"/>
<pin id="402" dir="0" index="1" bw="8" slack="0"/>
<pin id="403" dir="1" index="2" bw="8" slack="0"/>
</pin_list>
<bind>
<opcode="add(8) " fcode="add"/>
<opset="add_ln232/8 "/>
</bind>
</comp>

<comp id="406" class="1004" name="zext_ln232_fu_406">
<pin_list>
<pin id="407" dir="0" index="0" bw="8" slack="0"/>
<pin id="408" dir="1" index="1" bw="64" slack="0"/>
</pin_list>
<bind>
<opcode="zext(34) " fcode="zext"/>
<opset="zext_ln232/8 "/>
</bind>
</comp>

<comp id="411" class="1004" name="add_ln232_9_fu_411">
<pin_list>
<pin id="412" dir="0" index="0" bw="32" slack="0"/>
<pin id="413" dir="0" index="1" bw="32" slack="0"/>
<pin id="414" dir="1" index="2" bw="32" slack="0"/>
</pin_list>
<bind>
<opcode="add(8) " fcode="add"/>
<opset="add_ln232_9/8 "/>
</bind>
</comp>

<comp id="417" class="1004" name="zext_ln149_fu_417">
<pin_list>
<pin id="418" dir="0" index="0" bw="32" slack="0"/>
<pin id="419" dir="1" index="1" bw="64" slack="0"/>
</pin_list>
<bind>
<opcode="zext(34) " fcode="zext"/>
<opset="zext_ln149/8 "/>
</bind>
</comp>

<comp id="422" class="1004" name="add_ln236_fu_422">
<pin_list>
<pin id="423" dir="0" index="0" bw="32" slack="0"/>
<pin id="424" dir="0" index="1" bw="32" slack="1"/>
<pin id="425" dir="1" index="2" bw="32" slack="0"/>
</pin_list>
<bind>
<opcode="add(8) " fcode="add"/>
<opset="add_ln236/8 "/>
</bind>
</comp>

<comp id="427" class="1004" name="icmp_ln237_fu_427">
<pin_list>
<pin id="428" dir="0" index="0" bw="32" slack="0"/>
<pin id="429" dir="0" index="1" bw="9" slack="0"/>
<pin id="430" dir="1" index="2" bw="1" slack="1"/>
</pin_list>
<bind>
<opcode="icmp(45) " fcode="icmp"/>
<opset="icmp_ln237/8 "/>
</bind>
</comp>

<comp id="433" class="1004" name="store_ln237_store_fu_433">
<pin_list>
<pin id="434" dir="0" index="0" bw="34" slack="1"/>
<pin id="435" dir="0" index="1" bw="34" slack="3"/>
<pin id="436" dir="1" index="2" bw="0" slack="2147483647"/>
</pin_list>
<bind>
<opcode="store(28) " fcode="store"/>
<opset="store_ln237/8 "/>
</bind>
</comp>

<comp id="437" class="1004" name="store_ln237_store_fu_437">
<pin_list>
<pin id="438" dir="0" index="0" bw="32" slack="0"/>
<pin id="439" dir="0" index="1" bw="32" slack="3"/>
<pin id="440" dir="1" index="2" bw="0" slack="2147483647"/>
</pin_list>
<bind>
<opcode="store(28) " fcode="store"/>
<opset="store_ln237/8 "/>
</bind>
</comp>

<comp id="442" class="1004" name="p_2_rec_fu_442">
<pin_list>
<pin id="443" dir="0" index="0" bw="64" slack="0"/>
<pin id="444" dir="0" index="1" bw="64" slack="3"/>
<pin id="445" dir="1" index="2" bw="64" slack="1"/>
</pin_list>
<bind>
<opcode="add(8) " fcode="add"/>
<opset="p_2_rec/10 "/>
</bind>
</comp>

<comp id="448" class="1005" name="i_31_reg_448">
<pin_list>
<pin id="449" dir="0" index="0" bw="34" slack="0"/>
<pin id="450" dir="1" index="1" bw="34" slack="0"/>
</pin_list>
<bind>
<opset="i_31 "/>
</bind>
</comp>

<comp id="456" class="1005" name="instance_byteIOIndex_reg_456">
<pin_list>
<pin id="457" dir="0" index="0" bw="32" slack="0"/>
<pin id="458" dir="1" index="1" bw="32" slack="0"/>
</pin_list>
<bind>
<opset="instance_byteIOIndex "/>
</bind>
</comp>

<comp id="464" class="1005" name="dataByteLen_read_reg_464">
<pin_list>
<pin id="465" dir="0" index="0" bw="8" slack="2"/>
<pin id="466" dir="1" index="1" bw="8" slack="2"/>
</pin_list>
<bind>
<opset="dataByteLen_read "/>
</bind>
</comp>

<comp id="469" class="1005" name="dataByteLen_cast1_ca_reg_469">
<pin_list>
<pin id="470" dir="0" index="0" bw="34" slack="1"/>
<pin id="471" dir="1" index="1" bw="34" slack="1"/>
</pin_list>
<bind>
<opset="dataByteLen_cast1_ca "/>
</bind>
</comp>

<comp id="475" class="1005" name="zext_ln195_reg_475">
<pin_list>
<pin id="476" dir="0" index="0" bw="30" slack="1"/>
<pin id="477" dir="1" index="1" bw="30" slack="1"/>
</pin_list>
<bind>
<opset="zext_ln195 "/>
</bind>
</comp>

<comp id="480" class="1005" name="zext_ln223_reg_480">
<pin_list>
<pin id="481" dir="0" index="0" bw="32" slack="1"/>
<pin id="482" dir="1" index="1" bw="32" slack="1"/>
</pin_list>
<bind>
<opset="zext_ln223 "/>
</bind>
</comp>

<comp id="485" class="1005" name="i_31_load_reg_485">
<pin_list>
<pin id="486" dir="0" index="0" bw="34" slack="1"/>
<pin id="487" dir="1" index="1" bw="34" slack="1"/>
</pin_list>
<bind>
<opset="i_31_load "/>
</bind>
</comp>

<comp id="493" class="1005" name="icmp_ln195_reg_493">
<pin_list>
<pin id="494" dir="0" index="0" bw="1" slack="3"/>
<pin id="495" dir="1" index="1" bw="1" slack="2147483647"/>
</pin_list>
<bind>
<opset="icmp_ln195 "/>
</bind>
</comp>

<comp id="497" class="1005" name="icmp_ln195_1_reg_497">
<pin_list>
<pin id="498" dir="0" index="0" bw="1" slack="3"/>
<pin id="499" dir="1" index="1" bw="1" slack="2147483647"/>
</pin_list>
<bind>
<opset="icmp_ln195_1 "/>
</bind>
</comp>

<comp id="501" class="1005" name="sext_ln206_reg_501">
<pin_list>
<pin id="502" dir="0" index="0" bw="64" slack="1"/>
<pin id="503" dir="1" index="1" bw="64" slack="1"/>
</pin_list>
<bind>
<opset="sext_ln206 "/>
</bind>
</comp>

<comp id="506" class="1005" name="partialBlock_reg_506">
<pin_list>
<pin id="507" dir="0" index="0" bw="32" slack="1"/>
<pin id="508" dir="1" index="1" bw="32" slack="1"/>
</pin_list>
<bind>
<opset="partialBlock "/>
</bind>
</comp>

<comp id="518" class="1005" name="loop_48_reg_518">
<pin_list>
<pin id="519" dir="0" index="0" bw="8" slack="0"/>
<pin id="520" dir="1" index="1" bw="8" slack="0"/>
</pin_list>
<bind>
<opset="loop_48 "/>
</bind>
</comp>

<comp id="523" class="1005" name="data_addr_5_reg_523">
<pin_list>
<pin id="524" dir="0" index="0" bw="7" slack="1"/>
<pin id="525" dir="1" index="1" bw="7" slack="1"/>
</pin_list>
<bind>
<opset="data_addr_5 "/>
</bind>
</comp>

<comp id="528" class="1005" name="instance_state_addr_11_reg_528">
<pin_list>
<pin id="529" dir="0" index="0" bw="8" slack="1"/>
<pin id="530" dir="1" index="1" bw="8" slack="1"/>
</pin_list>
<bind>
<opset="instance_state_addr_11 "/>
</bind>
</comp>

<comp id="533" class="1005" name="j_13_reg_533">
<pin_list>
<pin id="534" dir="0" index="0" bw="64" slack="1"/>
<pin id="535" dir="1" index="1" bw="64" slack="1"/>
</pin_list>
<bind>
<opset="j_13 "/>
</bind>
</comp>

<comp id="538" class="1005" name="add_ln214_reg_538">
<pin_list>
<pin id="539" dir="0" index="0" bw="64" slack="1"/>
<pin id="540" dir="1" index="1" bw="64" slack="1"/>
</pin_list>
<bind>
<opset="add_ln214 "/>
</bind>
</comp>

<comp id="543" class="1005" name="select_ln224_reg_543">
<pin_list>
<pin id="544" dir="0" index="0" bw="32" slack="1"/>
<pin id="545" dir="1" index="1" bw="32" slack="1"/>
</pin_list>
<bind>
<opset="select_ln224 "/>
</bind>
</comp>

<comp id="549" class="1005" name="zext_ln229_reg_549">
<pin_list>
<pin id="550" dir="0" index="0" bw="64" slack="2"/>
<pin id="551" dir="1" index="1" bw="64" slack="2"/>
</pin_list>
<bind>
<opset="zext_ln229 "/>
</bind>
</comp>

<comp id="555" class="1005" name="i_reg_555">
<pin_list>
<pin id="556" dir="0" index="0" bw="34" slack="1"/>
<pin id="557" dir="1" index="1" bw="34" slack="1"/>
</pin_list>
<bind>
<opset="i "/>
</bind>
</comp>

<comp id="563" class="1005" name="loop_reg_563">
<pin_list>
<pin id="564" dir="0" index="0" bw="32" slack="0"/>
<pin id="565" dir="1" index="1" bw="32" slack="0"/>
</pin_list>
<bind>
<opset="loop "/>
</bind>
</comp>

<comp id="568" class="1005" name="data_addr_reg_568">
<pin_list>
<pin id="569" dir="0" index="0" bw="7" slack="1"/>
<pin id="570" dir="1" index="1" bw="7" slack="1"/>
</pin_list>
<bind>
<opset="data_addr "/>
</bind>
</comp>

<comp id="573" class="1005" name="instance_state_addr_reg_573">
<pin_list>
<pin id="574" dir="0" index="0" bw="8" slack="1"/>
<pin id="575" dir="1" index="1" bw="8" slack="1"/>
</pin_list>
<bind>
<opset="instance_state_addr "/>
</bind>
</comp>

<comp id="578" class="1005" name="icmp_ln237_reg_578">
<pin_list>
<pin id="579" dir="0" index="0" bw="1" slack="1"/>
<pin id="580" dir="1" index="1" bw="1" slack="2147483647"/>
</pin_list>
<bind>
<opset="icmp_ln237 "/>
</bind>
</comp>

<comp id="582" class="1005" name="p_2_rec_reg_582">
<pin_list>
<pin id="583" dir="0" index="0" bw="64" slack="1"/>
<pin id="584" dir="1" index="1" bw="64" slack="1"/>
</pin_list>
<bind>
<opset="p_2_rec "/>
</bind>
</comp>

</comp_list>

<net_list>
<net id="45"><net_src comp="12" pin="0"/><net_sink comp="42" pin=0"/></net>

<net id="49"><net_src comp="12" pin="0"/><net_sink comp="46" pin=0"/></net>

<net id="54"><net_src comp="14" pin="0"/><net_sink comp="50" pin=0"/></net>

<net id="55"><net_src comp="6" pin="0"/><net_sink comp="50" pin=1"/></net>

<net id="60"><net_src comp="16" pin="0"/><net_sink comp="56" pin=0"/></net>

<net id="61"><net_src comp="2" pin="0"/><net_sink comp="56" pin=1"/></net>

<net id="67"><net_src comp="4" pin="0"/><net_sink comp="62" pin=0"/></net>

<net id="68"><net_src comp="20" pin="0"/><net_sink comp="62" pin=1"/></net>

<net id="74"><net_src comp="62" pin="3"/><net_sink comp="69" pin=0"/></net>

<net id="80"><net_src comp="0" pin="0"/><net_sink comp="75" pin=0"/></net>

<net id="81"><net_src comp="20" pin="0"/><net_sink comp="75" pin=1"/></net>

<net id="87"><net_src comp="75" pin="3"/><net_sink comp="82" pin=0"/></net>

<net id="93"><net_src comp="4" pin="0"/><net_sink comp="88" pin=0"/></net>

<net id="94"><net_src comp="20" pin="0"/><net_sink comp="88" pin=1"/></net>

<net id="95"><net_src comp="88" pin="3"/><net_sink comp="69" pin=0"/></net>

<net id="101"><net_src comp="0" pin="0"/><net_sink comp="96" pin=0"/></net>

<net id="102"><net_src comp="20" pin="0"/><net_sink comp="96" pin=1"/></net>

<net id="103"><net_src comp="96" pin="3"/><net_sink comp="82" pin=0"/></net>

<net id="107"><net_src comp="20" pin="0"/><net_sink comp="104" pin=0"/></net>

<net id="114"><net_src comp="104" pin="1"/><net_sink comp="108" pin=0"/></net>

<net id="115"><net_src comp="108" pin="4"/><net_sink comp="104" pin=0"/></net>

<net id="125"><net_src comp="119" pin="4"/><net_sink comp="116" pin=0"/></net>

<net id="129"><net_src comp="20" pin="0"/><net_sink comp="126" pin=0"/></net>

<net id="136"><net_src comp="126" pin="1"/><net_sink comp="130" pin=0"/></net>

<net id="137"><net_src comp="130" pin="4"/><net_sink comp="126" pin=0"/></net>

<net id="141"><net_src comp="28" pin="0"/><net_sink comp="138" pin=0"/></net>

<net id="148"><net_src comp="138" pin="1"/><net_sink comp="142" pin=2"/></net>

<net id="152"><net_src comp="22" pin="0"/><net_sink comp="149" pin=0"/></net>

<net id="159"><net_src comp="149" pin="1"/><net_sink comp="153" pin=0"/></net>

<net id="171"><net_src comp="126" pin="1"/><net_sink comp="163" pin=0"/></net>

<net id="178"><net_src comp="36" pin="0"/><net_sink comp="172" pin=0"/></net>

<net id="179"><net_src comp="0" pin="0"/><net_sink comp="172" pin=1"/></net>

<net id="180"><net_src comp="8" pin="0"/><net_sink comp="172" pin=2"/></net>

<net id="181"><net_src comp="10" pin="0"/><net_sink comp="172" pin=3"/></net>

<net id="189"><net_src comp="22" pin="0"/><net_sink comp="185" pin=0"/></net>

<net id="194"><net_src comp="82" pin="3"/><net_sink comp="190" pin=0"/></net>

<net id="195"><net_src comp="69" pin="3"/><net_sink comp="190" pin=1"/></net>

<net id="196"><net_src comp="190" pin="2"/><net_sink comp="82" pin=1"/></net>

<net id="200"><net_src comp="50" pin="2"/><net_sink comp="197" pin=0"/></net>

<net id="204"><net_src comp="50" pin="2"/><net_sink comp="201" pin=0"/></net>

<net id="208"><net_src comp="50" pin="2"/><net_sink comp="205" pin=0"/></net>

<net id="213"><net_src comp="56" pin="2"/><net_sink comp="209" pin=0"/></net>

<net id="218"><net_src comp="18" pin="0"/><net_sink comp="214" pin=0"/></net>

<net id="226"><net_src comp="219" pin="1"/><net_sink comp="222" pin=0"/></net>

<net id="231"><net_src comp="182" pin="1"/><net_sink comp="227" pin=0"/></net>

<net id="232"><net_src comp="22" pin="0"/><net_sink comp="227" pin=1"/></net>

<net id="236"><net_src comp="219" pin="1"/><net_sink comp="233" pin=0"/></net>

<net id="241"><net_src comp="24" pin="0"/><net_sink comp="237" pin=0"/></net>

<net id="242"><net_src comp="233" pin="1"/><net_sink comp="237" pin=1"/></net>

<net id="247"><net_src comp="237" pin="2"/><net_sink comp="243" pin=0"/></net>

<net id="252"><net_src comp="219" pin="1"/><net_sink comp="248" pin=1"/></net>

<net id="256"><net_src comp="248" pin="2"/><net_sink comp="253" pin=0"/></net>

<net id="260"><net_src comp="219" pin="1"/><net_sink comp="257" pin=0"/></net>

<net id="265"><net_src comp="257" pin="1"/><net_sink comp="261" pin=1"/></net>

<net id="270"><net_src comp="119" pin="4"/><net_sink comp="266" pin=0"/></net>

<net id="271"><net_src comp="26" pin="0"/><net_sink comp="266" pin=1"/></net>

<net id="278"><net_src comp="119" pin="4"/><net_sink comp="275" pin=0"/></net>

<net id="283"><net_src comp="272" pin="1"/><net_sink comp="279" pin=0"/></net>

<net id="284"><net_src comp="275" pin="1"/><net_sink comp="279" pin=1"/></net>

<net id="289"><net_src comp="279" pin="2"/><net_sink comp="285" pin=0"/></net>

<net id="294"><net_src comp="142" pin="4"/><net_sink comp="290" pin=0"/></net>

<net id="295"><net_src comp="30" pin="0"/><net_sink comp="290" pin=1"/></net>

<net id="300"><net_src comp="142" pin="4"/><net_sink comp="296" pin=0"/></net>

<net id="301"><net_src comp="32" pin="0"/><net_sink comp="296" pin=1"/></net>

<net id="305"><net_src comp="142" pin="4"/><net_sink comp="302" pin=0"/></net>

<net id="306"><net_src comp="302" pin="1"/><net_sink comp="75" pin=2"/></net>

<net id="310"><net_src comp="126" pin="1"/><net_sink comp="307" pin=0"/></net>

<net id="315"><net_src comp="307" pin="1"/><net_sink comp="311" pin=0"/></net>

<net id="316"><net_src comp="142" pin="4"/><net_sink comp="311" pin=1"/></net>

<net id="320"><net_src comp="104" pin="1"/><net_sink comp="317" pin=0"/></net>

<net id="325"><net_src comp="311" pin="2"/><net_sink comp="321" pin=0"/></net>

<net id="326"><net_src comp="317" pin="1"/><net_sink comp="321" pin=1"/></net>

<net id="330"><net_src comp="321" pin="2"/><net_sink comp="327" pin=0"/></net>

<net id="331"><net_src comp="327" pin="1"/><net_sink comp="62" pin=2"/></net>

<net id="336"><net_src comp="116" pin="1"/><net_sink comp="332" pin=0"/></net>

<net id="337"><net_src comp="38" pin="0"/><net_sink comp="332" pin=1"/></net>

<net id="342"><net_src comp="126" pin="1"/><net_sink comp="338" pin=0"/></net>

<net id="343"><net_src comp="26" pin="0"/><net_sink comp="338" pin=1"/></net>

<net id="348"><net_src comp="182" pin="1"/><net_sink comp="344" pin=0"/></net>

<net id="353"><net_src comp="344" pin="2"/><net_sink comp="349" pin=0"/></net>

<net id="354"><net_src comp="40" pin="0"/><net_sink comp="349" pin=1"/></net>

<net id="359"><net_src comp="40" pin="0"/><net_sink comp="355" pin=0"/></net>

<net id="360"><net_src comp="182" pin="1"/><net_sink comp="355" pin=1"/></net>

<net id="366"><net_src comp="349" pin="2"/><net_sink comp="361" pin=0"/></net>

<net id="367"><net_src comp="355" pin="2"/><net_sink comp="361" pin=1"/></net>

<net id="371"><net_src comp="361" pin="3"/><net_sink comp="368" pin=0"/></net>

<net id="375"><net_src comp="361" pin="3"/><net_sink comp="372" pin=0"/></net>

<net id="380"><net_src comp="372" pin="1"/><net_sink comp="376" pin=1"/></net>

<net id="385"><net_src comp="153" pin="4"/><net_sink comp="381" pin=0"/></net>

<net id="390"><net_src comp="153" pin="4"/><net_sink comp="386" pin=0"/></net>

<net id="391"><net_src comp="12" pin="0"/><net_sink comp="386" pin=1"/></net>

<net id="395"><net_src comp="153" pin="4"/><net_sink comp="392" pin=0"/></net>

<net id="399"><net_src comp="104" pin="1"/><net_sink comp="396" pin=0"/></net>

<net id="404"><net_src comp="396" pin="1"/><net_sink comp="400" pin=0"/></net>

<net id="405"><net_src comp="392" pin="1"/><net_sink comp="400" pin=1"/></net>

<net id="409"><net_src comp="400" pin="2"/><net_sink comp="406" pin=0"/></net>

<net id="410"><net_src comp="406" pin="1"/><net_sink comp="88" pin=2"/></net>

<net id="415"><net_src comp="182" pin="1"/><net_sink comp="411" pin=0"/></net>

<net id="416"><net_src comp="153" pin="4"/><net_sink comp="411" pin=1"/></net>

<net id="420"><net_src comp="411" pin="2"/><net_sink comp="417" pin=0"/></net>

<net id="421"><net_src comp="417" pin="1"/><net_sink comp="96" pin=2"/></net>

<net id="426"><net_src comp="182" pin="1"/><net_sink comp="422" pin=0"/></net>

<net id="431"><net_src comp="422" pin="2"/><net_sink comp="427" pin=0"/></net>

<net id="432"><net_src comp="40" pin="0"/><net_sink comp="427" pin=1"/></net>

<net id="441"><net_src comp="422" pin="2"/><net_sink comp="437" pin=0"/></net>

<net id="446"><net_src comp="163" pin="6"/><net_sink comp="442" pin=0"/></net>

<net id="447"><net_src comp="104" pin="1"/><net_sink comp="442" pin=1"/></net>

<net id="451"><net_src comp="42" pin="1"/><net_sink comp="448" pin=0"/></net>

<net id="452"><net_src comp="448" pin="1"/><net_sink comp="214" pin=1"/></net>

<net id="453"><net_src comp="448" pin="1"/><net_sink comp="219" pin=0"/></net>

<net id="454"><net_src comp="448" pin="1"/><net_sink comp="285" pin=1"/></net>

<net id="455"><net_src comp="448" pin="1"/><net_sink comp="433" pin=1"/></net>

<net id="459"><net_src comp="46" pin="1"/><net_sink comp="456" pin=0"/></net>

<net id="460"><net_src comp="456" pin="1"/><net_sink comp="209" pin=1"/></net>

<net id="461"><net_src comp="456" pin="1"/><net_sink comp="182" pin=0"/></net>

<net id="462"><net_src comp="456" pin="1"/><net_sink comp="185" pin=1"/></net>

<net id="463"><net_src comp="456" pin="1"/><net_sink comp="437" pin=1"/></net>

<net id="467"><net_src comp="50" pin="2"/><net_sink comp="464" pin=0"/></net>

<net id="468"><net_src comp="464" pin="1"/><net_sink comp="272" pin=0"/></net>

<net id="472"><net_src comp="197" pin="1"/><net_sink comp="469" pin=0"/></net>

<net id="473"><net_src comp="469" pin="1"/><net_sink comp="222" pin=1"/></net>

<net id="474"><net_src comp="469" pin="1"/><net_sink comp="248" pin=0"/></net>

<net id="478"><net_src comp="201" pin="1"/><net_sink comp="475" pin=0"/></net>

<net id="479"><net_src comp="475" pin="1"/><net_sink comp="243" pin=1"/></net>

<net id="483"><net_src comp="205" pin="1"/><net_sink comp="480" pin=0"/></net>

<net id="484"><net_src comp="480" pin="1"/><net_sink comp="261" pin=0"/></net>

<net id="488"><net_src comp="219" pin="1"/><net_sink comp="485" pin=0"/></net>

<net id="489"><net_src comp="485" pin="1"/><net_sink comp="376" pin=0"/></net>

<net id="496"><net_src comp="227" pin="2"/><net_sink comp="493" pin=0"/></net>

<net id="500"><net_src comp="243" pin="2"/><net_sink comp="497" pin=0"/></net>

<net id="504"><net_src comp="253" pin="1"/><net_sink comp="501" pin=0"/></net>

<net id="505"><net_src comp="501" pin="1"/><net_sink comp="119" pin=0"/></net>

<net id="509"><net_src comp="261" pin="2"/><net_sink comp="506" pin=0"/></net>

<net id="510"><net_src comp="506" pin="1"/><net_sink comp="344" pin=1"/></net>

<net id="511"><net_src comp="506" pin="1"/><net_sink comp="361" pin=2"/></net>

<net id="521"><net_src comp="296" pin="2"/><net_sink comp="518" pin=0"/></net>

<net id="522"><net_src comp="518" pin="1"/><net_sink comp="142" pin=0"/></net>

<net id="526"><net_src comp="62" pin="3"/><net_sink comp="523" pin=0"/></net>

<net id="527"><net_src comp="523" pin="1"/><net_sink comp="69" pin=0"/></net>

<net id="531"><net_src comp="75" pin="3"/><net_sink comp="528" pin=0"/></net>

<net id="532"><net_src comp="528" pin="1"/><net_sink comp="82" pin=0"/></net>

<net id="536"><net_src comp="332" pin="2"/><net_sink comp="533" pin=0"/></net>

<net id="537"><net_src comp="533" pin="1"/><net_sink comp="119" pin=2"/></net>

<net id="541"><net_src comp="338" pin="2"/><net_sink comp="538" pin=0"/></net>

<net id="542"><net_src comp="538" pin="1"/><net_sink comp="130" pin=2"/></net>

<net id="546"><net_src comp="361" pin="3"/><net_sink comp="543" pin=0"/></net>

<net id="547"><net_src comp="543" pin="1"/><net_sink comp="381" pin=1"/></net>

<net id="548"><net_src comp="543" pin="1"/><net_sink comp="422" pin=1"/></net>

<net id="552"><net_src comp="368" pin="1"/><net_sink comp="549" pin=0"/></net>

<net id="553"><net_src comp="549" pin="1"/><net_sink comp="163" pin=2"/></net>

<net id="554"><net_src comp="549" pin="1"/><net_sink comp="163" pin=4"/></net>

<net id="558"><net_src comp="376" pin="2"/><net_sink comp="555" pin=0"/></net>

<net id="559"><net_src comp="555" pin="1"/><net_sink comp="433" pin=0"/></net>

<net id="566"><net_src comp="386" pin="2"/><net_sink comp="563" pin=0"/></net>

<net id="567"><net_src comp="563" pin="1"/><net_sink comp="153" pin=2"/></net>

<net id="571"><net_src comp="88" pin="3"/><net_sink comp="568" pin=0"/></net>

<net id="572"><net_src comp="568" pin="1"/><net_sink comp="69" pin=0"/></net>

<net id="576"><net_src comp="96" pin="3"/><net_sink comp="573" pin=0"/></net>

<net id="577"><net_src comp="573" pin="1"/><net_sink comp="82" pin=0"/></net>

<net id="581"><net_src comp="427" pin="2"/><net_sink comp="578" pin=0"/></net>

<net id="585"><net_src comp="442" pin="2"/><net_sink comp="582" pin=0"/></net>

<net id="586"><net_src comp="582" pin="1"/><net_sink comp="108" pin=2"/></net>

</net_list>

</model> 
---------------- Datapath Model END ------------------

* FSMD analyzer results:
  - Output states:
	Port: instance_state | {4 5 6 8 9 10 }
 - Input state : 
	Port: KeccakWidth1600_Spon.13 : instance_state | {4 5 6 8 9 10 }
	Port: KeccakWidth1600_Spon.13 : instance_byteIOIndex_read | {1 }
	Port: KeccakWidth1600_Spon.13 : data | {4 5 8 9 }
	Port: KeccakWidth1600_Spon.13 : dataByteLen | {1 }
	Port: KeccakWidth1600_Spon.13 : KeccakRhoOffsets | {4 6 8 10 }
	Port: KeccakWidth1600_Spon.13 : KeccakRoundConstants | {4 6 8 10 }
  - Chain level:
	State 1
		store_ln194 : 1
	State 2
		icmp_ln194 : 1
		br_ln194 : 2
		icmp_ln195 : 1
		br_ln195 : 2
		trunc_ln195 : 1
		add_ln195 : 2
		icmp_ln195_1 : 3
		br_ln195 : 4
		j : 1
		sext_ln206 : 2
		trunc_ln223 : 1
		partialBlock : 2
		ret_ln0 : 1
	State 3
		icmp_ln206 : 1
		br_ln206 : 2
		trunc_ln216 : 1
		sub_ln216 : 2
		store_ln220 : 3
	State 4
		icmp_ln211 : 1
		loop_48 : 1
		br_ln211 : 2
		zext_ln212 : 1
		add_ln212 : 1
		add_ln212_5 : 2
		zext_ln212_6 : 3
		data_addr_5 : 4
		data_load_4 : 5
		instance_state_addr_11 : 2
		instance_state_load_11 : 3
	State 5
		xor_ln149_7 : 1
		store_ln149 : 1
	State 6
	State 7
		add_ln224 : 1
		icmp_ln224 : 2
		partialBlock_11 : 1
		select_ln224 : 3
		zext_ln229 : 4
		zext_ln229_6 : 4
		i : 5
	State 8
		icmp_ln231 : 1
		loop : 1
		br_ln231 : 2
		trunc_ln232 : 1
		add_ln232 : 2
		zext_ln232 : 3
		data_addr : 4
		data_load : 5
		add_ln232_9 : 1
		zext_ln149 : 2
		instance_state_addr : 3
		instance_state_load : 4
		add_ln236 : 1
		icmp_ln237 : 2
		br_ln237 : 3
		store_ln237 : 2
	State 9
		xor_ln149 : 1
		store_ln149 : 1
	State 10
		p_1_rec_pn : 1
		p_2_rec : 2


============================================================
+ Verbose Summary: Datapath Resource usage 
============================================================

* Functional unit list:
|----------|------------------------------------|---------|---------|---------|---------|---------|
| Operation|           Functional Unit          |   BRAM  |  Delay  |    FF   |   LUT   |   URAM  |
|----------|------------------------------------|---------|---------|---------|---------|---------|
|   call   |  grp_KeccakP1600_Permute_s_fu_172  |    6    |  34.028 |   1100  |   2420  |    0    |
|----------|------------------------------------|---------|---------|---------|---------|---------|
|          |          add_ln195_fu_237          |    0    |    0    |    0    |    37   |    0    |
|          |           loop_48_fu_296           |    0    |    0    |    0    |    15   |    0    |
|          |          add_ln212_fu_311          |    0    |    0    |    0    |    8    |    0    |
|          |         add_ln212_5_fu_321         |    0    |    0    |    0    |    8    |    0    |
|          |             j_13_fu_332            |    0    |    0    |    0    |    71   |    0    |
|          |          add_ln214_fu_338          |    0    |    0    |    0    |    71   |    0    |
|    add   |          add_ln224_fu_344          |    0    |    0    |    0    |    39   |    0    |
|          |              i_fu_376              |    0    |    0    |    0    |    41   |    0    |
|          |             loop_fu_386            |    0    |    0    |    0    |    39   |    0    |
|          |          add_ln232_fu_400          |    0    |    0    |    0    |    15   |    0    |
|          |         add_ln232_9_fu_411         |    0    |    0    |    0    |    39   |    0    |
|          |          add_ln236_fu_422          |    0    |    0    |    0    |    39   |    0    |
|          |           p_2_rec_fu_442           |    0    |    0    |    0    |    71   |    0    |
|----------|------------------------------------|---------|---------|---------|---------|---------|
|          |              j_fu_248              |    0    |    0    |    0    |    41   |    0    |
|    sub   |         partialBlock_fu_261        |    0    |    0    |    0    |    39   |    0    |
|          |          sub_ln216_fu_279          |    0    |    0    |    0    |    41   |    0    |
|          |       partialBlock_11_fu_355       |    0    |    0    |    0    |    39   |    0    |
|----------|------------------------------------|---------|---------|---------|---------|---------|
|          |          icmp_ln194_fu_222         |    0    |    0    |    0    |    21   |    0    |
|          |          icmp_ln195_fu_227         |    0    |    0    |    0    |    18   |    0    |
|          |         icmp_ln195_1_fu_243        |    0    |    0    |    0    |    18   |    0    |
|   icmp   |          icmp_ln206_fu_266         |    0    |    0    |    0    |    29   |    0    |
|          |          icmp_ln211_fu_290         |    0    |    0    |    0    |    11   |    0    |
|          |          icmp_ln224_fu_349         |    0    |    0    |    0    |    18   |    0    |
|          |          icmp_ln231_fu_381         |    0    |    0    |    0    |    18   |    0    |
|          |          icmp_ln237_fu_427         |    0    |    0    |    0    |    18   |    0    |
|----------|------------------------------------|---------|---------|---------|---------|---------|
|  select  |         select_ln224_fu_361        |    0    |    0    |    0    |    32   |    0    |
|----------|------------------------------------|---------|---------|---------|---------|---------|
|    xor   |             grp_fu_190             |    0    |    0    |    0    |    8    |    0    |
|----------|------------------------------------|---------|---------|---------|---------|---------|
|   read   |     dataByteLen_read_read_fu_50    |    0    |    0    |    0    |    0    |    0    |
|          | instance_byteIOIndex_43_read_fu_56 |    0    |    0    |    0    |    0    |    0    |
|----------|------------------------------------|---------|---------|---------|---------|---------|
|          |     dataByteLen_cast1_ca_fu_197    |    0    |    0    |    0    |    0    |    0    |
|          |          zext_ln195_fu_201         |    0    |    0    |    0    |    0    |    0    |
|          |          zext_ln223_fu_205         |    0    |    0    |    0    |    0    |    0    |
|          |          zext_ln216_fu_272         |    0    |    0    |    0    |    0    |    0    |
|   zext   |          zext_ln212_fu_302         |    0    |    0    |    0    |    0    |    0    |
|          |         zext_ln212_6_fu_327        |    0    |    0    |    0    |    0    |    0    |
|          |          zext_ln229_fu_368         |    0    |    0    |    0    |    0    |    0    |
|          |         zext_ln229_6_fu_372        |    0    |    0    |    0    |    0    |    0    |
|          |          zext_ln232_fu_406         |    0    |    0    |    0    |    0    |    0    |
|          |          zext_ln149_fu_417         |    0    |    0    |    0    |    0    |    0    |
|----------|------------------------------------|---------|---------|---------|---------|---------|
|          |         trunc_ln195_fu_233         |    0    |    0    |    0    |    0    |    0    |
|          |         trunc_ln223_fu_257         |    0    |    0    |    0    |    0    |    0    |
|          |         trunc_ln216_fu_275         |    0    |    0    |    0    |    0    |    0    |
|   trunc  |         trunc_ln206_fu_307         |    0    |    0    |    0    |    0    |    0    |
|          |        trunc_ln194_6_fu_317        |    0    |    0    |    0    |    0    |    0    |
|          |         trunc_ln232_fu_392         |    0    |    0    |    0    |    0    |    0    |
|          |         trunc_ln194_fu_396         |    0    |    0    |    0    |    0    |    0    |
|----------|------------------------------------|---------|---------|---------|---------|---------|
|   sext   |          sext_ln206_fu_253         |    0    |    0    |    0    |    0    |    0    |
|----------|------------------------------------|---------|---------|---------|---------|---------|
|   Total  |                                    |    6    |  34.028 |   1100  |   3264  |    0    |
|----------|------------------------------------|---------|---------|---------|---------|---------|

Memories:
N/A

* Register list:
+------------------------------+--------+
|                              |   FF   |
+------------------------------+--------+
|       add_ln214_reg_538      |   64   |
| dataByteLen_cast1_ca_reg_469 |   34   |
|   dataByteLen_read_reg_464   |    8   |
|      data_addr_5_reg_523     |    7   |
|       data_addr_reg_568      |    7   |
|       i_31_load_reg_485      |   34   |
|         i_31_reg_448         |   34   |
|           i_reg_555          |   34   |
|     icmp_ln195_1_reg_497     |    1   |
|      icmp_ln195_reg_493      |    1   |
|      icmp_ln237_reg_578      |    1   |
| instance_byteIOIndex_reg_456 |   32   |
|instance_state_addr_11_reg_528|    8   |
|  instance_state_addr_reg_573 |    8   |
|          j_0_reg_116         |   64   |
|         j_13_reg_533         |   64   |
|        loop_1_reg_149        |   32   |
|        loop_48_reg_518       |    8   |
|         loop_reg_563         |   32   |
|   offset_assign_14_reg_138   |    8   |
|       p_01_rec_reg_104       |   64   |
|      p_1_rec_pn_reg_160      |   64   |
|        p_1_rec_reg_126       |   64   |
|        p_2_rec_reg_582       |   64   |
|     partialBlock_reg_506     |   32   |
|     select_ln224_reg_543     |   32   |
|      sext_ln206_reg_501      |   64   |
|      zext_ln195_reg_475      |   30   |
|      zext_ln223_reg_480      |   32   |
|      zext_ln229_reg_549      |   64   |
+------------------------------+--------+
|             Total            |   991  |
+------------------------------+--------+

* Multiplexer (MUX) list: 
|------------------|------|------|------|--------||---------||---------|
|       Comp       |  Pin | Size |  BW  | S x BW ||  Delay  ||   LUT   |
|------------------|------|------|------|--------||---------||---------|
| grp_access_fu_69 |  p0  |   4  |   7  |   28   ||    21   |
| grp_access_fu_82 |  p0  |   4  |   8  |   32   ||    21   |
| p_01_rec_reg_104 |  p0  |   2  |  64  |   128  ||    9    |
|  p_1_rec_reg_126 |  p0  |   2  |  64  |   128  ||    9    |
|------------------|------|------|------|--------||---------||---------|
|       Total      |      |      |      |   316  ||  5.807  ||    60   |
|------------------|------|------|------|--------||---------||---------|



* Summary:
+-----------+--------+--------+--------+--------+--------+
|           |  BRAM  |  Delay |   FF   |   LUT  |  URAM  |
+-----------+--------+--------+--------+--------+--------+
|  Function |    6   |   34   |  1100  |  3264  |    0   |
|   Memory  |    -   |    -   |    -   |    -   |    -   |
|Multiplexer|    -   |    5   |    -   |   60   |    -   |
|  Register |    -   |    -   |   991  |    -   |    -   |
+-----------+--------+--------+--------+--------+--------+
|   Total   |    6   |   39   |  2091  |  3324  |    0   |
+-----------+--------+--------+--------+--------+--------+
