

================================================================
== Vivado HLS Report for 'KeccakWidth1600_Spon_8'
================================================================
* Date:           Thu May  7 18:30:51 2020

* Version:        2019.2 (Build 2704478 on Wed Nov 06 22:10:23 MST 2019)
* Project:        picnic1
* Solution:       sing_open
* Product family: artix7
* Target device:  xc7a200t-fbg676-2


================================================================
== Performance Estimates
================================================================
+ Timing: 
    * Summary: 
    +--------+----------+----------+------------+
    |  Clock |  Target  | Estimated| Uncertainty|
    +--------+----------+----------+------------+
    |ap_clk  | 10.00 ns | 8.579 ns |   1.25 ns  |
    +--------+----------+----------+------------+

+ Latency: 
    * Summary: 
    +---------+---------+----------+----------+-----+-----+---------+
    |  Latency (cycles) |  Latency (absolute) |  Interval | Pipeline|
    |   min   |   max   |    min   |    max   | min | max |   Type  |
    +---------+---------+----------+----------+-----+-----+---------+
    |        ?|        ?|         ?|         ?|    ?|    ?|   none  |
    +---------+---------+----------+----------+-----+-----+---------+

    + Detail: 
        * Instance: 
        +----------------------------------+-----------------------+---------+---------+----------+----------+-------+-------+---------+
        |                                  |                       |  Latency (cycles) |  Latency (absolute) |    Interval   | Pipeline|
        |             Instance             |         Module        |   min   |   max   |    min   |    max   |  min  |  max  |   Type  |
        +----------------------------------+-----------------------+---------+---------+----------+----------+-------+-------+---------+
        |grp_KeccakP1600_Permute_s_fu_163  |KeccakP1600_Permute_s  |    18584|    18584| 0.186 ms | 0.186 ms |  18584|  18584|   none  |
        +----------------------------------+-----------------------+---------+---------+----------+----------+-------+-------+---------+

        * Loop: 
        +-----------------+---------+---------+----------+-----------+-----------+------+----------+
        |                 |  Latency (cycles) | Iteration|  Initiation Interval  | Trip |          |
        |    Loop Name    |   min   |   max   |  Latency |  achieved |   target  | Count| Pipelined|
        +-----------------+---------+---------+----------+-----------+-----------+------+----------+
        |- Loop 1         |        ?|        ?|         ?|          -|          -|     ?|    no    |
        | + Loop 1.1      |        ?|        ?|     18923|          -|          -|     ?|    no    |
        |  ++ Loop 1.1.1  |      336|      336|         2|          -|          -|   168|    no    |
        | + Loop 1.2      |        ?|        ?|         2|          -|          -|     ?|    no    |
        +-----------------+---------+---------+----------+-----------+-----------+------+----------+

============================================================
+ Verbose Summary: Synthesis Manager
============================================================
InlineROM: 1
ExposeGlobal: 1
============================================================
+ Verbose Summary: CDFG Model
============================================================
IsTopModel: 0
ResetActiveHigh: 1
IsCombinational: 0
IsDatapathOnly: 0
HasWiredReturn: 1
HasMFsm: 0
HasVarLatency: 1
IsPipeline: 0
IsRtlPipelined: 0
IsInstanceOverlapped: 0
IsDontTouch: 0
HasImplIP: 0
IsGatedGlobalClock: 0


============================================================
+ Verbose Summary: Schedule
============================================================
* Number of FSM states : 10
* Pipeline : 0
* Dataflow Pipeline: 0

* FSM state transitions: 
1 --> 2 
2 --> 3 7 
3 --> 4 10 
4 --> 5 6 
5 --> 4 
6 --> 3 
7 --> 8 9 10 
8 --> 7 
9 --> 10 
10 --> 2 

* FSM state operations: 

State 1 <SV = 0> <Delay = 1.45>
ST_1 : Operation 11 [1/1] (0.00ns)   --->   "%i_22 = alloca i34"   --->   Operation 11 'alloca' 'i_22' <Predicate = true> <Delay = 0.00>
ST_1 : Operation 12 [1/1] (0.00ns)   --->   "%instance_byteIOIndex = alloca i32"   --->   Operation 12 'alloca' 'instance_byteIOIndex' <Predicate = true> <Delay = 0.00>
ST_1 : Operation 13 [1/1] (0.00ns)   --->   "%data_0_read_2 = call i8 @_ssdm_op_Read.ap_auto.i8(i8 %data_0_read)" [sha3/KeccakSpongeWidth1600.c:181]   --->   Operation 13 'read' 'data_0_read_2' <Predicate = true> <Delay = 0.00>
ST_1 : Operation 14 [1/1] (0.00ns)   --->   "%instance_byteIOIndex_5 = call i32 @_ssdm_op_Read.ap_auto.i32(i32 %instance_byteIOIndex_read)" [sha3/KeccakSpongeWidth1600.c:181]   --->   Operation 14 'read' 'instance_byteIOIndex_5' <Predicate = true> <Delay = 0.00>
ST_1 : Operation 15 [1/1] (1.45ns)   --->   "store i32 %instance_byteIOIndex_5, i32* %instance_byteIOIndex" [sha3/KeccakSpongeWidth1600.c:194]   --->   Operation 15 'store' <Predicate = true> <Delay = 1.45>
ST_1 : Operation 16 [1/1] (1.45ns)   --->   "store i34 0, i34* %i_22" [sha3/KeccakSpongeWidth1600.c:194]   --->   Operation 16 'store' <Predicate = true> <Delay = 1.45>
ST_1 : Operation 17 [1/1] (1.35ns)   --->   "br label %.preheader2" [sha3/KeccakSpongeWidth1600.c:194]   --->   Operation 17 'br' <Predicate = true> <Delay = 1.35>

State 2 <SV = 1> <Delay = 8.49>
ST_2 : Operation 18 [1/1] (0.00ns)   --->   "%p_01_rec = phi i64 [ 0, %.preheader2.preheader ], [ %p_2_rec, %._crit_edge6 ]" [sha3/KeccakSpongeWidth1600.c:214]   --->   Operation 18 'phi' 'p_01_rec' <Predicate = true> <Delay = 0.00>
ST_2 : Operation 19 [1/1] (0.00ns)   --->   "%i_22_load = load i34* %i_22" [sha3/KeccakSpongeWidth1600.c:223]   --->   Operation 19 'load' 'i_22_load' <Predicate = true> <Delay = 0.00>
ST_2 : Operation 20 [1/1] (0.00ns)   --->   "%tmp = call i33 @_ssdm_op_PartSelect.i33.i34.i32.i32(i34 %i_22_load, i32 1, i32 33)" [sha3/KeccakSpongeWidth1600.c:194]   --->   Operation 20 'partselect' 'tmp' <Predicate = true> <Delay = 0.00>
ST_2 : Operation 21 [1/1] (2.11ns)   --->   "%icmp_ln194 = icmp eq i33 %tmp, 0" [sha3/KeccakSpongeWidth1600.c:194]   --->   Operation 21 'icmp' 'icmp_ln194' <Predicate = true> <Delay = 2.11> <Core = "Cmp">   --->   Core 25 'Cmp' <Latency = 0> <II = 1> <Delay = 2.11> <FuncUnit> <Opcode : 'icmp'> <InPorts = 2> <OutPorts = 1>
ST_2 : Operation 22 [1/1] (0.00ns)   --->   "br i1 %icmp_ln194, label %0, label %.loopexit" [sha3/KeccakSpongeWidth1600.c:194]   --->   Operation 22 'br' <Predicate = true> <Delay = 0.00>
ST_2 : Operation 23 [1/1] (0.00ns)   --->   "%instance_byteIOIndex_6 = load i32* %instance_byteIOIndex" [sha3/KeccakSpongeWidth1600.c:195]   --->   Operation 23 'load' 'instance_byteIOIndex_6' <Predicate = (icmp_ln194)> <Delay = 0.00>
ST_2 : Operation 24 [1/1] (2.11ns)   --->   "%icmp_ln195 = icmp eq i32 %instance_byteIOIndex_6, 0" [sha3/KeccakSpongeWidth1600.c:195]   --->   Operation 24 'icmp' 'icmp_ln195' <Predicate = (icmp_ln194)> <Delay = 2.11> <Core = "Cmp">   --->   Core 25 'Cmp' <Latency = 0> <II = 1> <Delay = 2.11> <FuncUnit> <Opcode : 'icmp'> <InPorts = 2> <OutPorts = 1>
ST_2 : Operation 25 [1/1] (0.00ns)   --->   "br i1 %icmp_ln195, label %1, label %._crit_edge" [sha3/KeccakSpongeWidth1600.c:195]   --->   Operation 25 'br' <Predicate = (icmp_ln194)> <Delay = 0.00>
ST_2 : Operation 26 [1/1] (0.00ns)   --->   "%trunc_ln195 = trunc i34 %i_22_load to i30" [sha3/KeccakSpongeWidth1600.c:195]   --->   Operation 26 'trunc' 'trunc_ln195' <Predicate = (icmp_ln194 & icmp_ln195)> <Delay = 0.00>
ST_2 : Operation 27 [1/1] (2.13ns)   --->   "%add_ln195 = add i30 168, %trunc_ln195" [sha3/KeccakSpongeWidth1600.c:195]   --->   Operation 27 'add' 'add_ln195' <Predicate = (icmp_ln194 & icmp_ln195)> <Delay = 2.13> <Core = "AddSub">   --->   Core 14 'AddSub' <Latency = 0> <II = 1> <Delay = 2.99> <FuncUnit> <Opcode : 'add' 'sub'> <InPorts = 2> <OutPorts = 1>
ST_2 : Operation 28 [1/1] (2.09ns)   --->   "%icmp_ln195_1 = icmp ugt i30 %add_ln195, 2" [sha3/KeccakSpongeWidth1600.c:195]   --->   Operation 28 'icmp' 'icmp_ln195_1' <Predicate = (icmp_ln194 & icmp_ln195)> <Delay = 2.09> <Core = "Cmp">   --->   Core 25 'Cmp' <Latency = 0> <II = 1> <Delay = 2.11> <FuncUnit> <Opcode : 'icmp'> <InPorts = 2> <OutPorts = 1>
ST_2 : Operation 29 [1/1] (0.00ns)   --->   "br i1 %icmp_ln195_1, label %._crit_edge, label %2" [sha3/KeccakSpongeWidth1600.c:195]   --->   Operation 29 'br' <Predicate = (icmp_ln194 & icmp_ln195)> <Delay = 0.00>
ST_2 : Operation 30 [1/1] (2.23ns)   --->   "%j = sub i34 2, %i_22_load" [sha3/KeccakSpongeWidth1600.c:206]   --->   Operation 30 'sub' 'j' <Predicate = (icmp_ln194 & icmp_ln195 & !icmp_ln195_1)> <Delay = 2.23> <Core = "AddSub">   --->   Core 14 'AddSub' <Latency = 0> <II = 1> <Delay = 2.99> <FuncUnit> <Opcode : 'add' 'sub'> <InPorts = 2> <OutPorts = 1>
ST_2 : Operation 31 [1/1] (0.00ns)   --->   "%zext_ln206 = zext i34 %j to i64" [sha3/KeccakSpongeWidth1600.c:206]   --->   Operation 31 'zext' 'zext_ln206' <Predicate = (icmp_ln194 & icmp_ln195 & !icmp_ln195_1)> <Delay = 0.00>
ST_2 : Operation 32 [1/1] (0.00ns)   --->   "%trunc_ln212 = trunc i64 %p_01_rec to i1" [sha3/KeccakSpongeWidth1600.c:212]   --->   Operation 32 'trunc' 'trunc_ln212' <Predicate = (icmp_ln194 & icmp_ln195 & !icmp_ln195_1)> <Delay = 0.00>
ST_2 : Operation 33 [1/1] (1.35ns)   --->   "br label %3" [sha3/KeccakSpongeWidth1600.c:206]   --->   Operation 33 'br' <Predicate = (icmp_ln194 & icmp_ln195 & !icmp_ln195_1)> <Delay = 1.35>
ST_2 : Operation 34 [1/1] (0.00ns)   --->   "%instance_byteIOIndex_7 = load i32* %instance_byteIOIndex" [sha3/KeccakSpongeWidth1600.c:224]   --->   Operation 34 'load' 'instance_byteIOIndex_7' <Predicate = (icmp_ln194 & icmp_ln195_1) | (icmp_ln194 & !icmp_ln195)> <Delay = 0.00>
ST_2 : Operation 35 [1/1] (0.00ns)   --->   "%trunc_ln223 = trunc i34 %i_22_load to i2" [sha3/KeccakSpongeWidth1600.c:223]   --->   Operation 35 'trunc' 'trunc_ln223' <Predicate = (icmp_ln194 & icmp_ln195_1) | (icmp_ln194 & !icmp_ln195)> <Delay = 0.00>
ST_2 : Operation 36 [1/1] (1.20ns)   --->   "%partialBlock = sub i2 -2, %trunc_ln223" [sha3/KeccakSpongeWidth1600.c:223]   --->   Operation 36 'sub' 'partialBlock' <Predicate = (icmp_ln194 & icmp_ln195_1) | (icmp_ln194 & !icmp_ln195)> <Delay = 1.20> <Core = "AddSub">   --->   Core 14 'AddSub' <Latency = 0> <II = 1> <Delay = 2.99> <FuncUnit> <Opcode : 'add' 'sub'> <InPorts = 2> <OutPorts = 1>
ST_2 : Operation 37 [1/1] (0.00ns)   --->   "%zext_ln223 = zext i2 %partialBlock to i32" [sha3/KeccakSpongeWidth1600.c:223]   --->   Operation 37 'zext' 'zext_ln223' <Predicate = (icmp_ln194 & icmp_ln195_1) | (icmp_ln194 & !icmp_ln195)> <Delay = 0.00>
ST_2 : Operation 38 [1/1] (2.18ns)   --->   "%add_ln224 = add i32 %zext_ln223, %instance_byteIOIndex_7" [sha3/KeccakSpongeWidth1600.c:224]   --->   Operation 38 'add' 'add_ln224' <Predicate = (icmp_ln194 & icmp_ln195_1) | (icmp_ln194 & !icmp_ln195)> <Delay = 2.18> <Core = "AddSub">   --->   Core 14 'AddSub' <Latency = 0> <II = 1> <Delay = 2.99> <FuncUnit> <Opcode : 'add' 'sub'> <InPorts = 2> <OutPorts = 1>
ST_2 : Operation 39 [1/1] (2.11ns)   --->   "%icmp_ln224 = icmp ugt i32 %add_ln224, 168" [sha3/KeccakSpongeWidth1600.c:224]   --->   Operation 39 'icmp' 'icmp_ln224' <Predicate = (icmp_ln194 & icmp_ln195_1) | (icmp_ln194 & !icmp_ln195)> <Delay = 2.11> <Core = "Cmp">   --->   Core 25 'Cmp' <Latency = 0> <II = 1> <Delay = 2.11> <FuncUnit> <Opcode : 'icmp'> <InPorts = 2> <OutPorts = 1>
ST_2 : Operation 40 [1/1] (2.18ns)   --->   "%partialBlock_1 = sub i32 168, %instance_byteIOIndex_7" [sha3/KeccakSpongeWidth1600.c:225]   --->   Operation 40 'sub' 'partialBlock_1' <Predicate = (icmp_ln194 & icmp_ln195_1) | (icmp_ln194 & !icmp_ln195)> <Delay = 2.18> <Core = "AddSub">   --->   Core 14 'AddSub' <Latency = 0> <II = 1> <Delay = 2.99> <FuncUnit> <Opcode : 'add' 'sub'> <InPorts = 2> <OutPorts = 1>
ST_2 : Operation 41 [1/1] (0.77ns)   --->   "%select_ln224 = select i1 %icmp_ln224, i32 %partialBlock_1, i32 %zext_ln223" [sha3/KeccakSpongeWidth1600.c:224]   --->   Operation 41 'select' 'select_ln224' <Predicate = (icmp_ln194 & icmp_ln195_1) | (icmp_ln194 & !icmp_ln195)> <Delay = 0.77> <Core = "Sel">   --->   Core 26 'Sel' <Latency = 0> <II = 1> <Delay = 1.07> <FuncUnit> <Opcode : 'select'> <InPorts = 3> <OutPorts = 1>
ST_2 : Operation 42 [1/1] (0.00ns)   --->   "%zext_ln229 = zext i32 %select_ln224 to i64" [sha3/KeccakSpongeWidth1600.c:229]   --->   Operation 42 'zext' 'zext_ln229' <Predicate = (icmp_ln194 & icmp_ln195_1) | (icmp_ln194 & !icmp_ln195)> <Delay = 0.00>
ST_2 : Operation 43 [1/1] (0.00ns)   --->   "%zext_ln229_1 = zext i32 %select_ln224 to i34" [sha3/KeccakSpongeWidth1600.c:229]   --->   Operation 43 'zext' 'zext_ln229_1' <Predicate = (icmp_ln194 & icmp_ln195_1) | (icmp_ln194 & !icmp_ln195)> <Delay = 0.00>
ST_2 : Operation 44 [1/1] (2.23ns)   --->   "%i = add i34 %zext_ln229_1, %i_22_load" [sha3/KeccakSpongeWidth1600.c:229]   --->   Operation 44 'add' 'i' <Predicate = (icmp_ln194 & icmp_ln195_1) | (icmp_ln194 & !icmp_ln195)> <Delay = 2.23> <Core = "AddSub">   --->   Core 14 'AddSub' <Latency = 0> <II = 1> <Delay = 2.99> <FuncUnit> <Opcode : 'add' 'sub'> <InPorts = 2> <OutPorts = 1>
ST_2 : Operation 45 [1/1] (0.00ns)   --->   "%trunc_ln232 = trunc i64 %p_01_rec to i1" [sha3/KeccakSpongeWidth1600.c:232]   --->   Operation 45 'trunc' 'trunc_ln232' <Predicate = (icmp_ln194 & icmp_ln195_1) | (icmp_ln194 & !icmp_ln195)> <Delay = 0.00>
ST_2 : Operation 46 [1/1] (1.35ns)   --->   "br label %7" [sha3/KeccakSpongeWidth1600.c:231]   --->   Operation 46 'br' <Predicate = (icmp_ln194 & icmp_ln195_1) | (icmp_ln194 & !icmp_ln195)> <Delay = 1.35>
ST_2 : Operation 47 [1/1] (0.00ns)   --->   "%instance_byteIOIndex_10 = load i32* %instance_byteIOIndex"   --->   Operation 47 'load' 'instance_byteIOIndex_10' <Predicate = (!icmp_ln194)> <Delay = 0.00>
ST_2 : Operation 48 [1/1] (0.00ns)   --->   "ret i32 %instance_byteIOIndex_10"   --->   Operation 48 'ret' <Predicate = (!icmp_ln194)> <Delay = 0.00>

State 3 <SV = 2> <Delay = 3.68>
ST_3 : Operation 49 [1/1] (0.00ns)   --->   "%j_0 = phi i64 [ %zext_ln206, %2 ], [ %j_5, %5 ]"   --->   Operation 49 'phi' 'j_0' <Predicate = true> <Delay = 0.00>
ST_3 : Operation 50 [1/1] (0.00ns)   --->   "%p_1_rec = phi i64 [ 0, %2 ], [ %add_ln214, %5 ]" [sha3/KeccakSpongeWidth1600.c:214]   --->   Operation 50 'phi' 'p_1_rec' <Predicate = true> <Delay = 0.00>
ST_3 : Operation 51 [1/1] (2.34ns)   --->   "%icmp_ln206 = icmp ult i64 %j_0, 168" [sha3/KeccakSpongeWidth1600.c:206]   --->   Operation 51 'icmp' 'icmp_ln206' <Predicate = true> <Delay = 2.34> <Core = "Cmp">   --->   Core 25 'Cmp' <Latency = 0> <II = 1> <Delay = 2.11> <FuncUnit> <Opcode : 'icmp'> <InPorts = 2> <OutPorts = 1>
ST_3 : Operation 52 [1/1] (0.00ns)   --->   "br i1 %icmp_ln206, label %6, label %.preheader.preheader" [sha3/KeccakSpongeWidth1600.c:206]   --->   Operation 52 'br' <Predicate = true> <Delay = 0.00>
ST_3 : Operation 53 [1/1] (1.35ns)   --->   "br label %.preheader" [sha3/KeccakSpongeWidth1600.c:211]   --->   Operation 53 'br' <Predicate = (!icmp_ln206)> <Delay = 1.35>
ST_3 : Operation 54 [1/1] (0.00ns)   --->   "%trunc_ln216 = trunc i64 %j_0 to i34" [sha3/KeccakSpongeWidth1600.c:216]   --->   Operation 54 'trunc' 'trunc_ln216' <Predicate = (icmp_ln206)> <Delay = 0.00>
ST_3 : Operation 55 [1/1] (2.23ns)   --->   "%sub_ln216 = sub i34 2, %trunc_ln216" [sha3/KeccakSpongeWidth1600.c:216]   --->   Operation 55 'sub' 'sub_ln216' <Predicate = (icmp_ln206)> <Delay = 2.23> <Core = "AddSub">   --->   Core 14 'AddSub' <Latency = 0> <II = 1> <Delay = 2.99> <FuncUnit> <Opcode : 'add' 'sub'> <InPorts = 2> <OutPorts = 1>
ST_3 : Operation 56 [1/1] (1.45ns)   --->   "store i32 0, i32* %instance_byteIOIndex" [sha3/KeccakSpongeWidth1600.c:220]   --->   Operation 56 'store' <Predicate = (icmp_ln206)> <Delay = 1.45>
ST_3 : Operation 57 [1/1] (1.45ns)   --->   "store i34 %sub_ln216, i34* %i_22" [sha3/KeccakSpongeWidth1600.c:220]   --->   Operation 57 'store' <Predicate = (icmp_ln206)> <Delay = 1.45>
ST_3 : Operation 58 [1/1] (1.35ns)   --->   "br label %._crit_edge6" [sha3/KeccakSpongeWidth1600.c:220]   --->   Operation 58 'br' <Predicate = (icmp_ln206)> <Delay = 1.35>

State 4 <SV = 3> <Delay = 2.99>
ST_4 : Operation 59 [1/1] (0.00ns)   --->   "%offset_assign_9 = phi i8 [ %loop_40, %4 ], [ 0, %.preheader.preheader ]"   --->   Operation 59 'phi' 'offset_assign_9' <Predicate = true> <Delay = 0.00>
ST_4 : Operation 60 [1/1] (1.24ns)   --->   "%icmp_ln211 = icmp eq i8 %offset_assign_9, -88" [sha3/KeccakSpongeWidth1600.c:211]   --->   Operation 60 'icmp' 'icmp_ln211' <Predicate = true> <Delay = 1.24> <Core = "Cmp">   --->   Core 25 'Cmp' <Latency = 0> <II = 1> <Delay = 2.11> <FuncUnit> <Opcode : 'icmp'> <InPorts = 2> <OutPorts = 1>
ST_4 : Operation 61 [1/1] (1.71ns)   --->   "%loop_40 = add i8 %offset_assign_9, 1" [sha3/KeccakSpongeWidth1600.c:211]   --->   Operation 61 'add' 'loop_40' <Predicate = true> <Delay = 1.71> <Core = "AddSub">   --->   Core 14 'AddSub' <Latency = 0> <II = 1> <Delay = 2.99> <FuncUnit> <Opcode : 'add' 'sub'> <InPorts = 2> <OutPorts = 1>
ST_4 : Operation 62 [1/1] (0.00ns)   --->   "%empty = call i32 (...)* @_ssdm_op_SpecLoopTripCount(i64 168, i64 168, i64 168)"   --->   Operation 62 'speclooptripcount' 'empty' <Predicate = true> <Delay = 0.00>
ST_4 : Operation 63 [1/1] (0.00ns)   --->   "br i1 %icmp_ln211, label %5, label %4" [sha3/KeccakSpongeWidth1600.c:211]   --->   Operation 63 'br' <Predicate = true> <Delay = 0.00>
ST_4 : Operation 64 [1/1] (0.00ns)   --->   "%zext_ln149_1 = zext i8 %offset_assign_9 to i64" [sha3/KeccakP-1600-reference.c:149->sha3/KeccakSpongeWidth1600.c:212]   --->   Operation 64 'zext' 'zext_ln149_1' <Predicate = (!icmp_ln211)> <Delay = 0.00>
ST_4 : Operation 65 [1/1] (0.00ns)   --->   "%instance_state_addr_1 = getelementptr [200 x i8]* %instance_state, i64 0, i64 %zext_ln149_1" [sha3/KeccakP-1600-reference.c:149->sha3/KeccakSpongeWidth1600.c:212]   --->   Operation 65 'getelementptr' 'instance_state_addr_1' <Predicate = (!icmp_ln211)> <Delay = 0.00>
ST_4 : Operation 66 [2/2] (2.77ns)   --->   "%instance_state_load_1 = load i8* %instance_state_addr_1, align 1" [sha3/KeccakP-1600-reference.c:149->sha3/KeccakSpongeWidth1600.c:212]   --->   Operation 66 'load' 'instance_state_load_1' <Predicate = (!icmp_ln211)> <Delay = 2.77> <Core = "RAM">   --->   Core 37 'RAM' <Latency = 1> <II = 1> <Delay = 2.77> <Storage> <Opcode : 'load' 'store'> <Ports = 2> <Width = 64> <Depth = 25> <RAM>
ST_4 : Operation 67 [2/2] (1.35ns)   --->   "call fastcc void @KeccakP1600_Permute_([200 x i8]* %instance_state)" [sha3/KeccakSpongeWidth1600.c:213]   --->   Operation 67 'call' <Predicate = (icmp_ln211)> <Delay = 1.35> <CoreType = "Generic">   --->   Core 0 '' <Latency = 0> <II = 1> <Delay = 1.00> <Generic> <Opcode : >
ST_4 : Operation 68 [1/1] (2.99ns)   --->   "%j_5 = add i64 %j_0, -168" [sha3/KeccakSpongeWidth1600.c:206]   --->   Operation 68 'add' 'j_5' <Predicate = (icmp_ln211)> <Delay = 2.99> <Core = "AddSub">   --->   Core 14 'AddSub' <Latency = 0> <II = 1> <Delay = 2.99> <FuncUnit> <Opcode : 'add' 'sub'> <InPorts = 2> <OutPorts = 1>

State 5 <SV = 4> <Delay = 6.62>
ST_5 : Operation 69 [1/1] (0.00ns) (grouped into LUT with out node xor_ln149_1)   --->   "%trunc_ln212_1 = trunc i8 %offset_assign_9 to i1" [sha3/KeccakSpongeWidth1600.c:212]   --->   Operation 69 'trunc' 'trunc_ln212_1' <Predicate = true> <Delay = 0.00>
ST_5 : Operation 70 [1/1] (0.00ns) (grouped into LUT with out node xor_ln149_1)   --->   "%xor_ln212 = xor i1 %trunc_ln212, %trunc_ln212_1" [sha3/KeccakSpongeWidth1600.c:212]   --->   Operation 70 'xor' 'xor_ln212' <Predicate = true> <Delay = 0.00> <Core = "LogicGate">   --->   Core 27 'LogicGate' <Latency = 0> <II = 1> <Delay = 0.80> <FuncUnit> <Opcode : 'and' 'or' 'xor'> <InPorts = 2> <OutPorts = 1>
ST_5 : Operation 71 [1/1] (0.00ns) (grouped into LUT with out node xor_ln149_1)   --->   "%select_ln212 = select i1 %xor_ln212, i8 0, i8 %data_0_read_2" [sha3/KeccakSpongeWidth1600.c:212]   --->   Operation 71 'select' 'select_ln212' <Predicate = true> <Delay = 0.00> <Core = "Sel">   --->   Core 26 'Sel' <Latency = 0> <II = 1> <Delay = 1.07> <FuncUnit> <Opcode : 'select'> <InPorts = 3> <OutPorts = 1>
ST_5 : Operation 72 [1/2] (2.77ns)   --->   "%instance_state_load_1 = load i8* %instance_state_addr_1, align 1" [sha3/KeccakP-1600-reference.c:149->sha3/KeccakSpongeWidth1600.c:212]   --->   Operation 72 'load' 'instance_state_load_1' <Predicate = true> <Delay = 2.77> <Core = "RAM">   --->   Core 37 'RAM' <Latency = 1> <II = 1> <Delay = 2.77> <Storage> <Opcode : 'load' 'store'> <Ports = 2> <Width = 64> <Depth = 25> <RAM>
ST_5 : Operation 73 [1/1] (1.07ns) (out node of the LUT)   --->   "%xor_ln149_1 = xor i8 %instance_state_load_1, %select_ln212" [sha3/KeccakP-1600-reference.c:149->sha3/KeccakSpongeWidth1600.c:212]   --->   Operation 73 'xor' 'xor_ln149_1' <Predicate = true> <Delay = 1.07> <Core = "LogicGate">   --->   Core 27 'LogicGate' <Latency = 0> <II = 1> <Delay = 0.80> <FuncUnit> <Opcode : 'and' 'or' 'xor'> <InPorts = 2> <OutPorts = 1>
ST_5 : Operation 74 [1/1] (2.77ns)   --->   "store i8 %xor_ln149_1, i8* %instance_state_addr_1, align 1" [sha3/KeccakP-1600-reference.c:149->sha3/KeccakSpongeWidth1600.c:212]   --->   Operation 74 'store' <Predicate = true> <Delay = 2.77> <Core = "RAM">   --->   Core 37 'RAM' <Latency = 1> <II = 1> <Delay = 2.77> <Storage> <Opcode : 'load' 'store'> <Ports = 2> <Width = 64> <Depth = 25> <RAM>
ST_5 : Operation 75 [1/1] (0.00ns)   --->   "br label %.preheader" [sha3/KeccakSpongeWidth1600.c:211]   --->   Operation 75 'br' <Predicate = true> <Delay = 0.00>

State 6 <SV = 4> <Delay = 2.99>
ST_6 : Operation 76 [1/2] (0.00ns)   --->   "call fastcc void @KeccakP1600_Permute_([200 x i8]* %instance_state)" [sha3/KeccakSpongeWidth1600.c:213]   --->   Operation 76 'call' <Predicate = true> <Delay = 0.00> <CoreType = "Generic">   --->   Core 0 '' <Latency = 0> <II = 1> <Delay = 1.00> <Generic> <Opcode : >
ST_6 : Operation 77 [1/1] (2.99ns)   --->   "%add_ln214 = add i64 %p_1_rec, 168" [sha3/KeccakSpongeWidth1600.c:214]   --->   Operation 77 'add' 'add_ln214' <Predicate = true> <Delay = 2.99> <Core = "AddSub">   --->   Core 14 'AddSub' <Latency = 0> <II = 1> <Delay = 2.99> <FuncUnit> <Opcode : 'add' 'sub'> <InPorts = 2> <OutPorts = 1>
ST_6 : Operation 78 [1/1] (0.00ns)   --->   "br label %3" [sha3/KeccakSpongeWidth1600.c:206]   --->   Operation 78 'br' <Predicate = true> <Delay = 0.00>

State 7 <SV = 2> <Delay = 4.95>
ST_7 : Operation 79 [1/1] (0.00ns)   --->   "%loop_1 = phi i32 [ 0, %._crit_edge ], [ %loop, %8 ]"   --->   Operation 79 'phi' 'loop_1' <Predicate = true> <Delay = 0.00>
ST_7 : Operation 80 [1/1] (2.11ns)   --->   "%icmp_ln231 = icmp eq i32 %loop_1, %select_ln224" [sha3/KeccakSpongeWidth1600.c:231]   --->   Operation 80 'icmp' 'icmp_ln231' <Predicate = true> <Delay = 2.11> <Core = "Cmp">   --->   Core 25 'Cmp' <Latency = 0> <II = 1> <Delay = 2.11> <FuncUnit> <Opcode : 'icmp'> <InPorts = 2> <OutPorts = 1>
ST_7 : Operation 81 [1/1] (2.18ns)   --->   "%loop = add nsw i32 %loop_1, 1" [sha3/KeccakSpongeWidth1600.c:231]   --->   Operation 81 'add' 'loop' <Predicate = true> <Delay = 2.18> <Core = "AddSub">   --->   Core 14 'AddSub' <Latency = 0> <II = 1> <Delay = 2.99> <FuncUnit> <Opcode : 'add' 'sub'> <InPorts = 2> <OutPorts = 1>
ST_7 : Operation 82 [1/1] (0.00ns)   --->   "br i1 %icmp_ln231, label %9, label %8" [sha3/KeccakSpongeWidth1600.c:231]   --->   Operation 82 'br' <Predicate = true> <Delay = 0.00>
ST_7 : Operation 83 [1/1] (0.00ns)   --->   "%instance_byteIOIndex_8 = load i32* %instance_byteIOIndex" [sha3/KeccakSpongeWidth1600.c:232]   --->   Operation 83 'load' 'instance_byteIOIndex_8' <Predicate = (!icmp_ln231)> <Delay = 0.00>
ST_7 : Operation 84 [1/1] (2.18ns)   --->   "%add_ln232 = add i32 %instance_byteIOIndex_8, %loop_1" [sha3/KeccakSpongeWidth1600.c:232]   --->   Operation 84 'add' 'add_ln232' <Predicate = (!icmp_ln231)> <Delay = 2.18> <Core = "AddSub">   --->   Core 14 'AddSub' <Latency = 0> <II = 1> <Delay = 2.99> <FuncUnit> <Opcode : 'add' 'sub'> <InPorts = 2> <OutPorts = 1>
ST_7 : Operation 85 [1/1] (0.00ns)   --->   "%zext_ln149 = zext i32 %add_ln232 to i64" [sha3/KeccakP-1600-reference.c:149->sha3/KeccakSpongeWidth1600.c:232]   --->   Operation 85 'zext' 'zext_ln149' <Predicate = (!icmp_ln231)> <Delay = 0.00>
ST_7 : Operation 86 [1/1] (0.00ns)   --->   "%instance_state_addr = getelementptr [200 x i8]* %instance_state, i64 0, i64 %zext_ln149" [sha3/KeccakP-1600-reference.c:149->sha3/KeccakSpongeWidth1600.c:232]   --->   Operation 86 'getelementptr' 'instance_state_addr' <Predicate = (!icmp_ln231)> <Delay = 0.00>
ST_7 : Operation 87 [2/2] (2.77ns)   --->   "%instance_state_load = load i8* %instance_state_addr, align 1" [sha3/KeccakP-1600-reference.c:149->sha3/KeccakSpongeWidth1600.c:232]   --->   Operation 87 'load' 'instance_state_load' <Predicate = (!icmp_ln231)> <Delay = 2.77> <Core = "RAM">   --->   Core 37 'RAM' <Latency = 1> <II = 1> <Delay = 2.77> <Storage> <Opcode : 'load' 'store'> <Ports = 2> <Width = 64> <Depth = 25> <RAM>
ST_7 : Operation 88 [1/1] (0.00ns)   --->   "%instance_byteIOIndex_9 = load i32* %instance_byteIOIndex" [sha3/KeccakSpongeWidth1600.c:236]   --->   Operation 88 'load' 'instance_byteIOIndex_9' <Predicate = (icmp_ln231)> <Delay = 0.00>
ST_7 : Operation 89 [1/1] (2.18ns)   --->   "%add_ln236 = add i32 %instance_byteIOIndex_9, %select_ln224" [sha3/KeccakSpongeWidth1600.c:236]   --->   Operation 89 'add' 'add_ln236' <Predicate = (icmp_ln231)> <Delay = 2.18> <Core = "AddSub">   --->   Core 14 'AddSub' <Latency = 0> <II = 1> <Delay = 2.99> <FuncUnit> <Opcode : 'add' 'sub'> <InPorts = 2> <OutPorts = 1>
ST_7 : Operation 90 [1/1] (2.11ns)   --->   "%icmp_ln237 = icmp eq i32 %add_ln236, 168" [sha3/KeccakSpongeWidth1600.c:237]   --->   Operation 90 'icmp' 'icmp_ln237' <Predicate = (icmp_ln231)> <Delay = 2.11> <Core = "Cmp">   --->   Core 25 'Cmp' <Latency = 0> <II = 1> <Delay = 2.11> <FuncUnit> <Opcode : 'icmp'> <InPorts = 2> <OutPorts = 1>
ST_7 : Operation 91 [1/1] (1.45ns)   --->   "store i34 %i, i34* %i_22" [sha3/KeccakSpongeWidth1600.c:237]   --->   Operation 91 'store' <Predicate = (icmp_ln231)> <Delay = 1.45>
ST_7 : Operation 92 [1/1] (0.00ns)   --->   "br i1 %icmp_ln237, label %10, label %.._crit_edge6_crit_edge" [sha3/KeccakSpongeWidth1600.c:237]   --->   Operation 92 'br' <Predicate = (icmp_ln231)> <Delay = 0.00>
ST_7 : Operation 93 [1/1] (1.45ns)   --->   "store i32 %add_ln236, i32* %instance_byteIOIndex" [sha3/KeccakSpongeWidth1600.c:237]   --->   Operation 93 'store' <Predicate = (icmp_ln231 & !icmp_ln237)> <Delay = 1.45>
ST_7 : Operation 94 [1/1] (1.35ns)   --->   "br label %._crit_edge6" [sha3/KeccakSpongeWidth1600.c:237]   --->   Operation 94 'br' <Predicate = (icmp_ln231 & !icmp_ln237)> <Delay = 1.35>
ST_7 : Operation 95 [2/2] (1.35ns)   --->   "call fastcc void @KeccakP1600_Permute_([200 x i8]* %instance_state)" [sha3/KeccakSpongeWidth1600.c:238]   --->   Operation 95 'call' <Predicate = (icmp_ln231 & icmp_ln237)> <Delay = 1.35> <CoreType = "Generic">   --->   Core 0 '' <Latency = 0> <II = 1> <Delay = 1.00> <Generic> <Opcode : >
ST_7 : Operation 96 [1/1] (1.45ns)   --->   "store i32 0, i32* %instance_byteIOIndex" [sha3/KeccakSpongeWidth1600.c:240]   --->   Operation 96 'store' <Predicate = (icmp_ln231 & icmp_ln237)> <Delay = 1.45>

State 8 <SV = 3> <Delay = 6.62>
ST_8 : Operation 97 [1/1] (0.00ns) (grouped into LUT with out node xor_ln149)   --->   "%trunc_ln232_1 = trunc i32 %loop_1 to i1" [sha3/KeccakSpongeWidth1600.c:232]   --->   Operation 97 'trunc' 'trunc_ln232_1' <Predicate = true> <Delay = 0.00>
ST_8 : Operation 98 [1/1] (0.00ns) (grouped into LUT with out node xor_ln149)   --->   "%xor_ln232 = xor i1 %trunc_ln232_1, %trunc_ln232" [sha3/KeccakSpongeWidth1600.c:232]   --->   Operation 98 'xor' 'xor_ln232' <Predicate = true> <Delay = 0.00> <Core = "LogicGate">   --->   Core 27 'LogicGate' <Latency = 0> <II = 1> <Delay = 0.80> <FuncUnit> <Opcode : 'and' 'or' 'xor'> <InPorts = 2> <OutPorts = 1>
ST_8 : Operation 99 [1/1] (0.00ns) (grouped into LUT with out node xor_ln149)   --->   "%select_ln232 = select i1 %xor_ln232, i8 0, i8 %data_0_read_2" [sha3/KeccakSpongeWidth1600.c:232]   --->   Operation 99 'select' 'select_ln232' <Predicate = true> <Delay = 0.00> <Core = "Sel">   --->   Core 26 'Sel' <Latency = 0> <II = 1> <Delay = 1.07> <FuncUnit> <Opcode : 'select'> <InPorts = 3> <OutPorts = 1>
ST_8 : Operation 100 [1/2] (2.77ns)   --->   "%instance_state_load = load i8* %instance_state_addr, align 1" [sha3/KeccakP-1600-reference.c:149->sha3/KeccakSpongeWidth1600.c:232]   --->   Operation 100 'load' 'instance_state_load' <Predicate = true> <Delay = 2.77> <Core = "RAM">   --->   Core 37 'RAM' <Latency = 1> <II = 1> <Delay = 2.77> <Storage> <Opcode : 'load' 'store'> <Ports = 2> <Width = 64> <Depth = 25> <RAM>
ST_8 : Operation 101 [1/1] (1.07ns) (out node of the LUT)   --->   "%xor_ln149 = xor i8 %instance_state_load, %select_ln232" [sha3/KeccakP-1600-reference.c:149->sha3/KeccakSpongeWidth1600.c:232]   --->   Operation 101 'xor' 'xor_ln149' <Predicate = true> <Delay = 1.07> <Core = "LogicGate">   --->   Core 27 'LogicGate' <Latency = 0> <II = 1> <Delay = 0.80> <FuncUnit> <Opcode : 'and' 'or' 'xor'> <InPorts = 2> <OutPorts = 1>
ST_8 : Operation 102 [1/1] (2.77ns)   --->   "store i8 %xor_ln149, i8* %instance_state_addr, align 1" [sha3/KeccakP-1600-reference.c:149->sha3/KeccakSpongeWidth1600.c:232]   --->   Operation 102 'store' <Predicate = true> <Delay = 2.77> <Core = "RAM">   --->   Core 37 'RAM' <Latency = 1> <II = 1> <Delay = 2.77> <Storage> <Opcode : 'load' 'store'> <Ports = 2> <Width = 64> <Depth = 25> <RAM>
ST_8 : Operation 103 [1/1] (0.00ns)   --->   "br label %7" [sha3/KeccakSpongeWidth1600.c:231]   --->   Operation 103 'br' <Predicate = true> <Delay = 0.00>

State 9 <SV = 3> <Delay = 1.35>
ST_9 : Operation 104 [1/2] (0.00ns)   --->   "call fastcc void @KeccakP1600_Permute_([200 x i8]* %instance_state)" [sha3/KeccakSpongeWidth1600.c:238]   --->   Operation 104 'call' <Predicate = true> <Delay = 0.00> <CoreType = "Generic">   --->   Core 0 '' <Latency = 0> <II = 1> <Delay = 1.00> <Generic> <Opcode : >
ST_9 : Operation 105 [1/1] (1.35ns)   --->   "br label %._crit_edge6" [sha3/KeccakSpongeWidth1600.c:240]   --->   Operation 105 'br' <Predicate = true> <Delay = 1.35>

State 10 <SV = 4> <Delay = 2.99>
ST_10 : Operation 106 [1/1] (0.00ns)   --->   "%p_1_rec_pn = phi i64 [ %p_1_rec, %6 ], [ %zext_ln229, %10 ], [ %zext_ln229, %.._crit_edge6_crit_edge ]" [sha3/KeccakSpongeWidth1600.c:214]   --->   Operation 106 'phi' 'p_1_rec_pn' <Predicate = true> <Delay = 0.00>
ST_10 : Operation 107 [1/1] (2.99ns)   --->   "%p_2_rec = add i64 %p_1_rec_pn, %p_01_rec" [sha3/KeccakSpongeWidth1600.c:214]   --->   Operation 107 'add' 'p_2_rec' <Predicate = true> <Delay = 2.99> <Core = "AddSub">   --->   Core 14 'AddSub' <Latency = 0> <II = 1> <Delay = 2.99> <FuncUnit> <Opcode : 'add' 'sub'> <InPorts = 2> <OutPorts = 1>
ST_10 : Operation 108 [1/1] (0.00ns)   --->   "br label %.preheader2" [sha3/KeccakSpongeWidth1600.c:242]   --->   Operation 108 'br' <Predicate = true> <Delay = 0.00>


============================================================
+ Verbose Summary: Binding
============================================================
STG Binding: 
---------------- STG Properties BEGIN ----------------
- Is combinational: 0
- Is one-state seq: 0
- Is datapath-only: 0
- Is pipelined: 0
- Is top level: 0
Port [ Return ] is wired: 1; IO mode=ap_ctrl_hs:ce=0
Port [ instance_state]:  wired=1; compound=1; hidden=0; nouse=0; global=0; static=0; extern=0; dir=2; type=1; pingpong=0; private_global=0; MemPort=[23]; IO mode=ap_memory:ce=0
Port [ instance_byteIOIndex_read]:  wired=1; compound=0; hidden=0; nouse=0; global=0; static=0; extern=0; dir=0; type=0; pingpong=0; private_global=0; IO mode=ap_none:ce=0
Port [ data_0_read]:  wired=1; compound=0; hidden=0; nouse=0; global=0; static=0; extern=0; dir=0; type=0; pingpong=0; private_global=0; IO mode=ap_none:ce=0
Port [ KeccakRhoOffsets]:  wired=0; compound=1; hidden=1; nouse=1; global=1; static=1; extern=0; dir=0; type=1; pingpong=0; private_global=0; linkage=7; visibility=0; MemPort=[1]; IO mode=ap_memory:ce=0
Port [ KeccakRoundConstants]:  wired=0; compound=1; hidden=1; nouse=1; global=1; static=1; extern=0; dir=0; type=1; pingpong=0; private_global=0; linkage=7; visibility=0; MemPort=[1]; IO mode=ap_memory:ce=0
---------------- STG Properties END ------------------

---------------- Datapath Model BEGIN ----------------

<LifeTime>
<method=bitvector/>
i_22                    (alloca           ) [ 01111111111]
instance_byteIOIndex    (alloca           ) [ 01111111111]
data_0_read_2           (read             ) [ 00111111111]
instance_byteIOIndex_5  (read             ) [ 00000000000]
store_ln194             (store            ) [ 00000000000]
store_ln194             (store            ) [ 00000000000]
br_ln194                (br               ) [ 01111111111]
p_01_rec                (phi              ) [ 00111111111]
i_22_load               (load             ) [ 00000000000]
tmp                     (partselect       ) [ 00000000000]
icmp_ln194              (icmp             ) [ 00111111111]
br_ln194                (br               ) [ 00000000000]
instance_byteIOIndex_6  (load             ) [ 00000000000]
icmp_ln195              (icmp             ) [ 00111111111]
br_ln195                (br               ) [ 00000000000]
trunc_ln195             (trunc            ) [ 00000000000]
add_ln195               (add              ) [ 00000000000]
icmp_ln195_1            (icmp             ) [ 00111111111]
br_ln195                (br               ) [ 00000000000]
j                       (sub              ) [ 00000000000]
zext_ln206              (zext             ) [ 00111111111]
trunc_ln212             (trunc            ) [ 00011110000]
br_ln206                (br               ) [ 00111111111]
instance_byteIOIndex_7  (load             ) [ 00000000000]
trunc_ln223             (trunc            ) [ 00000000000]
partialBlock            (sub              ) [ 00000000000]
zext_ln223              (zext             ) [ 00000000000]
add_ln224               (add              ) [ 00000000000]
icmp_ln224              (icmp             ) [ 00000000000]
partialBlock_1          (sub              ) [ 00000000000]
select_ln224            (select           ) [ 00000001100]
zext_ln229              (zext             ) [ 00011111111]
zext_ln229_1            (zext             ) [ 00000000000]
i                       (add              ) [ 00000001100]
trunc_ln232             (trunc            ) [ 00000001100]
br_ln231                (br               ) [ 00111111111]
instance_byteIOIndex_10 (load             ) [ 00000000000]
ret_ln0                 (ret              ) [ 00000000000]
j_0                     (phi              ) [ 00011100000]
p_1_rec                 (phi              ) [ 00011111111]
icmp_ln206              (icmp             ) [ 00111111111]
br_ln206                (br               ) [ 00000000000]
br_ln211                (br               ) [ 00111111111]
trunc_ln216             (trunc            ) [ 00000000000]
sub_ln216               (sub              ) [ 00000000000]
store_ln220             (store            ) [ 00000000000]
store_ln220             (store            ) [ 00000000000]
br_ln220                (br               ) [ 00111111111]
offset_assign_9         (phi              ) [ 00001100000]
icmp_ln211              (icmp             ) [ 00111111111]
loop_40                 (add              ) [ 00111111111]
empty                   (speclooptripcount) [ 00000000000]
br_ln211                (br               ) [ 00000000000]
zext_ln149_1            (zext             ) [ 00000000000]
instance_state_addr_1   (getelementptr    ) [ 00000100000]
j_5                     (add              ) [ 00110011111]
trunc_ln212_1           (trunc            ) [ 00000000000]
xor_ln212               (xor              ) [ 00000000000]
select_ln212            (select           ) [ 00000000000]
instance_state_load_1   (load             ) [ 00000000000]
xor_ln149_1             (xor              ) [ 00000000000]
store_ln149             (store            ) [ 00000000000]
br_ln211                (br               ) [ 00111111111]
call_ln213              (call             ) [ 00000000000]
add_ln214               (add              ) [ 00111111111]
br_ln206                (br               ) [ 00111111111]
loop_1                  (phi              ) [ 00000001100]
icmp_ln231              (icmp             ) [ 00111111111]
loop                    (add              ) [ 00111111111]
br_ln231                (br               ) [ 00000000000]
instance_byteIOIndex_8  (load             ) [ 00000000000]
add_ln232               (add              ) [ 00000000000]
zext_ln149              (zext             ) [ 00000000000]
instance_state_addr     (getelementptr    ) [ 00000000100]
instance_byteIOIndex_9  (load             ) [ 00000000000]
add_ln236               (add              ) [ 00000000000]
icmp_ln237              (icmp             ) [ 00111111111]
store_ln237             (store            ) [ 00000000000]
br_ln237                (br               ) [ 00000000000]
store_ln237             (store            ) [ 00000000000]
br_ln237                (br               ) [ 00111111111]
store_ln240             (store            ) [ 00000000000]
trunc_ln232_1           (trunc            ) [ 00000000000]
xor_ln232               (xor              ) [ 00000000000]
select_ln232            (select           ) [ 00000000000]
instance_state_load     (load             ) [ 00000000000]
xor_ln149               (xor              ) [ 00000000000]
store_ln149             (store            ) [ 00000000000]
br_ln231                (br               ) [ 00111111111]
call_ln238              (call             ) [ 00000000000]
br_ln240                (br               ) [ 00111111111]
p_1_rec_pn              (phi              ) [ 00000000001]
p_2_rec                 (add              ) [ 01111111111]
br_ln242                (br               ) [ 01111111111]
</LifeTime>

<model>

<comp_list>
<comp id="0" class="1000" name="instance_state">
<pin_list>
<pin id="1" dir="1" index="0" bw="1" slack="0"/>
</pin_list>
<bind>
<StgValue><ssdm name="instance_state"/><MemPortTyVec>2 3 </MemPortTyVec>
</StgValue>
</bind>
</comp>

<comp id="2" class="1000" name="instance_byteIOIndex_read">
<pin_list>
<pin id="3" dir="1" index="0" bw="1" slack="0"/>
</pin_list>
<bind>
<StgValue><ssdm name="instance_byteIOIndex_read"/></StgValue>
</bind>
</comp>

<comp id="4" class="1000" name="data_0_read">
<pin_list>
<pin id="5" dir="1" index="0" bw="1" slack="0"/>
</pin_list>
<bind>
<StgValue><ssdm name="data_0_read"/></StgValue>
</bind>
</comp>

<comp id="6" class="1000" name="KeccakRhoOffsets">
<pin_list>
<pin id="7" dir="1" index="0" bw="1" slack="0"/>
</pin_list>
<bind>
<StgValue><ssdm name="KeccakRhoOffsets"/><MemPortTyVec>1 </MemPortTyVec>
</StgValue>
</bind>
</comp>

<comp id="8" class="1000" name="KeccakRoundConstants">
<pin_list>
<pin id="9" dir="1" index="0" bw="1" slack="0"/>
</pin_list>
<bind>
<StgValue><ssdm name="KeccakRoundConstants"/><MemPortTyVec>1 </MemPortTyVec>
</StgValue>
</bind>
</comp>

<comp id="10" class="1001" name="const_10">
<pin_list>
<pin id="11" dir="1" index="0" bw="1" slack="0"/>
</pin_list>
<bind>
<StgValue><ssdm name=""/></StgValue>
</bind>
</comp>

<comp id="12" class="1001" name="const_12">
<pin_list>
<pin id="13" dir="1" index="0" bw="1" slack="0"/>
</pin_list>
<bind>
<StgValue><ssdm name="_ssdm_op_Read.ap_auto.i8"/></StgValue>
</bind>
</comp>

<comp id="14" class="1001" name="const_14">
<pin_list>
<pin id="15" dir="1" index="0" bw="1" slack="0"/>
</pin_list>
<bind>
<StgValue><ssdm name="_ssdm_op_Read.ap_auto.i32"/></StgValue>
</bind>
</comp>

<comp id="16" class="1001" name="const_16">
<pin_list>
<pin id="17" dir="1" index="0" bw="1" slack="0"/>
</pin_list>
<bind>
<StgValue><ssdm name=""/></StgValue>
</bind>
</comp>

<comp id="18" class="1001" name="const_18">
<pin_list>
<pin id="19" dir="1" index="0" bw="1" slack="0"/>
</pin_list>
<bind>
<StgValue><ssdm name=""/></StgValue>
</bind>
</comp>

<comp id="20" class="1001" name="const_20">
<pin_list>
<pin id="21" dir="1" index="0" bw="1" slack="0"/>
</pin_list>
<bind>
<StgValue><ssdm name="_ssdm_op_PartSelect.i33.i34.i32.i32"/></StgValue>
</bind>
</comp>

<comp id="22" class="1001" name="const_22">
<pin_list>
<pin id="23" dir="1" index="0" bw="1" slack="0"/>
</pin_list>
<bind>
<StgValue><ssdm name=""/></StgValue>
</bind>
</comp>

<comp id="24" class="1001" name="const_24">
<pin_list>
<pin id="25" dir="1" index="0" bw="1" slack="0"/>
</pin_list>
<bind>
<StgValue><ssdm name=""/></StgValue>
</bind>
</comp>

<comp id="26" class="1001" name="const_26">
<pin_list>
<pin id="27" dir="1" index="0" bw="1" slack="0"/>
</pin_list>
<bind>
<StgValue><ssdm name=""/></StgValue>
</bind>
</comp>

<comp id="28" class="1001" name="const_28">
<pin_list>
<pin id="29" dir="1" index="0" bw="1" slack="0"/>
</pin_list>
<bind>
<StgValue><ssdm name=""/></StgValue>
</bind>
</comp>

<comp id="30" class="1001" name="const_30">
<pin_list>
<pin id="31" dir="1" index="0" bw="1" slack="0"/>
</pin_list>
<bind>
<StgValue><ssdm name=""/></StgValue>
</bind>
</comp>

<comp id="32" class="1001" name="const_32">
<pin_list>
<pin id="33" dir="1" index="0" bw="1" slack="0"/>
</pin_list>
<bind>
<StgValue><ssdm name=""/></StgValue>
</bind>
</comp>

<comp id="34" class="1001" name="const_34">
<pin_list>
<pin id="35" dir="1" index="0" bw="1" slack="0"/>
</pin_list>
<bind>
<StgValue><ssdm name=""/></StgValue>
</bind>
</comp>

<comp id="36" class="1001" name="const_36">
<pin_list>
<pin id="37" dir="1" index="0" bw="1" slack="0"/>
</pin_list>
<bind>
<StgValue><ssdm name=""/></StgValue>
</bind>
</comp>

<comp id="38" class="1001" name="const_38">
<pin_list>
<pin id="39" dir="1" index="0" bw="1" slack="0"/>
</pin_list>
<bind>
<StgValue><ssdm name=""/></StgValue>
</bind>
</comp>

<comp id="40" class="1001" name="const_40">
<pin_list>
<pin id="41" dir="1" index="0" bw="1" slack="0"/>
</pin_list>
<bind>
<StgValue><ssdm name=""/></StgValue>
</bind>
</comp>

<comp id="42" class="1001" name="const_42">
<pin_list>
<pin id="43" dir="1" index="0" bw="1" slack="0"/>
</pin_list>
<bind>
<StgValue><ssdm name=""/></StgValue>
</bind>
</comp>

<comp id="44" class="1001" name="const_44">
<pin_list>
<pin id="45" dir="1" index="0" bw="1" slack="0"/>
</pin_list>
<bind>
<StgValue><ssdm name=""/></StgValue>
</bind>
</comp>

<comp id="46" class="1001" name="const_46">
<pin_list>
<pin id="47" dir="1" index="0" bw="1" slack="2147483647"/>
</pin_list>
<bind>
<StgValue><ssdm name="_ssdm_op_SpecLoopTripCount"/></StgValue>
</bind>
</comp>

<comp id="48" class="1001" name="const_48">
<pin_list>
<pin id="49" dir="1" index="0" bw="1" slack="0"/>
</pin_list>
<bind>
<StgValue><ssdm name="KeccakP1600_Permute_"/></StgValue>
</bind>
</comp>

<comp id="50" class="1001" name="const_50">
<pin_list>
<pin id="51" dir="1" index="0" bw="1" slack="0"/>
</pin_list>
<bind>
<StgValue><ssdm name=""/></StgValue>
</bind>
</comp>

<comp id="52" class="1004" name="i_22_fu_52">
<pin_list>
<pin id="53" dir="0" index="0" bw="1" slack="0"/>
<pin id="54" dir="1" index="1" bw="34" slack="0"/>
</pin_list>
<bind>
<opcode="alloca(26) " fcode="alloca"/>
<opset="i_22/1 "/>
</bind>
</comp>

<comp id="56" class="1004" name="instance_byteIOIndex_fu_56">
<pin_list>
<pin id="57" dir="0" index="0" bw="1" slack="0"/>
<pin id="58" dir="1" index="1" bw="32" slack="0"/>
</pin_list>
<bind>
<opcode="alloca(26) " fcode="alloca"/>
<opset="instance_byteIOIndex/1 "/>
</bind>
</comp>

<comp id="60" class="1004" name="data_0_read_2_read_fu_60">
<pin_list>
<pin id="61" dir="0" index="0" bw="8" slack="0"/>
<pin id="62" dir="0" index="1" bw="8" slack="0"/>
<pin id="63" dir="1" index="2" bw="8" slack="3"/>
</pin_list>
<bind>
<opcode="read(1150) " fcode="read"/>
<opset="data_0_read_2/1 "/>
</bind>
</comp>

<comp id="66" class="1004" name="instance_byteIOIndex_5_read_fu_66">
<pin_list>
<pin id="67" dir="0" index="0" bw="32" slack="0"/>
<pin id="68" dir="0" index="1" bw="32" slack="0"/>
<pin id="69" dir="1" index="2" bw="32" slack="0"/>
</pin_list>
<bind>
<opcode="read(1150) " fcode="read"/>
<opset="instance_byteIOIndex_5/1 "/>
</bind>
</comp>

<comp id="72" class="1004" name="instance_state_addr_1_gep_fu_72">
<pin_list>
<pin id="73" dir="0" index="0" bw="8" slack="0"/>
<pin id="74" dir="0" index="1" bw="1" slack="0"/>
<pin id="75" dir="0" index="2" bw="8" slack="0"/>
<pin id="76" dir="1" index="3" bw="8" slack="0"/>
</pin_list>
<bind>
<opcode="getelementptr(29) " fcode="getelementptr"/>
<opset="instance_state_addr_1/4 "/>
</bind>
</comp>

<comp id="79" class="1004" name="grp_access_fu_79">
<pin_list>
<pin id="80" dir="0" index="0" bw="8" slack="0"/>
<pin id="81" dir="0" index="1" bw="8" slack="0"/>
<pin id="82" dir="0" index="2" bw="0" slack="2147483647"/>
<pin id="83" dir="1" index="3" bw="8" slack="0"/>
</pin_list>
<bind>
<opcode="load(27) store(28) " fcode="store"/>
<opset="instance_state_load_1/4 store_ln149/5 instance_state_load/7 store_ln149/8 "/>
</bind>
</comp>

<comp id="85" class="1004" name="instance_state_addr_gep_fu_85">
<pin_list>
<pin id="86" dir="0" index="0" bw="8" slack="0"/>
<pin id="87" dir="0" index="1" bw="1" slack="0"/>
<pin id="88" dir="0" index="2" bw="32" slack="0"/>
<pin id="89" dir="1" index="3" bw="8" slack="0"/>
</pin_list>
<bind>
<opcode="getelementptr(29) " fcode="getelementptr"/>
<opset="instance_state_addr/7 "/>
</bind>
</comp>

<comp id="93" class="1005" name="p_01_rec_reg_93">
<pin_list>
<pin id="94" dir="0" index="0" bw="64" slack="1"/>
<pin id="95" dir="1" index="1" bw="64" slack="1"/>
</pin_list>
<bind>
<opset="p_01_rec (phireg) "/>
</bind>
</comp>

<comp id="97" class="1004" name="p_01_rec_phi_fu_97">
<pin_list>
<pin id="98" dir="0" index="0" bw="1" slack="1"/>
<pin id="99" dir="0" index="1" bw="0" slack="2147483647"/>
<pin id="100" dir="0" index="2" bw="64" slack="1"/>
<pin id="101" dir="0" index="3" bw="0" slack="2147483647"/>
<pin id="102" dir="1" index="4" bw="64" slack="0"/>
</pin_list>
<bind>
<opcode="phi(47) " fcode="phi"/>
<opset="p_01_rec/2 "/>
</bind>
</comp>

<comp id="105" class="1005" name="j_0_reg_105">
<pin_list>
<pin id="106" dir="0" index="0" bw="64" slack="1"/>
<pin id="107" dir="1" index="1" bw="64" slack="1"/>
</pin_list>
<bind>
<opset="j_0 (phireg) "/>
</bind>
</comp>

<comp id="108" class="1004" name="j_0_phi_fu_108">
<pin_list>
<pin id="109" dir="0" index="0" bw="34" slack="1"/>
<pin id="110" dir="0" index="1" bw="0" slack="2147483647"/>
<pin id="111" dir="0" index="2" bw="64" slack="1"/>
<pin id="112" dir="0" index="3" bw="0" slack="2147483647"/>
<pin id="113" dir="1" index="4" bw="64" slack="0"/>
</pin_list>
<bind>
<opcode="phi(47) " fcode="phi"/>
<opset="j_0/3 "/>
</bind>
</comp>

<comp id="115" class="1005" name="p_1_rec_reg_115">
<pin_list>
<pin id="116" dir="0" index="0" bw="64" slack="1"/>
<pin id="117" dir="1" index="1" bw="64" slack="1"/>
</pin_list>
<bind>
<opset="p_1_rec (phireg) "/>
</bind>
</comp>

<comp id="119" class="1004" name="p_1_rec_phi_fu_119">
<pin_list>
<pin id="120" dir="0" index="0" bw="1" slack="1"/>
<pin id="121" dir="0" index="1" bw="0" slack="2147483647"/>
<pin id="122" dir="0" index="2" bw="64" slack="1"/>
<pin id="123" dir="0" index="3" bw="0" slack="2147483647"/>
<pin id="124" dir="1" index="4" bw="64" slack="2"/>
</pin_list>
<bind>
<opcode="phi(47) " fcode="phi"/>
<opset="p_1_rec/3 "/>
</bind>
</comp>

<comp id="127" class="1005" name="offset_assign_9_reg_127">
<pin_list>
<pin id="128" dir="0" index="0" bw="8" slack="1"/>
<pin id="129" dir="1" index="1" bw="8" slack="1"/>
</pin_list>
<bind>
<opset="offset_assign_9 (phireg) "/>
</bind>
</comp>

<comp id="131" class="1004" name="offset_assign_9_phi_fu_131">
<pin_list>
<pin id="132" dir="0" index="0" bw="8" slack="0"/>
<pin id="133" dir="0" index="1" bw="0" slack="2147483647"/>
<pin id="134" dir="0" index="2" bw="1" slack="1"/>
<pin id="135" dir="0" index="3" bw="0" slack="2147483647"/>
<pin id="136" dir="1" index="4" bw="8" slack="0"/>
</pin_list>
<bind>
<opcode="phi(47) " fcode="phi"/>
<opset="offset_assign_9/4 "/>
</bind>
</comp>

<comp id="139" class="1005" name="loop_1_reg_139">
<pin_list>
<pin id="140" dir="0" index="0" bw="32" slack="1"/>
<pin id="141" dir="1" index="1" bw="32" slack="1"/>
</pin_list>
<bind>
<opset="loop_1 (phireg) "/>
</bind>
</comp>

<comp id="143" class="1004" name="loop_1_phi_fu_143">
<pin_list>
<pin id="144" dir="0" index="0" bw="1" slack="1"/>
<pin id="145" dir="0" index="1" bw="0" slack="2147483647"/>
<pin id="146" dir="0" index="2" bw="32" slack="0"/>
<pin id="147" dir="0" index="3" bw="0" slack="2147483647"/>
<pin id="148" dir="1" index="4" bw="32" slack="0"/>
</pin_list>
<bind>
<opcode="phi(47) " fcode="phi"/>
<opset="loop_1/7 "/>
</bind>
</comp>

<comp id="151" class="1005" name="p_1_rec_pn_reg_151">
<pin_list>
<pin id="152" dir="0" index="0" bw="64" slack="2147483647"/>
<pin id="153" dir="1" index="1" bw="64" slack="2147483647"/>
</pin_list>
<bind>
<opset="p_1_rec_pn (phireg) "/>
</bind>
</comp>

<comp id="154" class="1004" name="p_1_rec_pn_phi_fu_154">
<pin_list>
<pin id="155" dir="0" index="0" bw="64" slack="2"/>
<pin id="156" dir="0" index="1" bw="0" slack="2147483647"/>
<pin id="157" dir="0" index="2" bw="32" slack="3"/>
<pin id="158" dir="0" index="3" bw="0" slack="2147483647"/>
<pin id="159" dir="0" index="4" bw="32" slack="3"/>
<pin id="160" dir="0" index="5" bw="0" slack="2147483647"/>
<pin id="161" dir="1" index="6" bw="64" slack="0"/>
</pin_list>
<bind>
<opcode="phi(47) " fcode="phi"/>
<opset="p_1_rec_pn/10 "/>
</bind>
</comp>

<comp id="163" class="1004" name="grp_KeccakP1600_Permute_s_fu_163">
<pin_list>
<pin id="164" dir="0" index="0" bw="0" slack="0"/>
<pin id="165" dir="0" index="1" bw="8" slack="0"/>
<pin id="166" dir="0" index="2" bw="6" slack="0"/>
<pin id="167" dir="0" index="3" bw="64" slack="0"/>
<pin id="168" dir="1" index="4" bw="0" slack="2147483647"/>
</pin_list>
<bind>
<opcode="call(48) " fcode="call"/>
<opset="call_ln213/4 call_ln238/7 "/>
</bind>
</comp>

<comp id="173" class="1004" name="grp_load_fu_173">
<pin_list>
<pin id="174" dir="0" index="0" bw="32" slack="1"/>
<pin id="175" dir="1" index="1" bw="32" slack="0"/>
</pin_list>
<bind>
<opcode="load(27) " fcode="load"/>
<opset="instance_byteIOIndex_6/2 instance_byteIOIndex_10/2 instance_byteIOIndex_8/7 instance_byteIOIndex_9/7 "/>
</bind>
</comp>

<comp id="176" class="1004" name="grp_store_fu_176">
<pin_list>
<pin id="177" dir="0" index="0" bw="1" slack="0"/>
<pin id="178" dir="0" index="1" bw="32" slack="2"/>
<pin id="179" dir="1" index="2" bw="0" slack="2147483647"/>
</pin_list>
<bind>
<opcode="store(28) " fcode="store"/>
<opset="store_ln220/3 store_ln240/7 "/>
</bind>
</comp>

<comp id="181" class="1004" name="store_ln194_store_fu_181">
<pin_list>
<pin id="182" dir="0" index="0" bw="32" slack="0"/>
<pin id="183" dir="0" index="1" bw="32" slack="0"/>
<pin id="184" dir="1" index="2" bw="0" slack="2147483647"/>
</pin_list>
<bind>
<opcode="store(28) " fcode="store"/>
<opset="store_ln194/1 "/>
</bind>
</comp>

<comp id="186" class="1004" name="store_ln194_store_fu_186">
<pin_list>
<pin id="187" dir="0" index="0" bw="1" slack="0"/>
<pin id="188" dir="0" index="1" bw="34" slack="0"/>
<pin id="189" dir="1" index="2" bw="0" slack="2147483647"/>
</pin_list>
<bind>
<opcode="store(28) " fcode="store"/>
<opset="store_ln194/1 "/>
</bind>
</comp>

<comp id="191" class="1004" name="i_22_load_load_fu_191">
<pin_list>
<pin id="192" dir="0" index="0" bw="34" slack="1"/>
<pin id="193" dir="1" index="1" bw="34" slack="0"/>
</pin_list>
<bind>
<opcode="load(27) " fcode="load"/>
<opset="i_22_load/2 "/>
</bind>
</comp>

<comp id="194" class="1004" name="tmp_fu_194">
<pin_list>
<pin id="195" dir="0" index="0" bw="33" slack="0"/>
<pin id="196" dir="0" index="1" bw="34" slack="0"/>
<pin id="197" dir="0" index="2" bw="1" slack="0"/>
<pin id="198" dir="0" index="3" bw="7" slack="0"/>
<pin id="199" dir="1" index="4" bw="33" slack="0"/>
</pin_list>
<bind>
<opcode="partselect(1002) " fcode="partselect"/>
<opset="tmp/2 "/>
</bind>
</comp>

<comp id="204" class="1004" name="icmp_ln194_fu_204">
<pin_list>
<pin id="205" dir="0" index="0" bw="33" slack="0"/>
<pin id="206" dir="0" index="1" bw="1" slack="0"/>
<pin id="207" dir="1" index="2" bw="1" slack="2147483647"/>
</pin_list>
<bind>
<opcode="icmp(45) " fcode="icmp"/>
<opset="icmp_ln194/2 "/>
</bind>
</comp>

<comp id="210" class="1004" name="icmp_ln195_fu_210">
<pin_list>
<pin id="211" dir="0" index="0" bw="32" slack="0"/>
<pin id="212" dir="0" index="1" bw="1" slack="0"/>
<pin id="213" dir="1" index="2" bw="1" slack="2147483647"/>
</pin_list>
<bind>
<opcode="icmp(45) " fcode="icmp"/>
<opset="icmp_ln195/2 "/>
</bind>
</comp>

<comp id="216" class="1004" name="trunc_ln195_fu_216">
<pin_list>
<pin id="217" dir="0" index="0" bw="34" slack="0"/>
<pin id="218" dir="1" index="1" bw="30" slack="0"/>
</pin_list>
<bind>
<opcode="trunc(33) " fcode="trunc"/>
<opset="trunc_ln195/2 "/>
</bind>
</comp>

<comp id="220" class="1004" name="add_ln195_fu_220">
<pin_list>
<pin id="221" dir="0" index="0" bw="9" slack="0"/>
<pin id="222" dir="0" index="1" bw="30" slack="0"/>
<pin id="223" dir="1" index="2" bw="30" slack="0"/>
</pin_list>
<bind>
<opcode="add(8) " fcode="add"/>
<opset="add_ln195/2 "/>
</bind>
</comp>

<comp id="226" class="1004" name="icmp_ln195_1_fu_226">
<pin_list>
<pin id="227" dir="0" index="0" bw="30" slack="0"/>
<pin id="228" dir="0" index="1" bw="3" slack="0"/>
<pin id="229" dir="1" index="2" bw="1" slack="2147483647"/>
</pin_list>
<bind>
<opcode="icmp(45) " fcode="icmp"/>
<opset="icmp_ln195_1/2 "/>
</bind>
</comp>

<comp id="232" class="1004" name="j_fu_232">
<pin_list>
<pin id="233" dir="0" index="0" bw="3" slack="0"/>
<pin id="234" dir="0" index="1" bw="34" slack="0"/>
<pin id="235" dir="1" index="2" bw="34" slack="0"/>
</pin_list>
<bind>
<opcode="sub(10) " fcode="sub"/>
<opset="j/2 "/>
</bind>
</comp>

<comp id="238" class="1004" name="zext_ln206_fu_238">
<pin_list>
<pin id="239" dir="0" index="0" bw="34" slack="0"/>
<pin id="240" dir="1" index="1" bw="64" slack="1"/>
</pin_list>
<bind>
<opcode="zext(34) " fcode="zext"/>
<opset="zext_ln206/2 "/>
</bind>
</comp>

<comp id="242" class="1004" name="trunc_ln212_fu_242">
<pin_list>
<pin id="243" dir="0" index="0" bw="64" slack="0"/>
<pin id="244" dir="1" index="1" bw="1" slack="3"/>
</pin_list>
<bind>
<opcode="trunc(33) " fcode="trunc"/>
<opset="trunc_ln212/2 "/>
</bind>
</comp>

<comp id="246" class="1004" name="instance_byteIOIndex_7_load_fu_246">
<pin_list>
<pin id="247" dir="0" index="0" bw="32" slack="1"/>
<pin id="248" dir="1" index="1" bw="32" slack="0"/>
</pin_list>
<bind>
<opcode="load(27) " fcode="load"/>
<opset="instance_byteIOIndex_7/2 "/>
</bind>
</comp>

<comp id="249" class="1004" name="trunc_ln223_fu_249">
<pin_list>
<pin id="250" dir="0" index="0" bw="34" slack="0"/>
<pin id="251" dir="1" index="1" bw="2" slack="0"/>
</pin_list>
<bind>
<opcode="trunc(33) " fcode="trunc"/>
<opset="trunc_ln223/2 "/>
</bind>
</comp>

<comp id="253" class="1004" name="partialBlock_fu_253">
<pin_list>
<pin id="254" dir="0" index="0" bw="2" slack="0"/>
<pin id="255" dir="0" index="1" bw="2" slack="0"/>
<pin id="256" dir="1" index="2" bw="2" slack="0"/>
</pin_list>
<bind>
<opcode="sub(10) " fcode="sub"/>
<opset="partialBlock/2 "/>
</bind>
</comp>

<comp id="259" class="1004" name="zext_ln223_fu_259">
<pin_list>
<pin id="260" dir="0" index="0" bw="2" slack="0"/>
<pin id="261" dir="1" index="1" bw="32" slack="0"/>
</pin_list>
<bind>
<opcode="zext(34) " fcode="zext"/>
<opset="zext_ln223/2 "/>
</bind>
</comp>

<comp id="263" class="1004" name="add_ln224_fu_263">
<pin_list>
<pin id="264" dir="0" index="0" bw="2" slack="0"/>
<pin id="265" dir="0" index="1" bw="32" slack="0"/>
<pin id="266" dir="1" index="2" bw="32" slack="0"/>
</pin_list>
<bind>
<opcode="add(8) " fcode="add"/>
<opset="add_ln224/2 "/>
</bind>
</comp>

<comp id="269" class="1004" name="icmp_ln224_fu_269">
<pin_list>
<pin id="270" dir="0" index="0" bw="32" slack="0"/>
<pin id="271" dir="0" index="1" bw="9" slack="0"/>
<pin id="272" dir="1" index="2" bw="1" slack="0"/>
</pin_list>
<bind>
<opcode="icmp(45) " fcode="icmp"/>
<opset="icmp_ln224/2 "/>
</bind>
</comp>

<comp id="275" class="1004" name="partialBlock_1_fu_275">
<pin_list>
<pin id="276" dir="0" index="0" bw="9" slack="0"/>
<pin id="277" dir="0" index="1" bw="32" slack="0"/>
<pin id="278" dir="1" index="2" bw="32" slack="0"/>
</pin_list>
<bind>
<opcode="sub(10) " fcode="sub"/>
<opset="partialBlock_1/2 "/>
</bind>
</comp>

<comp id="281" class="1004" name="select_ln224_fu_281">
<pin_list>
<pin id="282" dir="0" index="0" bw="1" slack="0"/>
<pin id="283" dir="0" index="1" bw="32" slack="0"/>
<pin id="284" dir="0" index="2" bw="2" slack="0"/>
<pin id="285" dir="1" index="3" bw="32" slack="0"/>
</pin_list>
<bind>
<opcode="select(49) " fcode="select"/>
<opset="select_ln224/2 "/>
</bind>
</comp>

<comp id="289" class="1004" name="zext_ln229_fu_289">
<pin_list>
<pin id="290" dir="0" index="0" bw="32" slack="0"/>
<pin id="291" dir="1" index="1" bw="64" slack="3"/>
</pin_list>
<bind>
<opcode="zext(34) " fcode="zext"/>
<opset="zext_ln229/2 "/>
</bind>
</comp>

<comp id="293" class="1004" name="zext_ln229_1_fu_293">
<pin_list>
<pin id="294" dir="0" index="0" bw="32" slack="0"/>
<pin id="295" dir="1" index="1" bw="34" slack="0"/>
</pin_list>
<bind>
<opcode="zext(34) " fcode="zext"/>
<opset="zext_ln229_1/2 "/>
</bind>
</comp>

<comp id="297" class="1004" name="i_fu_297">
<pin_list>
<pin id="298" dir="0" index="0" bw="32" slack="0"/>
<pin id="299" dir="0" index="1" bw="34" slack="0"/>
<pin id="300" dir="1" index="2" bw="34" slack="1"/>
</pin_list>
<bind>
<opcode="add(8) " fcode="add"/>
<opset="i/2 "/>
</bind>
</comp>

<comp id="303" class="1004" name="trunc_ln232_fu_303">
<pin_list>
<pin id="304" dir="0" index="0" bw="64" slack="0"/>
<pin id="305" dir="1" index="1" bw="1" slack="2"/>
</pin_list>
<bind>
<opcode="trunc(33) " fcode="trunc"/>
<opset="trunc_ln232/2 "/>
</bind>
</comp>

<comp id="307" class="1004" name="icmp_ln206_fu_307">
<pin_list>
<pin id="308" dir="0" index="0" bw="64" slack="0"/>
<pin id="309" dir="0" index="1" bw="9" slack="0"/>
<pin id="310" dir="1" index="2" bw="1" slack="2147483647"/>
</pin_list>
<bind>
<opcode="icmp(45) " fcode="icmp"/>
<opset="icmp_ln206/3 "/>
</bind>
</comp>

<comp id="313" class="1004" name="trunc_ln216_fu_313">
<pin_list>
<pin id="314" dir="0" index="0" bw="64" slack="0"/>
<pin id="315" dir="1" index="1" bw="34" slack="0"/>
</pin_list>
<bind>
<opcode="trunc(33) " fcode="trunc"/>
<opset="trunc_ln216/3 "/>
</bind>
</comp>

<comp id="317" class="1004" name="sub_ln216_fu_317">
<pin_list>
<pin id="318" dir="0" index="0" bw="3" slack="0"/>
<pin id="319" dir="0" index="1" bw="34" slack="0"/>
<pin id="320" dir="1" index="2" bw="34" slack="0"/>
</pin_list>
<bind>
<opcode="sub(10) " fcode="sub"/>
<opset="sub_ln216/3 "/>
</bind>
</comp>

<comp id="323" class="1004" name="store_ln220_store_fu_323">
<pin_list>
<pin id="324" dir="0" index="0" bw="34" slack="0"/>
<pin id="325" dir="0" index="1" bw="34" slack="2"/>
<pin id="326" dir="1" index="2" bw="0" slack="2147483647"/>
</pin_list>
<bind>
<opcode="store(28) " fcode="store"/>
<opset="store_ln220/3 "/>
</bind>
</comp>

<comp id="328" class="1004" name="icmp_ln211_fu_328">
<pin_list>
<pin id="329" dir="0" index="0" bw="8" slack="0"/>
<pin id="330" dir="0" index="1" bw="8" slack="0"/>
<pin id="331" dir="1" index="2" bw="1" slack="2147483647"/>
</pin_list>
<bind>
<opcode="icmp(45) " fcode="icmp"/>
<opset="icmp_ln211/4 "/>
</bind>
</comp>

<comp id="334" class="1004" name="loop_40_fu_334">
<pin_list>
<pin id="335" dir="0" index="0" bw="8" slack="0"/>
<pin id="336" dir="0" index="1" bw="1" slack="0"/>
<pin id="337" dir="1" index="2" bw="8" slack="0"/>
</pin_list>
<bind>
<opcode="add(8) " fcode="add"/>
<opset="loop_40/4 "/>
</bind>
</comp>

<comp id="340" class="1004" name="zext_ln149_1_fu_340">
<pin_list>
<pin id="341" dir="0" index="0" bw="8" slack="0"/>
<pin id="342" dir="1" index="1" bw="64" slack="0"/>
</pin_list>
<bind>
<opcode="zext(34) " fcode="zext"/>
<opset="zext_ln149_1/4 "/>
</bind>
</comp>

<comp id="345" class="1004" name="j_5_fu_345">
<pin_list>
<pin id="346" dir="0" index="0" bw="64" slack="1"/>
<pin id="347" dir="0" index="1" bw="9" slack="0"/>
<pin id="348" dir="1" index="2" bw="64" slack="1"/>
</pin_list>
<bind>
<opcode="add(8) " fcode="add"/>
<opset="j_5/4 "/>
</bind>
</comp>

<comp id="351" class="1004" name="trunc_ln212_1_fu_351">
<pin_list>
<pin id="352" dir="0" index="0" bw="8" slack="1"/>
<pin id="353" dir="1" index="1" bw="1" slack="0"/>
</pin_list>
<bind>
<opcode="trunc(33) " fcode="trunc"/>
<opset="trunc_ln212_1/5 "/>
</bind>
</comp>

<comp id="355" class="1004" name="xor_ln212_fu_355">
<pin_list>
<pin id="356" dir="0" index="0" bw="1" slack="3"/>
<pin id="357" dir="0" index="1" bw="1" slack="0"/>
<pin id="358" dir="1" index="2" bw="1" slack="0"/>
</pin_list>
<bind>
<opcode="xor(25) " fcode="xor"/>
<opset="xor_ln212/5 "/>
</bind>
</comp>

<comp id="360" class="1004" name="select_ln212_fu_360">
<pin_list>
<pin id="361" dir="0" index="0" bw="1" slack="0"/>
<pin id="362" dir="0" index="1" bw="1" slack="0"/>
<pin id="363" dir="0" index="2" bw="8" slack="4"/>
<pin id="364" dir="1" index="3" bw="8" slack="0"/>
</pin_list>
<bind>
<opcode="select(49) " fcode="select"/>
<opset="select_ln212/5 "/>
</bind>
</comp>

<comp id="367" class="1004" name="xor_ln149_1_fu_367">
<pin_list>
<pin id="368" dir="0" index="0" bw="8" slack="0"/>
<pin id="369" dir="0" index="1" bw="8" slack="0"/>
<pin id="370" dir="1" index="2" bw="8" slack="0"/>
</pin_list>
<bind>
<opcode="xor(25) " fcode="xor"/>
<opset="xor_ln149_1/5 "/>
</bind>
</comp>

<comp id="374" class="1004" name="add_ln214_fu_374">
<pin_list>
<pin id="375" dir="0" index="0" bw="64" slack="2"/>
<pin id="376" dir="0" index="1" bw="9" slack="0"/>
<pin id="377" dir="1" index="2" bw="64" slack="1"/>
</pin_list>
<bind>
<opcode="add(8) " fcode="add"/>
<opset="add_ln214/6 "/>
</bind>
</comp>

<comp id="380" class="1004" name="icmp_ln231_fu_380">
<pin_list>
<pin id="381" dir="0" index="0" bw="32" slack="0"/>
<pin id="382" dir="0" index="1" bw="32" slack="1"/>
<pin id="383" dir="1" index="2" bw="1" slack="2147483647"/>
</pin_list>
<bind>
<opcode="icmp(45) " fcode="icmp"/>
<opset="icmp_ln231/7 "/>
</bind>
</comp>

<comp id="385" class="1004" name="loop_fu_385">
<pin_list>
<pin id="386" dir="0" index="0" bw="32" slack="0"/>
<pin id="387" dir="0" index="1" bw="1" slack="0"/>
<pin id="388" dir="1" index="2" bw="32" slack="0"/>
</pin_list>
<bind>
<opcode="add(8) " fcode="add"/>
<opset="loop/7 "/>
</bind>
</comp>

<comp id="391" class="1004" name="add_ln232_fu_391">
<pin_list>
<pin id="392" dir="0" index="0" bw="32" slack="0"/>
<pin id="393" dir="0" index="1" bw="32" slack="0"/>
<pin id="394" dir="1" index="2" bw="32" slack="0"/>
</pin_list>
<bind>
<opcode="add(8) " fcode="add"/>
<opset="add_ln232/7 "/>
</bind>
</comp>

<comp id="397" class="1004" name="zext_ln149_fu_397">
<pin_list>
<pin id="398" dir="0" index="0" bw="32" slack="0"/>
<pin id="399" dir="1" index="1" bw="64" slack="0"/>
</pin_list>
<bind>
<opcode="zext(34) " fcode="zext"/>
<opset="zext_ln149/7 "/>
</bind>
</comp>

<comp id="402" class="1004" name="add_ln236_fu_402">
<pin_list>
<pin id="403" dir="0" index="0" bw="32" slack="0"/>
<pin id="404" dir="0" index="1" bw="32" slack="1"/>
<pin id="405" dir="1" index="2" bw="32" slack="0"/>
</pin_list>
<bind>
<opcode="add(8) " fcode="add"/>
<opset="add_ln236/7 "/>
</bind>
</comp>

<comp id="407" class="1004" name="icmp_ln237_fu_407">
<pin_list>
<pin id="408" dir="0" index="0" bw="32" slack="0"/>
<pin id="409" dir="0" index="1" bw="9" slack="0"/>
<pin id="410" dir="1" index="2" bw="1" slack="2147483647"/>
</pin_list>
<bind>
<opcode="icmp(45) " fcode="icmp"/>
<opset="icmp_ln237/7 "/>
</bind>
</comp>

<comp id="413" class="1004" name="store_ln237_store_fu_413">
<pin_list>
<pin id="414" dir="0" index="0" bw="34" slack="1"/>
<pin id="415" dir="0" index="1" bw="34" slack="2"/>
<pin id="416" dir="1" index="2" bw="0" slack="2147483647"/>
</pin_list>
<bind>
<opcode="store(28) " fcode="store"/>
<opset="store_ln237/7 "/>
</bind>
</comp>

<comp id="417" class="1004" name="store_ln237_store_fu_417">
<pin_list>
<pin id="418" dir="0" index="0" bw="32" slack="0"/>
<pin id="419" dir="0" index="1" bw="32" slack="2"/>
<pin id="420" dir="1" index="2" bw="0" slack="2147483647"/>
</pin_list>
<bind>
<opcode="store(28) " fcode="store"/>
<opset="store_ln237/7 "/>
</bind>
</comp>

<comp id="422" class="1004" name="trunc_ln232_1_fu_422">
<pin_list>
<pin id="423" dir="0" index="0" bw="32" slack="1"/>
<pin id="424" dir="1" index="1" bw="1" slack="0"/>
</pin_list>
<bind>
<opcode="trunc(33) " fcode="trunc"/>
<opset="trunc_ln232_1/8 "/>
</bind>
</comp>

<comp id="426" class="1004" name="xor_ln232_fu_426">
<pin_list>
<pin id="427" dir="0" index="0" bw="1" slack="0"/>
<pin id="428" dir="0" index="1" bw="1" slack="2"/>
<pin id="429" dir="1" index="2" bw="1" slack="0"/>
</pin_list>
<bind>
<opcode="xor(25) " fcode="xor"/>
<opset="xor_ln232/8 "/>
</bind>
</comp>

<comp id="431" class="1004" name="select_ln232_fu_431">
<pin_list>
<pin id="432" dir="0" index="0" bw="1" slack="0"/>
<pin id="433" dir="0" index="1" bw="1" slack="0"/>
<pin id="434" dir="0" index="2" bw="8" slack="3"/>
<pin id="435" dir="1" index="3" bw="8" slack="0"/>
</pin_list>
<bind>
<opcode="select(49) " fcode="select"/>
<opset="select_ln232/8 "/>
</bind>
</comp>

<comp id="438" class="1004" name="xor_ln149_fu_438">
<pin_list>
<pin id="439" dir="0" index="0" bw="8" slack="0"/>
<pin id="440" dir="0" index="1" bw="8" slack="0"/>
<pin id="441" dir="1" index="2" bw="8" slack="0"/>
</pin_list>
<bind>
<opcode="xor(25) " fcode="xor"/>
<opset="xor_ln149/8 "/>
</bind>
</comp>

<comp id="445" class="1004" name="p_2_rec_fu_445">
<pin_list>
<pin id="446" dir="0" index="0" bw="64" slack="0"/>
<pin id="447" dir="0" index="1" bw="64" slack="3"/>
<pin id="448" dir="1" index="2" bw="64" slack="1"/>
</pin_list>
<bind>
<opcode="add(8) " fcode="add"/>
<opset="p_2_rec/10 "/>
</bind>
</comp>

<comp id="451" class="1005" name="i_22_reg_451">
<pin_list>
<pin id="452" dir="0" index="0" bw="34" slack="0"/>
<pin id="453" dir="1" index="1" bw="34" slack="0"/>
</pin_list>
<bind>
<opset="i_22 "/>
</bind>
</comp>

<comp id="459" class="1005" name="instance_byteIOIndex_reg_459">
<pin_list>
<pin id="460" dir="0" index="0" bw="32" slack="0"/>
<pin id="461" dir="1" index="1" bw="32" slack="0"/>
</pin_list>
<bind>
<opset="instance_byteIOIndex "/>
</bind>
</comp>

<comp id="468" class="1005" name="data_0_read_2_reg_468">
<pin_list>
<pin id="469" dir="0" index="0" bw="8" slack="3"/>
<pin id="470" dir="1" index="1" bw="8" slack="3"/>
</pin_list>
<bind>
<opset="data_0_read_2 "/>
</bind>
</comp>

<comp id="483" class="1005" name="zext_ln206_reg_483">
<pin_list>
<pin id="484" dir="0" index="0" bw="64" slack="1"/>
<pin id="485" dir="1" index="1" bw="64" slack="1"/>
</pin_list>
<bind>
<opset="zext_ln206 "/>
</bind>
</comp>

<comp id="488" class="1005" name="trunc_ln212_reg_488">
<pin_list>
<pin id="489" dir="0" index="0" bw="1" slack="3"/>
<pin id="490" dir="1" index="1" bw="1" slack="3"/>
</pin_list>
<bind>
<opset="trunc_ln212 "/>
</bind>
</comp>

<comp id="493" class="1005" name="select_ln224_reg_493">
<pin_list>
<pin id="494" dir="0" index="0" bw="32" slack="1"/>
<pin id="495" dir="1" index="1" bw="32" slack="1"/>
</pin_list>
<bind>
<opset="select_ln224 "/>
</bind>
</comp>

<comp id="499" class="1005" name="zext_ln229_reg_499">
<pin_list>
<pin id="500" dir="0" index="0" bw="64" slack="3"/>
<pin id="501" dir="1" index="1" bw="64" slack="3"/>
</pin_list>
<bind>
<opset="zext_ln229 "/>
</bind>
</comp>

<comp id="505" class="1005" name="i_reg_505">
<pin_list>
<pin id="506" dir="0" index="0" bw="34" slack="1"/>
<pin id="507" dir="1" index="1" bw="34" slack="1"/>
</pin_list>
<bind>
<opset="i "/>
</bind>
</comp>

<comp id="510" class="1005" name="trunc_ln232_reg_510">
<pin_list>
<pin id="511" dir="0" index="0" bw="1" slack="2"/>
<pin id="512" dir="1" index="1" bw="1" slack="2"/>
</pin_list>
<bind>
<opset="trunc_ln232 "/>
</bind>
</comp>

<comp id="521" class="1005" name="loop_40_reg_521">
<pin_list>
<pin id="522" dir="0" index="0" bw="8" slack="0"/>
<pin id="523" dir="1" index="1" bw="8" slack="0"/>
</pin_list>
<bind>
<opset="loop_40 "/>
</bind>
</comp>

<comp id="526" class="1005" name="instance_state_addr_1_reg_526">
<pin_list>
<pin id="527" dir="0" index="0" bw="8" slack="1"/>
<pin id="528" dir="1" index="1" bw="8" slack="1"/>
</pin_list>
<bind>
<opset="instance_state_addr_1 "/>
</bind>
</comp>

<comp id="531" class="1005" name="j_5_reg_531">
<pin_list>
<pin id="532" dir="0" index="0" bw="64" slack="1"/>
<pin id="533" dir="1" index="1" bw="64" slack="1"/>
</pin_list>
<bind>
<opset="j_5 "/>
</bind>
</comp>

<comp id="536" class="1005" name="add_ln214_reg_536">
<pin_list>
<pin id="537" dir="0" index="0" bw="64" slack="1"/>
<pin id="538" dir="1" index="1" bw="64" slack="1"/>
</pin_list>
<bind>
<opset="add_ln214 "/>
</bind>
</comp>

<comp id="544" class="1005" name="loop_reg_544">
<pin_list>
<pin id="545" dir="0" index="0" bw="32" slack="0"/>
<pin id="546" dir="1" index="1" bw="32" slack="0"/>
</pin_list>
<bind>
<opset="loop "/>
</bind>
</comp>

<comp id="549" class="1005" name="instance_state_addr_reg_549">
<pin_list>
<pin id="550" dir="0" index="0" bw="8" slack="1"/>
<pin id="551" dir="1" index="1" bw="8" slack="1"/>
</pin_list>
<bind>
<opset="instance_state_addr "/>
</bind>
</comp>

<comp id="557" class="1005" name="p_2_rec_reg_557">
<pin_list>
<pin id="558" dir="0" index="0" bw="64" slack="1"/>
<pin id="559" dir="1" index="1" bw="64" slack="1"/>
</pin_list>
<bind>
<opset="p_2_rec "/>
</bind>
</comp>

</comp_list>

<net_list>
<net id="55"><net_src comp="10" pin="0"/><net_sink comp="52" pin=0"/></net>

<net id="59"><net_src comp="10" pin="0"/><net_sink comp="56" pin=0"/></net>

<net id="64"><net_src comp="12" pin="0"/><net_sink comp="60" pin=0"/></net>

<net id="65"><net_src comp="4" pin="0"/><net_sink comp="60" pin=1"/></net>

<net id="70"><net_src comp="14" pin="0"/><net_sink comp="66" pin=0"/></net>

<net id="71"><net_src comp="2" pin="0"/><net_sink comp="66" pin=1"/></net>

<net id="77"><net_src comp="0" pin="0"/><net_sink comp="72" pin=0"/></net>

<net id="78"><net_src comp="18" pin="0"/><net_sink comp="72" pin=1"/></net>

<net id="84"><net_src comp="72" pin="3"/><net_sink comp="79" pin=0"/></net>

<net id="90"><net_src comp="0" pin="0"/><net_sink comp="85" pin=0"/></net>

<net id="91"><net_src comp="18" pin="0"/><net_sink comp="85" pin=1"/></net>

<net id="92"><net_src comp="85" pin="3"/><net_sink comp="79" pin=0"/></net>

<net id="96"><net_src comp="18" pin="0"/><net_sink comp="93" pin=0"/></net>

<net id="103"><net_src comp="93" pin="1"/><net_sink comp="97" pin=0"/></net>

<net id="104"><net_src comp="97" pin="4"/><net_sink comp="93" pin=0"/></net>

<net id="114"><net_src comp="108" pin="4"/><net_sink comp="105" pin=0"/></net>

<net id="118"><net_src comp="18" pin="0"/><net_sink comp="115" pin=0"/></net>

<net id="125"><net_src comp="115" pin="1"/><net_sink comp="119" pin=0"/></net>

<net id="126"><net_src comp="119" pin="4"/><net_sink comp="115" pin=0"/></net>

<net id="130"><net_src comp="40" pin="0"/><net_sink comp="127" pin=0"/></net>

<net id="137"><net_src comp="127" pin="1"/><net_sink comp="131" pin=2"/></net>

<net id="138"><net_src comp="131" pin="4"/><net_sink comp="127" pin=0"/></net>

<net id="142"><net_src comp="26" pin="0"/><net_sink comp="139" pin=0"/></net>

<net id="149"><net_src comp="139" pin="1"/><net_sink comp="143" pin=0"/></net>

<net id="150"><net_src comp="143" pin="4"/><net_sink comp="139" pin=0"/></net>

<net id="162"><net_src comp="115" pin="1"/><net_sink comp="154" pin=0"/></net>

<net id="169"><net_src comp="48" pin="0"/><net_sink comp="163" pin=0"/></net>

<net id="170"><net_src comp="0" pin="0"/><net_sink comp="163" pin=1"/></net>

<net id="171"><net_src comp="6" pin="0"/><net_sink comp="163" pin=2"/></net>

<net id="172"><net_src comp="8" pin="0"/><net_sink comp="163" pin=3"/></net>

<net id="180"><net_src comp="26" pin="0"/><net_sink comp="176" pin=0"/></net>

<net id="185"><net_src comp="66" pin="2"/><net_sink comp="181" pin=0"/></net>

<net id="190"><net_src comp="16" pin="0"/><net_sink comp="186" pin=0"/></net>

<net id="200"><net_src comp="20" pin="0"/><net_sink comp="194" pin=0"/></net>

<net id="201"><net_src comp="191" pin="1"/><net_sink comp="194" pin=1"/></net>

<net id="202"><net_src comp="10" pin="0"/><net_sink comp="194" pin=2"/></net>

<net id="203"><net_src comp="22" pin="0"/><net_sink comp="194" pin=3"/></net>

<net id="208"><net_src comp="194" pin="4"/><net_sink comp="204" pin=0"/></net>

<net id="209"><net_src comp="24" pin="0"/><net_sink comp="204" pin=1"/></net>

<net id="214"><net_src comp="173" pin="1"/><net_sink comp="210" pin=0"/></net>

<net id="215"><net_src comp="26" pin="0"/><net_sink comp="210" pin=1"/></net>

<net id="219"><net_src comp="191" pin="1"/><net_sink comp="216" pin=0"/></net>

<net id="224"><net_src comp="28" pin="0"/><net_sink comp="220" pin=0"/></net>

<net id="225"><net_src comp="216" pin="1"/><net_sink comp="220" pin=1"/></net>

<net id="230"><net_src comp="220" pin="2"/><net_sink comp="226" pin=0"/></net>

<net id="231"><net_src comp="30" pin="0"/><net_sink comp="226" pin=1"/></net>

<net id="236"><net_src comp="32" pin="0"/><net_sink comp="232" pin=0"/></net>

<net id="237"><net_src comp="191" pin="1"/><net_sink comp="232" pin=1"/></net>

<net id="241"><net_src comp="232" pin="2"/><net_sink comp="238" pin=0"/></net>

<net id="245"><net_src comp="97" pin="4"/><net_sink comp="242" pin=0"/></net>

<net id="252"><net_src comp="191" pin="1"/><net_sink comp="249" pin=0"/></net>

<net id="257"><net_src comp="34" pin="0"/><net_sink comp="253" pin=0"/></net>

<net id="258"><net_src comp="249" pin="1"/><net_sink comp="253" pin=1"/></net>

<net id="262"><net_src comp="253" pin="2"/><net_sink comp="259" pin=0"/></net>

<net id="267"><net_src comp="259" pin="1"/><net_sink comp="263" pin=0"/></net>

<net id="268"><net_src comp="246" pin="1"/><net_sink comp="263" pin=1"/></net>

<net id="273"><net_src comp="263" pin="2"/><net_sink comp="269" pin=0"/></net>

<net id="274"><net_src comp="36" pin="0"/><net_sink comp="269" pin=1"/></net>

<net id="279"><net_src comp="36" pin="0"/><net_sink comp="275" pin=0"/></net>

<net id="280"><net_src comp="246" pin="1"/><net_sink comp="275" pin=1"/></net>

<net id="286"><net_src comp="269" pin="2"/><net_sink comp="281" pin=0"/></net>

<net id="287"><net_src comp="275" pin="2"/><net_sink comp="281" pin=1"/></net>

<net id="288"><net_src comp="259" pin="1"/><net_sink comp="281" pin=2"/></net>

<net id="292"><net_src comp="281" pin="3"/><net_sink comp="289" pin=0"/></net>

<net id="296"><net_src comp="281" pin="3"/><net_sink comp="293" pin=0"/></net>

<net id="301"><net_src comp="293" pin="1"/><net_sink comp="297" pin=0"/></net>

<net id="302"><net_src comp="191" pin="1"/><net_sink comp="297" pin=1"/></net>

<net id="306"><net_src comp="97" pin="4"/><net_sink comp="303" pin=0"/></net>

<net id="311"><net_src comp="108" pin="4"/><net_sink comp="307" pin=0"/></net>

<net id="312"><net_src comp="38" pin="0"/><net_sink comp="307" pin=1"/></net>

<net id="316"><net_src comp="108" pin="4"/><net_sink comp="313" pin=0"/></net>

<net id="321"><net_src comp="32" pin="0"/><net_sink comp="317" pin=0"/></net>

<net id="322"><net_src comp="313" pin="1"/><net_sink comp="317" pin=1"/></net>

<net id="327"><net_src comp="317" pin="2"/><net_sink comp="323" pin=0"/></net>

<net id="332"><net_src comp="131" pin="4"/><net_sink comp="328" pin=0"/></net>

<net id="333"><net_src comp="42" pin="0"/><net_sink comp="328" pin=1"/></net>

<net id="338"><net_src comp="131" pin="4"/><net_sink comp="334" pin=0"/></net>

<net id="339"><net_src comp="44" pin="0"/><net_sink comp="334" pin=1"/></net>

<net id="343"><net_src comp="131" pin="4"/><net_sink comp="340" pin=0"/></net>

<net id="344"><net_src comp="340" pin="1"/><net_sink comp="72" pin=2"/></net>

<net id="349"><net_src comp="105" pin="1"/><net_sink comp="345" pin=0"/></net>

<net id="350"><net_src comp="50" pin="0"/><net_sink comp="345" pin=1"/></net>

<net id="354"><net_src comp="127" pin="1"/><net_sink comp="351" pin=0"/></net>

<net id="359"><net_src comp="351" pin="1"/><net_sink comp="355" pin=1"/></net>

<net id="365"><net_src comp="355" pin="2"/><net_sink comp="360" pin=0"/></net>

<net id="366"><net_src comp="40" pin="0"/><net_sink comp="360" pin=1"/></net>

<net id="371"><net_src comp="79" pin="3"/><net_sink comp="367" pin=0"/></net>

<net id="372"><net_src comp="360" pin="3"/><net_sink comp="367" pin=1"/></net>

<net id="373"><net_src comp="367" pin="2"/><net_sink comp="79" pin=1"/></net>

<net id="378"><net_src comp="115" pin="1"/><net_sink comp="374" pin=0"/></net>

<net id="379"><net_src comp="38" pin="0"/><net_sink comp="374" pin=1"/></net>

<net id="384"><net_src comp="143" pin="4"/><net_sink comp="380" pin=0"/></net>

<net id="389"><net_src comp="143" pin="4"/><net_sink comp="385" pin=0"/></net>

<net id="390"><net_src comp="10" pin="0"/><net_sink comp="385" pin=1"/></net>

<net id="395"><net_src comp="173" pin="1"/><net_sink comp="391" pin=0"/></net>

<net id="396"><net_src comp="143" pin="4"/><net_sink comp="391" pin=1"/></net>

<net id="400"><net_src comp="391" pin="2"/><net_sink comp="397" pin=0"/></net>

<net id="401"><net_src comp="397" pin="1"/><net_sink comp="85" pin=2"/></net>

<net id="406"><net_src comp="173" pin="1"/><net_sink comp="402" pin=0"/></net>

<net id="411"><net_src comp="402" pin="2"/><net_sink comp="407" pin=0"/></net>

<net id="412"><net_src comp="36" pin="0"/><net_sink comp="407" pin=1"/></net>

<net id="421"><net_src comp="402" pin="2"/><net_sink comp="417" pin=0"/></net>

<net id="425"><net_src comp="139" pin="1"/><net_sink comp="422" pin=0"/></net>

<net id="430"><net_src comp="422" pin="1"/><net_sink comp="426" pin=0"/></net>

<net id="436"><net_src comp="426" pin="2"/><net_sink comp="431" pin=0"/></net>

<net id="437"><net_src comp="40" pin="0"/><net_sink comp="431" pin=1"/></net>

<net id="442"><net_src comp="79" pin="3"/><net_sink comp="438" pin=0"/></net>

<net id="443"><net_src comp="431" pin="3"/><net_sink comp="438" pin=1"/></net>

<net id="444"><net_src comp="438" pin="2"/><net_sink comp="79" pin=1"/></net>

<net id="449"><net_src comp="154" pin="6"/><net_sink comp="445" pin=0"/></net>

<net id="450"><net_src comp="93" pin="1"/><net_sink comp="445" pin=1"/></net>

<net id="454"><net_src comp="52" pin="1"/><net_sink comp="451" pin=0"/></net>

<net id="455"><net_src comp="451" pin="1"/><net_sink comp="186" pin=1"/></net>

<net id="456"><net_src comp="451" pin="1"/><net_sink comp="191" pin=0"/></net>

<net id="457"><net_src comp="451" pin="1"/><net_sink comp="323" pin=1"/></net>

<net id="458"><net_src comp="451" pin="1"/><net_sink comp="413" pin=1"/></net>

<net id="462"><net_src comp="56" pin="1"/><net_sink comp="459" pin=0"/></net>

<net id="463"><net_src comp="459" pin="1"/><net_sink comp="181" pin=1"/></net>

<net id="464"><net_src comp="459" pin="1"/><net_sink comp="173" pin=0"/></net>

<net id="465"><net_src comp="459" pin="1"/><net_sink comp="246" pin=0"/></net>

<net id="466"><net_src comp="459" pin="1"/><net_sink comp="176" pin=1"/></net>

<net id="467"><net_src comp="459" pin="1"/><net_sink comp="417" pin=1"/></net>

<net id="471"><net_src comp="60" pin="2"/><net_sink comp="468" pin=0"/></net>

<net id="472"><net_src comp="468" pin="1"/><net_sink comp="360" pin=2"/></net>

<net id="473"><net_src comp="468" pin="1"/><net_sink comp="431" pin=2"/></net>

<net id="486"><net_src comp="238" pin="1"/><net_sink comp="483" pin=0"/></net>

<net id="487"><net_src comp="483" pin="1"/><net_sink comp="108" pin=0"/></net>

<net id="491"><net_src comp="242" pin="1"/><net_sink comp="488" pin=0"/></net>

<net id="492"><net_src comp="488" pin="1"/><net_sink comp="355" pin=0"/></net>

<net id="496"><net_src comp="281" pin="3"/><net_sink comp="493" pin=0"/></net>

<net id="497"><net_src comp="493" pin="1"/><net_sink comp="380" pin=1"/></net>

<net id="498"><net_src comp="493" pin="1"/><net_sink comp="402" pin=1"/></net>

<net id="502"><net_src comp="289" pin="1"/><net_sink comp="499" pin=0"/></net>

<net id="503"><net_src comp="499" pin="1"/><net_sink comp="154" pin=2"/></net>

<net id="504"><net_src comp="499" pin="1"/><net_sink comp="154" pin=4"/></net>

<net id="508"><net_src comp="297" pin="2"/><net_sink comp="505" pin=0"/></net>

<net id="509"><net_src comp="505" pin="1"/><net_sink comp="413" pin=0"/></net>

<net id="513"><net_src comp="303" pin="1"/><net_sink comp="510" pin=0"/></net>

<net id="514"><net_src comp="510" pin="1"/><net_sink comp="426" pin=1"/></net>

<net id="524"><net_src comp="334" pin="2"/><net_sink comp="521" pin=0"/></net>

<net id="525"><net_src comp="521" pin="1"/><net_sink comp="131" pin=0"/></net>

<net id="529"><net_src comp="72" pin="3"/><net_sink comp="526" pin=0"/></net>

<net id="530"><net_src comp="526" pin="1"/><net_sink comp="79" pin=0"/></net>

<net id="534"><net_src comp="345" pin="2"/><net_sink comp="531" pin=0"/></net>

<net id="535"><net_src comp="531" pin="1"/><net_sink comp="108" pin=2"/></net>

<net id="539"><net_src comp="374" pin="2"/><net_sink comp="536" pin=0"/></net>

<net id="540"><net_src comp="536" pin="1"/><net_sink comp="119" pin=2"/></net>

<net id="547"><net_src comp="385" pin="2"/><net_sink comp="544" pin=0"/></net>

<net id="548"><net_src comp="544" pin="1"/><net_sink comp="143" pin=2"/></net>

<net id="552"><net_src comp="85" pin="3"/><net_sink comp="549" pin=0"/></net>

<net id="553"><net_src comp="549" pin="1"/><net_sink comp="79" pin=0"/></net>

<net id="560"><net_src comp="445" pin="2"/><net_sink comp="557" pin=0"/></net>

<net id="561"><net_src comp="557" pin="1"/><net_sink comp="97" pin=2"/></net>

</net_list>

</model> 
---------------- Datapath Model END ------------------

* FSMD analyzer results:
  - Output states:
	Port: instance_state | {4 5 6 7 8 9 }
 - Input state : 
	Port: KeccakWidth1600_Spon.8 : instance_state | {4 5 6 7 8 9 }
	Port: KeccakWidth1600_Spon.8 : instance_byteIOIndex_read | {1 }
	Port: KeccakWidth1600_Spon.8 : data_0_read | {1 }
	Port: KeccakWidth1600_Spon.8 : KeccakRhoOffsets | {4 6 7 9 }
	Port: KeccakWidth1600_Spon.8 : KeccakRoundConstants | {4 6 7 9 }
  - Chain level:
	State 1
		store_ln194 : 1
	State 2
		tmp : 1
		icmp_ln194 : 2
		br_ln194 : 3
		icmp_ln195 : 1
		br_ln195 : 2
		trunc_ln195 : 1
		add_ln195 : 2
		icmp_ln195_1 : 3
		br_ln195 : 4
		j : 1
		zext_ln206 : 2
		trunc_ln212 : 1
		trunc_ln223 : 1
		partialBlock : 2
		zext_ln223 : 3
		add_ln224 : 4
		icmp_ln224 : 5
		partialBlock_1 : 1
		select_ln224 : 6
		zext_ln229 : 7
		zext_ln229_1 : 7
		i : 8
		trunc_ln232 : 1
		ret_ln0 : 1
	State 3
		icmp_ln206 : 1
		br_ln206 : 2
		trunc_ln216 : 1
		sub_ln216 : 2
		store_ln220 : 3
	State 4
		icmp_ln211 : 1
		loop_40 : 1
		br_ln211 : 2
		zext_ln149_1 : 1
		instance_state_addr_1 : 2
		instance_state_load_1 : 3
	State 5
		xor_ln212 : 1
		select_ln212 : 1
		xor_ln149_1 : 2
		store_ln149 : 2
	State 6
	State 7
		icmp_ln231 : 1
		loop : 1
		br_ln231 : 2
		add_ln232 : 1
		zext_ln149 : 2
		instance_state_addr : 3
		instance_state_load : 4
		add_ln236 : 1
		icmp_ln237 : 2
		br_ln237 : 3
		store_ln237 : 2
	State 8
		xor_ln232 : 1
		select_ln232 : 1
		xor_ln149 : 2
		store_ln149 : 2
	State 9
	State 10
		p_2_rec : 1


============================================================
+ Verbose Summary: Datapath Resource usage 
============================================================

* Functional unit list:
|----------|-----------------------------------|---------|---------|---------|---------|---------|
| Operation|          Functional Unit          |   BRAM  |  Delay  |    FF   |   LUT   |   URAM  |
|----------|-----------------------------------|---------|---------|---------|---------|---------|
|   call   |  grp_KeccakP1600_Permute_s_fu_163 |    6    |  34.028 |   1100  |   2420  |    0    |
|----------|-----------------------------------|---------|---------|---------|---------|---------|
|          |          add_ln195_fu_220         |    0    |    0    |    0    |    37   |    0    |
|          |          add_ln224_fu_263         |    0    |    0    |    0    |    39   |    0    |
|          |              i_fu_297             |    0    |    0    |    0    |    41   |    0    |
|          |           loop_40_fu_334          |    0    |    0    |    0    |    15   |    0    |
|    add   |             j_5_fu_345            |    0    |    0    |    0    |    71   |    0    |
|          |          add_ln214_fu_374         |    0    |    0    |    0    |    71   |    0    |
|          |            loop_fu_385            |    0    |    0    |    0    |    39   |    0    |
|          |          add_ln232_fu_391         |    0    |    0    |    0    |    39   |    0    |
|          |          add_ln236_fu_402         |    0    |    0    |    0    |    39   |    0    |
|          |           p_2_rec_fu_445          |    0    |    0    |    0    |    71   |    0    |
|----------|-----------------------------------|---------|---------|---------|---------|---------|
|          |         icmp_ln194_fu_204         |    0    |    0    |    0    |    21   |    0    |
|          |         icmp_ln195_fu_210         |    0    |    0    |    0    |    18   |    0    |
|          |        icmp_ln195_1_fu_226        |    0    |    0    |    0    |    18   |    0    |
|   icmp   |         icmp_ln224_fu_269         |    0    |    0    |    0    |    18   |    0    |
|          |         icmp_ln206_fu_307         |    0    |    0    |    0    |    29   |    0    |
|          |         icmp_ln211_fu_328         |    0    |    0    |    0    |    11   |    0    |
|          |         icmp_ln231_fu_380         |    0    |    0    |    0    |    18   |    0    |
|          |         icmp_ln237_fu_407         |    0    |    0    |    0    |    18   |    0    |
|----------|-----------------------------------|---------|---------|---------|---------|---------|
|          |              j_fu_232             |    0    |    0    |    0    |    41   |    0    |
|    sub   |        partialBlock_fu_253        |    0    |    0    |    0    |    10   |    0    |
|          |       partialBlock_1_fu_275       |    0    |    0    |    0    |    39   |    0    |
|          |          sub_ln216_fu_317         |    0    |    0    |    0    |    41   |    0    |
|----------|-----------------------------------|---------|---------|---------|---------|---------|
|          |        select_ln224_fu_281        |    0    |    0    |    0    |    32   |    0    |
|  select  |        select_ln212_fu_360        |    0    |    0    |    0    |    8    |    0    |
|          |        select_ln232_fu_431        |    0    |    0    |    0    |    8    |    0    |
|----------|-----------------------------------|---------|---------|---------|---------|---------|
|          |          xor_ln212_fu_355         |    0    |    0    |    0    |    2    |    0    |
|    xor   |         xor_ln149_1_fu_367        |    0    |    0    |    0    |    8    |    0    |
|          |          xor_ln232_fu_426         |    0    |    0    |    0    |    2    |    0    |
|          |          xor_ln149_fu_438         |    0    |    0    |    0    |    8    |    0    |
|----------|-----------------------------------|---------|---------|---------|---------|---------|
|   read   |      data_0_read_2_read_fu_60     |    0    |    0    |    0    |    0    |    0    |
|          | instance_byteIOIndex_5_read_fu_66 |    0    |    0    |    0    |    0    |    0    |
|----------|-----------------------------------|---------|---------|---------|---------|---------|
|partselect|             tmp_fu_194            |    0    |    0    |    0    |    0    |    0    |
|----------|-----------------------------------|---------|---------|---------|---------|---------|
|          |         trunc_ln195_fu_216        |    0    |    0    |    0    |    0    |    0    |
|          |         trunc_ln212_fu_242        |    0    |    0    |    0    |    0    |    0    |
|          |         trunc_ln223_fu_249        |    0    |    0    |    0    |    0    |    0    |
|   trunc  |         trunc_ln232_fu_303        |    0    |    0    |    0    |    0    |    0    |
|          |         trunc_ln216_fu_313        |    0    |    0    |    0    |    0    |    0    |
|          |        trunc_ln212_1_fu_351       |    0    |    0    |    0    |    0    |    0    |
|          |        trunc_ln232_1_fu_422       |    0    |    0    |    0    |    0    |    0    |
|----------|-----------------------------------|---------|---------|---------|---------|---------|
|          |         zext_ln206_fu_238         |    0    |    0    |    0    |    0    |    0    |
|          |         zext_ln223_fu_259         |    0    |    0    |    0    |    0    |    0    |
|   zext   |         zext_ln229_fu_289         |    0    |    0    |    0    |    0    |    0    |
|          |        zext_ln229_1_fu_293        |    0    |    0    |    0    |    0    |    0    |
|          |        zext_ln149_1_fu_340        |    0    |    0    |    0    |    0    |    0    |
|          |         zext_ln149_fu_397         |    0    |    0    |    0    |    0    |    0    |
|----------|-----------------------------------|---------|---------|---------|---------|---------|
|   Total  |                                   |    6    |  34.028 |   1100  |   3232  |    0    |
|----------|-----------------------------------|---------|---------|---------|---------|---------|

Memories:
N/A

* Register list:
+-----------------------------+--------+
|                             |   FF   |
+-----------------------------+--------+
|      add_ln214_reg_536      |   64   |
|    data_0_read_2_reg_468    |    8   |
|         i_22_reg_451        |   34   |
|          i_reg_505          |   34   |
| instance_byteIOIndex_reg_459|   32   |
|instance_state_addr_1_reg_526|    8   |
| instance_state_addr_reg_549 |    8   |
|         j_0_reg_105         |   64   |
|         j_5_reg_531         |   64   |
|        loop_1_reg_139       |   32   |
|       loop_40_reg_521       |    8   |
|         loop_reg_544        |   32   |
|   offset_assign_9_reg_127   |    8   |
|       p_01_rec_reg_93       |   64   |
|      p_1_rec_pn_reg_151     |   64   |
|       p_1_rec_reg_115       |   64   |
|       p_2_rec_reg_557       |   64   |
|     select_ln224_reg_493    |   32   |
|     trunc_ln212_reg_488     |    1   |
|     trunc_ln232_reg_510     |    1   |
|      zext_ln206_reg_483     |   64   |
|      zext_ln229_reg_499     |   64   |
+-----------------------------+--------+
|            Total            |   814  |
+-----------------------------+--------+

* Multiplexer (MUX) list: 
|-------------------------|------|------|------|--------||---------||---------|
|           Comp          |  Pin | Size |  BW  | S x BW ||  Delay  ||   LUT   |
|-------------------------|------|------|------|--------||---------||---------|
|     grp_access_fu_79    |  p0  |   4  |   8  |   32   ||    21   |
|     grp_access_fu_79    |  p1  |   2  |   8  |   16   ||    9    |
|     p_01_rec_reg_93     |  p0  |   2  |  64  |   128  ||    9    |
|     p_1_rec_reg_115     |  p0  |   2  |  64  |   128  ||    9    |
| offset_assign_9_reg_127 |  p0  |   2  |   8  |   16   ||    9    |
|      loop_1_reg_139     |  p0  |   2  |  32  |   64   ||    9    |
|-------------------------|------|------|------|--------||---------||---------|
|          Total          |      |      |      |   384  ||  8.3035 ||    66   |
|-------------------------|------|------|------|--------||---------||---------|



* Summary:
+-----------+--------+--------+--------+--------+--------+
|           |  BRAM  |  Delay |   FF   |   LUT  |  URAM  |
+-----------+--------+--------+--------+--------+--------+
|  Function |    6   |   34   |  1100  |  3232  |    0   |
|   Memory  |    -   |    -   |    -   |    -   |    -   |
|Multiplexer|    -   |    8   |    -   |   66   |    -   |
|  Register |    -   |    -   |   814  |    -   |    -   |
+-----------+--------+--------+--------+--------+--------+
|   Total   |    6   |   42   |  1914  |  3298  |    0   |
+-----------+--------+--------+--------+--------+--------+
