

================================================================
== Vivado HLS Report for 'KeccakWidth1600_Spon_8'
================================================================
* Date:           Thu May  7 18:30:50 2020

* Version:        2019.2 (Build 2704478 on Wed Nov 06 22:10:23 MST 2019)
* Project:        picnic1
* Solution:       sing_open
* Product family: artix7
* Target device:  xc7a200t-fbg676-2


================================================================
== Performance Estimates
================================================================
+ Timing: 
    * Summary: 
    +--------+----------+----------+------------+
    |  Clock |  Target  | Estimated| Uncertainty|
    +--------+----------+----------+------------+
    |ap_clk  | 10.00 ns | 8.579 ns |   1.25 ns  |
    +--------+----------+----------+------------+

+ Latency: 
    * Summary: 
    +---------+---------+----------+----------+-----+-----+---------+
    |  Latency (cycles) |  Latency (absolute) |  Interval | Pipeline|
    |   min   |   max   |    min   |    max   | min | max |   Type  |
    +---------+---------+----------+----------+-----+-----+---------+
    |        ?|        ?|         ?|         ?|    ?|    ?|   none  |
    +---------+---------+----------+----------+-----+-----+---------+

    + Detail: 
        * Instance: 
        N/A

        * Loop: 
        +-----------------+---------+---------+----------+-----------+-----------+------+----------+
        |                 |  Latency (cycles) | Iteration|  Initiation Interval  | Trip |          |
        |    Loop Name    |   min   |   max   |  Latency |  achieved |   target  | Count| Pipelined|
        +-----------------+---------+---------+----------+-----------+-----------+------+----------+
        |- Loop 1         |        ?|        ?|         ?|          -|          -|     ?|    no    |
        | + Loop 1.1      |        ?|        ?|     18923|          -|          -|     ?|    no    |
        |  ++ Loop 1.1.1  |      336|      336|         2|          -|          -|   168|    no    |
        | + Loop 1.2      |        ?|        ?|         2|          -|          -|     ?|    no    |
        +-----------------+---------+---------+----------+-----------+-----------+------+----------+

============================================================
+ Verbose Summary: Synthesis Manager
============================================================
InlineROM: 1
ExposeGlobal: 1
============================================================
+ Verbose Summary: CDFG Model
============================================================
IsTopModel: 0
ResetActiveHigh: 1
IsCombinational: 0
IsDatapathOnly: 0
HasWiredReturn: 1
HasMFsm: 0
HasVarLatency: 1
IsPipeline: 0
IsRtlPipelined: 0
IsInstanceOverlapped: 0
IsDontTouch: 0
HasImplIP: 0
IsGatedGlobalClock: 0


============================================================
+ Verbose Summary: Schedule
============================================================
* Number of FSM states : 10
* Pipeline : 0
* Dataflow Pipeline: 0

* FSM state transitions: 
1 --> 2 
2 --> 3 7 
3 --> 4 10 
4 --> 5 6 
5 --> 4 
6 --> 3 
7 --> 8 9 10 
8 --> 7 
9 --> 10 
10 --> 2 

* FSM state operations: 

State 1 <SV = 0> <Delay = 1.45>
ST_1 : Operation 11 [1/1] (0.00ns)   --->   "%i_22 = alloca i34"   --->   Operation 11 'alloca' 'i_22' <Predicate = true> <Delay = 0.00>
ST_1 : Operation 12 [1/1] (0.00ns)   --->   "%instance_byteIOIndex = alloca i32"   --->   Operation 12 'alloca' 'instance_byteIOIndex' <Predicate = true> <Delay = 0.00>
ST_1 : Operation 13 [1/1] (0.00ns)   --->   "%data_0_read_2 = call i8 @_ssdm_op_Read.ap_auto.i8(i8 %data_0_read)" [sha3/KeccakSpongeWidth1600.c:181]   --->   Operation 13 'read' 'data_0_read_2' <Predicate = true> <Delay = 0.00>
ST_1 : Operation 14 [1/1] (0.00ns)   --->   "%instance_byteIOIndex_5 = call i32 @_ssdm_op_Read.ap_auto.i32(i32 %instance_byteIOIndex_read)" [sha3/KeccakSpongeWidth1600.c:181]   --->   Operation 14 'read' 'instance_byteIOIndex_5' <Predicate = true> <Delay = 0.00>
ST_1 : Operation 15 [1/1] (1.45ns)   --->   "store i32 %instance_byteIOIndex_5, i32* %instance_byteIOIndex" [sha3/KeccakSpongeWidth1600.c:194]   --->   Operation 15 'store' <Predicate = true> <Delay = 1.45>
ST_1 : Operation 16 [1/1] (1.45ns)   --->   "store i34 0, i34* %i_22" [sha3/KeccakSpongeWidth1600.c:194]   --->   Operation 16 'store' <Predicate = true> <Delay = 1.45>
ST_1 : Operation 17 [1/1] (1.35ns)   --->   "br label %.preheader2" [sha3/KeccakSpongeWidth1600.c:194]   --->   Operation 17 'br' <Predicate = true> <Delay = 1.35>

State 2 <SV = 1> <Delay = 8.49>
ST_2 : Operation 18 [1/1] (0.00ns)   --->   "%p_01_rec = phi i64 [ 0, %.preheader2.preheader ], [ %p_2_rec, %._crit_edge6 ]" [sha3/KeccakSpongeWidth1600.c:214]   --->   Operation 18 'phi' 'p_01_rec' <Predicate = true> <Delay = 0.00>
ST_2 : Operation 19 [1/1] (0.00ns)   --->   "%i_22_load = load i34* %i_22" [sha3/KeccakSpongeWidth1600.c:223]   --->   Operation 19 'load' 'i_22_load' <Predicate = true> <Delay = 0.00>
ST_2 : Operation 20 [1/1] (0.00ns)   --->   "%tmp = call i33 @_ssdm_op_PartSelect.i33.i34.i32.i32(i34 %i_22_load, i32 1, i32 33)" [sha3/KeccakSpongeWidth1600.c:194]   --->   Operation 20 'partselect' 'tmp' <Predicate = true> <Delay = 0.00>
ST_2 : Operation 21 [1/1] (2.11ns)   --->   "%icmp_ln194 = icmp eq i33 %tmp, 0" [sha3/KeccakSpongeWidth1600.c:194]   --->   Operation 21 'icmp' 'icmp_ln194' <Predicate = true> <Delay = 2.11> <Core = "Cmp">   --->   Core 25 'Cmp' <Latency = 0> <II = 1> <Delay = 2.11> <FuncUnit> <Opcode : 'icmp'> <InPorts = 2> <OutPorts = 1>
ST_2 : Operation 22 [1/1] (0.00ns)   --->   "br i1 %icmp_ln194, label %0, label %.loopexit" [sha3/KeccakSpongeWidth1600.c:194]   --->   Operation 22 'br' <Predicate = true> <Delay = 0.00>
ST_2 : Operation 23 [1/1] (0.00ns)   --->   "%instance_byteIOIndex_6 = load i32* %instance_byteIOIndex" [sha3/KeccakSpongeWidth1600.c:195]   --->   Operation 23 'load' 'instance_byteIOIndex_6' <Predicate = (icmp_ln194)> <Delay = 0.00>
ST_2 : Operation 24 [1/1] (2.11ns)   --->   "%icmp_ln195 = icmp eq i32 %instance_byteIOIndex_6, 0" [sha3/KeccakSpongeWidth1600.c:195]   --->   Operation 24 'icmp' 'icmp_ln195' <Predicate = (icmp_ln194)> <Delay = 2.11> <Core = "Cmp">   --->   Core 25 'Cmp' <Latency = 0> <II = 1> <Delay = 2.11> <FuncUnit> <Opcode : 'icmp'> <InPorts = 2> <OutPorts = 1>
ST_2 : Operation 25 [1/1] (0.00ns)   --->   "br i1 %icmp_ln195, label %1, label %._crit_edge" [sha3/KeccakSpongeWidth1600.c:195]   --->   Operation 25 'br' <Predicate = (icmp_ln194)> <Delay = 0.00>
ST_2 : Operation 26 [1/1] (0.00ns)   --->   "%trunc_ln195 = trunc i34 %i_22_load to i30" [sha3/KeccakSpongeWidth1600.c:195]   --->   Operation 26 'trunc' 'trunc_ln195' <Predicate = (icmp_ln194 & icmp_ln195)> <Delay = 0.00>
ST_2 : Operation 27 [1/1] (2.13ns)   --->   "%add_ln195 = add i30 168, %trunc_ln195" [sha3/KeccakSpongeWidth1600.c:195]   --->   Operation 27 'add' 'add_ln195' <Predicate = (icmp_ln194 & icmp_ln195)> <Delay = 2.13> <Core = "AddSub">   --->   Core 14 'AddSub' <Latency = 0> <II = 1> <Delay = 2.99> <FuncUnit> <Opcode : 'add' 'sub'> <InPorts = 2> <OutPorts = 1>
ST_2 : Operation 28 [1/1] (2.09ns)   --->   "%icmp_ln195_1 = icmp ugt i30 %add_ln195, 2" [sha3/KeccakSpongeWidth1600.c:195]   --->   Operation 28 'icmp' 'icmp_ln195_1' <Predicate = (icmp_ln194 & icmp_ln195)> <Delay = 2.09> <Core = "Cmp">   --->   Core 25 'Cmp' <Latency = 0> <II = 1> <Delay = 2.11> <FuncUnit> <Opcode : 'icmp'> <InPorts = 2> <OutPorts = 1>
ST_2 : Operation 29 [1/1] (0.00ns)   --->   "br i1 %icmp_ln195_1, label %._crit_edge, label %2" [sha3/KeccakSpongeWidth1600.c:195]   --->   Operation 29 'br' <Predicate = (icmp_ln194 & icmp_ln195)> <Delay = 0.00>
ST_2 : Operation 30 [1/1] (2.23ns)   --->   "%j = sub i34 2, %i_22_load" [sha3/KeccakSpongeWidth1600.c:206]   --->   Operation 30 'sub' 'j' <Predicate = (icmp_ln194 & icmp_ln195 & !icmp_ln195_1)> <Delay = 2.23> <Core = "AddSub">   --->   Core 14 'AddSub' <Latency = 0> <II = 1> <Delay = 2.99> <FuncUnit> <Opcode : 'add' 'sub'> <InPorts = 2> <OutPorts = 1>
ST_2 : Operation 31 [1/1] (0.00ns)   --->   "%zext_ln206 = zext i34 %j to i64" [sha3/KeccakSpongeWidth1600.c:206]   --->   Operation 31 'zext' 'zext_ln206' <Predicate = (icmp_ln194 & icmp_ln195 & !icmp_ln195_1)> <Delay = 0.00>
ST_2 : Operation 32 [1/1] (0.00ns)   --->   "%trunc_ln212 = trunc i64 %p_01_rec to i1" [sha3/KeccakSpongeWidth1600.c:212]   --->   Operation 32 'trunc' 'trunc_ln212' <Predicate = (icmp_ln194 & icmp_ln195 & !icmp_ln195_1)> <Delay = 0.00>
ST_2 : Operation 33 [1/1] (1.35ns)   --->   "br label %3" [sha3/KeccakSpongeWidth1600.c:206]   --->   Operation 33 'br' <Predicate = (icmp_ln194 & icmp_ln195 & !icmp_ln195_1)> <Delay = 1.35>
ST_2 : Operation 34 [1/1] (0.00ns)   --->   "%instance_byteIOIndex_7 = load i32* %instance_byteIOIndex" [sha3/KeccakSpongeWidth1600.c:224]   --->   Operation 34 'load' 'instance_byteIOIndex_7' <Predicate = (icmp_ln194 & icmp_ln195_1) | (icmp_ln194 & !icmp_ln195)> <Delay = 0.00>
ST_2 : Operation 35 [1/1] (0.00ns)   --->   "%trunc_ln223 = trunc i34 %i_22_load to i2" [sha3/KeccakSpongeWidth1600.c:223]   --->   Operation 35 'trunc' 'trunc_ln223' <Predicate = (icmp_ln194 & icmp_ln195_1) | (icmp_ln194 & !icmp_ln195)> <Delay = 0.00>
ST_2 : Operation 36 [1/1] (1.20ns)   --->   "%partialBlock = sub i2 -2, %trunc_ln223" [sha3/KeccakSpongeWidth1600.c:223]   --->   Operation 36 'sub' 'partialBlock' <Predicate = (icmp_ln194 & icmp_ln195_1) | (icmp_ln194 & !icmp_ln195)> <Delay = 1.20> <Core = "AddSub">   --->   Core 14 'AddSub' <Latency = 0> <II = 1> <Delay = 2.99> <FuncUnit> <Opcode : 'add' 'sub'> <InPorts = 2> <OutPorts = 1>
ST_2 : Operation 37 [1/1] (0.00ns)   --->   "%zext_ln223 = zext i2 %partialBlock to i32" [sha3/KeccakSpongeWidth1600.c:223]   --->   Operation 37 'zext' 'zext_ln223' <Predicate = (icmp_ln194 & icmp_ln195_1) | (icmp_ln194 & !icmp_ln195)> <Delay = 0.00>
ST_2 : Operation 38 [1/1] (2.18ns)   --->   "%add_ln224 = add i32 %zext_ln223, %instance_byteIOIndex_7" [sha3/KeccakSpongeWidth1600.c:224]   --->   Operation 38 'add' 'add_ln224' <Predicate = (icmp_ln194 & icmp_ln195_1) | (icmp_ln194 & !icmp_ln195)> <Delay = 2.18> <Core = "AddSub">   --->   Core 14 'AddSub' <Latency = 0> <II = 1> <Delay = 2.99> <FuncUnit> <Opcode : 'add' 'sub'> <InPorts = 2> <OutPorts = 1>
ST_2 : Operation 39 [1/1] (2.11ns)   --->   "%icmp_ln224 = icmp ugt i32 %add_ln224, 168" [sha3/KeccakSpongeWidth1600.c:224]   --->   Operation 39 'icmp' 'icmp_ln224' <Predicate = (icmp_ln194 & icmp_ln195_1) | (icmp_ln194 & !icmp_ln195)> <Delay = 2.11> <Core = "Cmp">   --->   Core 25 'Cmp' <Latency = 0> <II = 1> <Delay = 2.11> <FuncUnit> <Opcode : 'icmp'> <InPorts = 2> <OutPorts = 1>
ST_2 : Operation 40 [1/1] (2.18ns)   --->   "%partialBlock_1 = sub i32 168, %instance_byteIOIndex_7" [sha3/KeccakSpongeWidth1600.c:225]   --->   Operation 40 'sub' 'partialBlock_1' <Predicate = (icmp_ln194 & icmp_ln195_1) | (icmp_ln194 & !icmp_ln195)> <Delay = 2.18> <Core = "AddSub">   --->   Core 14 'AddSub' <Latency = 0> <II = 1> <Delay = 2.99> <FuncUnit> <Opcode : 'add' 'sub'> <InPorts = 2> <OutPorts = 1>
ST_2 : Operation 41 [1/1] (0.77ns)   --->   "%select_ln224 = select i1 %icmp_ln224, i32 %partialBlock_1, i32 %zext_ln223" [sha3/KeccakSpongeWidth1600.c:224]   --->   Operation 41 'select' 'select_ln224' <Predicate = (icmp_ln194 & icmp_ln195_1) | (icmp_ln194 & !icmp_ln195)> <Delay = 0.77> <Core = "Sel">   --->   Core 26 'Sel' <Latency = 0> <II = 1> <Delay = 1.07> <FuncUnit> <Opcode : 'select'> <InPorts = 3> <OutPorts = 1>
ST_2 : Operation 42 [1/1] (0.00ns)   --->   "%zext_ln229 = zext i32 %select_ln224 to i64" [sha3/KeccakSpongeWidth1600.c:229]   --->   Operation 42 'zext' 'zext_ln229' <Predicate = (icmp_ln194 & icmp_ln195_1) | (icmp_ln194 & !icmp_ln195)> <Delay = 0.00>
ST_2 : Operation 43 [1/1] (0.00ns)   --->   "%zext_ln229_1 = zext i32 %select_ln224 to i34" [sha3/KeccakSpongeWidth1600.c:229]   --->   Operation 43 'zext' 'zext_ln229_1' <Predicate = (icmp_ln194 & icmp_ln195_1) | (icmp_ln194 & !icmp_ln195)> <Delay = 0.00>
ST_2 : Operation 44 [1/1] (2.23ns)   --->   "%i = add i34 %zext_ln229_1, %i_22_load" [sha3/KeccakSpongeWidth1600.c:229]   --->   Operation 44 'add' 'i' <Predicate = (icmp_ln194 & icmp_ln195_1) | (icmp_ln194 & !icmp_ln195)> <Delay = 2.23> <Core = "AddSub">   --->   Core 14 'AddSub' <Latency = 0> <II = 1> <Delay = 2.99> <FuncUnit> <Opcode : 'add' 'sub'> <InPorts = 2> <OutPorts = 1>
ST_2 : Operation 45 [1/1] (0.00ns)   --->   "%trunc_ln232 = trunc i64 %p_01_rec to i1" [sha3/KeccakSpongeWidth1600.c:232]   --->   Operation 45 'trunc' 'trunc_ln232' <Predicate = (icmp_ln194 & icmp_ln195_1) | (icmp_ln194 & !icmp_ln195)> <Delay = 0.00>
ST_2 : Operation 46 [1/1] (1.35ns)   --->   "br label %7" [sha3/KeccakSpongeWidth1600.c:231]   --->   Operation 46 'br' <Predicate = (icmp_ln194 & icmp_ln195_1) | (icmp_ln194 & !icmp_ln195)> <Delay = 1.35>
ST_2 : Operation 47 [1/1] (0.00ns)   --->   "%instance_byteIOIndex_10 = load i32* %instance_byteIOIndex"   --->   Operation 47 'load' 'instance_byteIOIndex_10' <Predicate = (!icmp_ln194)> <Delay = 0.00>
ST_2 : Operation 48 [1/1] (0.00ns)   --->   "ret i32 %instance_byteIOIndex_10"   --->   Operation 48 'ret' <Predicate = (!icmp_ln194)> <Delay = 0.00>

State 3 <SV = 2> <Delay = 3.68>
ST_3 : Operation 49 [1/1] (0.00ns)   --->   "%j_0 = phi i64 [ %zext_ln206, %2 ], [ %j_5, %5 ]"   --->   Operation 49 'phi' 'j_0' <Predicate = true> <Delay = 0.00>
ST_3 : Operation 50 [1/1] (0.00ns)   --->   "%p_1_rec = phi i64 [ 0, %2 ], [ %add_ln214, %5 ]" [sha3/KeccakSpongeWidth1600.c:214]   --->   Operation 50 'phi' 'p_1_rec' <Predicate = true> <Delay = 0.00>
ST_3 : Operation 51 [1/1] (2.34ns)   --->   "%icmp_ln206 = icmp ult i64 %j_0, 168" [sha3/KeccakSpongeWidth1600.c:206]   --->   Operation 51 'icmp' 'icmp_ln206' <Predicate = true> <Delay = 2.34> <Core = "Cmp">   --->   Core 25 'Cmp' <Latency = 0> <II = 1> <Delay = 2.11> <FuncUnit> <Opcode : 'icmp'> <InPorts = 2> <OutPorts = 1>
ST_3 : Operation 52 [1/1] (0.00ns)   --->   "br i1 %icmp_ln206, label %6, label %.preheader.preheader" [sha3/KeccakSpongeWidth1600.c:206]   --->   Operation 52 'br' <Predicate = true> <Delay = 0.00>
ST_3 : Operation 53 [1/1] (1.35ns)   --->   "br label %.preheader" [sha3/KeccakSpongeWidth1600.c:211]   --->   Operation 53 'br' <Predicate = (!icmp_ln206)> <Delay = 1.35>
ST_3 : Operation 54 [1/1] (0.00ns)   --->   "%trunc_ln216 = trunc i64 %j_0 to i34" [sha3/KeccakSpongeWidth1600.c:216]   --->   Operation 54 'trunc' 'trunc_ln216' <Predicate = (icmp_ln206)> <Delay = 0.00>
ST_3 : Operation 55 [1/1] (2.23ns)   --->   "%sub_ln216 = sub i34 2, %trunc_ln216" [sha3/KeccakSpongeWidth1600.c:216]   --->   Operation 55 'sub' 'sub_ln216' <Predicate = (icmp_ln206)> <Delay = 2.23> <Core = "AddSub">   --->   Core 14 'AddSub' <Latency = 0> <II = 1> <Delay = 2.99> <FuncUnit> <Opcode : 'add' 'sub'> <InPorts = 2> <OutPorts = 1>
ST_3 : Operation 56 [1/1] (1.45ns)   --->   "store i32 0, i32* %instance_byteIOIndex" [sha3/KeccakSpongeWidth1600.c:220]   --->   Operation 56 'store' <Predicate = (icmp_ln206)> <Delay = 1.45>
ST_3 : Operation 57 [1/1] (1.45ns)   --->   "store i34 %sub_ln216, i34* %i_22" [sha3/KeccakSpongeWidth1600.c:220]   --->   Operation 57 'store' <Predicate = (icmp_ln206)> <Delay = 1.45>
ST_3 : Operation 58 [1/1] (1.35ns)   --->   "br label %._crit_edge6" [sha3/KeccakSpongeWidth1600.c:220]   --->   Operation 58 'br' <Predicate = (icmp_ln206)> <Delay = 1.35>

State 4 <SV = 3> <Delay = 2.99>
ST_4 : Operation 59 [1/1] (0.00ns)   --->   "%offset_assign_9 = phi i8 [ %loop_40, %4 ], [ 0, %.preheader.preheader ]"   --->   Operation 59 'phi' 'offset_assign_9' <Predicate = true> <Delay = 0.00>
ST_4 : Operation 60 [1/1] (1.24ns)   --->   "%icmp_ln211 = icmp eq i8 %offset_assign_9, -88" [sha3/KeccakSpongeWidth1600.c:211]   --->   Operation 60 'icmp' 'icmp_ln211' <Predicate = true> <Delay = 1.24> <Core = "Cmp">   --->   Core 25 'Cmp' <Latency = 0> <II = 1> <Delay = 2.11> <FuncUnit> <Opcode : 'icmp'> <InPorts = 2> <OutPorts = 1>
ST_4 : Operation 61 [1/1] (1.71ns)   --->   "%loop_40 = add i8 %offset_assign_9, 1" [sha3/KeccakSpongeWidth1600.c:211]   --->   Operation 61 'add' 'loop_40' <Predicate = true> <Delay = 1.71> <Core = "AddSub">   --->   Core 14 'AddSub' <Latency = 0> <II = 1> <Delay = 2.99> <FuncUnit> <Opcode : 'add' 'sub'> <InPorts = 2> <OutPorts = 1>
ST_4 : Operation 62 [1/1] (0.00ns)   --->   "%empty = call i32 (...)* @_ssdm_op_SpecLoopTripCount(i64 168, i64 168, i64 168)"   --->   Operation 62 'speclooptripcount' 'empty' <Predicate = true> <Delay = 0.00>
ST_4 : Operation 63 [1/1] (0.00ns)   --->   "br i1 %icmp_ln211, label %5, label %4" [sha3/KeccakSpongeWidth1600.c:211]   --->   Operation 63 'br' <Predicate = true> <Delay = 0.00>
ST_4 : Operation 64 [1/1] (0.00ns)   --->   "%zext_ln149_1 = zext i8 %offset_assign_9 to i64" [sha3/KeccakP-1600-reference.c:149->sha3/KeccakSpongeWidth1600.c:212]   --->   Operation 64 'zext' 'zext_ln149_1' <Predicate = (!icmp_ln211)> <Delay = 0.00>
ST_4 : Operation 65 [1/1] (0.00ns)   --->   "%instance_state_addr_1 = getelementptr [200 x i8]* %instance_state, i64 0, i64 %zext_ln149_1" [sha3/KeccakP-1600-reference.c:149->sha3/KeccakSpongeWidth1600.c:212]   --->   Operation 65 'getelementptr' 'instance_state_addr_1' <Predicate = (!icmp_ln211)> <Delay = 0.00>
ST_4 : Operation 66 [2/2] (2.77ns)   --->   "%instance_state_load_1 = load i8* %instance_state_addr_1, align 1" [sha3/KeccakP-1600-reference.c:149->sha3/KeccakSpongeWidth1600.c:212]   --->   Operation 66 'load' 'instance_state_load_1' <Predicate = (!icmp_ln211)> <Delay = 2.77> <Core = "RAM">   --->   Core 37 'RAM' <Latency = 1> <II = 1> <Delay = 2.77> <Storage> <Opcode : 'load' 'store'> <Ports = 2> <Width = 8> <Depth = 200> <RAM>
ST_4 : Operation 67 [2/2] (1.35ns)   --->   "call fastcc void @KeccakP1600_Permute_([200 x i8]* %instance_state)" [sha3/KeccakSpongeWidth1600.c:213]   --->   Operation 67 'call' <Predicate = (icmp_ln211)> <Delay = 1.35> <CoreType = "Generic">   --->   Core 0 '' <Latency = 0> <II = 1> <Delay = 1.00> <Generic> <Opcode : >
ST_4 : Operation 68 [1/1] (2.99ns)   --->   "%j_5 = add i64 %j_0, -168" [sha3/KeccakSpongeWidth1600.c:206]   --->   Operation 68 'add' 'j_5' <Predicate = (icmp_ln211)> <Delay = 2.99> <Core = "AddSub">   --->   Core 14 'AddSub' <Latency = 0> <II = 1> <Delay = 2.99> <FuncUnit> <Opcode : 'add' 'sub'> <InPorts = 2> <OutPorts = 1>

State 5 <SV = 4> <Delay = 6.62>
ST_5 : Operation 69 [1/1] (0.00ns) (grouped into LUT with out node xor_ln149_1)   --->   "%trunc_ln212_1 = trunc i8 %offset_assign_9 to i1" [sha3/KeccakSpongeWidth1600.c:212]   --->   Operation 69 'trunc' 'trunc_ln212_1' <Predicate = true> <Delay = 0.00>
ST_5 : Operation 70 [1/1] (0.00ns) (grouped into LUT with out node xor_ln149_1)   --->   "%xor_ln212 = xor i1 %trunc_ln212, %trunc_ln212_1" [sha3/KeccakSpongeWidth1600.c:212]   --->   Operation 70 'xor' 'xor_ln212' <Predicate = true> <Delay = 0.00> <Core = "LogicGate">   --->   Core 27 'LogicGate' <Latency = 0> <II = 1> <Delay = 0.80> <FuncUnit> <Opcode : 'and' 'or' 'xor'> <InPorts = 2> <OutPorts = 1>
ST_5 : Operation 71 [1/1] (0.00ns) (grouped into LUT with out node xor_ln149_1)   --->   "%select_ln212 = select i1 %xor_ln212, i8 0, i8 %data_0_read_2" [sha3/KeccakSpongeWidth1600.c:212]   --->   Operation 71 'select' 'select_ln212' <Predicate = true> <Delay = 0.00> <Core = "Sel">   --->   Core 26 'Sel' <Latency = 0> <II = 1> <Delay = 1.07> <FuncUnit> <Opcode : 'select'> <InPorts = 3> <OutPorts = 1>
ST_5 : Operation 72 [1/2] (2.77ns)   --->   "%instance_state_load_1 = load i8* %instance_state_addr_1, align 1" [sha3/KeccakP-1600-reference.c:149->sha3/KeccakSpongeWidth1600.c:212]   --->   Operation 72 'load' 'instance_state_load_1' <Predicate = true> <Delay = 2.77> <Core = "RAM">   --->   Core 37 'RAM' <Latency = 1> <II = 1> <Delay = 2.77> <Storage> <Opcode : 'load' 'store'> <Ports = 2> <Width = 8> <Depth = 200> <RAM>
ST_5 : Operation 73 [1/1] (1.07ns) (out node of the LUT)   --->   "%xor_ln149_1 = xor i8 %instance_state_load_1, %select_ln212" [sha3/KeccakP-1600-reference.c:149->sha3/KeccakSpongeWidth1600.c:212]   --->   Operation 73 'xor' 'xor_ln149_1' <Predicate = true> <Delay = 1.07> <Core = "LogicGate">   --->   Core 27 'LogicGate' <Latency = 0> <II = 1> <Delay = 0.80> <FuncUnit> <Opcode : 'and' 'or' 'xor'> <InPorts = 2> <OutPorts = 1>
ST_5 : Operation 74 [1/1] (2.77ns)   --->   "store i8 %xor_ln149_1, i8* %instance_state_addr_1, align 1" [sha3/KeccakP-1600-reference.c:149->sha3/KeccakSpongeWidth1600.c:212]   --->   Operation 74 'store' <Predicate = true> <Delay = 2.77> <Core = "RAM">   --->   Core 37 'RAM' <Latency = 1> <II = 1> <Delay = 2.77> <Storage> <Opcode : 'load' 'store'> <Ports = 2> <Width = 8> <Depth = 200> <RAM>
ST_5 : Operation 75 [1/1] (0.00ns)   --->   "br label %.preheader" [sha3/KeccakSpongeWidth1600.c:211]   --->   Operation 75 'br' <Predicate = true> <Delay = 0.00>

State 6 <SV = 4> <Delay = 2.99>
ST_6 : Operation 76 [1/2] (0.00ns)   --->   "call fastcc void @KeccakP1600_Permute_([200 x i8]* %instance_state)" [sha3/KeccakSpongeWidth1600.c:213]   --->   Operation 76 'call' <Predicate = true> <Delay = 0.00> <CoreType = "Generic">   --->   Core 0 '' <Latency = 0> <II = 1> <Delay = 1.00> <Generic> <Opcode : >
ST_6 : Operation 77 [1/1] (2.99ns)   --->   "%add_ln214 = add i64 %p_1_rec, 168" [sha3/KeccakSpongeWidth1600.c:214]   --->   Operation 77 'add' 'add_ln214' <Predicate = true> <Delay = 2.99> <Core = "AddSub">   --->   Core 14 'AddSub' <Latency = 0> <II = 1> <Delay = 2.99> <FuncUnit> <Opcode : 'add' 'sub'> <InPorts = 2> <OutPorts = 1>
ST_6 : Operation 78 [1/1] (0.00ns)   --->   "br label %3" [sha3/KeccakSpongeWidth1600.c:206]   --->   Operation 78 'br' <Predicate = true> <Delay = 0.00>

State 7 <SV = 2> <Delay = 4.95>
ST_7 : Operation 79 [1/1] (0.00ns)   --->   "%loop_1 = phi i32 [ 0, %._crit_edge ], [ %loop, %8 ]"   --->   Operation 79 'phi' 'loop_1' <Predicate = true> <Delay = 0.00>
ST_7 : Operation 80 [1/1] (2.11ns)   --->   "%icmp_ln231 = icmp eq i32 %loop_1, %select_ln224" [sha3/KeccakSpongeWidth1600.c:231]   --->   Operation 80 'icmp' 'icmp_ln231' <Predicate = true> <Delay = 2.11> <Core = "Cmp">   --->   Core 25 'Cmp' <Latency = 0> <II = 1> <Delay = 2.11> <FuncUnit> <Opcode : 'icmp'> <InPorts = 2> <OutPorts = 1>
ST_7 : Operation 81 [1/1] (2.18ns)   --->   "%loop = add nsw i32 %loop_1, 1" [sha3/KeccakSpongeWidth1600.c:231]   --->   Operation 81 'add' 'loop' <Predicate = true> <Delay = 2.18> <Core = "AddSub">   --->   Core 14 'AddSub' <Latency = 0> <II = 1> <Delay = 2.99> <FuncUnit> <Opcode : 'add' 'sub'> <InPorts = 2> <OutPorts = 1>
ST_7 : Operation 82 [1/1] (0.00ns)   --->   "br i1 %icmp_ln231, label %9, label %8" [sha3/KeccakSpongeWidth1600.c:231]   --->   Operation 82 'br' <Predicate = true> <Delay = 0.00>
ST_7 : Operation 83 [1/1] (0.00ns)   --->   "%instance_byteIOIndex_8 = load i32* %instance_byteIOIndex" [sha3/KeccakSpongeWidth1600.c:232]   --->   Operation 83 'load' 'instance_byteIOIndex_8' <Predicate = (!icmp_ln231)> <Delay = 0.00>
ST_7 : Operation 84 [1/1] (2.18ns)   --->   "%add_ln232 = add i32 %instance_byteIOIndex_8, %loop_1" [sha3/KeccakSpongeWidth1600.c:232]   --->   Operation 84 'add' 'add_ln232' <Predicate = (!icmp_ln231)> <Delay = 2.18> <Core = "AddSub">   --->   Core 14 'AddSub' <Latency = 0> <II = 1> <Delay = 2.99> <FuncUnit> <Opcode : 'add' 'sub'> <InPorts = 2> <OutPorts = 1>
ST_7 : Operation 85 [1/1] (0.00ns)   --->   "%zext_ln149 = zext i32 %add_ln232 to i64" [sha3/KeccakP-1600-reference.c:149->sha3/KeccakSpongeWidth1600.c:232]   --->   Operation 85 'zext' 'zext_ln149' <Predicate = (!icmp_ln231)> <Delay = 0.00>
ST_7 : Operation 86 [1/1] (0.00ns)   --->   "%instance_state_addr = getelementptr [200 x i8]* %instance_state, i64 0, i64 %zext_ln149" [sha3/KeccakP-1600-reference.c:149->sha3/KeccakSpongeWidth1600.c:232]   --->   Operation 86 'getelementptr' 'instance_state_addr' <Predicate = (!icmp_ln231)> <Delay = 0.00>
ST_7 : Operation 87 [2/2] (2.77ns)   --->   "%instance_state_load = load i8* %instance_state_addr, align 1" [sha3/KeccakP-1600-reference.c:149->sha3/KeccakSpongeWidth1600.c:232]   --->   Operation 87 'load' 'instance_state_load' <Predicate = (!icmp_ln231)> <Delay = 2.77> <Core = "RAM">   --->   Core 37 'RAM' <Latency = 1> <II = 1> <Delay = 2.77> <Storage> <Opcode : 'load' 'store'> <Ports = 2> <Width = 8> <Depth = 200> <RAM>
ST_7 : Operation 88 [1/1] (0.00ns)   --->   "%instance_byteIOIndex_9 = load i32* %instance_byteIOIndex" [sha3/KeccakSpongeWidth1600.c:236]   --->   Operation 88 'load' 'instance_byteIOIndex_9' <Predicate = (icmp_ln231)> <Delay = 0.00>
ST_7 : Operation 89 [1/1] (2.18ns)   --->   "%add_ln236 = add i32 %instance_byteIOIndex_9, %select_ln224" [sha3/KeccakSpongeWidth1600.c:236]   --->   Operation 89 'add' 'add_ln236' <Predicate = (icmp_ln231)> <Delay = 2.18> <Core = "AddSub">   --->   Core 14 'AddSub' <Latency = 0> <II = 1> <Delay = 2.99> <FuncUnit> <Opcode : 'add' 'sub'> <InPorts = 2> <OutPorts = 1>
ST_7 : Operation 90 [1/1] (2.11ns)   --->   "%icmp_ln237 = icmp eq i32 %add_ln236, 168" [sha3/KeccakSpongeWidth1600.c:237]   --->   Operation 90 'icmp' 'icmp_ln237' <Predicate = (icmp_ln231)> <Delay = 2.11> <Core = "Cmp">   --->   Core 25 'Cmp' <Latency = 0> <II = 1> <Delay = 2.11> <FuncUnit> <Opcode : 'icmp'> <InPorts = 2> <OutPorts = 1>
ST_7 : Operation 91 [1/1] (1.45ns)   --->   "store i34 %i, i34* %i_22" [sha3/KeccakSpongeWidth1600.c:237]   --->   Operation 91 'store' <Predicate = (icmp_ln231)> <Delay = 1.45>
ST_7 : Operation 92 [1/1] (0.00ns)   --->   "br i1 %icmp_ln237, label %10, label %.._crit_edge6_crit_edge" [sha3/KeccakSpongeWidth1600.c:237]   --->   Operation 92 'br' <Predicate = (icmp_ln231)> <Delay = 0.00>
ST_7 : Operation 93 [1/1] (1.45ns)   --->   "store i32 %add_ln236, i32* %instance_byteIOIndex" [sha3/KeccakSpongeWidth1600.c:237]   --->   Operation 93 'store' <Predicate = (icmp_ln231 & !icmp_ln237)> <Delay = 1.45>
ST_7 : Operation 94 [1/1] (1.35ns)   --->   "br label %._crit_edge6" [sha3/KeccakSpongeWidth1600.c:237]   --->   Operation 94 'br' <Predicate = (icmp_ln231 & !icmp_ln237)> <Delay = 1.35>
ST_7 : Operation 95 [2/2] (1.35ns)   --->   "call fastcc void @KeccakP1600_Permute_([200 x i8]* %instance_state)" [sha3/KeccakSpongeWidth1600.c:238]   --->   Operation 95 'call' <Predicate = (icmp_ln231 & icmp_ln237)> <Delay = 1.35> <CoreType = "Generic">   --->   Core 0 '' <Latency = 0> <II = 1> <Delay = 1.00> <Generic> <Opcode : >
ST_7 : Operation 96 [1/1] (1.45ns)   --->   "store i32 0, i32* %instance_byteIOIndex" [sha3/KeccakSpongeWidth1600.c:240]   --->   Operation 96 'store' <Predicate = (icmp_ln231 & icmp_ln237)> <Delay = 1.45>

State 8 <SV = 3> <Delay = 6.62>
ST_8 : Operation 97 [1/1] (0.00ns) (grouped into LUT with out node xor_ln149)   --->   "%trunc_ln232_1 = trunc i32 %loop_1 to i1" [sha3/KeccakSpongeWidth1600.c:232]   --->   Operation 97 'trunc' 'trunc_ln232_1' <Predicate = true> <Delay = 0.00>
ST_8 : Operation 98 [1/1] (0.00ns) (grouped into LUT with out node xor_ln149)   --->   "%xor_ln232 = xor i1 %trunc_ln232_1, %trunc_ln232" [sha3/KeccakSpongeWidth1600.c:232]   --->   Operation 98 'xor' 'xor_ln232' <Predicate = true> <Delay = 0.00> <Core = "LogicGate">   --->   Core 27 'LogicGate' <Latency = 0> <II = 1> <Delay = 0.80> <FuncUnit> <Opcode : 'and' 'or' 'xor'> <InPorts = 2> <OutPorts = 1>
ST_8 : Operation 99 [1/1] (0.00ns) (grouped into LUT with out node xor_ln149)   --->   "%select_ln232 = select i1 %xor_ln232, i8 0, i8 %data_0_read_2" [sha3/KeccakSpongeWidth1600.c:232]   --->   Operation 99 'select' 'select_ln232' <Predicate = true> <Delay = 0.00> <Core = "Sel">   --->   Core 26 'Sel' <Latency = 0> <II = 1> <Delay = 1.07> <FuncUnit> <Opcode : 'select'> <InPorts = 3> <OutPorts = 1>
ST_8 : Operation 100 [1/2] (2.77ns)   --->   "%instance_state_load = load i8* %instance_state_addr, align 1" [sha3/KeccakP-1600-reference.c:149->sha3/KeccakSpongeWidth1600.c:232]   --->   Operation 100 'load' 'instance_state_load' <Predicate = true> <Delay = 2.77> <Core = "RAM">   --->   Core 37 'RAM' <Latency = 1> <II = 1> <Delay = 2.77> <Storage> <Opcode : 'load' 'store'> <Ports = 2> <Width = 8> <Depth = 200> <RAM>
ST_8 : Operation 101 [1/1] (1.07ns) (out node of the LUT)   --->   "%xor_ln149 = xor i8 %instance_state_load, %select_ln232" [sha3/KeccakP-1600-reference.c:149->sha3/KeccakSpongeWidth1600.c:232]   --->   Operation 101 'xor' 'xor_ln149' <Predicate = true> <Delay = 1.07> <Core = "LogicGate">   --->   Core 27 'LogicGate' <Latency = 0> <II = 1> <Delay = 0.80> <FuncUnit> <Opcode : 'and' 'or' 'xor'> <InPorts = 2> <OutPorts = 1>
ST_8 : Operation 102 [1/1] (2.77ns)   --->   "store i8 %xor_ln149, i8* %instance_state_addr, align 1" [sha3/KeccakP-1600-reference.c:149->sha3/KeccakSpongeWidth1600.c:232]   --->   Operation 102 'store' <Predicate = true> <Delay = 2.77> <Core = "RAM">   --->   Core 37 'RAM' <Latency = 1> <II = 1> <Delay = 2.77> <Storage> <Opcode : 'load' 'store'> <Ports = 2> <Width = 8> <Depth = 200> <RAM>
ST_8 : Operation 103 [1/1] (0.00ns)   --->   "br label %7" [sha3/KeccakSpongeWidth1600.c:231]   --->   Operation 103 'br' <Predicate = true> <Delay = 0.00>

State 9 <SV = 3> <Delay = 1.35>
ST_9 : Operation 104 [1/2] (0.00ns)   --->   "call fastcc void @KeccakP1600_Permute_([200 x i8]* %instance_state)" [sha3/KeccakSpongeWidth1600.c:238]   --->   Operation 104 'call' <Predicate = true> <Delay = 0.00> <CoreType = "Generic">   --->   Core 0 '' <Latency = 0> <II = 1> <Delay = 1.00> <Generic> <Opcode : >
ST_9 : Operation 105 [1/1] (1.35ns)   --->   "br label %._crit_edge6" [sha3/KeccakSpongeWidth1600.c:240]   --->   Operation 105 'br' <Predicate = true> <Delay = 1.35>

State 10 <SV = 4> <Delay = 2.99>
ST_10 : Operation 106 [1/1] (0.00ns)   --->   "%p_1_rec_pn = phi i64 [ %p_1_rec, %6 ], [ %zext_ln229, %10 ], [ %zext_ln229, %.._crit_edge6_crit_edge ]" [sha3/KeccakSpongeWidth1600.c:214]   --->   Operation 106 'phi' 'p_1_rec_pn' <Predicate = true> <Delay = 0.00>
ST_10 : Operation 107 [1/1] (2.99ns)   --->   "%p_2_rec = add i64 %p_1_rec_pn, %p_01_rec" [sha3/KeccakSpongeWidth1600.c:214]   --->   Operation 107 'add' 'p_2_rec' <Predicate = true> <Delay = 2.99> <Core = "AddSub">   --->   Core 14 'AddSub' <Latency = 0> <II = 1> <Delay = 2.99> <FuncUnit> <Opcode : 'add' 'sub'> <InPorts = 2> <OutPorts = 1>
ST_10 : Operation 108 [1/1] (0.00ns)   --->   "br label %.preheader2" [sha3/KeccakSpongeWidth1600.c:242]   --->   Operation 108 'br' <Predicate = true> <Delay = 0.00>


============================================================
+ Verbose Summary: Timing violations
============================================================
Target clock period: 10ns, clock uncertainty: 1.25ns.

 <State 1>: 1.45ns
The critical path consists of the following:
	'alloca' operation ('i') [8]  (0 ns)
	'store' operation ('store_ln194', sha3/KeccakSpongeWidth1600.c:194) of constant 0 on local variable 'i' [13]  (1.45 ns)

 <State 2>: 8.5ns
The critical path consists of the following:
	'load' operation ('i_22_load', sha3/KeccakSpongeWidth1600.c:223) on local variable 'i' [17]  (0 ns)
	'sub' operation ('partialBlock', sha3/KeccakSpongeWidth1600.c:223) [72]  (1.2 ns)
	'add' operation ('add_ln224', sha3/KeccakSpongeWidth1600.c:224) [74]  (2.18 ns)
	'icmp' operation ('icmp_ln224', sha3/KeccakSpongeWidth1600.c:224) [75]  (2.11 ns)
	'select' operation ('select_ln224', sha3/KeccakSpongeWidth1600.c:224) [77]  (0.773 ns)
	'add' operation ('i', sha3/KeccakSpongeWidth1600.c:229) [80]  (2.23 ns)

 <State 3>: 3.68ns
The critical path consists of the following:
	'phi' operation ('j') with incoming values : ('zext_ln206', sha3/KeccakSpongeWidth1600.c:206) ('j', sha3/KeccakSpongeWidth1600.c:206) [36]  (0 ns)
	'sub' operation ('sub_ln216', sha3/KeccakSpongeWidth1600.c:216) [65]  (2.23 ns)
	'store' operation ('store_ln220', sha3/KeccakSpongeWidth1600.c:220) of variable 'sub_ln216', sha3/KeccakSpongeWidth1600.c:216 on local variable 'i' [67]  (1.45 ns)

 <State 4>: 3ns
The critical path consists of the following:
	'add' operation ('j', sha3/KeccakSpongeWidth1600.c:206) [61]  (3 ns)

 <State 5>: 6.62ns
The critical path consists of the following:
	'load' operation ('instance_state_load_1', sha3/KeccakP-1600-reference.c:149->sha3/KeccakSpongeWidth1600.c:212) on array 'instance_state' [54]  (2.77 ns)
	'xor' operation ('xor_ln149_1', sha3/KeccakP-1600-reference.c:149->sha3/KeccakSpongeWidth1600.c:212) [55]  (1.08 ns)
	'store' operation ('store_ln149', sha3/KeccakP-1600-reference.c:149->sha3/KeccakSpongeWidth1600.c:212) of variable 'xor_ln149_1', sha3/KeccakP-1600-reference.c:149->sha3/KeccakSpongeWidth1600.c:212 on array 'instance_state' [56]  (2.77 ns)

 <State 6>: 3ns
The critical path consists of the following:
	'add' operation ('add_ln214', sha3/KeccakSpongeWidth1600.c:214) [60]  (3 ns)

 <State 7>: 4.95ns
The critical path consists of the following:
	'phi' operation ('loop') with incoming values : ('loop', sha3/KeccakSpongeWidth1600.c:231) [84]  (0 ns)
	'add' operation ('offset', sha3/KeccakSpongeWidth1600.c:232) [93]  (2.18 ns)
	'getelementptr' operation ('instance_state_addr', sha3/KeccakP-1600-reference.c:149->sha3/KeccakSpongeWidth1600.c:232) [95]  (0 ns)
	'load' operation ('instance_state_load', sha3/KeccakP-1600-reference.c:149->sha3/KeccakSpongeWidth1600.c:232) on array 'instance_state' [96]  (2.77 ns)

 <State 8>: 6.62ns
The critical path consists of the following:
	'load' operation ('instance_state_load', sha3/KeccakP-1600-reference.c:149->sha3/KeccakSpongeWidth1600.c:232) on array 'instance_state' [96]  (2.77 ns)
	'xor' operation ('xor_ln149', sha3/KeccakP-1600-reference.c:149->sha3/KeccakSpongeWidth1600.c:232) [97]  (1.08 ns)
	'store' operation ('store_ln149', sha3/KeccakP-1600-reference.c:149->sha3/KeccakSpongeWidth1600.c:232) of variable 'xor_ln149', sha3/KeccakP-1600-reference.c:149->sha3/KeccakSpongeWidth1600.c:232 on array 'instance_state' [98]  (2.77 ns)

 <State 9>: 1.35ns
The critical path consists of the following:
	multiplexor before 'phi' operation ('p_1_rec_pn', sha3/KeccakSpongeWidth1600.c:214) with incoming values : ('add_ln214', sha3/KeccakSpongeWidth1600.c:214) ('zext_ln229', sha3/KeccakSpongeWidth1600.c:229) [114]  (1.35 ns)

 <State 10>: 3ns
The critical path consists of the following:
	'phi' operation ('p_1_rec_pn', sha3/KeccakSpongeWidth1600.c:214) with incoming values : ('add_ln214', sha3/KeccakSpongeWidth1600.c:214) ('zext_ln229', sha3/KeccakSpongeWidth1600.c:229) [114]  (0 ns)
	'add' operation ('p_2_rec', sha3/KeccakSpongeWidth1600.c:214) [115]  (3 ns)


============================================================
+ Verbose Summary: Binding
============================================================
N/A
* FSMD analyzer results:
  - Output states:
 - Input state : 
  - Chain level:
	State 1
	State 2
	State 3
	State 4
	State 5
	State 6
	State 7
	State 8
	State 9
	State 10


============================================================
+ Verbose Summary: Datapath Resource usage 
============================================================
N/A
