

================================================================
== Vivado HLS Report for 'matrix_mul'
================================================================
* Date:           Thu May  7 18:30:54 2020

* Version:        2019.2 (Build 2704478 on Wed Nov 06 22:10:23 MST 2019)
* Project:        picnic1
* Solution:       sing_open
* Product family: artix7
* Target device:  xc7a200t-fbg676-2


================================================================
== Performance Estimates
================================================================
+ Timing: 
    * Summary: 
    +--------+----------+----------+------------+
    |  Clock |  Target  | Estimated| Uncertainty|
    +--------+----------+----------+------------+
    |ap_clk  | 10.00 ns | 8.360 ns |   1.25 ns  |
    +--------+----------+----------+------------+

+ Latency: 
    * Summary: 
    +---------+---------+-----------+-----------+------+------+---------+
    |  Latency (cycles) |   Latency (absolute)  |   Interval  | Pipeline|
    |   min   |   max   |    min    |    max    |  min |  max |   Type  |
    +---------+---------+-----------+-----------+------+------+---------+
    |     2570|     2570| 25.700 us | 25.700 us |  2570|  2570|   none  |
    +---------+---------+-----------+-----------+------+------+---------+

    + Detail: 
        * Instance: 
        N/A

        * Loop: 
        +------------------------+---------+---------+----------+-----------+-----------+------+----------+
        |                        |  Latency (cycles) | Iteration|  Initiation Interval  | Trip |          |
        |        Loop Name       |   min   |   max   |  Latency |  achieved |   target  | Count| Pipelined|
        +------------------------+---------+---------+----------+-----------+-----------+------+----------+
        |- matrix_mul_label6     |     2560|     2560|        20|          -|          -|   128|    no    |
        | + matrix_mul_label5    |        8|        8|         2|          -|          -|     4|    no    |
        | + matrix_mul_label6.2  |        6|        6|         2|          -|          -|     3|    no    |
        |- matrix_mul_label7     |        8|        8|         2|          -|          -|     4|    no    |
        +------------------------+---------+---------+----------+-----------+-----------+------+----------+

============================================================
+ Verbose Summary: Synthesis Manager
============================================================
InlineROM: 1
ExposeGlobal: 1
============================================================
+ Verbose Summary: CDFG Model
============================================================
IsTopModel: 0
ResetActiveHigh: 1
IsCombinational: 0
IsDatapathOnly: 0
HasWiredReturn: 1
HasMFsm: 0
HasVarLatency: 1
IsPipeline: 0
IsRtlPipelined: 0
IsInstanceOverlapped: 0
IsDontTouch: 0
HasImplIP: 0
IsGatedGlobalClock: 0


============================================================
+ Verbose Summary: Schedule
============================================================
* Number of FSM states : 11
* Pipeline : 0
* Dataflow Pipeline: 0

* FSM state transitions: 
1 --> 2 
2 --> 3 10 
3 --> 4 5 
4 --> 3 
5 --> 6 
6 --> 7 8 
7 --> 6 
8 --> 9 
9 --> 2 
10 --> 11 
11 --> 10 

* FSM state operations: 

State 1 <SV = 0> <Delay = 1.35>
ST_1 : Operation 12 [1/1] (0.00ns)   --->   "call void (...)* @_ssdm_op_SpecBRAMWithByteEnable([24 x i32]* %output_r)"   --->   Operation 12 'specbramwithbyteenable' <Predicate = true> <Delay = 0.00>
ST_1 : Operation 13 [1/1] (0.00ns)   --->   "%matrix_offset_read = call i14 @_ssdm_op_Read.ap_auto.i14(i14 %matrix_offset)" [picnic_impl.c:127]   --->   Operation 13 'read' 'matrix_offset_read' <Predicate = true> <Delay = 0.00>
ST_1 : Operation 14 [1/1] (0.00ns)   --->   "%state_offset_read = call i8 @_ssdm_op_Read.ap_auto.i8(i8 %state_offset)" [picnic_impl.c:127]   --->   Operation 14 'read' 'state_offset_read' <Predicate = true> <Delay = 0.00>
ST_1 : Operation 15 [1/1] (0.00ns)   --->   "%output_offset_read = call i5 @_ssdm_op_Read.ap_auto.i5(i5 %output_offset)" [picnic_impl.c:127]   --->   Operation 15 'read' 'output_offset_read' <Predicate = true> <Delay = 0.00>
ST_1 : Operation 16 [1/1] (0.00ns)   --->   "%tmp_s = call i10 @_ssdm_op_BitConcatenate.i10.i8.i2(i8 %state_offset_read, i2 0)" [picnic_impl.c:127]   --->   Operation 16 'bitconcatenate' 'tmp_s' <Predicate = true> <Delay = 0.00>
ST_1 : Operation 17 [1/1] (0.00ns)   --->   "%zext_ln127_5_cast = zext i10 %tmp_s to i11" [picnic_impl.c:127]   --->   Operation 17 'zext' 'zext_ln127_5_cast' <Predicate = true> <Delay = 0.00>
ST_1 : Operation 18 [1/1] (0.00ns)   --->   "%prod = alloca [64 x i32], align 16" [picnic_impl.c:121]   --->   Operation 18 'alloca' 'prod' <Predicate = true> <Delay = 0.00> <Core = "RAM">   --->   Core 37 'RAM' <Latency = 1> <II = 1> <Delay = 1.75> <Storage> <Opcode : 'load' 'store'> <Ports = 2> <Width = 32> <Depth = 24> <RAM>
ST_1 : Operation 19 [1/1] (0.00ns)   --->   "%temp = alloca [64 x i32], align 16" [picnic_impl.c:122]   --->   Operation 19 'alloca' 'temp' <Predicate = true> <Delay = 0.00> <Core = "RAM">   --->   Core 37 'RAM' <Latency = 1> <II = 1> <Delay = 1.75> <Storage> <Opcode : 'load' 'store'> <Ports = 2> <Width = 32> <Depth = 24> <RAM>
ST_1 : Operation 20 [1/1] (0.00ns)   --->   "%prod_addr = getelementptr [64 x i32]* %prod, i64 0, i64 0" [picnic_impl.c:81->picnic_impl.c:129]   --->   Operation 20 'getelementptr' 'prod_addr' <Predicate = true> <Delay = 0.00>
ST_1 : Operation 21 [1/1] (1.35ns)   --->   "br label %1" [picnic_impl.c:124]   --->   Operation 21 'br' <Predicate = true> <Delay = 1.35>

State 2 <SV = 1> <Delay = 1.71>
ST_2 : Operation 22 [1/1] (0.00ns)   --->   "%bitNumber_assign = phi i8 [ 0, %0 ], [ %i, %matrix_mul_label6_end ]"   --->   Operation 22 'phi' 'bitNumber_assign' <Predicate = true> <Delay = 0.00>
ST_2 : Operation 23 [1/1] (0.00ns)   --->   "%trunc_ln124 = trunc i8 %bitNumber_assign to i3" [picnic_impl.c:124]   --->   Operation 23 'trunc' 'trunc_ln124' <Predicate = true> <Delay = 0.00>
ST_2 : Operation 24 [1/1] (1.24ns)   --->   "%icmp_ln124 = icmp eq i8 %bitNumber_assign, -128" [picnic_impl.c:124]   --->   Operation 24 'icmp' 'icmp_ln124' <Predicate = true> <Delay = 1.24> <Core = "Cmp">   --->   Core 25 'Cmp' <Latency = 0> <II = 1> <Delay = 1.00> <FuncUnit> <Opcode : 'icmp'> <InPorts = 2> <OutPorts = 1>
ST_2 : Operation 25 [1/1] (0.00ns)   --->   "%empty = call i32 (...)* @_ssdm_op_SpecLoopTripCount(i64 128, i64 128, i64 0)"   --->   Operation 25 'speclooptripcount' 'empty' <Predicate = true> <Delay = 0.00>
ST_2 : Operation 26 [1/1] (1.71ns)   --->   "%i = add i8 1, %bitNumber_assign" [picnic_impl.c:124]   --->   Operation 26 'add' 'i' <Predicate = true> <Delay = 1.71> <Core = "AddSub">   --->   Core 14 'AddSub' <Latency = 0> <II = 1> <Delay = 1.34> <FuncUnit> <Opcode : 'add' 'sub'> <InPorts = 2> <OutPorts = 1>
ST_2 : Operation 27 [1/1] (0.00ns)   --->   "br i1 %icmp_ln124, label %.preheader.preheader, label %matrix_mul_label6_begin" [picnic_impl.c:124]   --->   Operation 27 'br' <Predicate = true> <Delay = 0.00>
ST_2 : Operation 28 [1/1] (0.00ns)   --->   "call void (...)* @_ssdm_op_SpecLoopName([18 x i8]* @p_str1191) nounwind" [picnic_impl.c:124]   --->   Operation 28 'specloopname' <Predicate = (!icmp_ln124)> <Delay = 0.00>
ST_2 : Operation 29 [1/1] (0.00ns)   --->   "%tmp = call i32 (...)* @_ssdm_op_SpecRegionBegin([18 x i8]* @p_str1191)" [picnic_impl.c:124]   --->   Operation 29 'specregionbegin' 'tmp' <Predicate = (!icmp_ln124)> <Delay = 0.00>
ST_2 : Operation 30 [1/1] (0.00ns)   --->   "%trunc_ln126 = trunc i8 %bitNumber_assign to i7" [picnic_impl.c:126]   --->   Operation 30 'trunc' 'trunc_ln126' <Predicate = (!icmp_ln124)> <Delay = 0.00>
ST_2 : Operation 31 [1/1] (0.00ns)   --->   "%shl_ln = call i9 @_ssdm_op_BitConcatenate.i9.i7.i2(i7 %trunc_ln126, i2 0)" [picnic_impl.c:126]   --->   Operation 31 'bitconcatenate' 'shl_ln' <Predicate = (!icmp_ln124)> <Delay = 0.00>
ST_2 : Operation 32 [1/1] (1.35ns)   --->   "br label %2" [picnic_impl.c:125]   --->   Operation 32 'br' <Predicate = (!icmp_ln124)> <Delay = 1.35>
ST_2 : Operation 33 [1/1] (0.00ns)   --->   "%trunc_ln134 = trunc i5 %output_offset_read to i3" [picnic_impl.c:134]   --->   Operation 33 'trunc' 'trunc_ln134' <Predicate = (icmp_ln124)> <Delay = 0.00>
ST_2 : Operation 34 [1/1] (1.35ns)   --->   "br label %.preheader" [picnic_impl.c:133]   --->   Operation 34 'br' <Predicate = (icmp_ln124)> <Delay = 1.35>

State 3 <SV = 2> <Delay = 6.31>
ST_3 : Operation 35 [1/1] (0.00ns)   --->   "%j_0 = phi i3 [ 0, %matrix_mul_label6_begin ], [ %j, %3 ]"   --->   Operation 35 'phi' 'j_0' <Predicate = true> <Delay = 0.00>
ST_3 : Operation 36 [1/1] (0.00ns)   --->   "%zext_ln125 = zext i3 %j_0 to i9" [picnic_impl.c:125]   --->   Operation 36 'zext' 'zext_ln125' <Predicate = true> <Delay = 0.00>
ST_3 : Operation 37 [1/1] (1.00ns)   --->   "%icmp_ln125 = icmp eq i3 %j_0, -4" [picnic_impl.c:125]   --->   Operation 37 'icmp' 'icmp_ln125' <Predicate = true> <Delay = 1.00> <Core = "Cmp">   --->   Core 25 'Cmp' <Latency = 0> <II = 1> <Delay = 1.00> <FuncUnit> <Opcode : 'icmp'> <InPorts = 2> <OutPorts = 1>
ST_3 : Operation 38 [1/1] (0.00ns)   --->   "%empty_165 = call i32 (...)* @_ssdm_op_SpecLoopTripCount(i64 4, i64 4, i64 0)"   --->   Operation 38 'speclooptripcount' 'empty_165' <Predicate = true> <Delay = 0.00>
ST_3 : Operation 39 [1/1] (1.34ns)   --->   "%j = add i3 %j_0, 1" [picnic_impl.c:125]   --->   Operation 39 'add' 'j' <Predicate = true> <Delay = 1.34> <Core = "AddSub">   --->   Core 14 'AddSub' <Latency = 0> <II = 1> <Delay = 1.34> <FuncUnit> <Opcode : 'add' 'sub'> <InPorts = 2> <OutPorts = 1>
ST_3 : Operation 40 [1/1] (0.00ns)   --->   "br i1 %icmp_ln125, label %4, label %3" [picnic_impl.c:125]   --->   Operation 40 'br' <Predicate = true> <Delay = 0.00>
ST_3 : Operation 41 [1/1] (1.73ns)   --->   "%add_ln126 = add i9 %zext_ln125, %shl_ln" [picnic_impl.c:126]   --->   Operation 41 'add' 'add_ln126' <Predicate = (!icmp_ln125)> <Delay = 1.73> <Core = "AddSub">   --->   Core 14 'AddSub' <Latency = 0> <II = 1> <Delay = 1.34> <FuncUnit> <Opcode : 'add' 'sub'> <InPorts = 2> <OutPorts = 1>
ST_3 : Operation 42 [1/1] (0.00ns)   --->   "%zext_ln126 = zext i9 %add_ln126 to i14" [picnic_impl.c:126]   --->   Operation 42 'zext' 'zext_ln126' <Predicate = (!icmp_ln125)> <Delay = 0.00>
ST_3 : Operation 43 [1/1] (0.00ns)   --->   "%zext_ln127_5 = zext i3 %j_0 to i11" [picnic_impl.c:127]   --->   Operation 43 'zext' 'zext_ln127_5' <Predicate = (!icmp_ln125)> <Delay = 0.00>
ST_3 : Operation 44 [1/1] (1.74ns)   --->   "%add_ln127_2 = add i11 %zext_ln127_5_cast, %zext_ln127_5" [picnic_impl.c:127]   --->   Operation 44 'add' 'add_ln127_2' <Predicate = (!icmp_ln125)> <Delay = 1.74> <Core = "AddSub">   --->   Core 14 'AddSub' <Latency = 0> <II = 1> <Delay = 1.34> <FuncUnit> <Opcode : 'add' 'sub'> <InPorts = 2> <OutPorts = 1>
ST_3 : Operation 45 [1/1] (0.00ns)   --->   "%zext_ln127_6 = zext i11 %add_ln127_2 to i64" [picnic_impl.c:127]   --->   Operation 45 'zext' 'zext_ln127_6' <Predicate = (!icmp_ln125)> <Delay = 0.00>
ST_3 : Operation 46 [1/1] (0.00ns)   --->   "%state_addr = getelementptr [876 x i32]* %state, i64 0, i64 %zext_ln127_6" [picnic_impl.c:127]   --->   Operation 46 'getelementptr' 'state_addr' <Predicate = (!icmp_ln125)> <Delay = 0.00>
ST_3 : Operation 47 [2/2] (2.77ns)   --->   "%state_load = load i32* %state_addr, align 4" [picnic_impl.c:127]   --->   Operation 47 'load' 'state_load' <Predicate = (!icmp_ln125)> <Delay = 2.77> <Core = "RAM">   --->   Core 37 'RAM' <Latency = 1> <II = 1> <Delay = 1.75> <Storage> <Opcode : 'load' 'store'> <Ports = 2> <Width = 32> <Depth = 24> <RAM>
ST_3 : Operation 48 [1/1] (1.80ns)   --->   "%add_ln127 = add i14 %matrix_offset_read, %zext_ln126" [picnic_impl.c:127]   --->   Operation 48 'add' 'add_ln127' <Predicate = (!icmp_ln125)> <Delay = 1.80> <Core = "AddSub">   --->   Core 14 'AddSub' <Latency = 0> <II = 1> <Delay = 1.34> <FuncUnit> <Opcode : 'add' 'sub'> <InPorts = 2> <OutPorts = 1>
ST_3 : Operation 49 [1/1] (0.00ns)   --->   "%zext_ln127_4 = zext i14 %add_ln127 to i64" [picnic_impl.c:127]   --->   Operation 49 'zext' 'zext_ln127_4' <Predicate = (!icmp_ln125)> <Delay = 0.00>
ST_3 : Operation 50 [1/1] (0.00ns)   --->   "%temp_matrix_addr = getelementptr [10752 x i32]* @temp_matrix, i64 0, i64 %zext_ln127_4" [picnic_impl.c:127]   --->   Operation 50 'getelementptr' 'temp_matrix_addr' <Predicate = (!icmp_ln125)> <Delay = 0.00>
ST_3 : Operation 51 [2/2] (2.77ns)   --->   "%temp_matrix_load = load i32* %temp_matrix_addr, align 4" [picnic_impl.c:127]   --->   Operation 51 'load' 'temp_matrix_load' <Predicate = (!icmp_ln125)> <Delay = 2.77> <Core = "ROM_nP">   --->   Core 52 'ROM_nP' <Latency = 1> <II = 1> <Delay = 2.77> <Storage> <Opcode : 'load'> <Ports = 0> <Width = 32> <Depth = 10752> <ROM>
ST_3 : Operation 52 [2/2] (2.77ns)   --->   "%x = load i32* %prod_addr, align 16" [picnic_impl.c:83->picnic_impl.c:129]   --->   Operation 52 'load' 'x' <Predicate = (icmp_ln125)> <Delay = 2.77> <Core = "RAM">   --->   Core 37 'RAM' <Latency = 1> <II = 1> <Delay = 1.75> <Storage> <Opcode : 'load' 'store'> <Ports = 2> <Width = 32> <Depth = 24> <RAM>

State 4 <SV = 3> <Delay = 6.35>
ST_4 : Operation 53 [1/1] (0.00ns)   --->   "call void (...)* @_ssdm_op_SpecLoopName([18 x i8]* @p_str1292) nounwind" [picnic_impl.c:125]   --->   Operation 53 'specloopname' <Predicate = true> <Delay = 0.00>
ST_4 : Operation 54 [1/1] (0.00ns)   --->   "%zext_ln127 = zext i3 %j_0 to i64" [picnic_impl.c:127]   --->   Operation 54 'zext' 'zext_ln127' <Predicate = true> <Delay = 0.00>
ST_4 : Operation 55 [1/2] (2.77ns)   --->   "%state_load = load i32* %state_addr, align 4" [picnic_impl.c:127]   --->   Operation 55 'load' 'state_load' <Predicate = true> <Delay = 2.77> <Core = "RAM">   --->   Core 37 'RAM' <Latency = 1> <II = 1> <Delay = 1.75> <Storage> <Opcode : 'load' 'store'> <Ports = 2> <Width = 32> <Depth = 24> <RAM>
ST_4 : Operation 56 [1/2] (2.77ns)   --->   "%temp_matrix_load = load i32* %temp_matrix_addr, align 4" [picnic_impl.c:127]   --->   Operation 56 'load' 'temp_matrix_load' <Predicate = true> <Delay = 2.77> <Core = "ROM_nP">   --->   Core 52 'ROM_nP' <Latency = 1> <II = 1> <Delay = 2.77> <Storage> <Opcode : 'load'> <Ports = 0> <Width = 32> <Depth = 10752> <ROM>
ST_4 : Operation 57 [1/1] (0.80ns)   --->   "%and_ln127 = and i32 %temp_matrix_load, %state_load" [picnic_impl.c:127]   --->   Operation 57 'and' 'and_ln127' <Predicate = true> <Delay = 0.80> <Core = "LogicGate">   --->   Core 27 'LogicGate' <Latency = 0> <II = 1> <Delay = 0.80> <FuncUnit> <Opcode : 'and' 'or' 'xor'> <InPorts = 2> <OutPorts = 1>
ST_4 : Operation 58 [1/1] (0.00ns)   --->   "%prod_addr_3 = getelementptr inbounds [64 x i32]* %prod, i64 0, i64 %zext_ln127" [picnic_impl.c:127]   --->   Operation 58 'getelementptr' 'prod_addr_3' <Predicate = true> <Delay = 0.00>
ST_4 : Operation 59 [1/1] (2.77ns)   --->   "store i32 %and_ln127, i32* %prod_addr_3, align 4" [picnic_impl.c:127]   --->   Operation 59 'store' <Predicate = true> <Delay = 2.77> <Core = "RAM">   --->   Core 37 'RAM' <Latency = 1> <II = 1> <Delay = 1.75> <Storage> <Opcode : 'load' 'store'> <Ports = 2> <Width = 32> <Depth = 24> <RAM>
ST_4 : Operation 60 [1/1] (0.00ns)   --->   "br label %2" [picnic_impl.c:125]   --->   Operation 60 'br' <Predicate = true> <Delay = 0.00>

State 5 <SV = 3> <Delay = 2.77>
ST_5 : Operation 61 [1/2] (2.77ns)   --->   "%x = load i32* %prod_addr, align 16" [picnic_impl.c:83->picnic_impl.c:129]   --->   Operation 61 'load' 'x' <Predicate = true> <Delay = 2.77> <Core = "RAM">   --->   Core 37 'RAM' <Latency = 1> <II = 1> <Delay = 1.75> <Storage> <Opcode : 'load' 'store'> <Ports = 2> <Width = 32> <Depth = 24> <RAM>
ST_5 : Operation 62 [1/1] (1.35ns)   --->   "br label %5" [picnic_impl.c:85->picnic_impl.c:129]   --->   Operation 62 'br' <Predicate = true> <Delay = 1.35>

State 6 <SV = 4> <Delay = 2.77>
ST_6 : Operation 63 [1/1] (0.00ns)   --->   "%x_0_i = phi i32 [ %x, %4 ], [ %x_7, %6 ]"   --->   Operation 63 'phi' 'x_0_i' <Predicate = true> <Delay = 0.00>
ST_6 : Operation 64 [1/1] (0.00ns)   --->   "%i_0_i = phi i3 [ 1, %4 ], [ %i_19, %6 ]"   --->   Operation 64 'phi' 'i_0_i' <Predicate = true> <Delay = 0.00>
ST_6 : Operation 65 [1/1] (0.00ns)   --->   "%zext_ln85 = zext i3 %i_0_i to i64" [picnic_impl.c:85->picnic_impl.c:129]   --->   Operation 65 'zext' 'zext_ln85' <Predicate = true> <Delay = 0.00>
ST_6 : Operation 66 [1/1] (1.00ns)   --->   "%icmp_ln85 = icmp eq i3 %i_0_i, -4" [picnic_impl.c:85->picnic_impl.c:129]   --->   Operation 66 'icmp' 'icmp_ln85' <Predicate = true> <Delay = 1.00> <Core = "Cmp">   --->   Core 25 'Cmp' <Latency = 0> <II = 1> <Delay = 1.00> <FuncUnit> <Opcode : 'icmp'> <InPorts = 2> <OutPorts = 1>
ST_6 : Operation 67 [1/1] (0.00ns)   --->   "%empty_166 = call i32 (...)* @_ssdm_op_SpecLoopTripCount(i64 3, i64 3, i64 3)"   --->   Operation 67 'speclooptripcount' 'empty_166' <Predicate = true> <Delay = 0.00>
ST_6 : Operation 68 [1/1] (0.00ns)   --->   "br i1 %icmp_ln85, label %matrix_mul_label6_end, label %6" [picnic_impl.c:85->picnic_impl.c:129]   --->   Operation 68 'br' <Predicate = true> <Delay = 0.00>
ST_6 : Operation 69 [1/1] (0.00ns)   --->   "%prod_addr_4 = getelementptr [64 x i32]* %prod, i64 0, i64 %zext_ln85" [picnic_impl.c:86->picnic_impl.c:129]   --->   Operation 69 'getelementptr' 'prod_addr_4' <Predicate = (!icmp_ln85)> <Delay = 0.00>
ST_6 : Operation 70 [2/2] (2.77ns)   --->   "%prod_load = load i32* %prod_addr_4, align 4" [picnic_impl.c:86->picnic_impl.c:129]   --->   Operation 70 'load' 'prod_load' <Predicate = (!icmp_ln85)> <Delay = 2.77> <Core = "RAM">   --->   Core 37 'RAM' <Latency = 1> <II = 1> <Delay = 1.75> <Storage> <Opcode : 'load' 'store'> <Ports = 2> <Width = 32> <Depth = 24> <RAM>
ST_6 : Operation 71 [1/1] (1.34ns)   --->   "%i_19 = add i3 %i_0_i, 1" [picnic_impl.c:85->picnic_impl.c:129]   --->   Operation 71 'add' 'i_19' <Predicate = (!icmp_ln85)> <Delay = 1.34> <Core = "AddSub">   --->   Core 14 'AddSub' <Latency = 0> <II = 1> <Delay = 1.34> <FuncUnit> <Opcode : 'add' 'sub'> <InPorts = 2> <OutPorts = 1>
ST_6 : Operation 72 [1/1] (0.00ns)   --->   "%tmp_60 = call i2 @_ssdm_op_PartSelect.i2.i8.i32.i32(i8 %bitNumber_assign, i32 3, i32 4)" [picnic_impl.c:66->picnic_impl.c:129]   --->   Operation 72 'partselect' 'tmp_60' <Predicate = (icmp_ln85)> <Delay = 0.00>
ST_6 : Operation 73 [1/1] (0.00ns)   --->   "%adjSize = call i3 @_ssdm_op_PartSelect.i3.i8.i32.i32(i8 %bitNumber_assign, i32 5, i32 7)" [picnic_impl.c:66->picnic_impl.c:129]   --->   Operation 73 'partselect' 'adjSize' <Predicate = (icmp_ln85)> <Delay = 0.00>
ST_6 : Operation 74 [1/1] (0.00ns)   --->   "%zext_ln66 = zext i3 %adjSize to i64" [picnic_impl.c:66->picnic_impl.c:129]   --->   Operation 74 'zext' 'zext_ln66' <Predicate = (icmp_ln85)> <Delay = 0.00>
ST_6 : Operation 75 [1/1] (0.00ns)   --->   "%temp_addr_5 = getelementptr [64 x i32]* %temp, i64 0, i64 %zext_ln66" [picnic_impl.c:66->picnic_impl.c:129]   --->   Operation 75 'getelementptr' 'temp_addr_5' <Predicate = (icmp_ln85)> <Delay = 0.00>
ST_6 : Operation 76 [2/2] (2.77ns)   --->   "%temp_load_3 = load i32* %temp_addr_5, align 4" [picnic_impl.c:66->picnic_impl.c:129]   --->   Operation 76 'load' 'temp_load_3' <Predicate = (icmp_ln85)> <Delay = 2.77> <Core = "RAM">   --->   Core 37 'RAM' <Latency = 1> <II = 1> <Delay = 1.75> <Storage> <Opcode : 'load' 'store'> <Ports = 2> <Width = 32> <Depth = 24> <RAM>

State 7 <SV = 5> <Delay = 3.58>
ST_7 : Operation 77 [1/2] (2.77ns)   --->   "%prod_load = load i32* %prod_addr_4, align 4" [picnic_impl.c:86->picnic_impl.c:129]   --->   Operation 77 'load' 'prod_load' <Predicate = true> <Delay = 2.77> <Core = "RAM">   --->   Core 37 'RAM' <Latency = 1> <II = 1> <Delay = 1.75> <Storage> <Opcode : 'load' 'store'> <Ports = 2> <Width = 32> <Depth = 24> <RAM>
ST_7 : Operation 78 [1/1] (0.80ns)   --->   "%x_7 = xor i32 %prod_load, %x_0_i" [picnic_impl.c:86->picnic_impl.c:129]   --->   Operation 78 'xor' 'x_7' <Predicate = true> <Delay = 0.80> <Core = "LogicGate">   --->   Core 27 'LogicGate' <Latency = 0> <II = 1> <Delay = 0.80> <FuncUnit> <Opcode : 'and' 'or' 'xor'> <InPorts = 2> <OutPorts = 1>
ST_7 : Operation 79 [1/1] (0.00ns)   --->   "br label %5" [picnic_impl.c:85->picnic_impl.c:129]   --->   Operation 79 'br' <Predicate = true> <Delay = 0.00>

State 8 <SV = 5> <Delay = 8.36>
ST_8 : Operation 80 [1/1] (0.00ns)   --->   "%lshr_ln = call i31 @_ssdm_op_PartSelect.i31.i32.i32.i32(i32 %x_0_i, i32 1, i32 31)" [picnic_impl.c:93->picnic_impl.c:129]   --->   Operation 80 'partselect' 'lshr_ln' <Predicate = true> <Delay = 0.00>
ST_8 : Operation 81 [1/1] (0.00ns)   --->   "%zext_ln93 = zext i31 %lshr_ln to i32" [picnic_impl.c:93->picnic_impl.c:129]   --->   Operation 81 'zext' 'zext_ln93' <Predicate = true> <Delay = 0.00>
ST_8 : Operation 82 [1/1] (0.00ns) (grouped into LUT with out node shl_ln66_11)   --->   "%trunc_ln93 = trunc i32 %x_0_i to i1" [picnic_impl.c:93->picnic_impl.c:129]   --->   Operation 82 'trunc' 'trunc_ln93' <Predicate = true> <Delay = 0.00>
ST_8 : Operation 83 [1/1] (0.00ns) (grouped into LUT with out node shl_ln66_11)   --->   "%tmp_55 = call i1 @_ssdm_op_BitSelect.i1.i32.i32(i32 %x_0_i, i32 1)" [picnic_impl.c:93->picnic_impl.c:129]   --->   Operation 83 'bitselect' 'tmp_55' <Predicate = true> <Delay = 0.00>
ST_8 : Operation 84 [1/1] (0.00ns) (grouped into LUT with out node xor_ln98_6)   --->   "%trunc_ln93_2 = trunc i32 %x_0_i to i24" [picnic_impl.c:93->picnic_impl.c:129]   --->   Operation 84 'trunc' 'trunc_ln93_2' <Predicate = true> <Delay = 0.00>
ST_8 : Operation 85 [1/1] (0.00ns) (grouped into LUT with out node xor_ln98_6)   --->   "%trunc_ln93_6 = call i24 @_ssdm_op_PartSelect.i24.i32.i32.i32(i32 %x_0_i, i32 1, i32 24)" [picnic_impl.c:93->picnic_impl.c:129]   --->   Operation 85 'partselect' 'trunc_ln93_6' <Predicate = true> <Delay = 0.00>
ST_8 : Operation 86 [1/1] (0.80ns)   --->   "%y = xor i32 %zext_ln93, %x_0_i" [picnic_impl.c:93->picnic_impl.c:129]   --->   Operation 86 'xor' 'y' <Predicate = true> <Delay = 0.80> <Core = "LogicGate">   --->   Core 27 'LogicGate' <Latency = 0> <II = 1> <Delay = 0.80> <FuncUnit> <Opcode : 'and' 'or' 'xor'> <InPorts = 2> <OutPorts = 1>
ST_8 : Operation 87 [1/1] (0.00ns)   --->   "%lshr_ln4 = call i30 @_ssdm_op_PartSelect.i30.i32.i32.i32(i32 %y, i32 2, i32 31)" [picnic_impl.c:94->picnic_impl.c:129]   --->   Operation 87 'partselect' 'lshr_ln4' <Predicate = true> <Delay = 0.00>
ST_8 : Operation 88 [1/1] (0.00ns)   --->   "%zext_ln94 = zext i30 %lshr_ln4 to i32" [picnic_impl.c:94->picnic_impl.c:129]   --->   Operation 88 'zext' 'zext_ln94' <Predicate = true> <Delay = 0.00>
ST_8 : Operation 89 [1/1] (0.00ns) (grouped into LUT with out node shl_ln66_11)   --->   "%tmp_56 = call i1 @_ssdm_op_BitSelect.i1.i32.i32(i32 %y, i32 2)" [picnic_impl.c:94->picnic_impl.c:129]   --->   Operation 89 'bitselect' 'tmp_56' <Predicate = true> <Delay = 0.00>
ST_8 : Operation 90 [1/1] (0.00ns) (grouped into LUT with out node xor_ln98_6)   --->   "%xor_ln94 = xor i24 %trunc_ln93_6, %trunc_ln93_2" [picnic_impl.c:94->picnic_impl.c:129]   --->   Operation 90 'xor' 'xor_ln94' <Predicate = true> <Delay = 0.00> <Core = "LogicGate">   --->   Core 27 'LogicGate' <Latency = 0> <II = 1> <Delay = 0.80> <FuncUnit> <Opcode : 'and' 'or' 'xor'> <InPorts = 2> <OutPorts = 1>
ST_8 : Operation 91 [1/1] (0.00ns) (grouped into LUT with out node xor_ln98_6)   --->   "%trunc_ln94_2 = call i24 @_ssdm_op_PartSelect.i24.i32.i32.i32(i32 %y, i32 2, i32 25)" [picnic_impl.c:94->picnic_impl.c:129]   --->   Operation 91 'partselect' 'trunc_ln94_2' <Predicate = true> <Delay = 0.00>
ST_8 : Operation 92 [1/1] (0.80ns)   --->   "%y_7 = xor i32 %zext_ln94, %y" [picnic_impl.c:94->picnic_impl.c:129]   --->   Operation 92 'xor' 'y_7' <Predicate = true> <Delay = 0.80> <Core = "LogicGate">   --->   Core 27 'LogicGate' <Latency = 0> <II = 1> <Delay = 0.80> <FuncUnit> <Opcode : 'and' 'or' 'xor'> <InPorts = 2> <OutPorts = 1>
ST_8 : Operation 93 [1/1] (0.00ns)   --->   "%lshr_ln5 = call i28 @_ssdm_op_PartSelect.i28.i32.i32.i32(i32 %y_7, i32 4, i32 31)" [picnic_impl.c:95->picnic_impl.c:129]   --->   Operation 93 'partselect' 'lshr_ln5' <Predicate = true> <Delay = 0.00>
ST_8 : Operation 94 [1/1] (0.00ns)   --->   "%zext_ln95 = zext i28 %lshr_ln5 to i32" [picnic_impl.c:95->picnic_impl.c:129]   --->   Operation 94 'zext' 'zext_ln95' <Predicate = true> <Delay = 0.00>
ST_8 : Operation 95 [1/1] (0.00ns) (grouped into LUT with out node shl_ln66_11)   --->   "%tmp_57 = call i1 @_ssdm_op_BitSelect.i1.i32.i32(i32 %y_7, i32 4)" [picnic_impl.c:95->picnic_impl.c:129]   --->   Operation 95 'bitselect' 'tmp_57' <Predicate = true> <Delay = 0.00>
ST_8 : Operation 96 [1/1] (0.00ns) (grouped into LUT with out node xor_ln98_6)   --->   "%xor_ln95 = xor i24 %trunc_ln94_2, %xor_ln94" [picnic_impl.c:95->picnic_impl.c:129]   --->   Operation 96 'xor' 'xor_ln95' <Predicate = true> <Delay = 0.00> <Core = "LogicGate">   --->   Core 27 'LogicGate' <Latency = 0> <II = 1> <Delay = 0.80> <FuncUnit> <Opcode : 'and' 'or' 'xor'> <InPorts = 2> <OutPorts = 1>
ST_8 : Operation 97 [1/1] (0.00ns) (grouped into LUT with out node xor_ln98_6)   --->   "%trunc_ln95_2 = call i24 @_ssdm_op_PartSelect.i24.i32.i32.i32(i32 %y_7, i32 4, i32 27)" [picnic_impl.c:95->picnic_impl.c:129]   --->   Operation 97 'partselect' 'trunc_ln95_2' <Predicate = true> <Delay = 0.00>
ST_8 : Operation 98 [1/1] (0.80ns)   --->   "%y_8 = xor i32 %zext_ln95, %y_7" [picnic_impl.c:95->picnic_impl.c:129]   --->   Operation 98 'xor' 'y_8' <Predicate = true> <Delay = 0.80> <Core = "LogicGate">   --->   Core 27 'LogicGate' <Latency = 0> <II = 1> <Delay = 0.80> <FuncUnit> <Opcode : 'and' 'or' 'xor'> <InPorts = 2> <OutPorts = 1>
ST_8 : Operation 99 [1/1] (0.00ns) (grouped into LUT with out node xor_ln98_6)   --->   "%xor_ln95_4 = xor i24 %trunc_ln95_2, %xor_ln95" [picnic_impl.c:95->picnic_impl.c:129]   --->   Operation 99 'xor' 'xor_ln95_4' <Predicate = true> <Delay = 0.00> <Core = "LogicGate">   --->   Core 27 'LogicGate' <Latency = 0> <II = 1> <Delay = 0.80> <FuncUnit> <Opcode : 'and' 'or' 'xor'> <InPorts = 2> <OutPorts = 1>
ST_8 : Operation 100 [1/1] (0.00ns) (grouped into LUT with out node xor_ln98_6)   --->   "%trunc_ln = call i24 @_ssdm_op_PartSelect.i24.i32.i32.i32(i32 %y_8, i32 8, i32 31)" [picnic_impl.c:96->picnic_impl.c:129]   --->   Operation 100 'partselect' 'trunc_ln' <Predicate = true> <Delay = 0.00>
ST_8 : Operation 101 [1/1] (0.00ns) (grouped into LUT with out node xor_ln98_6)   --->   "%tmp_58 = call i1 @_ssdm_op_BitSelect.i1.i32.i32(i32 %y_8, i32 8)" [picnic_impl.c:96->picnic_impl.c:129]   --->   Operation 101 'bitselect' 'tmp_58' <Predicate = true> <Delay = 0.00>
ST_8 : Operation 102 [1/1] (0.00ns) (grouped into LUT with out node xor_ln98_6)   --->   "%y_9 = xor i24 %trunc_ln, %xor_ln95_4" [picnic_impl.c:96->picnic_impl.c:129]   --->   Operation 102 'xor' 'y_9' <Predicate = true> <Delay = 0.00> <Core = "LogicGate">   --->   Core 27 'LogicGate' <Latency = 0> <II = 1> <Delay = 0.80> <FuncUnit> <Opcode : 'and' 'or' 'xor'> <InPorts = 2> <OutPorts = 1>
ST_8 : Operation 103 [1/1] (0.00ns) (grouped into LUT with out node xor_ln98_6)   --->   "%tmp_59 = call i1 @_ssdm_op_BitSelect.i1.i24.i32(i24 %y_9, i32 16)" [picnic_impl.c:98->picnic_impl.c:129]   --->   Operation 103 'bitselect' 'tmp_59' <Predicate = true> <Delay = 0.00>
ST_8 : Operation 104 [1/1] (0.00ns) (grouped into LUT with out node shl_ln66_11)   --->   "%xor_ln98 = xor i1 %trunc_ln93, %tmp_56" [picnic_impl.c:98->picnic_impl.c:129]   --->   Operation 104 'xor' 'xor_ln98' <Predicate = true> <Delay = 0.00> <Core = "LogicGate">   --->   Core 27 'LogicGate' <Latency = 0> <II = 1> <Delay = 0.80> <FuncUnit> <Opcode : 'and' 'or' 'xor'> <InPorts = 2> <OutPorts = 1>
ST_8 : Operation 105 [1/1] (0.00ns) (grouped into LUT with out node shl_ln66_11)   --->   "%xor_ln98_5 = xor i1 %xor_ln98, %tmp_55" [picnic_impl.c:98->picnic_impl.c:129]   --->   Operation 105 'xor' 'xor_ln98_5' <Predicate = true> <Delay = 0.00> <Core = "LogicGate">   --->   Core 27 'LogicGate' <Latency = 0> <II = 1> <Delay = 0.80> <FuncUnit> <Opcode : 'and' 'or' 'xor'> <InPorts = 2> <OutPorts = 1>
ST_8 : Operation 106 [1/1] (0.80ns) (out node of the LUT)   --->   "%xor_ln98_6 = xor i1 %tmp_58, %tmp_59" [picnic_impl.c:98->picnic_impl.c:129]   --->   Operation 106 'xor' 'xor_ln98_6' <Predicate = true> <Delay = 0.80> <Core = "LogicGate">   --->   Core 27 'LogicGate' <Latency = 0> <II = 1> <Delay = 0.80> <FuncUnit> <Opcode : 'and' 'or' 'xor'> <InPorts = 2> <OutPorts = 1>
ST_8 : Operation 107 [1/1] (0.00ns) (grouped into LUT with out node shl_ln66_11)   --->   "%xor_ln98_7 = xor i1 %xor_ln98_6, %tmp_57" [picnic_impl.c:98->picnic_impl.c:129]   --->   Operation 107 'xor' 'xor_ln98_7' <Predicate = true> <Delay = 0.00> <Core = "LogicGate">   --->   Core 27 'LogicGate' <Latency = 0> <II = 1> <Delay = 0.80> <FuncUnit> <Opcode : 'and' 'or' 'xor'> <InPorts = 2> <OutPorts = 1>
ST_8 : Operation 108 [1/1] (0.00ns) (grouped into LUT with out node shl_ln66_11)   --->   "%xor_ln98_8 = xor i1 %xor_ln98_7, %xor_ln98_5" [picnic_impl.c:98->picnic_impl.c:129]   --->   Operation 108 'xor' 'xor_ln98_8' <Predicate = true> <Delay = 0.00> <Core = "LogicGate">   --->   Core 27 'LogicGate' <Latency = 0> <II = 1> <Delay = 0.80> <FuncUnit> <Opcode : 'and' 'or' 'xor'> <InPorts = 2> <OutPorts = 1>
ST_8 : Operation 109 [1/1] (0.00ns) (grouped into LUT with out node shl_ln66_11)   --->   "%zext_ln98 = zext i1 %xor_ln98_8 to i8" [picnic_impl.c:98->picnic_impl.c:129]   --->   Operation 109 'zext' 'zext_ln98' <Predicate = true> <Delay = 0.00>
ST_8 : Operation 110 [1/2] (2.77ns)   --->   "%temp_load_3 = load i32* %temp_addr_5, align 4" [picnic_impl.c:66->picnic_impl.c:129]   --->   Operation 110 'load' 'temp_load_3' <Predicate = true> <Delay = 2.77> <Core = "RAM">   --->   Core 37 'RAM' <Latency = 1> <II = 1> <Delay = 1.75> <Storage> <Opcode : 'load' 'store'> <Ports = 2> <Width = 32> <Depth = 24> <RAM>
ST_8 : Operation 111 [1/1] (0.00ns)   --->   "%start_pos = call i5 @_ssdm_op_BitConcatenate.i5.i2.i3(i2 %tmp_60, i3 0)" [picnic_impl.c:66->picnic_impl.c:129]   --->   Operation 111 'bitconcatenate' 'start_pos' <Predicate = true> <Delay = 0.00>
ST_8 : Operation 112 [1/1] (0.00ns)   --->   "%or_ln66_11 = or i5 %start_pos, 7" [picnic_impl.c:66->picnic_impl.c:129]   --->   Operation 112 'or' 'or_ln66_11' <Predicate = true> <Delay = 0.00>
ST_8 : Operation 113 [1/1] (1.21ns)   --->   "%icmp_ln66 = icmp ugt i5 %start_pos, %or_ln66_11" [picnic_impl.c:66->picnic_impl.c:129]   --->   Operation 113 'icmp' 'icmp_ln66' <Predicate = true> <Delay = 1.21> <Core = "Cmp">   --->   Core 25 'Cmp' <Latency = 0> <II = 1> <Delay = 1.00> <FuncUnit> <Opcode : 'icmp'> <InPorts = 2> <OutPorts = 1>
ST_8 : Operation 114 [1/1] (0.00ns)   --->   "%zext_ln66_50 = zext i5 %start_pos to i6" [picnic_impl.c:66->picnic_impl.c:129]   --->   Operation 114 'zext' 'zext_ln66_50' <Predicate = true> <Delay = 0.00>
ST_8 : Operation 115 [1/1] (0.00ns)   --->   "%zext_ln66_51 = zext i5 %or_ln66_11 to i6" [picnic_impl.c:66->picnic_impl.c:129]   --->   Operation 115 'zext' 'zext_ln66_51' <Predicate = true> <Delay = 0.00>
ST_8 : Operation 116 [1/1] (0.00ns) (grouped into LUT with out node lshr_ln66)   --->   "%tmp_61 = call i32 @llvm.part.select.i32(i32 %temp_load_3, i32 31, i32 0)" [picnic_impl.c:66->picnic_impl.c:129]   --->   Operation 116 'partselect' 'tmp_61' <Predicate = true> <Delay = 0.00>
ST_8 : Operation 117 [1/1] (1.54ns)   --->   "%sub_ln66 = sub i6 %zext_ln66_50, %zext_ln66_51" [picnic_impl.c:66->picnic_impl.c:129]   --->   Operation 117 'sub' 'sub_ln66' <Predicate = true> <Delay = 1.54> <Core = "AddSub">   --->   Core 14 'AddSub' <Latency = 0> <II = 1> <Delay = 1.34> <FuncUnit> <Opcode : 'add' 'sub'> <InPorts = 2> <OutPorts = 1>
ST_8 : Operation 118 [1/1] (0.00ns) (grouped into LUT with out node lshr_ln66)   --->   "%xor_ln66_23 = xor i6 %zext_ln66_50, 31" [picnic_impl.c:66->picnic_impl.c:129]   --->   Operation 118 'xor' 'xor_ln66_23' <Predicate = true> <Delay = 0.00> <Core = "LogicGate">   --->   Core 27 'LogicGate' <Latency = 0> <II = 1> <Delay = 0.80> <FuncUnit> <Opcode : 'and' 'or' 'xor'> <InPorts = 2> <OutPorts = 1>
ST_8 : Operation 119 [1/1] (1.54ns)   --->   "%sub_ln66_11 = sub i6 %zext_ln66_51, %zext_ln66_50" [picnic_impl.c:66->picnic_impl.c:129]   --->   Operation 119 'sub' 'sub_ln66_11' <Predicate = true> <Delay = 1.54> <Core = "AddSub">   --->   Core 14 'AddSub' <Latency = 0> <II = 1> <Delay = 1.34> <FuncUnit> <Opcode : 'add' 'sub'> <InPorts = 2> <OutPorts = 1>
ST_8 : Operation 120 [1/1] (0.00ns) (grouped into LUT with out node sub_ln66_12)   --->   "%select_ln66 = select i1 %icmp_ln66, i6 %sub_ln66, i6 %sub_ln66_11" [picnic_impl.c:66->picnic_impl.c:129]   --->   Operation 120 'select' 'select_ln66' <Predicate = true> <Delay = 0.00> <Core = "Sel">   --->   Core 26 'Sel' <Latency = 0> <II = 1> <Delay = 0.77> <FuncUnit> <Opcode : 'select'> <InPorts = 3> <OutPorts = 1>
ST_8 : Operation 121 [1/1] (0.00ns) (grouped into LUT with out node lshr_ln66)   --->   "%select_ln66_32 = select i1 %icmp_ln66, i32 %tmp_61, i32 %temp_load_3" [picnic_impl.c:66->picnic_impl.c:129]   --->   Operation 121 'select' 'select_ln66_32' <Predicate = true> <Delay = 0.00> <Core = "Sel">   --->   Core 26 'Sel' <Latency = 0> <II = 1> <Delay = 0.77> <FuncUnit> <Opcode : 'select'> <InPorts = 3> <OutPorts = 1>
ST_8 : Operation 122 [1/1] (0.00ns) (grouped into LUT with out node lshr_ln66)   --->   "%select_ln66_33 = select i1 %icmp_ln66, i6 %xor_ln66_23, i6 %zext_ln66_50" [picnic_impl.c:66->picnic_impl.c:129]   --->   Operation 122 'select' 'select_ln66_33' <Predicate = true> <Delay = 0.00> <Core = "Sel">   --->   Core 26 'Sel' <Latency = 0> <II = 1> <Delay = 0.77> <FuncUnit> <Opcode : 'select'> <InPorts = 3> <OutPorts = 1>
ST_8 : Operation 123 [1/1] (1.60ns) (out node of the LUT)   --->   "%sub_ln66_12 = sub i6 31, %select_ln66" [picnic_impl.c:66->picnic_impl.c:129]   --->   Operation 123 'sub' 'sub_ln66_12' <Predicate = true> <Delay = 1.60> <Core = "AddSub">   --->   Core 14 'AddSub' <Latency = 0> <II = 1> <Delay = 1.34> <FuncUnit> <Opcode : 'add' 'sub'> <InPorts = 2> <OutPorts = 1>
ST_8 : Operation 124 [1/1] (0.00ns) (grouped into LUT with out node lshr_ln66)   --->   "%zext_ln66_52 = zext i6 %select_ln66_33 to i32" [picnic_impl.c:66->picnic_impl.c:129]   --->   Operation 124 'zext' 'zext_ln66_52' <Predicate = true> <Delay = 0.00>
ST_8 : Operation 125 [1/1] (0.00ns) (grouped into LUT with out node or_ln66)   --->   "%zext_ln66_53 = zext i6 %sub_ln66_12 to i32" [picnic_impl.c:66->picnic_impl.c:129]   --->   Operation 125 'zext' 'zext_ln66_53' <Predicate = true> <Delay = 0.00>
ST_8 : Operation 126 [1/1] (3.30ns) (out node of the LUT)   --->   "%lshr_ln66 = lshr i32 %select_ln66_32, %zext_ln66_52" [picnic_impl.c:66->picnic_impl.c:129]   --->   Operation 126 'lshr' 'lshr_ln66' <Predicate = true> <Delay = 3.30> <Core = "Shift">   --->   Core 28 'Shift' <Latency = 0> <II = 1> <Delay = 1.49> <FuncUnit> <Opcode : 'shl' 'lshr' 'ashr'> <InPorts = 2> <OutPorts = 1>
ST_8 : Operation 127 [1/1] (0.00ns) (grouped into LUT with out node or_ln66)   --->   "%lshr_ln66_12 = lshr i32 -1, %zext_ln66_53" [picnic_impl.c:66->picnic_impl.c:129]   --->   Operation 127 'lshr' 'lshr_ln66_12' <Predicate = true> <Delay = 0.00> <Core = "Shift">   --->   Core 28 'Shift' <Latency = 0> <II = 1> <Delay = 1.49> <FuncUnit> <Opcode : 'shl' 'lshr' 'ashr'> <InPorts = 2> <OutPorts = 1>
ST_8 : Operation 128 [1/1] (0.00ns) (grouped into LUT with out node or_ln66)   --->   "%and_ln66_21 = and i32 %lshr_ln66, %lshr_ln66_12" [picnic_impl.c:66->picnic_impl.c:129]   --->   Operation 128 'and' 'and_ln66_21' <Predicate = true> <Delay = 0.00> <Core = "LogicGate">   --->   Core 27 'LogicGate' <Latency = 0> <II = 1> <Delay = 0.80> <FuncUnit> <Opcode : 'and' 'or' 'xor'> <InPorts = 2> <OutPorts = 1>
ST_8 : Operation 129 [1/1] (0.00ns) (grouped into LUT with out node or_ln66)   --->   "%trunc_ln66 = trunc i32 %and_ln66_21 to i8" [picnic_impl.c:66->picnic_impl.c:129]   --->   Operation 129 'trunc' 'trunc_ln66' <Predicate = true> <Delay = 0.00>
ST_8 : Operation 130 [1/1] (0.80ns)   --->   "%xor_ln66 = xor i3 %trunc_ln124, -1" [picnic_impl.c:66->picnic_impl.c:129]   --->   Operation 130 'xor' 'xor_ln66' <Predicate = true> <Delay = 0.80> <Core = "LogicGate">   --->   Core 27 'LogicGate' <Latency = 0> <II = 1> <Delay = 0.80> <FuncUnit> <Opcode : 'and' 'or' 'xor'> <InPorts = 2> <OutPorts = 1>
ST_8 : Operation 131 [1/1] (0.00ns)   --->   "%zext_ln66_4 = zext i3 %xor_ln66 to i8" [picnic_impl.c:66->picnic_impl.c:129]   --->   Operation 131 'zext' 'zext_ln66_4' <Predicate = true> <Delay = 0.00>
ST_8 : Operation 132 [1/1] (0.00ns) (grouped into LUT with out node or_ln66)   --->   "%shl_ln66 = shl i8 1, %zext_ln66_4" [picnic_impl.c:66->picnic_impl.c:129]   --->   Operation 132 'shl' 'shl_ln66' <Predicate = true> <Delay = 0.00> <Core = "Shift">   --->   Core 28 'Shift' <Latency = 0> <II = 1> <Delay = 1.49> <FuncUnit> <Opcode : 'shl' 'lshr' 'ashr'> <InPorts = 2> <OutPorts = 1>
ST_8 : Operation 133 [1/1] (0.00ns) (grouped into LUT with out node or_ln66)   --->   "%xor_ln66_7 = xor i8 %shl_ln66, -1" [picnic_impl.c:66->picnic_impl.c:129]   --->   Operation 133 'xor' 'xor_ln66_7' <Predicate = true> <Delay = 0.00> <Core = "LogicGate">   --->   Core 27 'LogicGate' <Latency = 0> <II = 1> <Delay = 0.80> <FuncUnit> <Opcode : 'and' 'or' 'xor'> <InPorts = 2> <OutPorts = 1>
ST_8 : Operation 134 [1/1] (1.68ns) (out node of the LUT)   --->   "%shl_ln66_11 = shl i8 %zext_ln98, %zext_ln66_4" [picnic_impl.c:66->picnic_impl.c:129]   --->   Operation 134 'shl' 'shl_ln66_11' <Predicate = true> <Delay = 1.68> <Core = "Shift">   --->   Core 28 'Shift' <Latency = 0> <II = 1> <Delay = 1.49> <FuncUnit> <Opcode : 'shl' 'lshr' 'ashr'> <InPorts = 2> <OutPorts = 1>
ST_8 : Operation 135 [1/1] (0.00ns) (grouped into LUT with out node or_ln66)   --->   "%and_ln66 = and i8 %trunc_ln66, %xor_ln66_7" [picnic_impl.c:66->picnic_impl.c:129]   --->   Operation 135 'and' 'and_ln66' <Predicate = true> <Delay = 0.00> <Core = "LogicGate">   --->   Core 27 'LogicGate' <Latency = 0> <II = 1> <Delay = 0.80> <FuncUnit> <Opcode : 'and' 'or' 'xor'> <InPorts = 2> <OutPorts = 1>
ST_8 : Operation 136 [1/1] (2.28ns) (out node of the LUT)   --->   "%or_ln66 = or i8 %and_ln66, %shl_ln66_11" [picnic_impl.c:66->picnic_impl.c:129]   --->   Operation 136 'or' 'or_ln66' <Predicate = true> <Delay = 2.28> <Core = "LogicGate">   --->   Core 27 'LogicGate' <Latency = 0> <II = 1> <Delay = 0.80> <FuncUnit> <Opcode : 'and' 'or' 'xor'> <InPorts = 2> <OutPorts = 1>

State 9 <SV = 6> <Delay = 7.22>
ST_9 : Operation 137 [1/1] (1.21ns)   --->   "%icmp_ln66_8 = icmp ugt i5 %start_pos, %or_ln66_11" [picnic_impl.c:66->picnic_impl.c:129]   --->   Operation 137 'icmp' 'icmp_ln66_8' <Predicate = true> <Delay = 1.21> <Core = "Cmp">   --->   Core 25 'Cmp' <Latency = 0> <II = 1> <Delay = 1.00> <FuncUnit> <Opcode : 'icmp'> <InPorts = 2> <OutPorts = 1>
ST_9 : Operation 138 [1/1] (0.00ns)   --->   "%zext_ln66_54 = zext i5 %start_pos to i6" [picnic_impl.c:66->picnic_impl.c:129]   --->   Operation 138 'zext' 'zext_ln66_54' <Predicate = true> <Delay = 0.00>
ST_9 : Operation 139 [1/1] (0.00ns)   --->   "%zext_ln66_55 = zext i5 %or_ln66_11 to i6" [picnic_impl.c:66->picnic_impl.c:129]   --->   Operation 139 'zext' 'zext_ln66_55' <Predicate = true> <Delay = 0.00>
ST_9 : Operation 140 [1/1] (0.00ns) (grouped into LUT with out node shl_ln66_21)   --->   "%zext_ln66_56 = zext i8 %or_ln66 to i32" [picnic_impl.c:66->picnic_impl.c:129]   --->   Operation 140 'zext' 'zext_ln66_56' <Predicate = true> <Delay = 0.00>
ST_9 : Operation 141 [1/1] (0.00ns) (grouped into LUT with out node shl_ln66_21)   --->   "%xor_ln66_24 = xor i6 %zext_ln66_54, 31" [picnic_impl.c:66->picnic_impl.c:129]   --->   Operation 141 'xor' 'xor_ln66_24' <Predicate = true> <Delay = 0.00> <Core = "LogicGate">   --->   Core 27 'LogicGate' <Latency = 0> <II = 1> <Delay = 0.80> <FuncUnit> <Opcode : 'and' 'or' 'xor'> <InPorts = 2> <OutPorts = 1>
ST_9 : Operation 142 [1/1] (0.00ns) (grouped into LUT with out node and_ln66_22)   --->   "%select_ln66_34 = select i1 %icmp_ln66_8, i6 %zext_ln66_54, i6 %zext_ln66_55" [picnic_impl.c:66->picnic_impl.c:129]   --->   Operation 142 'select' 'select_ln66_34' <Predicate = true> <Delay = 0.00> <Core = "Sel">   --->   Core 26 'Sel' <Latency = 0> <II = 1> <Delay = 0.77> <FuncUnit> <Opcode : 'select'> <InPorts = 3> <OutPorts = 1>
ST_9 : Operation 143 [1/1] (0.00ns) (grouped into LUT with out node and_ln66_22)   --->   "%select_ln66_35 = select i1 %icmp_ln66_8, i6 %zext_ln66_55, i6 %zext_ln66_54" [picnic_impl.c:66->picnic_impl.c:129]   --->   Operation 143 'select' 'select_ln66_35' <Predicate = true> <Delay = 0.00> <Core = "Sel">   --->   Core 26 'Sel' <Latency = 0> <II = 1> <Delay = 0.77> <FuncUnit> <Opcode : 'select'> <InPorts = 3> <OutPorts = 1>
ST_9 : Operation 144 [1/1] (0.00ns) (grouped into LUT with out node shl_ln66_21)   --->   "%select_ln66_36 = select i1 %icmp_ln66_8, i6 %xor_ln66_24, i6 %zext_ln66_54" [picnic_impl.c:66->picnic_impl.c:129]   --->   Operation 144 'select' 'select_ln66_36' <Predicate = true> <Delay = 0.00> <Core = "Sel">   --->   Core 26 'Sel' <Latency = 0> <II = 1> <Delay = 0.77> <FuncUnit> <Opcode : 'select'> <InPorts = 3> <OutPorts = 1>
ST_9 : Operation 145 [1/1] (0.00ns) (grouped into LUT with out node and_ln66_22)   --->   "%xor_ln66_25 = xor i6 %select_ln66_34, 31" [picnic_impl.c:66->picnic_impl.c:129]   --->   Operation 145 'xor' 'xor_ln66_25' <Predicate = true> <Delay = 0.00> <Core = "LogicGate">   --->   Core 27 'LogicGate' <Latency = 0> <II = 1> <Delay = 0.80> <FuncUnit> <Opcode : 'and' 'or' 'xor'> <InPorts = 2> <OutPorts = 1>
ST_9 : Operation 146 [1/1] (0.00ns) (grouped into LUT with out node shl_ln66_21)   --->   "%zext_ln66_57 = zext i6 %select_ln66_36 to i32" [picnic_impl.c:66->picnic_impl.c:129]   --->   Operation 146 'zext' 'zext_ln66_57' <Predicate = true> <Delay = 0.00>
ST_9 : Operation 147 [1/1] (0.00ns) (grouped into LUT with out node and_ln66_22)   --->   "%zext_ln66_58 = zext i6 %select_ln66_35 to i32" [picnic_impl.c:66->picnic_impl.c:129]   --->   Operation 147 'zext' 'zext_ln66_58' <Predicate = true> <Delay = 0.00>
ST_9 : Operation 148 [1/1] (0.00ns) (grouped into LUT with out node and_ln66_22)   --->   "%zext_ln66_59 = zext i6 %xor_ln66_25 to i32" [picnic_impl.c:66->picnic_impl.c:129]   --->   Operation 148 'zext' 'zext_ln66_59' <Predicate = true> <Delay = 0.00>
ST_9 : Operation 149 [1/1] (2.42ns) (out node of the LUT)   --->   "%shl_ln66_21 = shl i32 %zext_ln66_56, %zext_ln66_57" [picnic_impl.c:66->picnic_impl.c:129]   --->   Operation 149 'shl' 'shl_ln66_21' <Predicate = true> <Delay = 2.42> <Core = "Shift">   --->   Core 28 'Shift' <Latency = 0> <II = 1> <Delay = 1.49> <FuncUnit> <Opcode : 'shl' 'lshr' 'ashr'> <InPorts = 2> <OutPorts = 1>
ST_9 : Operation 150 [1/1] (0.00ns) (grouped into LUT with out node and_ln66_23)   --->   "%tmp_62 = call i32 @llvm.part.select.i32(i32 %shl_ln66_21, i32 31, i32 0)" [picnic_impl.c:66->picnic_impl.c:129]   --->   Operation 150 'partselect' 'tmp_62' <Predicate = true> <Delay = 0.00>
ST_9 : Operation 151 [1/1] (0.00ns) (grouped into LUT with out node and_ln66_23)   --->   "%select_ln66_37 = select i1 %icmp_ln66_8, i32 %tmp_62, i32 %shl_ln66_21" [picnic_impl.c:66->picnic_impl.c:129]   --->   Operation 151 'select' 'select_ln66_37' <Predicate = true> <Delay = 0.00> <Core = "Sel">   --->   Core 26 'Sel' <Latency = 0> <II = 1> <Delay = 0.77> <FuncUnit> <Opcode : 'select'> <InPorts = 3> <OutPorts = 1>
ST_9 : Operation 152 [1/1] (0.00ns) (grouped into LUT with out node and_ln66_22)   --->   "%shl_ln66_22 = shl i32 -1, %zext_ln66_58" [picnic_impl.c:66->picnic_impl.c:129]   --->   Operation 152 'shl' 'shl_ln66_22' <Predicate = true> <Delay = 0.00> <Core = "Shift">   --->   Core 28 'Shift' <Latency = 0> <II = 1> <Delay = 1.49> <FuncUnit> <Opcode : 'shl' 'lshr' 'ashr'> <InPorts = 2> <OutPorts = 1>
ST_9 : Operation 153 [1/1] (0.00ns) (grouped into LUT with out node and_ln66_22)   --->   "%lshr_ln66_13 = lshr i32 -1, %zext_ln66_59" [picnic_impl.c:66->picnic_impl.c:129]   --->   Operation 153 'lshr' 'lshr_ln66_13' <Predicate = true> <Delay = 0.00> <Core = "Shift">   --->   Core 28 'Shift' <Latency = 0> <II = 1> <Delay = 1.49> <FuncUnit> <Opcode : 'shl' 'lshr' 'ashr'> <InPorts = 2> <OutPorts = 1>
ST_9 : Operation 154 [1/1] (2.28ns) (out node of the LUT)   --->   "%and_ln66_22 = and i32 %shl_ln66_22, %lshr_ln66_13" [picnic_impl.c:66->picnic_impl.c:129]   --->   Operation 154 'and' 'and_ln66_22' <Predicate = true> <Delay = 2.28> <Core = "LogicGate">   --->   Core 27 'LogicGate' <Latency = 0> <II = 1> <Delay = 0.80> <FuncUnit> <Opcode : 'and' 'or' 'xor'> <InPorts = 2> <OutPorts = 1>
ST_9 : Operation 155 [1/1] (0.80ns) (out node of the LUT)   --->   "%and_ln66_23 = and i32 %select_ln66_37, %and_ln66_22" [picnic_impl.c:66->picnic_impl.c:129]   --->   Operation 155 'and' 'and_ln66_23' <Predicate = true> <Delay = 0.80> <Core = "LogicGate">   --->   Core 27 'LogicGate' <Latency = 0> <II = 1> <Delay = 0.80> <FuncUnit> <Opcode : 'and' 'or' 'xor'> <InPorts = 2> <OutPorts = 1>
ST_9 : Operation 156 [1/1] (0.00ns)   --->   "call void (...)* @_ssdm_op_SpecBRAMWithByteEnable([64 x i32]* %temp)" [picnic_impl.c:66->picnic_impl.c:129]   --->   Operation 156 'specbramwithbyteenable' <Predicate = true> <Delay = 0.00>
ST_9 : Operation 157 [1/1] (0.00ns)   --->   "%zext_ln66_60 = zext i2 %tmp_60 to i4" [picnic_impl.c:66->picnic_impl.c:129]   --->   Operation 157 'zext' 'zext_ln66_60' <Predicate = true> <Delay = 0.00>
ST_9 : Operation 158 [1/1] (1.49ns)   --->   "%shl_ln66_23 = shl i4 1, %zext_ln66_60" [picnic_impl.c:66->picnic_impl.c:129]   --->   Operation 158 'shl' 'shl_ln66_23' <Predicate = true> <Delay = 1.49> <Core = "Shift">   --->   Core 28 'Shift' <Latency = 0> <II = 1> <Delay = 1.49> <FuncUnit> <Opcode : 'shl' 'lshr' 'ashr'> <InPorts = 2> <OutPorts = 1>
ST_9 : Operation 159 [1/1] (2.77ns)   --->   "call void @_ssdm_op_Write.bram.i32(i32* %temp_addr_5, i32 %and_ln66_23, i4 %shl_ln66_23)" [picnic_impl.c:66->picnic_impl.c:129]   --->   Operation 159 'store' <Predicate = true> <Delay = 2.77> <Core = "RAM">   --->   Core 37 'RAM' <Latency = 1> <II = 1> <Delay = 1.75> <Storage> <Opcode : 'load' 'store'> <Ports = 2> <Width = 32> <Depth = 24> <RAM>
ST_9 : Operation 160 [1/1] (0.00ns)   --->   "%empty_167 = call i32 (...)* @_ssdm_op_SpecRegionEnd([18 x i8]* @p_str1191, i32 %tmp)" [picnic_impl.c:131]   --->   Operation 160 'specregionend' 'empty_167' <Predicate = true> <Delay = 0.00>
ST_9 : Operation 161 [1/1] (0.00ns)   --->   "br label %1" [picnic_impl.c:124]   --->   Operation 161 'br' <Predicate = true> <Delay = 0.00>

State 10 <SV = 2> <Delay = 2.77>
ST_10 : Operation 162 [1/1] (0.00ns)   --->   "%loop_0 = phi i3 [ %loop, %7 ], [ 0, %.preheader.preheader ]"   --->   Operation 162 'phi' 'loop_0' <Predicate = true> <Delay = 0.00>
ST_10 : Operation 163 [1/1] (1.00ns)   --->   "%icmp_ln133 = icmp eq i3 %loop_0, -4" [picnic_impl.c:133]   --->   Operation 163 'icmp' 'icmp_ln133' <Predicate = true> <Delay = 1.00> <Core = "Cmp">   --->   Core 25 'Cmp' <Latency = 0> <II = 1> <Delay = 1.00> <FuncUnit> <Opcode : 'icmp'> <InPorts = 2> <OutPorts = 1>
ST_10 : Operation 164 [1/1] (0.00ns)   --->   "%empty_168 = call i32 (...)* @_ssdm_op_SpecLoopTripCount(i64 4, i64 4, i64 0)"   --->   Operation 164 'speclooptripcount' 'empty_168' <Predicate = true> <Delay = 0.00>
ST_10 : Operation 165 [1/1] (1.34ns)   --->   "%loop = add i3 %loop_0, 1" [picnic_impl.c:133]   --->   Operation 165 'add' 'loop' <Predicate = true> <Delay = 1.34> <Core = "AddSub">   --->   Core 14 'AddSub' <Latency = 0> <II = 1> <Delay = 1.34> <FuncUnit> <Opcode : 'add' 'sub'> <InPorts = 2> <OutPorts = 1>
ST_10 : Operation 166 [1/1] (0.00ns)   --->   "br i1 %icmp_ln133, label %8, label %7" [picnic_impl.c:133]   --->   Operation 166 'br' <Predicate = true> <Delay = 0.00>
ST_10 : Operation 167 [1/1] (0.00ns)   --->   "%zext_ln134 = zext i3 %loop_0 to i64" [picnic_impl.c:134]   --->   Operation 167 'zext' 'zext_ln134' <Predicate = (!icmp_ln133)> <Delay = 0.00>
ST_10 : Operation 168 [1/1] (0.00ns)   --->   "%temp_addr = getelementptr inbounds [64 x i32]* %temp, i64 0, i64 %zext_ln134" [picnic_impl.c:134]   --->   Operation 168 'getelementptr' 'temp_addr' <Predicate = (!icmp_ln133)> <Delay = 0.00>
ST_10 : Operation 169 [2/2] (2.77ns)   --->   "%temp_load = load i32* %temp_addr, align 4" [picnic_impl.c:134]   --->   Operation 169 'load' 'temp_load' <Predicate = (!icmp_ln133)> <Delay = 2.77> <Core = "RAM">   --->   Core 37 'RAM' <Latency = 1> <II = 1> <Delay = 1.75> <Storage> <Opcode : 'load' 'store'> <Ports = 2> <Width = 32> <Depth = 24> <RAM>
ST_10 : Operation 170 [1/1] (1.34ns)   --->   "%add_ln134 = add i3 %loop_0, %trunc_ln134" [picnic_impl.c:134]   --->   Operation 170 'add' 'add_ln134' <Predicate = (!icmp_ln133)> <Delay = 1.34> <Core = "AddSub">   --->   Core 14 'AddSub' <Latency = 0> <II = 1> <Delay = 1.34> <FuncUnit> <Opcode : 'add' 'sub'> <InPorts = 2> <OutPorts = 1>
ST_10 : Operation 171 [1/1] (0.00ns)   --->   "ret void" [picnic_impl.c:135]   --->   Operation 171 'ret' <Predicate = (icmp_ln133)> <Delay = 0.00>

State 11 <SV = 3> <Delay = 4.52>
ST_11 : Operation 172 [1/1] (0.00ns)   --->   "call void (...)* @_ssdm_op_SpecLoopName([18 x i8]* @p_str1393) nounwind" [picnic_impl.c:134]   --->   Operation 172 'specloopname' <Predicate = true> <Delay = 0.00>
ST_11 : Operation 173 [1/2] (2.77ns)   --->   "%temp_load = load i32* %temp_addr, align 4" [picnic_impl.c:134]   --->   Operation 173 'load' 'temp_load' <Predicate = true> <Delay = 2.77> <Core = "RAM">   --->   Core 37 'RAM' <Latency = 1> <II = 1> <Delay = 1.75> <Storage> <Opcode : 'load' 'store'> <Ports = 2> <Width = 32> <Depth = 24> <RAM>
ST_11 : Operation 174 [1/1] (0.00ns)   --->   "%zext_ln134_3 = zext i3 %add_ln134 to i64" [picnic_impl.c:134]   --->   Operation 174 'zext' 'zext_ln134_3' <Predicate = true> <Delay = 0.00>
ST_11 : Operation 175 [1/1] (0.00ns)   --->   "%output_addr = getelementptr [24 x i32]* %output_r, i64 0, i64 %zext_ln134_3" [picnic_impl.c:134]   --->   Operation 175 'getelementptr' 'output_addr' <Predicate = true> <Delay = 0.00>
ST_11 : Operation 176 [1/1] (1.75ns)   --->   "call void @_ssdm_op_Write.bram.i32(i32* %output_addr, i32 %temp_load, i4 -1)" [picnic_impl.c:134]   --->   Operation 176 'store' <Predicate = true> <Delay = 1.75> <Core = "RAM">   --->   Core 37 'RAM' <Latency = 1> <II = 1> <Delay = 1.75> <Storage> <Opcode : 'load' 'store'> <Ports = 2> <Width = 32> <Depth = 24> <RAM>
ST_11 : Operation 177 [1/1] (0.00ns)   --->   "br label %.preheader" [picnic_impl.c:133]   --->   Operation 177 'br' <Predicate = true> <Delay = 0.00>


============================================================
+ Verbose Summary: Timing violations
============================================================
Target clock period: 10ns, clock uncertainty: 1.25ns.

 <State 1>: 1.35ns
The critical path consists of the following:
	multiplexor before 'phi' operation ('i') with incoming values : ('i', picnic_impl.c:124) [19]  (1.35 ns)

 <State 2>: 1.72ns
The critical path consists of the following:
	'phi' operation ('i') with incoming values : ('i', picnic_impl.c:124) [19]  (0 ns)
	'add' operation ('i', picnic_impl.c:124) [23]  (1.72 ns)

 <State 3>: 6.32ns
The critical path consists of the following:
	'phi' operation ('j') with incoming values : ('j', picnic_impl.c:125) [32]  (0 ns)
	'add' operation ('add_ln126', picnic_impl.c:126) [40]  (1.73 ns)
	'add' operation ('add_ln127', picnic_impl.c:127) [48]  (1.81 ns)
	'getelementptr' operation ('temp_matrix_addr', picnic_impl.c:127) [50]  (0 ns)
	'load' operation ('temp_matrix_load', picnic_impl.c:127) on array 'temp_matrix' [51]  (2.77 ns)

 <State 4>: 6.35ns
The critical path consists of the following:
	'load' operation ('state_load', picnic_impl.c:127) on array 'state' [47]  (2.77 ns)
	'and' operation ('and_ln127', picnic_impl.c:127) [52]  (0.809 ns)
	'store' operation ('store_ln127', picnic_impl.c:127) of variable 'and_ln127', picnic_impl.c:127 on array 'prod', picnic_impl.c:121 [54]  (2.77 ns)

 <State 5>: 2.77ns
The critical path consists of the following:
	'load' operation ('x', picnic_impl.c:83->picnic_impl.c:129) on array 'prod', picnic_impl.c:121 [57]  (2.77 ns)

 <State 6>: 2.77ns
The critical path consists of the following:
	'phi' operation ('i') with incoming values : ('i', picnic_impl.c:85->picnic_impl.c:129) [61]  (0 ns)
	'getelementptr' operation ('prod_addr_4', picnic_impl.c:86->picnic_impl.c:129) [67]  (0 ns)
	'load' operation ('prod_load', picnic_impl.c:86->picnic_impl.c:129) on array 'prod', picnic_impl.c:121 [68]  (2.77 ns)

 <State 7>: 3.58ns
The critical path consists of the following:
	'load' operation ('prod_load', picnic_impl.c:86->picnic_impl.c:129) on array 'prod', picnic_impl.c:121 [68]  (2.77 ns)
	'xor' operation ('x', picnic_impl.c:86->picnic_impl.c:129) [69]  (0.809 ns)

 <State 8>: 8.36ns
The critical path consists of the following:
	'load' operation ('temp_load_3', picnic_impl.c:66->picnic_impl.c:129) on array 'temp', picnic_impl.c:122 [107]  (2.77 ns)
	'select' operation ('select_ln66_32', picnic_impl.c:66->picnic_impl.c:129) [118]  (0 ns)
	'lshr' operation ('lshr_ln66', picnic_impl.c:66->picnic_impl.c:129) [123]  (3.31 ns)
	'and' operation ('and_ln66_21', picnic_impl.c:66->picnic_impl.c:129) [125]  (0 ns)
	'and' operation ('and_ln66', picnic_impl.c:66->picnic_impl.c:129) [132]  (0 ns)
	'or' operation ('or_ln66', picnic_impl.c:66->picnic_impl.c:129) [133]  (2.28 ns)

 <State 9>: 7.22ns
The critical path consists of the following:
	'icmp' operation ('icmp_ln66_8', picnic_impl.c:66->picnic_impl.c:129) [134]  (1.22 ns)
	'select' operation ('select_ln66_36', picnic_impl.c:66->picnic_impl.c:129) [141]  (0 ns)
	'shl' operation ('shl_ln66_21', picnic_impl.c:66->picnic_impl.c:129) [146]  (2.42 ns)
	'select' operation ('select_ln66_37', picnic_impl.c:66->picnic_impl.c:129) [148]  (0 ns)
	'and' operation ('and_ln66_23', picnic_impl.c:66->picnic_impl.c:129) [152]  (0.809 ns)
	'store' operation ('store_ln66', picnic_impl.c:66->picnic_impl.c:129) of constant <constant:_ssdm_op_Write.bram.i32> on array 'temp', picnic_impl.c:122 [156]  (2.77 ns)

 <State 10>: 2.77ns
The critical path consists of the following:
	'phi' operation ('loop') with incoming values : ('loop', picnic_impl.c:133) [163]  (0 ns)
	'getelementptr' operation ('temp_addr', picnic_impl.c:134) [171]  (0 ns)
	'load' operation ('temp_load', picnic_impl.c:134) on array 'temp', picnic_impl.c:122 [172]  (2.77 ns)

 <State 11>: 4.53ns
The critical path consists of the following:
	'load' operation ('temp_load', picnic_impl.c:134) on array 'temp', picnic_impl.c:122 [172]  (2.77 ns)
	'store' operation ('store_ln134', picnic_impl.c:134) of constant <constant:_ssdm_op_Write.bram.i32> on array 'output_r' [176]  (1.75 ns)


============================================================
+ Verbose Summary: Binding
============================================================
N/A
* FSMD analyzer results:
  - Output states:
 - Input state : 
  - Chain level:
	State 1
	State 2
	State 3
	State 4
	State 5
	State 6
	State 7
	State 8
	State 9
	State 10
	State 11


============================================================
+ Verbose Summary: Datapath Resource usage 
============================================================
N/A
